I 2019-06-12 09:27:44:202 server.cc(86) Starting WebDriver server on port: '9988' on host: ''
T 2019-06-12 09:27:44:203 server.cc(634) Entering Server::PopulateCommandRepository
T 2019-06-12 09:27:44:213 IEServer.cpp(32) Entering IEServer::IEServer
I 2019-06-12 09:27:44:213 IEServer.cpp(33) Driver version: 3.6.0.0 (32-bit)
T 2019-06-12 09:27:44:213 server.cc(121) Entering Server::Start
D 2019-06-12 09:27:44:213 server.cc(148) Civetweb ACL is -0.0.0.0/0,+127.0.0.1
T 2019-06-12 09:27:44:806 server.cc(174) Entering Server::ProcessRequest
T 2019-06-12 09:27:44:806 server.cc(183) Process request with: URI: /status HTTP verb: GET
body: {}
T 2019-06-12 09:27:44:806 server.cc(272) Entering Server::DispatchCommand
T 2019-06-12 09:27:44:806 server.cc(583) Entering Server::LookupCommand
D 2019-06-12 09:27:44:806 server.cc(281) Command: GET /status {}
T 2019-06-12 09:27:44:806 IEServer.cpp(51) Entering IEServer::GetStatus
T 2019-06-12 09:27:44:807 response.cc(72) Entering Response::SetSuccessResponse
T 2019-06-12 09:27:44:807 response.cc(78) Entering Response::SetResponse
T 2019-06-12 09:27:44:807 response.cc(51) Entering Response::Serialize
D 2019-06-12 09:27:44:808 server.cc(338) Response: {"value":{"build":{"version":"3.6.0.0 (32-bit)"},"message":"Ready to create session","os":{"arch":"x64","name":"windows","version":"10.0.17134.376 (WinBuild.160101.0800)"},"ready":true}}

T 2019-06-12 09:27:44:808 server.cc(391) Entering Server::SendResponseToClient
T 2019-06-12 09:27:44:808 response.cc(30) Entering Response::Deserialize
T 2019-06-12 09:27:44:808 server.cc(445) Entering Server::SendHttpOk
T 2019-06-12 09:27:44:823 server.cc(174) Entering Server::ProcessRequest
T 2019-06-12 09:27:44:823 server.cc(238) Entering Server::ReadRequestBody
T 2019-06-12 09:27:44:823 server.cc(183) Process request with: URI: /session HTTP verb: POST
body: {
  "desiredCapabilities": {"browserName":"internet explorer","ensureCleanSession":true,"ie.usePerProcessProxy":"true","platform":"WINDOWS","se:ieOptions":{"ie.usePerProcessProxy":"true"}},
  "capabilities": {
    "desiredCapabilities": {"browserName":"internet explorer","ensureCleanSession":true,"ie.usePerProcessProxy":"true","platform":"WINDOWS","se:ieOptions":{"ie.usePerProcessProxy":"true"}},
    "firstMatch": [
      {"browserName":"internet explorer","platformName":"windows","se:ieOptions":{"ie.usePerProcessProxy":"true"}}
    ]
  }
}
T 2019-06-12 09:27:44:823 server.cc(272) Entering Server::DispatchCommand
T 2019-06-12 09:27:44:823 server.cc(583) Entering Server::LookupCommand
D 2019-06-12 09:27:44:823 server.cc(281) Command: POST /session {
  "desiredCapabilities": {"browserName":"internet explorer","ensureCleanSession":true,"ie.usePerProcessProxy":"true","platform":"WINDOWS","se:ieOptions":{"ie.usePerProcessProxy":"true"}},
  "capabilities": {
    "desiredCapabilities": {"browserName":"internet explorer","ensureCleanSession":true,"ie.usePerProcessProxy":"true","platform":"WINDOWS","se:ieOptions":{"ie.usePerProcessProxy":"true"}},
    "firstMatch": [
      {"browserName":"internet explorer","platformName":"windows","se:ieOptions":{"ie.usePerProcessProxy":"true"}}
    ]
  }
}
T 2019-06-12 09:27:44:823 IEServer.cpp(42) Entering IEServer::InitializeSession
T 2019-06-12 09:27:44:823 IESession.cpp(38) Entering IESession::Initialize
D 2019-06-12 09:27:44:823 IESession.cpp(53) Mutex acquired for session initalization
T 2019-06-12 09:27:44:847 IECommandExecutor.cpp(386) Entering IECommandExecutor::ThreadProc
T 2019-06-12 09:27:44:858 IECommandExecutor.cpp(47) Entering IECommandExecutor::OnCreate
T 2019-06-12 09:27:44:861 IECommandExecutor.cpp(753) Entering IECommandExecutor::PopulateElementFinderMethods
T 2019-06-12 09:27:44:861 InputManager.cpp(40) Entering InputManager::InputManager
T 2019-06-12 09:27:44:861 InputManager.cpp(75) Entering InputManager::Initialize
T 2019-06-12 09:27:44:861 BrowserFactory.cpp(998) Entering BrowserFactory::GetExecutableLocation
T 2019-06-12 09:27:44:861 BrowserFactory.cpp(1039) Entering BrowserFactory::GetIEVersion
T 2019-06-12 09:27:44:863 CommandHandlerRepository.cpp(108) Entering CommandHandlerRepository::PopulateCommandHandlers
T 2019-06-12 09:27:44:864 IESession.cpp(99) Created thread for command executor returns HWND: '000A13E8'
T 2019-06-12 09:27:44:864 IESession.cpp(103) Session id is retrived from command executor window: '3ab33697-2384-4886-8e6e-a01e8d414fe2'
D 2019-06-12 09:27:44:864 IESession.cpp(109) Releasing session initialization mutex
T 2019-06-12 09:27:44:865 IESession.cpp(191) Entering IESession::ExecuteCommand
T 2019-06-12 09:27:44:865 IECommandExecutor.cpp(122) Entering IECommandExecutor::OnSetCommand
T 2019-06-12 09:27:44:865 command.cc(31) Entering Command::Deserialize
D 2019-06-12 09:27:44:865 command.cc(36) Raw JSON command: { "name" : "newSession", "locator" : { }, "parameters" : {
  "desiredCapabilities": {"browserName":"internet explorer","ensureCleanSession":true,"ie.usePerProcessProxy":"true","platform":"WINDOWS","se:ieOptions":{"ie.usePerProcessProxy":"true"}},
  "capabilities": {
    "desiredCapabilities": {"browserName":"internet explorer","ensureCleanSession":true,"ie.usePerProcessProxy":"true","platform":"WINDOWS","se:ieOptions":{"ie.usePerProcessProxy":"true"}},
    "firstMatch": [
      {"browserName":"internet explorer","platformName":"windows","se:ieOptions":{"ie.usePerProcessProxy":"true"}}
    ]
  }
} }
T 2019-06-12 09:27:44:866 IECommandExecutor.cpp(133) Entering IECommandExecutor::OnExecCommand
T 2019-06-12 09:27:44:866 IECommandExecutor.cpp(454) Entering IECommandExecutor::DispatchCommand
D 2019-06-12 09:27:44:866 CommandHandlers\NewSessionCommandHandler.cpp(46) Found W3C capabilities structure
D 2019-06-12 09:27:44:866 CommandHandlers\NewSessionCommandHandler.cpp(505) Validating capabilities object
D 2019-06-12 09:27:44:866 CommandHandlers\NewSessionCommandHandler.cpp(505) Validating capabilities object
D 2019-06-12 09:27:44:866 CommandHandlers\NewSessionCommandHandler.cpp(535) Found browserNamecapability. Validating value type is string.
D 2019-06-12 09:27:44:866 CommandHandlers\NewSessionCommandHandler.cpp(564) Found platformNamecapability. Validating value type is string.
D 2019-06-12 09:27:44:866 CommandHandlers\NewSessionCommandHandler.cpp(794) Found proxycapability. Validating value type is object.
T 2019-06-12 09:27:44:866 BrowserFactory.cpp(113) Entering BrowserFactory::Initialize
T 2019-06-12 09:27:44:866 IECommandExecutor.cpp(631) Entering IECommandExecutor::CreateNewBrowser
T 2019-06-12 09:27:44:866 BrowserFactory.cpp(142) Entering BrowserFactory::LaunchBrowserProcess
D 2019-06-12 09:27:44:866 BrowserFactory.cpp(146) Ignoring Protected Mode Settings: 0
D 2019-06-12 09:27:44:866 BrowserFactory.cpp(149) Checking validity of Protected Mode settings.
T 2019-06-12 09:27:44:866 BrowserFactory.cpp(1058) Entering BrowserFactory::ProtectedModeSettingsAreValid
D 2019-06-12 09:27:44:866 BrowserFactory.cpp(1061) Detected IE version: 11, Windows version supports Protected Mode: 1
T 2019-06-12 09:27:44:867 BrowserFactory.cpp(1135) Entering BrowserFactory::GetZoneProtectedModeSetting
D 2019-06-12 09:27:44:867 BrowserFactory.cpp(1152) Found Protected Mode setting value of 3 for zone 1
T 2019-06-12 09:27:44:867 BrowserFactory.cpp(1135) Entering BrowserFactory::GetZoneProtectedModeSetting
D 2019-06-12 09:27:44:867 BrowserFactory.cpp(1156) RegQueryValueEx failed for getting Protected Mode setting for a zone: 2
T 2019-06-12 09:27:44:867 BrowserFactory.cpp(1135) Entering BrowserFactory::GetZoneProtectedModeSetting
D 2019-06-12 09:27:44:867 BrowserFactory.cpp(1156) RegQueryValueEx failed for getting Protected Mode setting for a zone: 3
T 2019-06-12 09:27:44:867 BrowserFactory.cpp(1135) Entering BrowserFactory::GetZoneProtectedModeSetting
D 2019-06-12 09:27:44:867 BrowserFactory.cpp(1156) RegQueryValueEx failed for getting Protected Mode setting for a zone: 4
D 2019-06-12 09:27:44:867 BrowserFactory.cpp(152) Has Valid Protected Mode Settings: 1
T 2019-06-12 09:27:44:867 BrowserFactory.cpp(226) Entering BrowserFactory::IsIELaunchURLAvailable
T 2019-06-12 09:27:44:889 BrowserFactory.cpp(130) Entering BrowserFactory::ClearCache
T 2019-06-12 09:27:44:889 BrowserFactory.cpp(247) Entering BrowserFactory::LaunchBrowserUsingIELaunchURL
D 2019-06-12 09:27:44:889 BrowserFactory.cpp(248) Starting IE using the IELaunchURL API
T 2019-06-12 09:27:46:923 IESession.cpp(212) Beginning wait for response length to be not zero
D 2019-06-12 09:27:46:928 BrowserFactory.cpp(202) IE launched successfully with process ID 18136
D 2019-06-12 09:27:46:928 BrowserFactory.cpp(208) Process with ID 18136 is executing iexplore.exe
T 2019-06-12 09:27:46:928 BrowserFactory.cpp(365) Entering BrowserFactory::AttachToBrowser
D 2019-06-12 09:27:46:928 BrowserFactory.cpp(375) Using Active Accessibility to find IWebBrowser2 interface
T 2019-06-12 09:27:46:928 BrowserFactory.cpp(414) Entering BrowserFactory::AttachToBrowserUsingActiveAccessibility
T 2019-06-12 09:37:53:474 server.cc(174) Entering Server::ProcessRequest
T 2019-06-12 09:37:53:474 server.cc(183) Process request with: URI: / HTTP verb: GET
body: {}
T 2019-06-12 09:37:53:474 server.cc(445) Entering Server::SendHttpOk
T 2019-06-12 09:37:54:021 server.cc(174) Entering Server::ProcessRequest
T 2019-06-12 09:37:54:021 server.cc(183) Process request with: URI: /favicon.ico HTTP verb: GET
body: {}
T 2019-06-12 09:37:54:021 server.cc(272) Entering Server::DispatchCommand
T 2019-06-12 09:37:54:021 server.cc(583) Entering Server::LookupCommand
D 2019-06-12 09:37:54:021 server.cc(281) Command: GET /favicon.ico {}
D 2019-06-12 09:37:54:021 server.cc(338) Response: { "error" : "unknown method", "message" : "Command not found: GET /favicon.ico" }
T 2019-06-12 09:37:54:021 server.cc(391) Entering Server::SendResponseToClient
T 2019-06-12 09:37:54:021 response.cc(30) Entering Response::Deserialize
T 2019-06-12 09:37:54:021 server.cc(445) Entering Server::SendHttpOk
D 2019-06-12 09:37:54:074 BrowserFactory.cpp(434) Found window handle 0002183C for window with class 'Internet Explorer_Server' belonging to process with id 18136
T 2019-06-12 09:37:54:074 BrowserFactory.cpp(329) Entering BrowserFactory::GetDocumentFromWindowHandle
D 2019-06-12 09:37:54:367 BrowserFactory.cpp(396) Ignoring zoom setting: 0
T 2019-06-12 09:37:54:368 BrowserFactory.cpp(574) Entering BrowserFactory::GetBrowserZoomLevel
T 2019-06-12 09:37:54:424 BrowserFactory.cpp(614) Entering BrowserFactory::GetZoomLevel
D 2019-06-12 09:37:54:535 BrowserFactory.cpp(694) Browser zoom level is 100%
I 2019-06-12 09:37:54:540 IECommandExecutor.cpp(654) Persistent hovering set to: 1
T 2019-06-12 09:37:54:541 ProxyManager.cpp(97) ProxyManager::SetProxySettings
D 2019-06-12 09:37:54:541 ProxyManager.cpp(113) Using existing system proxy settings.
T 2019-06-12 09:37:54:541 DocumentHost.cpp(33) Entering DocumentHost::DocumentHost
T 2019-06-12 09:37:54:541 CookieManager.cpp(49) Entering CookieManager::Initialize
T 2019-06-12 09:37:54:541 Browser.cpp(33) Entering Browser::Browser
T 2019-06-12 09:37:54:541 Browser.cpp(293) Entering Browser::AttachEvents
T 2019-06-12 09:37:54:559 IECommandExecutor.cpp(621) Entering IECommandExecutor::AddManagedBrowser
T 2019-06-12 09:37:54:559 IECommandExecutor.cpp(625) Setting current browser id to 7fcc359d-e110-47d9-91f5-1a91f3a977d0
T 2019-06-12 09:37:54:560 response.cc(72) Entering Response::SetSuccessResponse
T 2019-06-12 09:37:54:560 response.cc(78) Entering Response::SetResponse
T 2019-06-12 09:37:54:560 IECommandExecutor.cpp(577) Entering IECommandExecutor::GetCurrentBrowser
T 2019-06-12 09:37:54:560 IECommandExecutor.cpp(583) Entering IECommandExecutor::GetManagedBrowser
T 2019-06-12 09:37:54:560 response.cc(51) Entering Response::Serialize
T 2019-06-12 09:37:54:563 IESession.cpp(221) Found non-zero response length
T 2019-06-12 09:37:54:564 IECommandExecutor.cpp(156) Entering IECommandExecutor::OnGetResponse
T 2019-06-12 09:37:54:568 IECommandExecutor.cpp(285) Entering IECommandExecutor::OnIsSessionValid
T 2019-06-12 09:37:54:569 response.cc(30) Entering Response::Deserialize
D 2019-06-12 09:37:54:569 server.cc(338) Response: {"value":{"capabilities":{"acceptInsecureCerts":false,"browserName":"internet explorer","browserVersion":"11","pageLoadStrategy":"normal","platformName":"windows","se:ieOptions":{"browserAttachTimeout":0,"elementScrollBehavior":0,"enablePersistentHover":true,"ie.browserCommandLineSwitches":"","ie.ensureCleanSession":false,"ie.fileUploadDialogTimeout":3000,"ie.forceCreateProcessApi":false,"ignoreProtectedModeSettings":false,"ignoreZoomSetting":false,"initialBrowserUrl":"http://localhost:9988/","nativeEvents":true,"requireWindowFocus":false},"setWindowRect":true},"sessionId":"3ab33697-2384-4886-8e6e-a01e8d414fe2"}}

T 2019-06-12 09:37:54:569 server.cc(391) Entering Server::SendResponseToClient
T 2019-06-12 09:37:54:569 response.cc(30) Entering Response::Deserialize
T 2019-06-12 09:37:54:569 server.cc(445) Entering Server::SendHttpOk
T 2019-06-12 09:37:54:611 server.cc(174) Entering Server::ProcessRequest
T 2019-06-12 09:37:54:611 server.cc(238) Entering Server::ReadRequestBody
T 2019-06-12 09:37:54:611 server.cc(183) Process request with: URI: /session/3ab33697-2384-4886-8e6e-a01e8d414fe2/timeouts HTTP verb: POST
body: {"implicit":0}
T 2019-06-12 09:37:54:611 server.cc(272) Entering Server::DispatchCommand
T 2019-06-12 09:37:54:611 server.cc(583) Entering Server::LookupCommand
D 2019-06-12 09:37:54:611 server.cc(281) Command: POST /session/3ab33697-2384-4886-8e6e-a01e8d414fe2/timeouts {"implicit":0}
T 2019-06-12 09:37:54:611 server.cc(378) Entering Server::LookupSession
T 2019-06-12 09:37:54:611 IESession.cpp(191) Entering IESession::ExecuteCommand
T 2019-06-12 09:37:54:612 IECommandExecutor.cpp(122) Entering IECommandExecutor::OnSetCommand
T 2019-06-12 09:37:54:612 command.cc(31) Entering Command::Deserialize
D 2019-06-12 09:37:54:612 command.cc(36) Raw JSON command: { "name" : "setTimeouts", "locator" : { "sessionid" : "3ab33697-2384-4886-8e6e-a01e8d414fe2" }, "parameters" : {"implicit":0} }
T 2019-06-12 09:37:54:612 IECommandExecutor.cpp(133) Entering IECommandExecutor::OnExecCommand
T 2019-06-12 09:37:54:612 IECommandExecutor.cpp(454) Entering IECommandExecutor::DispatchCommand
T 2019-06-12 09:37:54:612 IECommandExecutor.cpp(577) Entering IECommandExecutor::GetCurrentBrowser
T 2019-06-12 09:37:54:612 IECommandExecutor.cpp(583) Entering IECommandExecutor::GetManagedBrowser
T 2019-06-12 09:37:54:612 IECommandExecutor.cpp(529) Entering IECommandExecutor::IsAlertActive
T 2019-06-12 09:37:54:612 Browser.cpp(700) Entering Browser::GetActiveDialogWindowHandle
T 2019-06-12 09:37:54:612 Browser.cpp(206) Entering Browser::GetContentWindowHandle
D 2019-06-12 09:37:54:613 IECommandExecutor.cpp(543) No alert handle is found
T 2019-06-12 09:37:54:614 IECommandExecutor.cpp(577) Entering IECommandExecutor::GetCurrentBrowser
T 2019-06-12 09:37:54:615 IECommandExecutor.cpp(583) Entering IECommandExecutor::GetManagedBrowser
T 2019-06-12 09:37:54:615 response.cc(51) Entering Response::Serialize
T 2019-06-12 09:37:54:615 IESession.cpp(212) Beginning wait for response length to be not zero
T 2019-06-12 09:37:54:616 IESession.cpp(221) Found non-zero response length
T 2019-06-12 09:37:54:616 IECommandExecutor.cpp(156) Entering IECommandExecutor::OnGetResponse
T 2019-06-12 09:37:54:616 IECommandExecutor.cpp(285) Entering IECommandExecutor::OnIsSessionValid
D 2019-06-12 09:37:54:616 server.cc(338) Response: {"value":null}

T 2019-06-12 09:37:54:616 server.cc(391) Entering Server::SendResponseToClient
T 2019-06-12 09:37:54:616 response.cc(30) Entering Response::Deserialize
T 2019-06-12 09:37:54:616 server.cc(445) Entering Server::SendHttpOk
T 2019-06-12 09:37:54:623 server.cc(174) Entering Server::ProcessRequest
T 2019-06-12 09:37:54:623 server.cc(238) Entering Server::ReadRequestBody
T 2019-06-12 09:37:54:623 server.cc(183) Process request with: URI: /session/3ab33697-2384-4886-8e6e-a01e8d414fe2/execute/sync HTTP verb: POST
body: {"script":"return navigator.sayswho\u003d (function() { var ua\u003d navigator.userAgent, tem, M\u003d ua.match(/(opera|chrome|safari|firefox|msie|trident)\\/?\\s*(\\.?\\d+(\\.\\d+)*)/i) || []; if (/trident/i.test(M[1])) {     tem\u003d  /\\brv[ :]+(\\d+)/g.exec(ua) || [];     return \u0027IE \u0027+(tem[1] || \u0027\u0027); } if(M[1]\u003d\u003d\u003d \u0027Chrome\u0027) {     tem\u003d ua.match(/\\b(OPR|Edge)\\/(\\d+)/);     if(tem!\u003d null) return tem.slice(1).join(\u0027 \u0027).replace(\u0027OPR\u0027, \u0027Opera\u0027); } M\u003d M[2]? [M[1], M[2]]: [navigator.appName, navigator.appVersion, \u0027-?\u0027]; if((tem\u003d ua.match(/version\\/(\\d+)/i))!\u003d null) M.splice(1, 1, tem[1]); return M.join(\u0027 \u0027).replace(\u0027MSIE\u0027, \u0027IE\u0027);})();","args":[]}
T 2019-06-12 09:37:54:623 server.cc(272) Entering Server::DispatchCommand
T 2019-06-12 09:37:54:623 server.cc(583) Entering Server::LookupCommand
D 2019-06-12 09:37:54:623 server.cc(281) Command: POST /session/3ab33697-2384-4886-8e6e-a01e8d414fe2/execute/sync {"script":"return navigator.sayswho\u003d (function() { var ua\u003d navigator.userAgent, tem, M\u003d ua.match(/(opera|chrome|safari|firefox|msie|trident)\\/?\\s*(\\.?\\d+(\\.\\d+)*)/i) || []; if (/trident/i.test(M[1])) {     tem\u003d  /\\brv[ :]+(\\d+)/g.exec(ua) || [];     return \u0027IE \u0027+(tem[1] || \u0027\u0027); } if(M[1]\u003d\u003d\u003d \u0027Chrome\u0027) {     tem\u003d ua.match(/\\b(OPR|Edge)\\/(\\d+)/);     if(tem!\u003d null) return tem.slice(1).join(\u0027 \u0027).replace(\u0027OPR\u0027, \u0027Opera\u0027); } M\u003d M[2]? [M[1], M[2]]: [navigator.appName, navigator.appVersion, \u0027-?\u0027]; if((tem\u003d ua.match(/version\\/(\\d+)/i))!\u003d null) M.splice(1, 1, tem[1]); return M.join(\u0027 \u0027).replace(\u0027MSIE\u0027, \u0027IE\u0027);})();","args":[]}
T 2019-06-12 09:37:54:624 server.cc(378) Entering Server::LookupSession
T 2019-06-12 09:37:54:624 IESession.cpp(191) Entering IESession::ExecuteCommand
T 2019-06-12 09:37:54:624 IECommandExecutor.cpp(122) Entering IECommandExecutor::OnSetCommand
T 2019-06-12 09:37:54:624 command.cc(31) Entering Command::Deserialize
D 2019-06-12 09:37:54:624 command.cc(36) Raw JSON command: { "name" : "executeScript", "locator" : { "sessionid" : "3ab33697-2384-4886-8e6e-a01e8d414fe2" }, "parameters" : {"script":"return navigator.sayswho\u003d (function() { var ua\u003d navigator.userAgent, tem, M\u003d ua.match(/(opera|chrome|safari|firefox|msie|trident)\\/?\\s*(\\.?\\d+(\\.\\d+)*)/i) || []; if (/trident/i.test(M[1])) {     tem\u003d  /\\brv[ :]+(\\d+)/g.exec(ua) || [];     return \u0027IE \u0027+(tem[1] || \u0027\u0027); } if(M[1]\u003d\u003d\u003d \u0027Chrome\u0027) {     tem\u003d ua.match(/\\b(OPR|Edge)\\/(\\d+)/);     if(tem!\u003d null) return tem.slice(1).join(\u0027 \u0027).replace(\u0027OPR\u0027, \u0027Opera\u0027); } M\u003d M[2]? [M[1], M[2]]: [navigator.appName, navigator.appVersion, \u0027-?\u0027]; if((tem\u003d ua.match(/version\\/(\\d+)/i))!\u003d null) M.splice(1, 1, tem[1]); return M.join(\u0027 \u0027).replace(\u0027MSIE\u0027, \u0027IE\u0027);})();","args":[]} }
T 2019-06-12 09:37:54:624 IECommandExecutor.cpp(133) Entering IECommandExecutor::OnExecCommand
T 2019-06-12 09:37:54:624 IECommandExecutor.cpp(454) Entering IECommandExecutor::DispatchCommand
T 2019-06-12 09:37:54:624 IESession.cpp(212) Beginning wait for response length to be not zero
T 2019-06-12 09:37:54:624 IECommandExecutor.cpp(577) Entering IECommandExecutor::GetCurrentBrowser
T 2019-06-12 09:37:54:624 IECommandExecutor.cpp(583) Entering IECommandExecutor::GetManagedBrowser
T 2019-06-12 09:37:54:624 IECommandExecutor.cpp(529) Entering IECommandExecutor::IsAlertActive
T 2019-06-12 09:37:54:624 Browser.cpp(700) Entering Browser::GetActiveDialogWindowHandle
T 2019-06-12 09:37:54:624 Browser.cpp(206) Entering Browser::GetContentWindowHandle
D 2019-06-12 09:37:54:625 IECommandExecutor.cpp(543) No alert handle is found
T 2019-06-12 09:37:54:625 IECommandExecutor.cpp(577) Entering IECommandExecutor::GetCurrentBrowser
T 2019-06-12 09:37:54:625 IECommandExecutor.cpp(583) Entering IECommandExecutor::GetManagedBrowser
T 2019-06-12 09:37:54:625 Browser.cpp(126) Entering Browser::GetDocument
I 2019-06-12 09:37:54:625 Browser.cpp(130) No child frame focus. Focus is on top-level frame
T 2019-06-12 09:37:54:720 Browser.cpp(613) Entering Browser::GetDocumentFromWindow
T 2019-06-12 09:37:54:775 Script.cpp(49) Entering Script::Initialize
T 2019-06-12 09:37:54:775 CommandHandlers\ExecuteScriptCommandHandler.cpp(85) Entering ExecuteScriptCommandHandler::PopulateArgumentArray
T 2019-06-12 09:37:54:775 Script.cpp(169) Entering Script::Execute
T 2019-06-12 09:37:54:775 Script.cpp(438) Entering Script::CreateAnonymousFunction
T 2019-06-12 09:37:54:923 Script.cpp(426) Entering Script::ConvertResultToJsonValue
T 2019-06-12 09:37:54:923 response.cc(72) Entering Response::SetSuccessResponse
T 2019-06-12 09:37:54:923 response.cc(78) Entering Response::SetResponse
T 2019-06-12 09:37:54:924 IECommandExecutor.cpp(577) Entering IECommandExecutor::GetCurrentBrowser
T 2019-06-12 09:37:54:924 IECommandExecutor.cpp(583) Entering IECommandExecutor::GetManagedBrowser
T 2019-06-12 09:37:54:924 response.cc(51) Entering Response::Serialize
T 2019-06-12 09:37:54:929 IESession.cpp(221) Found non-zero response length
T 2019-06-12 09:37:54:929 IECommandExecutor.cpp(156) Entering IECommandExecutor::OnGetResponse
T 2019-06-12 09:37:54:929 IECommandExecutor.cpp(285) Entering IECommandExecutor::OnIsSessionValid
D 2019-06-12 09:37:54:929 server.cc(338) Response: {"value":"IE 11"}

T 2019-06-12 09:37:54:929 server.cc(391) Entering Server::SendResponseToClient
T 2019-06-12 09:37:54:929 response.cc(30) Entering Response::Deserialize
T 2019-06-12 09:37:54:929 server.cc(445) Entering Server::SendHttpOk
T 2019-06-12 09:37:54:958 server.cc(174) Entering Server::ProcessRequest
T 2019-06-12 09:37:54:958 server.cc(238) Entering Server::ReadRequestBody
T 2019-06-12 09:37:54:958 server.cc(183) Process request with: URI: /session/3ab33697-2384-4886-8e6e-a01e8d414fe2/url HTTP verb: POST
body: {"url":"http://cms9dev.kellogg.northwestern.edu/programs/part-time-mba.aspx"}
T 2019-06-12 09:37:54:958 server.cc(272) Entering Server::DispatchCommand
T 2019-06-12 09:37:54:958 server.cc(583) Entering Server::LookupCommand
D 2019-06-12 09:37:54:958 server.cc(281) Command: POST /session/3ab33697-2384-4886-8e6e-a01e8d414fe2/url {"url":"http://cms9dev.kellogg.northwestern.edu/programs/part-time-mba.aspx"}
T 2019-06-12 09:37:54:958 server.cc(378) Entering Server::LookupSession
T 2019-06-12 09:37:54:958 IESession.cpp(191) Entering IESession::ExecuteCommand
T 2019-06-12 09:37:54:960 IECommandExecutor.cpp(122) Entering IECommandExecutor::OnSetCommand
T 2019-06-12 09:37:54:960 command.cc(31) Entering Command::Deserialize
D 2019-06-12 09:37:54:960 command.cc(36) Raw JSON command: { "name" : "get", "locator" : { "sessionid" : "3ab33697-2384-4886-8e6e-a01e8d414fe2" }, "parameters" : {"url":"http://cms9dev.kellogg.northwestern.edu/programs/part-time-mba.aspx"} }
T 2019-06-12 09:37:54:960 IECommandExecutor.cpp(133) Entering IECommandExecutor::OnExecCommand
T 2019-06-12 09:37:54:960 IECommandExecutor.cpp(454) Entering IECommandExecutor::DispatchCommand
T 2019-06-12 09:37:54:960 IESession.cpp(212) Beginning wait for response length to be not zero
T 2019-06-12 09:37:54:961 IECommandExecutor.cpp(577) Entering IECommandExecutor::GetCurrentBrowser
T 2019-06-12 09:37:54:961 IECommandExecutor.cpp(583) Entering IECommandExecutor::GetManagedBrowser
T 2019-06-12 09:37:54:961 IECommandExecutor.cpp(529) Entering IECommandExecutor::IsAlertActive
T 2019-06-12 09:37:54:961 Browser.cpp(700) Entering Browser::GetActiveDialogWindowHandle
T 2019-06-12 09:37:54:961 Browser.cpp(206) Entering Browser::GetContentWindowHandle
D 2019-06-12 09:37:54:961 IECommandExecutor.cpp(543) No alert handle is found
T 2019-06-12 09:37:54:963 IECommandExecutor.cpp(577) Entering IECommandExecutor::GetCurrentBrowser
T 2019-06-12 09:37:54:963 IECommandExecutor.cpp(583) Entering IECommandExecutor::GetManagedBrowser
T 2019-06-12 09:37:54:963 Browser.cpp(318) Entring Browser::NavigateToUrl
T 2019-06-12 09:37:55:063 DocumentHost.cpp(142) Entering DocumentHost::SetFocusedFrameByElement
T 2019-06-12 09:37:55:063 response.cc(72) Entering Response::SetSuccessResponse
T 2019-06-12 09:37:55:063 response.cc(78) Entering Response::SetResponse
T 2019-06-12 09:37:55:063 IECommandExecutor.cpp(577) Entering IECommandExecutor::GetCurrentBrowser
T 2019-06-12 09:37:55:063 IECommandExecutor.cpp(583) Entering IECommandExecutor::GetManagedBrowser
T 2019-06-12 09:37:55:063 response.cc(51) Entering Response::Serialize
T 2019-06-12 09:37:55:064 IECommandExecutor.cpp(172) Entering IECommandExecutor::OnWait
T 2019-06-12 09:37:55:064 IECommandExecutor.cpp(577) Entering IECommandExecutor::GetCurrentBrowser
T 2019-06-12 09:37:55:064 IECommandExecutor.cpp(583) Entering IECommandExecutor::GetManagedBrowser
T 2019-06-12 09:37:55:064 Browser.cpp(438) Entering Browser::Wait
D 2019-06-12 09:37:55:064 Browser.cpp(448) Navigate Events Completed.
T 2019-06-12 09:37:55:064 Browser.cpp(700) Entering Browser::GetActiveDialogWindowHandle
T 2019-06-12 09:37:55:064 Browser.cpp(206) Entering Browser::GetContentWindowHandle
D 2019-06-12 09:37:55:072 Browser.cpp(508) Waiting for document to complete...
T 2019-06-12 09:37:55:072 Browser.cpp(522) Entering Browser::IsDocumentNavigating
D 2019-06-12 09:37:55:123 Browser.cpp(513) Not in navigating state
T 2019-06-12 09:37:55:129 IESession.cpp(221) Found non-zero response length
T 2019-06-12 09:37:55:129 IECommandExecutor.cpp(156) Entering IECommandExecutor::OnGetResponse
T 2019-06-12 09:37:55:129 IECommandExecutor.cpp(285) Entering IECommandExecutor::OnIsSessionValid
D 2019-06-12 09:37:55:129 server.cc(338) Response: {"value":null}

T 2019-06-12 09:37:55:129 server.cc(391) Entering Server::SendResponseToClient
T 2019-06-12 09:37:55:129 response.cc(30) Entering Response::Deserialize
T 2019-06-12 09:37:55:129 server.cc(445) Entering Server::SendHttpOk
T 2019-06-12 09:37:55:161 server.cc(174) Entering Server::ProcessRequest
T 2019-06-12 09:37:55:161 server.cc(238) Entering Server::ReadRequestBody
T 2019-06-12 09:37:55:161 server.cc(183) Process request with: URI: /session/3ab33697-2384-4886-8e6e-a01e8d414fe2/elements HTTP verb: POST
body: {"value":"//a[@id\u003d\u002742308961-e2f3-4a86-94be-2ee1522a30f5_3\u0027]","using":"xpath"}
T 2019-06-12 09:37:55:161 server.cc(272) Entering Server::DispatchCommand
T 2019-06-12 09:37:55:161 server.cc(583) Entering Server::LookupCommand
D 2019-06-12 09:37:55:162 server.cc(281) Command: POST /session/3ab33697-2384-4886-8e6e-a01e8d414fe2/elements {"value":"//a[@id\u003d\u002742308961-e2f3-4a86-94be-2ee1522a30f5_3\u0027]","using":"xpath"}
T 2019-06-12 09:37:55:162 server.cc(378) Entering Server::LookupSession
T 2019-06-12 09:37:55:162 IESession.cpp(191) Entering IESession::ExecuteCommand
T 2019-06-12 09:37:55:163 IECommandExecutor.cpp(122) Entering IECommandExecutor::OnSetCommand
T 2019-06-12 09:37:55:163 command.cc(31) Entering Command::Deserialize
D 2019-06-12 09:37:55:163 command.cc(36) Raw JSON command: { "name" : "findElements", "locator" : { "sessionid" : "3ab33697-2384-4886-8e6e-a01e8d414fe2" }, "parameters" : {"value":"//a[@id\u003d\u002742308961-e2f3-4a86-94be-2ee1522a30f5_3\u0027]","using":"xpath"} }
T 2019-06-12 09:37:55:163 IECommandExecutor.cpp(133) Entering IECommandExecutor::OnExecCommand
T 2019-06-12 09:37:55:163 IECommandExecutor.cpp(454) Entering IECommandExecutor::DispatchCommand
T 2019-06-12 09:37:55:163 IECommandExecutor.cpp(577) Entering IECommandExecutor::GetCurrentBrowser
T 2019-06-12 09:37:55:163 IECommandExecutor.cpp(583) Entering IECommandExecutor::GetManagedBrowser
T 2019-06-12 09:37:55:164 IECommandExecutor.cpp(529) Entering IECommandExecutor::IsAlertActive
T 2019-06-12 09:37:55:164 Browser.cpp(700) Entering Browser::GetActiveDialogWindowHandle
T 2019-06-12 09:37:55:164 Browser.cpp(206) Entering Browser::GetContentWindowHandle
T 2019-06-12 09:37:55:164 IESession.cpp(212) Beginning wait for response length to be not zero
D 2019-06-12 09:37:55:164 IECommandExecutor.cpp(543) No alert handle is found
T 2019-06-12 09:37:55:164 IECommandExecutor.cpp(734) Entering IECommandExecutor::LocateElements
T 2019-06-12 09:37:55:164 IECommandExecutor.cpp(695) Entering IECommandExecutor::GetElementFindMethod
T 2019-06-12 09:37:55:165 ElementFinder.cpp(111) Entering ElementFinder::FindElements
T 2019-06-12 09:37:55:165 IECommandExecutor.cpp(577) Entering IECommandExecutor::GetCurrentBrowser
T 2019-06-12 09:37:55:165 IECommandExecutor.cpp(583) Entering IECommandExecutor::GetManagedBrowser
D 2019-06-12 09:37:55:165 ElementFinder.cpp(128) Using FindElements atom to locate element having xpath = //a[@id='42308961-e2f3-4a86-94be-2ee1522a30f5_3']
T 2019-06-12 09:37:55:165 Browser.cpp(126) Entering Browser::GetDocument
I 2019-06-12 09:37:55:165 Browser.cpp(130) No child frame focus. Focus is on top-level frame
T 2019-06-12 09:37:55:223 Browser.cpp(613) Entering Browser::GetDocumentFromWindow
T 2019-06-12 09:37:55:256 Script.cpp(49) Entering Script::Initialize
T 2019-06-12 09:37:55:256 Script.cpp(70) Entering Script::AddArgument(std::wstring)
T 2019-06-12 09:37:55:256 Script.cpp(105) Entering Script::AddArgument(VARIANT)
T 2019-06-12 09:37:55:256 Script.cpp(70) Entering Script::AddArgument(std::wstring)
T 2019-06-12 09:37:55:256 Script.cpp(105) Entering Script::AddArgument(VARIANT)
T 2019-06-12 09:37:55:256 Script.cpp(169) Entering Script::Execute
T 2019-06-12 09:37:55:256 Script.cpp(438) Entering Script::CreateAnonymousFunction
T 2019-06-12 09:37:55:361 Script.cpp(426) Entering Script::ConvertResultToJsonValue
D 2019-06-12 09:37:55:370 VariantUtilities.cpp(100) Result type is JScriptTypeInfo
T 2019-06-12 09:37:55:374 VariantUtilities.cpp(307) Entering Script::GetPropertyNameList
D 2019-06-12 09:37:55:391 VariantUtilities.cpp(100) Result type is JScriptTypeInfo
T 2019-06-12 09:37:55:392 VariantUtilities.cpp(324) Entering Script::GetArrayLength
T 2019-06-12 09:37:55:676 response.cc(72) Entering Response::SetSuccessResponse
T 2019-06-12 09:37:55:677 response.cc(78) Entering Response::SetResponse
T 2019-06-12 09:37:55:677 IECommandExecutor.cpp(577) Entering IECommandExecutor::GetCurrentBrowser
T 2019-06-12 09:37:55:678 IECommandExecutor.cpp(583) Entering IECommandExecutor::GetManagedBrowser
T 2019-06-12 09:37:55:678 response.cc(51) Entering Response::Serialize
T 2019-06-12 09:37:55:686 IESession.cpp(221) Found non-zero response length
T 2019-06-12 09:37:55:690 IECommandExecutor.cpp(156) Entering IECommandExecutor::OnGetResponse
T 2019-06-12 09:37:55:693 IECommandExecutor.cpp(285) Entering IECommandExecutor::OnIsSessionValid
D 2019-06-12 09:37:55:695 server.cc(338) Response: {"value":[]}

T 2019-06-12 09:37:55:695 server.cc(391) Entering Server::SendResponseToClient
T 2019-06-12 09:37:55:695 response.cc(30) Entering Response::Deserialize
T 2019-06-12 09:37:55:696 server.cc(445) Entering Server::SendHttpOk
T 2019-06-12 09:37:56:215 Browser.cpp(54) Entering Browser::OnQuit
T 2019-06-12 09:37:56:215 DocumentHost.cpp(252) Entering DocumentHost::PostQuitMessage
T 2019-06-12 09:37:56:216 IECommandExecutor.cpp(250) Entering IECommandExecutor::OnBrowserQuit
T 2019-06-12 09:37:56:216 IECommandExecutor.cpp(529) Entering IECommandExecutor::IsAlertActive
T 2019-06-12 09:37:56:216 Browser.cpp(700) Entering Browser::GetActiveDialogWindowHandle
T 2019-06-12 09:37:56:216 Browser.cpp(206) Entering Browser::GetContentWindowHandle
D 2019-06-12 09:37:56:220 IECommandExecutor.cpp(543) No alert handle is found
T 2019-06-12 09:37:56:220 Browser.cpp(300) Entering Browser::DetachEvents
T 2019-06-12 09:37:56:223 server.cc(174) Entering Server::ProcessRequest
T 2019-06-12 09:37:56:223 server.cc(238) Entering Server::ReadRequestBody
T 2019-06-12 09:37:56:223 server.cc(183) Process request with: URI: /session/3ab33697-2384-4886-8e6e-a01e8d414fe2/elements HTTP verb: POST
body: {"value":"//a[@id\u003d\u002742308961-e2f3-4a86-94be-2ee1522a30f5_3\u0027]","using":"xpath"}
T 2019-06-12 09:37:56:223 server.cc(272) Entering Server::DispatchCommand
T 2019-06-12 09:37:56:223 server.cc(583) Entering Server::LookupCommand
D 2019-06-12 09:37:56:223 server.cc(281) Command: POST /session/3ab33697-2384-4886-8e6e-a01e8d414fe2/elements {"value":"//a[@id\u003d\u002742308961-e2f3-4a86-94be-2ee1522a30f5_3\u0027]","using":"xpath"}
T 2019-06-12 09:37:56:223 server.cc(378) Entering Server::LookupSession
T 2019-06-12 09:37:56:223 IESession.cpp(191) Entering IESession::ExecuteCommand
T 2019-06-12 09:37:56:225 IECommandExecutor.cpp(122) Entering IECommandExecutor::OnSetCommand
T 2019-06-12 09:37:56:225 command.cc(31) Entering Command::Deserialize
D 2019-06-12 09:37:56:225 command.cc(36) Raw JSON command: { "name" : "findElements", "locator" : { "sessionid" : "3ab33697-2384-4886-8e6e-a01e8d414fe2" }, "parameters" : {"value":"//a[@id\u003d\u002742308961-e2f3-4a86-94be-2ee1522a30f5_3\u0027]","using":"xpath"} }
T 2019-06-12 09:37:56:225 IESession.cpp(212) Beginning wait for response length to be not zero
T 2019-06-12 09:37:56:227 IECommandExecutor.cpp(133) Entering IECommandExecutor::OnExecCommand
T 2019-06-12 09:37:56:227 IECommandExecutor.cpp(454) Entering IECommandExecutor::DispatchCommand
T 2019-06-12 09:37:56:227 IECommandExecutor.cpp(577) Entering IECommandExecutor::GetCurrentBrowser
T 2019-06-12 09:37:56:227 IECommandExecutor.cpp(583) Entering IECommandExecutor::GetManagedBrowser
W 2019-06-12 09:37:56:227 IECommandExecutor.cpp(591) Browser ID requested was an empty string
W 2019-06-12 09:37:56:227 IECommandExecutor.cpp(503) Unable to find current browser
T 2019-06-12 09:37:56:228 IECommandExecutor.cpp(734) Entering IECommandExecutor::LocateElements
T 2019-06-12 09:37:56:228 IECommandExecutor.cpp(695) Entering IECommandExecutor::GetElementFindMethod
T 2019-06-12 09:37:56:228 ElementFinder.cpp(111) Entering ElementFinder::FindElements
T 2019-06-12 09:37:56:228 IECommandExecutor.cpp(577) Entering IECommandExecutor::GetCurrentBrowser
T 2019-06-12 09:37:56:228 IECommandExecutor.cpp(583) Entering IECommandExecutor::GetManagedBrowser
W 2019-06-12 09:37:56:228 IECommandExecutor.cpp(591) Browser ID requested was an empty string
W 2019-06-12 09:37:56:228 ElementFinder.cpp(167) Unable to get browser
T 2019-06-12 09:37:56:228 response.cc(85) Entering Response::SetErrorResponse
T 2019-06-12 09:37:56:228 response.cc(78) Entering Response::SetResponse
T 2019-06-12 09:37:56:228 IECommandExecutor.cpp(577) Entering IECommandExecutor::GetCurrentBrowser
T 2019-06-12 09:37:56:228 IECommandExecutor.cpp(583) Entering IECommandExecutor::GetManagedBrowser
W 2019-06-12 09:37:56:228 IECommandExecutor.cpp(591) Browser ID requested was an empty string
W 2019-06-12 09:37:56:228 IECommandExecutor.cpp(520) Unable to get current browser
T 2019-06-12 09:37:56:228 response.cc(51) Entering Response::Serialize
T 2019-06-12 09:37:56:236 IESession.cpp(221) Found non-zero response length
T 2019-06-12 09:37:56:237 IECommandExecutor.cpp(156) Entering IECommandExecutor::OnGetResponse
T 2019-06-12 09:37:56:237 IECommandExecutor.cpp(285) Entering IECommandExecutor::OnIsSessionValid
D 2019-06-12 09:37:56:238 server.cc(338) Response: {"value":{"data":null,"error":"no such window","message":"Unable to find elements on closed window","stacktrace":""}}

T 2019-06-12 09:37:56:238 server.cc(391) Entering Server::SendResponseToClient
T 2019-06-12 09:37:56:238 response.cc(30) Entering Response::Deserialize
T 2019-06-12 09:37:56:238 server.cc(465) Entering Server::SendHttpBadRequest
T 2019-06-12 09:37:56:246 server.cc(174) Entering Server::ProcessRequest
T 2019-06-12 09:37:56:246 server.cc(183) Process request with: URI: /session/3ab33697-2384-4886-8e6e-a01e8d414fe2/screenshot HTTP verb: GET
body: {}
T 2019-06-12 09:37:56:246 server.cc(272) Entering Server::DispatchCommand
T 2019-06-12 09:37:56:246 server.cc(583) Entering Server::LookupCommand
D 2019-06-12 09:37:56:246 server.cc(281) Command: GET /session/3ab33697-2384-4886-8e6e-a01e8d414fe2/screenshot {}
T 2019-06-12 09:37:56:246 server.cc(378) Entering Server::LookupSession
T 2019-06-12 09:37:56:246 IESession.cpp(191) Entering IESession::ExecuteCommand
T 2019-06-12 09:37:56:246 IECommandExecutor.cpp(122) Entering IECommandExecutor::OnSetCommand
T 2019-06-12 09:37:56:246 command.cc(31) Entering Command::Deserialize
D 2019-06-12 09:37:56:246 command.cc(36) Raw JSON command: { "name" : "takeScreenshot", "locator" : { "sessionid" : "3ab33697-2384-4886-8e6e-a01e8d414fe2" }, "parameters" : {} }
T 2019-06-12 09:37:56:247 IECommandExecutor.cpp(133) Entering IECommandExecutor::OnExecCommand
T 2019-06-12 09:37:56:247 IECommandExecutor.cpp(454) Entering IECommandExecutor::DispatchCommand
T 2019-06-12 09:37:56:247 IECommandExecutor.cpp(577) Entering IECommandExecutor::GetCurrentBrowser
T 2019-06-12 09:37:56:247 IECommandExecutor.cpp(583) Entering IECommandExecutor::GetManagedBrowser
W 2019-06-12 09:37:56:247 IECommandExecutor.cpp(591) Browser ID requested was an empty string
W 2019-06-12 09:37:56:247 IECommandExecutor.cpp(503) Unable to find current browser
T 2019-06-12 09:37:56:247 CommandHandlers\ScreenshotCommandHandler.cpp(38) Entering ScreenshotCommandHandler::ExecuteInternal
T 2019-06-12 09:37:56:247 IECommandExecutor.cpp(577) Entering IECommandExecutor::GetCurrentBrowser
T 2019-06-12 09:37:56:247 IECommandExecutor.cpp(583) Entering IECommandExecutor::GetManagedBrowser
W 2019-06-12 09:37:56:247 IECommandExecutor.cpp(591) Browser ID requested was an empty string
T 2019-06-12 09:37:56:247 response.cc(91) Entering Response::SetErrorResponse
W 2019-06-12 09:37:56:247 response.cc(92) Error response has status code 23 and message 'Unable to get browser' message
T 2019-06-12 09:37:56:247 response.cc(85) Entering Response::SetErrorResponse
T 2019-06-12 09:37:56:247 response.cc(78) Entering Response::SetResponse
T 2019-06-12 09:37:56:247 IECommandExecutor.cpp(577) Entering IECommandExecutor::GetCurrentBrowser
T 2019-06-12 09:37:56:248 IECommandExecutor.cpp(583) Entering IECommandExecutor::GetManagedBrowser
W 2019-06-12 09:37:56:248 IECommandExecutor.cpp(591) Browser ID requested was an empty string
W 2019-06-12 09:37:56:248 IECommandExecutor.cpp(520) Unable to get current browser
T 2019-06-12 09:37:56:248 response.cc(51) Entering Response::Serialize
T 2019-06-12 09:37:56:248 IESession.cpp(212) Beginning wait for response length to be not zero
T 2019-06-12 09:37:56:248 IESession.cpp(221) Found non-zero response length
T 2019-06-12 09:37:56:248 IECommandExecutor.cpp(156) Entering IECommandExecutor::OnGetResponse
T 2019-06-12 09:37:56:248 IECommandExecutor.cpp(285) Entering IECommandExecutor::OnIsSessionValid
D 2019-06-12 09:37:56:248 server.cc(338) Response: {"value":{"data":null,"error":"no such window","message":"Unable to get browser","stacktrace":""}}

T 2019-06-12 09:37:56:248 server.cc(391) Entering Server::SendResponseToClient
T 2019-06-12 09:37:56:248 response.cc(30) Entering Response::Deserialize
T 2019-06-12 09:37:56:248 server.cc(465) Entering Server::SendHttpBadRequest
T 2019-06-12 09:37:56:296 server.cc(174) Entering Server::ProcessRequest
T 2019-06-12 09:37:56:296 server.cc(183) Process request with: URI: /session/3ab33697-2384-4886-8e6e-a01e8d414fe2 HTTP verb: DELETE
body: {}
T 2019-06-12 09:37:56:296 server.cc(272) Entering Server::DispatchCommand
T 2019-06-12 09:37:56:296 server.cc(583) Entering Server::LookupCommand
D 2019-06-12 09:37:56:296 server.cc(281) Command: DELETE /session/3ab33697-2384-4886-8e6e-a01e8d414fe2 {}
T 2019-06-12 09:37:56:296 server.cc(378) Entering Server::LookupSession
T 2019-06-12 09:37:56:296 IESession.cpp(191) Entering IESession::ExecuteCommand
T 2019-06-12 09:37:56:297 IECommandExecutor.cpp(122) Entering IECommandExecutor::OnSetCommand
T 2019-06-12 09:37:56:297 command.cc(31) Entering Command::Deserialize
D 2019-06-12 09:37:56:297 command.cc(36) Raw JSON command: { "name" : "quit", "locator" : { "sessionid" : "3ab33697-2384-4886-8e6e-a01e8d414fe2" }, "parameters" : {} }
T 2019-06-12 09:37:56:297 IECommandExecutor.cpp(133) Entering IECommandExecutor::OnExecCommand
T 2019-06-12 09:37:56:297 IECommandExecutor.cpp(454) Entering IECommandExecutor::DispatchCommand
T 2019-06-12 09:37:56:297 IECommandExecutor.cpp(577) Entering IECommandExecutor::GetCurrentBrowser
T 2019-06-12 09:37:56:297 IECommandExecutor.cpp(583) Entering IECommandExecutor::GetManagedBrowser
W 2019-06-12 09:37:56:297 IECommandExecutor.cpp(591) Browser ID requested was an empty string
W 2019-06-12 09:37:56:297 IECommandExecutor.cpp(503) Unable to find current browser
T 2019-06-12 09:37:56:297 IECommandExecutor.cpp(607) Entering IECommandExecutor::GetManagedBrowserHandles
T 2019-06-12 09:37:56:297 response.cc(72) Entering Response::SetSuccessResponse
T 2019-06-12 09:37:56:297 response.cc(78) Entering Response::SetResponse
T 2019-06-12 09:37:56:297 IECommandExecutor.cpp(577) Entering IECommandExecutor::GetCurrentBrowser
T 2019-06-12 09:37:56:297 IECommandExecutor.cpp(583) Entering IECommandExecutor::GetManagedBrowser
T 2019-06-12 09:37:56:297 IECommandExecutor.cpp(586) Current command executor is not valid
T 2019-06-12 09:37:56:297 response.cc(51) Entering Response::Serialize
T 2019-06-12 09:37:56:297 IESession.cpp(212) Beginning wait for response length to be not zero
T 2019-06-12 09:37:56:297 IESession.cpp(221) Found non-zero response length
T 2019-06-12 09:37:56:297 IECommandExecutor.cpp(156) Entering IECommandExecutor::OnGetResponse
T 2019-06-12 09:37:56:297 IECommandExecutor.cpp(285) Entering IECommandExecutor::OnIsSessionValid
T 2019-06-12 09:37:56:299 server.cc(225) Entering Server::ShutDownSession
T 2019-06-12 09:37:56:299 IESession.cpp(119) Entering IESession::ShutDown
T 2019-06-12 09:37:56:300 IESession.cpp(173) Entering IESession::WaitForCommandExecutorExit
D 2019-06-12 09:37:56:300 IESession.cpp(150) Executor shutdown successful!
D 2019-06-12 09:37:56:301 IESession.cpp(158) Posting thread shutdown message
D 2019-06-12 09:37:56:302 IESession.cpp(161) Starting wait for thread completion
D 2019-06-12 09:37:56:302 IESession.cpp(164) Waiting for thread to end returned 4294967295
D 2019-06-12 09:37:56:302 server.cc(338) Response: {"value":null}

T 2019-06-12 09:37:56:302 server.cc(391) Entering Server::SendResponseToClient
D 2019-06-12 09:37:56:302 IECommandExecutor.cpp(436) Shutdown message received
T 2019-06-12 09:37:56:302 response.cc(30) Entering Response::Deserialize
T 2019-06-12 09:37:56:302 server.cc(445) Entering Server::SendHttpOk
D 2019-06-12 09:37:56:303 IECommandExecutor.cpp(97) Entering IECommandExecutor::OnDestroy
D 2019-06-12 09:37:56:303 IECommandExecutor.cpp(99) Clearing managed element cache
D 2019-06-12 09:37:56:303 IECommandExecutor.cpp(102) Closing command handler repository
D 2019-06-12 09:37:56:305 IECommandExecutor.cpp(104) Closing element finder
D 2019-06-12 09:37:56:305 IECommandExecutor.cpp(106) Closing input manager
D 2019-06-12 09:37:56:305 IECommandExecutor.cpp(108) Closing proxy manager
T 2019-06-12 09:37:56:305 ProxyManager.cpp(185) ProxyManager::RestoreProxySettings
D 2019-06-12 09:37:56:305 IECommandExecutor.cpp(110) Closing browser factory
D 2019-06-12 09:37:56:305 IECommandExecutor.cpp(112) Posting quit message
D 2019-06-12 09:37:56:305 IECommandExecutor.cpp(114) Leaving IECommandExecutor::OnDestroy
D 2019-06-12 09:37:56:305 IECommandExecutor.cpp(438) Returned from DestroyWindow()
D 2019-06-12 09:37:56:305 IECommandExecutor.cpp(447) Exited IECommandExecutor thread message loop
T 2019-06-12 09:37:56:335 server.cc(174) Entering Server::ProcessRequest
T 2019-06-12 09:37:56:335 server.cc(183) Process request with: URI: /shutdown HTTP verb: GET
body: {}
T 2019-06-12 09:37:56:335 server.cc(445) Entering Server::SendHttpOk
T 2019-06-12 09:37:56:336 IEServer.cpp(88) Entering IEServer::ShutDown
T 2019-06-12 09:37:56:336 WebDriver.cpp(54) Entering StopServer
T 2019-06-12 09:37:56:336 server.cc(165) Entering Server::Stop
