<?xml version="1.0" encoding="UTF-8" standalone="no"?>
<!DOCTYPE log SYSTEM "logger.dtd">
<log>
<record>
  <date>2019-07-16T13:01:30</date>
  <millis>1563300090821</millis>
  <sequence>0</sequence>
  <level>START</level>
  <class>com.kms.katalon.core.logging.XmlKeywordLogger</class>
  <method>startSuite</method>
  <thread>1</thread>
  <message>Start Test Suite : Test Suites/Part Time MBA cms9</message>
  <nestedLevel>0</nestedLevel>
  <property name="name">Part Time MBA cms9</property>
  <property name="description"></property>
  <property name="id">Test Suites/Part Time MBA cms9</property>
</record>
<record>
  <date>2019-07-16T13:01:30</date>
  <millis>1563300090840</millis>
  <sequence>1</sequence>
  <level>RUN_DATA</level>
  <class>com.kms.katalon.core.logging.XmlKeywordLogger</class>
  <method>logMessage</method>
  <thread>1</thread>
  <message>hostName = KIS - 129.105.210.226</message>
  <nestedLevel>0</nestedLevel>
  <property name="hostName">KIS - 129.105.210.226</property>
</record>
<record>
  <date>2019-07-16T13:01:30</date>
  <millis>1563300090841</millis>
  <sequence>2</sequence>
  <level>RUN_DATA</level>
  <class>com.kms.katalon.core.logging.XmlKeywordLogger</class>
  <method>logMessage</method>
  <thread>1</thread>
  <message>os = Windows 10 64bit</message>
  <nestedLevel>0</nestedLevel>
  <property name="os">Windows 10 64bit</property>
</record>
<record>
  <date>2019-07-16T13:01:30</date>
  <millis>1563300090842</millis>
  <sequence>3</sequence>
  <level>RUN_DATA</level>
  <class>com.kms.katalon.core.logging.XmlKeywordLogger</class>
  <method>logMessage</method>
  <thread>1</thread>
  <message>hostAddress = 129.105.210.226</message>
  <nestedLevel>0</nestedLevel>
  <property name="hostAddress">129.105.210.226</property>
</record>
<record>
  <date>2019-07-16T13:01:30</date>
  <millis>1563300090843</millis>
  <sequence>4</sequence>
  <level>RUN_DATA</level>
  <class>com.kms.katalon.core.logging.XmlKeywordLogger</class>
  <method>logMessage</method>
  <thread>1</thread>
  <message>katalonVersion = 6.1.5.3</message>
  <nestedLevel>0</nestedLevel>
  <property name="katalonVersion">6.1.5.3</property>
</record>
<record>
  <date>2019-07-16T13:01:31</date>
  <millis>1563300091156</millis>
  <sequence>5</sequence>
  <level>START</level>
  <class>com.kms.katalon.core.logging.XmlKeywordLogger</class>
  <method>startTest</method>
  <thread>1</thread>
  <message>Start Test Case : Test Cases/cms9 tests/Part-Time MBA Tests/Brochure/Miss test</message>
  <nestedLevel>1</nestedLevel>
  <property name="name">Test Cases/cms9 tests/Part-Time MBA Tests/Brochure/Miss test</property>
  <property name="description"></property>
  <property name="id">Test Cases/cms9 tests/Part-Time MBA Tests/Brochure/Miss test</property>
  <property name="source">C:\\Users\\KIS\\git\\nu-klg-testing\\Test Cases\\cms9 tests\\Part-Time MBA Tests\\Brochure\\Miss test.tc</property>
  <property name="tag"></property>
  <property name="isOptional">false</property>
</record>
<record>
  <date>2019-07-16T13:01:31</date>
  <millis>1563300091760</millis>
  <sequence>7</sequence>
  <level>START</level>
  <class>com.kms.katalon.core.logging.XmlKeywordLogger</class>
  <method>startKeyword</method>
  <thread>1</thread>
  <message>Start action : openBrowser(\&amp;quot;\&amp;quot;)</message>
  <nestedLevel>1</nestedLevel>
  <property name="startLine">17</property>
  <property name="stepIndex">1</property>
</record>
<record>
  <date>2019-07-16T13:01:32</date>
  <millis>1563300092135</millis>
  <sequence>9</sequence>
  <level>INFO</level>
  <class>com.kms.katalon.core.logging.XmlKeywordLogger</class>
  <method>logMessage</method>
  <thread>1</thread>
  <message>Starting &amp;apos;Firefox&amp;apos; driver</message>
  <nestedLevel>1</nestedLevel>
</record>
<record>
  <date>2019-07-16T13:01:32</date>
  <millis>1563300092227</millis>
  <sequence>10</sequence>
  <level>INFO</level>
  <class>com.kms.katalon.core.logging.XmlKeywordLogger</class>
  <method>logMessage</method>
  <thread>1</thread>
  <message>Action delay is set to 0 seconds</message>
  <nestedLevel>1</nestedLevel>
</record>
<record>
  <date>2019-07-16T13:01:38</date>
  <millis>1563300098423</millis>
  <sequence>12</sequence>
  <level>RUN_DATA</level>
  <class>com.kms.katalon.core.logging.XmlKeywordLogger</class>
  <method>logMessage</method>
  <thread>1</thread>
  <message>sessionId = 3a6d8213-5be4-4019-8f49-895604391bd2</message>
  <nestedLevel>1</nestedLevel>
  <property name="sessionId">3a6d8213-5be4-4019-8f49-895604391bd2</property>
</record>
<record>
  <date>2019-07-16T13:01:38</date>
  <millis>1563300098448</millis>
  <sequence>13</sequence>
  <level>RUN_DATA</level>
  <class>com.kms.katalon.core.logging.XmlKeywordLogger</class>
  <method>logMessage</method>
  <thread>1</thread>
  <message>browser = Firefox 67.0</message>
  <nestedLevel>1</nestedLevel>
  <property name="browser">Firefox 67.0</property>
</record>
<record>
  <date>2019-07-16T13:01:38</date>
  <millis>1563300098449</millis>
  <sequence>14</sequence>
  <level>RUN_DATA</level>
  <class>com.kms.katalon.core.logging.XmlKeywordLogger</class>
  <method>logMessage</method>
  <thread>1</thread>
  <message>platform = Windows 10</message>
  <nestedLevel>1</nestedLevel>
  <property name="platform">Windows 10</property>
</record>
<record>
  <date>2019-07-16T13:01:38</date>
  <millis>1563300098451</millis>
  <sequence>15</sequence>
  <level>RUN_DATA</level>
  <class>com.kms.katalon.core.logging.XmlKeywordLogger</class>
  <method>logMessage</method>
  <thread>1</thread>
  <message>seleniumVersion = 3.7.1</message>
  <nestedLevel>1</nestedLevel>
  <property name="seleniumVersion">3.7.1</property>
</record>
<record>
  <date>2019-07-16T13:01:38</date>
  <millis>1563300098453</millis>
  <sequence>16</sequence>
  <level>RUN_DATA</level>
  <class>com.kms.katalon.core.logging.XmlKeywordLogger</class>
  <method>logMessage</method>
  <thread>1</thread>
  <message>proxyInformation = ProxyInformation{proxyOption=NO_PROXY, proxyServerType=HTTP, password=, proxyServerAddress=, proxyServerPort=0}</message>
  <nestedLevel>1</nestedLevel>
  <property name="proxyInformation">ProxyInformation{proxyOption=NO_PROXY, proxyServerType=HTTP, password=, proxyServerAddress=, proxyServerPort=0}</property>
</record>
<record>
  <date>2019-07-16T13:01:38</date>
  <millis>1563300098453</millis>
  <sequence>17</sequence>
  <level>PASSED</level>
  <class>com.kms.katalon.core.logging.XmlKeywordLogger</class>
  <method>logMessage</method>
  <thread>1</thread>
  <message>Browser is opened with url: &amp;apos;&amp;apos;</message>
  <nestedLevel>1</nestedLevel>
</record>
<record>
  <date>2019-07-16T13:01:38</date>
  <millis>1563300098456</millis>
  <sequence>18</sequence>
  <level>END</level>
  <class>com.kms.katalon.core.logging.XmlKeywordLogger</class>
  <method>endKeyword</method>
  <thread>1</thread>
  <message>End action : openBrowser(\&amp;quot;\&amp;quot;)</message>
  <nestedLevel>1</nestedLevel>
</record>
<record>
  <date>2019-07-16T13:01:38</date>
  <millis>1563300098456</millis>
  <sequence>19</sequence>
  <level>START</level>
  <class>com.kms.katalon.core.logging.XmlKeywordLogger</class>
  <method>startKeyword</method>
  <thread>1</thread>
  <message>Start action : navigateToUrl(\&amp;quot;http://cms9dev.kellogg.northwestern.edu/programs/part-time-mba.aspx\&amp;quot;)</message>
  <nestedLevel>1</nestedLevel>
  <property name="startLine">19</property>
  <property name="stepIndex">2</property>
</record>
<record>
  <date>2019-07-16T13:01:46</date>
  <millis>1563300106080</millis>
  <sequence>22</sequence>
  <level>PASSED</level>
  <class>com.kms.katalon.core.logging.XmlKeywordLogger</class>
  <method>logMessage</method>
  <thread>1</thread>
  <message>Navigate to &amp;apos;http://cms9dev.kellogg.northwestern.edu/programs/part-time-mba.aspx&amp;apos; successfully</message>
  <nestedLevel>1</nestedLevel>
</record>
<record>
  <date>2019-07-16T13:01:46</date>
  <millis>1563300106081</millis>
  <sequence>23</sequence>
  <level>END</level>
  <class>com.kms.katalon.core.logging.XmlKeywordLogger</class>
  <method>endKeyword</method>
  <thread>1</thread>
  <message>End action : navigateToUrl(\&amp;quot;http://cms9dev.kellogg.northwestern.edu/programs/part-time-mba.aspx\&amp;quot;)</message>
  <nestedLevel>1</nestedLevel>
</record>
<record>
  <date>2019-07-16T13:01:46</date>
  <millis>1563300106082</millis>
  <sequence>24</sequence>
  <level>START</level>
  <class>com.kms.katalon.core.logging.XmlKeywordLogger</class>
  <method>startKeyword</method>
  <thread>1</thread>
  <message>Start action : click(findTestObject(\&amp;quot;Page_Part-Time MBA Prgoram Kellogg School of Management/Part time MBA/Weekend Program  Part-Time MBA/a_Request Brochure\&amp;quot;))</message>
  <nestedLevel>1</nestedLevel>
  <property name="startLine">21</property>
  <property name="stepIndex">3</property>
</record>
<record>
  <date>2019-07-16T13:01:47</date>
  <millis>1563300107583</millis>
  <sequence>31</sequence>
  <level>PASSED</level>
  <class>com.kms.katalon.core.logging.XmlKeywordLogger</class>
  <method>logMessage</method>
  <thread>1</thread>
  <message>Object: &amp;apos;Object Repository/Page_Part-Time MBA Prgoram Kellogg School of Management/Part time MBA/Weekend Program  Part-Time MBA/a_Request Brochure&amp;apos; is clicked on</message>
  <nestedLevel>1</nestedLevel>
</record>
<record>
  <date>2019-07-16T13:01:47</date>
  <millis>1563300107584</millis>
  <sequence>32</sequence>
  <level>END</level>
  <class>com.kms.katalon.core.logging.XmlKeywordLogger</class>
  <method>endKeyword</method>
  <thread>1</thread>
  <message>End action : click(findTestObject(\&amp;quot;Page_Part-Time MBA Prgoram Kellogg School of Management/Part time MBA/Weekend Program  Part-Time MBA/a_Request Brochure\&amp;quot;))</message>
  <nestedLevel>1</nestedLevel>
</record>
<record>
  <date>2019-07-16T13:01:47</date>
  <millis>1563300107585</millis>
  <sequence>33</sequence>
  <level>START</level>
  <class>com.kms.katalon.core.logging.XmlKeywordLogger</class>
  <method>startKeyword</method>
  <thread>1</thread>
  <message>Start action : selectOptionByValue(findTestObject(\&amp;quot;Page_Part-Time MBA Prgoram Kellogg School of Management/Part time MBA/Page_Request Information - Part-Time MBA Program/select_DrMissMrMrsMs\&amp;quot;), \&amp;quot;Miss\&amp;quot;, true)</message>
  <nestedLevel>1</nestedLevel>
  <property name="startLine">23</property>
  <property name="stepIndex">4</property>
</record>
<record>
  <date>2019-07-16T13:01:49</date>
  <millis>1563300109417</millis>
  <sequence>42</sequence>
  <level>PASSED</level>
  <class>com.kms.katalon.core.logging.XmlKeywordLogger</class>
  <method>logMessage</method>
  <thread>1</thread>
  <message>All options with value &amp;apos;Miss&amp;apos; are selected in object &amp;apos;Object Repository/Page_Part-Time MBA Prgoram Kellogg School of Management/Part time MBA/Page_Request Information - Part-Time MBA Program/select_DrMissMrMrsMs&amp;apos;  using regular expression</message>
  <nestedLevel>1</nestedLevel>
</record>
<record>
  <date>2019-07-16T13:01:49</date>
  <millis>1563300109418</millis>
  <sequence>43</sequence>
  <level>END</level>
  <class>com.kms.katalon.core.logging.XmlKeywordLogger</class>
  <method>endKeyword</method>
  <thread>1</thread>
  <message>End action : selectOptionByValue(findTestObject(\&amp;quot;Page_Part-Time MBA Prgoram Kellogg School of Management/Part time MBA/Page_Request Information - Part-Time MBA Program/select_DrMissMrMrsMs\&amp;quot;), \&amp;quot;Miss\&amp;quot;, true)</message>
  <nestedLevel>1</nestedLevel>
</record>
<record>
  <date>2019-07-16T13:01:49</date>
  <millis>1563300109418</millis>
  <sequence>44</sequence>
  <level>START</level>
  <class>com.kms.katalon.core.logging.XmlKeywordLogger</class>
  <method>startKeyword</method>
  <thread>1</thread>
  <message>Start action : setText(findTestObject(\&amp;quot;Page_Part-Time MBA Prgoram Kellogg School of Management/Part time MBA/Page_Request Information - Part-Time MBA Program/input_First Name _form_23333248-3df8-4884-8c37-b29ea74a28fa\&amp;quot;), \&amp;quot;Zzmatthew\&amp;quot;)</message>
  <nestedLevel>1</nestedLevel>
  <property name="startLine">26</property>
  <property name="stepIndex">5</property>
</record>
<record>
  <date>2019-07-16T13:01:49</date>
  <millis>1563300109534</millis>
  <sequence>53</sequence>
  <level>PASSED</level>
  <class>com.kms.katalon.core.logging.XmlKeywordLogger</class>
  <method>logMessage</method>
  <thread>1</thread>
  <message>Text &amp;apos;Zzmatthew&amp;apos; is set on object &amp;apos;Object Repository/Page_Part-Time MBA Prgoram Kellogg School of Management/Part time MBA/Page_Request Information - Part-Time MBA Program/input_First Name _form_23333248-3df8-4884-8c37-b29ea74a28fa&amp;apos;</message>
  <nestedLevel>1</nestedLevel>
</record>
<record>
  <date>2019-07-16T13:01:49</date>
  <millis>1563300109535</millis>
  <sequence>54</sequence>
  <level>END</level>
  <class>com.kms.katalon.core.logging.XmlKeywordLogger</class>
  <method>endKeyword</method>
  <thread>1</thread>
  <message>End action : setText(findTestObject(\&amp;quot;Page_Part-Time MBA Prgoram Kellogg School of Management/Part time MBA/Page_Request Information - Part-Time MBA Program/input_First Name _form_23333248-3df8-4884-8c37-b29ea74a28fa\&amp;quot;), \&amp;quot;Zzmatthew\&amp;quot;)</message>
  <nestedLevel>1</nestedLevel>
</record>
<record>
  <date>2019-07-16T13:01:49</date>
  <millis>1563300109535</millis>
  <sequence>55</sequence>
  <level>START</level>
  <class>com.kms.katalon.core.logging.XmlKeywordLogger</class>
  <method>startKeyword</method>
  <thread>1</thread>
  <message>Start action : setText(findTestObject(\&amp;quot;Page_Part-Time MBA Prgoram Kellogg School of Management/Part time MBA/Page_Request Information - Part-Time MBA Program/input_Last Name _form_94bcc79d-a579-4b5c-b6c4-130bdb9e72a0\&amp;quot;), \&amp;quot;Zzcacioppo\&amp;quot;)</message>
  <nestedLevel>1</nestedLevel>
  <property name="startLine">29</property>
  <property name="stepIndex">6</property>
</record>
<record>
  <date>2019-07-16T13:01:49</date>
  <millis>1563300109615</millis>
  <sequence>64</sequence>
  <level>PASSED</level>
  <class>com.kms.katalon.core.logging.XmlKeywordLogger</class>
  <method>logMessage</method>
  <thread>1</thread>
  <message>Text &amp;apos;Zzcacioppo&amp;apos; is set on object &amp;apos;Object Repository/Page_Part-Time MBA Prgoram Kellogg School of Management/Part time MBA/Page_Request Information - Part-Time MBA Program/input_Last Name _form_94bcc79d-a579-4b5c-b6c4-130bdb9e72a0&amp;apos;</message>
  <nestedLevel>1</nestedLevel>
</record>
<record>
  <date>2019-07-16T13:01:49</date>
  <millis>1563300109617</millis>
  <sequence>65</sequence>
  <level>END</level>
  <class>com.kms.katalon.core.logging.XmlKeywordLogger</class>
  <method>endKeyword</method>
  <thread>1</thread>
  <message>End action : setText(findTestObject(\&amp;quot;Page_Part-Time MBA Prgoram Kellogg School of Management/Part time MBA/Page_Request Information - Part-Time MBA Program/input_Last Name _form_94bcc79d-a579-4b5c-b6c4-130bdb9e72a0\&amp;quot;), \&amp;quot;Zzcacioppo\&amp;quot;)</message>
  <nestedLevel>1</nestedLevel>
</record>
<record>
  <date>2019-07-16T13:01:49</date>
  <millis>1563300109617</millis>
  <sequence>66</sequence>
  <level>START</level>
  <class>com.kms.katalon.core.logging.XmlKeywordLogger</class>
  <method>startKeyword</method>
  <thread>1</thread>
  <message>Start action : setText(findTestObject(\&amp;quot;Page_Part-Time MBA Prgoram Kellogg School of Management/Part time MBA/Page_Request Information - Part-Time MBA Program/input_Email Address _form_0e33f18f-4db2-4bdd-9126-f33deb66d5ce\&amp;quot;), \&amp;quot;matthew.cacioppo@northwestern.edu\&amp;quot;)</message>
  <nestedLevel>1</nestedLevel>
  <property name="startLine">32</property>
  <property name="stepIndex">7</property>
</record>
<record>
  <date>2019-07-16T13:01:49</date>
  <millis>1563300109715</millis>
  <sequence>75</sequence>
  <level>PASSED</level>
  <class>com.kms.katalon.core.logging.XmlKeywordLogger</class>
  <method>logMessage</method>
  <thread>1</thread>
  <message>Text &amp;apos;matthew.cacioppo@northwestern.edu&amp;apos; is set on object &amp;apos;Object Repository/Page_Part-Time MBA Prgoram Kellogg School of Management/Part time MBA/Page_Request Information - Part-Time MBA Program/input_Email Address _form_0e33f18f-4db2-4bdd-9126-f33deb66d5ce&amp;apos;</message>
  <nestedLevel>1</nestedLevel>
</record>
<record>
  <date>2019-07-16T13:01:49</date>
  <millis>1563300109717</millis>
  <sequence>76</sequence>
  <level>END</level>
  <class>com.kms.katalon.core.logging.XmlKeywordLogger</class>
  <method>endKeyword</method>
  <thread>1</thread>
  <message>End action : setText(findTestObject(\&amp;quot;Page_Part-Time MBA Prgoram Kellogg School of Management/Part time MBA/Page_Request Information - Part-Time MBA Program/input_Email Address _form_0e33f18f-4db2-4bdd-9126-f33deb66d5ce\&amp;quot;), \&amp;quot;matthew.cacioppo@northwestern.edu\&amp;quot;)</message>
  <nestedLevel>1</nestedLevel>
</record>
<record>
  <date>2019-07-16T13:01:49</date>
  <millis>1563300109718</millis>
  <sequence>77</sequence>
  <level>START</level>
  <class>com.kms.katalon.core.logging.XmlKeywordLogger</class>
  <method>startKeyword</method>
  <thread>1</thread>
  <message>Start action : click(findTestObject(\&amp;quot;Page_Part-Time MBA Prgoram Kellogg School of Management/Part time MBA/Page_Request Information - Part-Time MBA Program/button_Submit\&amp;quot;))</message>
  <nestedLevel>1</nestedLevel>
  <property name="startLine">35</property>
  <property name="stepIndex">8</property>
</record>
<record>
  <date>2019-07-16T13:01:50</date>
  <millis>1563300110031</millis>
  <sequence>84</sequence>
  <level>PASSED</level>
  <class>com.kms.katalon.core.logging.XmlKeywordLogger</class>
  <method>logMessage</method>
  <thread>1</thread>
  <message>Object: &amp;apos;Object Repository/Page_Part-Time MBA Prgoram Kellogg School of Management/Part time MBA/Page_Request Information - Part-Time MBA Program/button_Submit&amp;apos; is clicked on</message>
  <nestedLevel>1</nestedLevel>
</record>
<record>
  <date>2019-07-16T13:01:50</date>
  <millis>1563300110032</millis>
  <sequence>85</sequence>
  <level>END</level>
  <class>com.kms.katalon.core.logging.XmlKeywordLogger</class>
  <method>endKeyword</method>
  <thread>1</thread>
  <message>End action : click(findTestObject(\&amp;quot;Page_Part-Time MBA Prgoram Kellogg School of Management/Part time MBA/Page_Request Information - Part-Time MBA Program/button_Submit\&amp;quot;))</message>
  <nestedLevel>1</nestedLevel>
</record>
<record>
  <date>2019-07-16T13:01:50</date>
  <millis>1563300110033</millis>
  <sequence>86</sequence>
  <level>START</level>
  <class>com.kms.katalon.core.logging.XmlKeywordLogger</class>
  <method>startKeyword</method>
  <thread>1</thread>
  <message>Start action : closeBrowser()</message>
  <nestedLevel>1</nestedLevel>
  <property name="startLine">37</property>
  <property name="stepIndex">9</property>
</record>
<record>
  <date>2019-07-16T13:01:51</date>
  <millis>1563300111610</millis>
  <sequence>88</sequence>
  <level>PASSED</level>
  <class>com.kms.katalon.core.logging.XmlKeywordLogger</class>
  <method>logMessage</method>
  <thread>1</thread>
  <message>Browser is closed</message>
  <nestedLevel>1</nestedLevel>
</record>
<record>
  <date>2019-07-16T13:01:51</date>
  <millis>1563300111610</millis>
  <sequence>89</sequence>
  <level>END</level>
  <class>com.kms.katalon.core.logging.XmlKeywordLogger</class>
  <method>endKeyword</method>
  <thread>1</thread>
  <message>End action : closeBrowser()</message>
  <nestedLevel>1</nestedLevel>
</record>
<record>
  <date>2019-07-16T13:01:51</date>
  <millis>1563300111610</millis>
  <sequence>90</sequence>
  <level>PASSED</level>
  <class>com.kms.katalon.core.logging.XmlKeywordLogger</class>
  <method>logMessage</method>
  <thread>1</thread>
  <message>Test Cases/cms9 tests/Part-Time MBA Tests/Brochure/Miss test</message>
  <nestedLevel>1</nestedLevel>
</record>
<record>
  <date>2019-07-16T13:01:51</date>
  <millis>1563300111611</millis>
  <sequence>91</sequence>
  <level>END</level>
  <class>com.kms.katalon.core.logging.XmlKeywordLogger</class>
  <method>endTest</method>
  <thread>1</thread>
  <message>End Test Case : Test Cases/cms9 tests/Part-Time MBA Tests/Brochure/Miss test</message>
  <nestedLevel>0</nestedLevel>
</record>
<record>
  <date>2019-07-16T13:01:51</date>
  <millis>1563300111616</millis>
  <sequence>92</sequence>
  <level>START</level>
  <class>com.kms.katalon.core.logging.XmlKeywordLogger</class>
  <method>startTest</method>
  <thread>1</thread>
  <message>Start Test Case : Test Cases/cms9 tests/Part-Time MBA Tests/Brochure/Mr. Test</message>
  <nestedLevel>1</nestedLevel>
  <property name="name">Test Cases/cms9 tests/Part-Time MBA Tests/Brochure/Mr. Test</property>
  <property name="description">Part time MBA Brocure Request</property>
  <property name="id">Test Cases/cms9 tests/Part-Time MBA Tests/Brochure/Mr. Test</property>
  <property name="source">C:\\Users\\KIS\\git\\nu-klg-testing\\Test Cases\\cms9 tests\\Part-Time MBA Tests\\Brochure\\Mr. Test.tc</property>
  <property name="tag"></property>
  <property name="isOptional">false</property>
</record>
<record>
  <date>2019-07-16T13:01:51</date>
  <millis>1563300111866</millis>
  <sequence>94</sequence>
  <level>START</level>
  <class>com.kms.katalon.core.logging.XmlKeywordLogger</class>
  <method>startKeyword</method>
  <thread>1</thread>
  <message>Start action : openBrowser(\&amp;quot;\&amp;quot;)</message>
  <nestedLevel>1</nestedLevel>
  <property name="startLine">16</property>
  <property name="stepIndex">1</property>
</record>
<record>
  <date>2019-07-16T13:01:51</date>
  <millis>1563300111866</millis>
  <sequence>96</sequence>
  <level>INFO</level>
  <class>com.kms.katalon.core.logging.XmlKeywordLogger</class>
  <method>logMessage</method>
  <thread>1</thread>
  <message>Starting &amp;apos;Firefox&amp;apos; driver</message>
  <nestedLevel>1</nestedLevel>
</record>
<record>
  <date>2019-07-16T13:01:56</date>
  <millis>1563300116636</millis>
  <sequence>98</sequence>
  <level>RUN_DATA</level>
  <class>com.kms.katalon.core.logging.XmlKeywordLogger</class>
  <method>logMessage</method>
  <thread>1</thread>
  <message>sessionId = b390a207-9db2-4c11-a2de-cece0c4ae4b4</message>
  <nestedLevel>1</nestedLevel>
  <property name="sessionId">b390a207-9db2-4c11-a2de-cece0c4ae4b4</property>
</record>
<record>
  <date>2019-07-16T13:01:56</date>
  <millis>1563300116662</millis>
  <sequence>99</sequence>
  <level>RUN_DATA</level>
  <class>com.kms.katalon.core.logging.XmlKeywordLogger</class>
  <method>logMessage</method>
  <thread>1</thread>
  <message>browser = Firefox 67.0</message>
  <nestedLevel>1</nestedLevel>
  <property name="browser">Firefox 67.0</property>
</record>
<record>
  <date>2019-07-16T13:01:56</date>
  <millis>1563300116664</millis>
  <sequence>100</sequence>
  <level>RUN_DATA</level>
  <class>com.kms.katalon.core.logging.XmlKeywordLogger</class>
  <method>logMessage</method>
  <thread>1</thread>
  <message>platform = Windows 10</message>
  <nestedLevel>1</nestedLevel>
  <property name="platform">Windows 10</property>
</record>
<record>
  <date>2019-07-16T13:01:56</date>
  <millis>1563300116665</millis>
  <sequence>101</sequence>
  <level>RUN_DATA</level>
  <class>com.kms.katalon.core.logging.XmlKeywordLogger</class>
  <method>logMessage</method>
  <thread>1</thread>
  <message>seleniumVersion = 3.7.1</message>
  <nestedLevel>1</nestedLevel>
  <property name="seleniumVersion">3.7.1</property>
</record>
<record>
  <date>2019-07-16T13:01:56</date>
  <millis>1563300116667</millis>
  <sequence>102</sequence>
  <level>RUN_DATA</level>
  <class>com.kms.katalon.core.logging.XmlKeywordLogger</class>
  <method>logMessage</method>
  <thread>1</thread>
  <message>proxyInformation = ProxyInformation{proxyOption=NO_PROXY, proxyServerType=HTTP, password=, proxyServerAddress=, proxyServerPort=0}</message>
  <nestedLevel>1</nestedLevel>
  <property name="proxyInformation">ProxyInformation{proxyOption=NO_PROXY, proxyServerType=HTTP, password=, proxyServerAddress=, proxyServerPort=0}</property>
</record>
<record>
  <date>2019-07-16T13:01:56</date>
  <millis>1563300116667</millis>
  <sequence>103</sequence>
  <level>PASSED</level>
  <class>com.kms.katalon.core.logging.XmlKeywordLogger</class>
  <method>logMessage</method>
  <thread>1</thread>
  <message>Browser is opened with url: &amp;apos;&amp;apos;</message>
  <nestedLevel>1</nestedLevel>
</record>
<record>
  <date>2019-07-16T13:01:56</date>
  <millis>1563300116668</millis>
  <sequence>104</sequence>
  <level>END</level>
  <class>com.kms.katalon.core.logging.XmlKeywordLogger</class>
  <method>endKeyword</method>
  <thread>1</thread>
  <message>End action : openBrowser(\&amp;quot;\&amp;quot;)</message>
  <nestedLevel>1</nestedLevel>
</record>
<record>
  <date>2019-07-16T13:01:56</date>
  <millis>1563300116668</millis>
  <sequence>105</sequence>
  <level>START</level>
  <class>com.kms.katalon.core.logging.XmlKeywordLogger</class>
  <method>startKeyword</method>
  <thread>1</thread>
  <message>Start action : navigateToUrl(\&amp;quot;http://cms9dev.kellogg.northwestern.edu/programs/part-time-mba.aspx\&amp;quot;)</message>
  <nestedLevel>1</nestedLevel>
  <property name="startLine">18</property>
  <property name="stepIndex">2</property>
</record>
<record>
  <date>2019-07-16T13:02:04</date>
  <millis>1563300124662</millis>
  <sequence>108</sequence>
  <level>PASSED</level>
  <class>com.kms.katalon.core.logging.XmlKeywordLogger</class>
  <method>logMessage</method>
  <thread>1</thread>
  <message>Navigate to &amp;apos;http://cms9dev.kellogg.northwestern.edu/programs/part-time-mba.aspx&amp;apos; successfully</message>
  <nestedLevel>1</nestedLevel>
</record>
<record>
  <date>2019-07-16T13:02:04</date>
  <millis>1563300124663</millis>
  <sequence>109</sequence>
  <level>END</level>
  <class>com.kms.katalon.core.logging.XmlKeywordLogger</class>
  <method>endKeyword</method>
  <thread>1</thread>
  <message>End action : navigateToUrl(\&amp;quot;http://cms9dev.kellogg.northwestern.edu/programs/part-time-mba.aspx\&amp;quot;)</message>
  <nestedLevel>1</nestedLevel>
</record>
<record>
  <date>2019-07-16T13:02:04</date>
  <millis>1563300124664</millis>
  <sequence>110</sequence>
  <level>START</level>
  <class>com.kms.katalon.core.logging.XmlKeywordLogger</class>
  <method>startKeyword</method>
  <thread>1</thread>
  <message>Start action : click(findTestObject(\&amp;quot;Page_Part-Time MBA Prgoram Kellogg School of Management/Part time MBA/Weekend Program  Part-Time MBA/a_Request Brochure\&amp;quot;))</message>
  <nestedLevel>1</nestedLevel>
  <property name="startLine">20</property>
  <property name="stepIndex">3</property>
</record>
<record>
  <date>2019-07-16T13:02:05</date>
  <millis>1563300125895</millis>
  <sequence>117</sequence>
  <level>PASSED</level>
  <class>com.kms.katalon.core.logging.XmlKeywordLogger</class>
  <method>logMessage</method>
  <thread>1</thread>
  <message>Object: &amp;apos;Object Repository/Page_Part-Time MBA Prgoram Kellogg School of Management/Part time MBA/Weekend Program  Part-Time MBA/a_Request Brochure&amp;apos; is clicked on</message>
  <nestedLevel>1</nestedLevel>
</record>
<record>
  <date>2019-07-16T13:02:05</date>
  <millis>1563300125896</millis>
  <sequence>118</sequence>
  <level>END</level>
  <class>com.kms.katalon.core.logging.XmlKeywordLogger</class>
  <method>endKeyword</method>
  <thread>1</thread>
  <message>End action : click(findTestObject(\&amp;quot;Page_Part-Time MBA Prgoram Kellogg School of Management/Part time MBA/Weekend Program  Part-Time MBA/a_Request Brochure\&amp;quot;))</message>
  <nestedLevel>1</nestedLevel>
</record>
<record>
  <date>2019-07-16T13:02:05</date>
  <millis>1563300125897</millis>
  <sequence>119</sequence>
  <level>START</level>
  <class>com.kms.katalon.core.logging.XmlKeywordLogger</class>
  <method>startKeyword</method>
  <thread>1</thread>
  <message>Start action : selectOptionByValue(findTestObject(\&amp;quot;Page_Part-Time MBA Prgoram Kellogg School of Management/Part time MBA/Page_Request Information - Part-Time MBA Program/select_DrMissMrMrsMs\&amp;quot;), \&amp;quot;Mr\&amp;quot;, false)</message>
  <nestedLevel>1</nestedLevel>
  <property name="startLine">22</property>
  <property name="stepIndex">4</property>
</record>
<record>
  <date>2019-07-16T13:02:07</date>
  <millis>1563300127002</millis>
  <sequence>127</sequence>
  <level>PASSED</level>
  <class>com.kms.katalon.core.logging.XmlKeywordLogger</class>
  <method>logMessage</method>
  <thread>1</thread>
  <message>All options with value &amp;apos;Mr&amp;apos; are selected in object &amp;apos;Object Repository/Page_Part-Time MBA Prgoram Kellogg School of Management/Part time MBA/Page_Request Information - Part-Time MBA Program/select_DrMissMrMrsMs&amp;apos; </message>
  <nestedLevel>1</nestedLevel>
</record>
<record>
  <date>2019-07-16T13:02:07</date>
  <millis>1563300127003</millis>
  <sequence>128</sequence>
  <level>END</level>
  <class>com.kms.katalon.core.logging.XmlKeywordLogger</class>
  <method>endKeyword</method>
  <thread>1</thread>
  <message>End action : selectOptionByValue(findTestObject(\&amp;quot;Page_Part-Time MBA Prgoram Kellogg School of Management/Part time MBA/Page_Request Information - Part-Time MBA Program/select_DrMissMrMrsMs\&amp;quot;), \&amp;quot;Mr\&amp;quot;, false)</message>
  <nestedLevel>1</nestedLevel>
</record>
<record>
  <date>2019-07-16T13:02:07</date>
  <millis>1563300127004</millis>
  <sequence>129</sequence>
  <level>START</level>
  <class>com.kms.katalon.core.logging.XmlKeywordLogger</class>
  <method>startKeyword</method>
  <thread>1</thread>
  <message>Start action : setText(findTestObject(\&amp;quot;Page_Part-Time MBA Prgoram Kellogg School of Management/Part time MBA/Page_Request Information - Part-Time MBA Program/input_First Name _form_23333248-3df8-4884-8c37-b29ea74a28fa\&amp;quot;), \&amp;quot;Zzmatthew\&amp;quot;)</message>
  <nestedLevel>1</nestedLevel>
  <property name="startLine">25</property>
  <property name="stepIndex">5</property>
</record>
<record>
  <date>2019-07-16T13:02:07</date>
  <millis>1563300127433</millis>
  <sequence>138</sequence>
  <level>PASSED</level>
  <class>com.kms.katalon.core.logging.XmlKeywordLogger</class>
  <method>logMessage</method>
  <thread>1</thread>
  <message>Text &amp;apos;Zzmatthew&amp;apos; is set on object &amp;apos;Object Repository/Page_Part-Time MBA Prgoram Kellogg School of Management/Part time MBA/Page_Request Information - Part-Time MBA Program/input_First Name _form_23333248-3df8-4884-8c37-b29ea74a28fa&amp;apos;</message>
  <nestedLevel>1</nestedLevel>
</record>
<record>
  <date>2019-07-16T13:02:07</date>
  <millis>1563300127435</millis>
  <sequence>139</sequence>
  <level>END</level>
  <class>com.kms.katalon.core.logging.XmlKeywordLogger</class>
  <method>endKeyword</method>
  <thread>1</thread>
  <message>End action : setText(findTestObject(\&amp;quot;Page_Part-Time MBA Prgoram Kellogg School of Management/Part time MBA/Page_Request Information - Part-Time MBA Program/input_First Name _form_23333248-3df8-4884-8c37-b29ea74a28fa\&amp;quot;), \&amp;quot;Zzmatthew\&amp;quot;)</message>
  <nestedLevel>1</nestedLevel>
</record>
<record>
  <date>2019-07-16T13:02:07</date>
  <millis>1563300127435</millis>
  <sequence>140</sequence>
  <level>START</level>
  <class>com.kms.katalon.core.logging.XmlKeywordLogger</class>
  <method>startKeyword</method>
  <thread>1</thread>
  <message>Start action : setText(findTestObject(\&amp;quot;Page_Part-Time MBA Prgoram Kellogg School of Management/Part time MBA/Page_Request Information - Part-Time MBA Program/input_Last Name _form_94bcc79d-a579-4b5c-b6c4-130bdb9e72a0\&amp;quot;), \&amp;quot;Zzcacioppo\&amp;quot;)</message>
  <nestedLevel>1</nestedLevel>
  <property name="startLine">28</property>
  <property name="stepIndex">6</property>
</record>
<record>
  <date>2019-07-16T13:02:07</date>
  <millis>1563300127603</millis>
  <sequence>149</sequence>
  <level>PASSED</level>
  <class>com.kms.katalon.core.logging.XmlKeywordLogger</class>
  <method>logMessage</method>
  <thread>1</thread>
  <message>Text &amp;apos;Zzcacioppo&amp;apos; is set on object &amp;apos;Object Repository/Page_Part-Time MBA Prgoram Kellogg School of Management/Part time MBA/Page_Request Information - Part-Time MBA Program/input_Last Name _form_94bcc79d-a579-4b5c-b6c4-130bdb9e72a0&amp;apos;</message>
  <nestedLevel>1</nestedLevel>
</record>
<record>
  <date>2019-07-16T13:02:07</date>
  <millis>1563300127605</millis>
  <sequence>150</sequence>
  <level>END</level>
  <class>com.kms.katalon.core.logging.XmlKeywordLogger</class>
  <method>endKeyword</method>
  <thread>1</thread>
  <message>End action : setText(findTestObject(\&amp;quot;Page_Part-Time MBA Prgoram Kellogg School of Management/Part time MBA/Page_Request Information - Part-Time MBA Program/input_Last Name _form_94bcc79d-a579-4b5c-b6c4-130bdb9e72a0\&amp;quot;), \&amp;quot;Zzcacioppo\&amp;quot;)</message>
  <nestedLevel>1</nestedLevel>
</record>
<record>
  <date>2019-07-16T13:02:07</date>
  <millis>1563300127607</millis>
  <sequence>151</sequence>
  <level>START</level>
  <class>com.kms.katalon.core.logging.XmlKeywordLogger</class>
  <method>startKeyword</method>
  <thread>1</thread>
  <message>Start action : setText(findTestObject(\&amp;quot;Page_Part-Time MBA Prgoram Kellogg School of Management/Part time MBA/Page_Request Information - Part-Time MBA Program/input_Email Address _form_0e33f18f-4db2-4bdd-9126-f33deb66d5ce\&amp;quot;), \&amp;quot;matthew.cacioppo@northwestern.edu\&amp;quot;)</message>
  <nestedLevel>1</nestedLevel>
  <property name="startLine">31</property>
  <property name="stepIndex">7</property>
</record>
<record>
  <date>2019-07-16T13:02:07</date>
  <millis>1563300127725</millis>
  <sequence>160</sequence>
  <level>PASSED</level>
  <class>com.kms.katalon.core.logging.XmlKeywordLogger</class>
  <method>logMessage</method>
  <thread>1</thread>
  <message>Text &amp;apos;matthew.cacioppo@northwestern.edu&amp;apos; is set on object &amp;apos;Object Repository/Page_Part-Time MBA Prgoram Kellogg School of Management/Part time MBA/Page_Request Information - Part-Time MBA Program/input_Email Address _form_0e33f18f-4db2-4bdd-9126-f33deb66d5ce&amp;apos;</message>
  <nestedLevel>1</nestedLevel>
</record>
<record>
  <date>2019-07-16T13:02:07</date>
  <millis>1563300127726</millis>
  <sequence>161</sequence>
  <level>END</level>
  <class>com.kms.katalon.core.logging.XmlKeywordLogger</class>
  <method>endKeyword</method>
  <thread>1</thread>
  <message>End action : setText(findTestObject(\&amp;quot;Page_Part-Time MBA Prgoram Kellogg School of Management/Part time MBA/Page_Request Information - Part-Time MBA Program/input_Email Address _form_0e33f18f-4db2-4bdd-9126-f33deb66d5ce\&amp;quot;), \&amp;quot;matthew.cacioppo@northwestern.edu\&amp;quot;)</message>
  <nestedLevel>1</nestedLevel>
</record>
<record>
  <date>2019-07-16T13:02:07</date>
  <millis>1563300127727</millis>
  <sequence>162</sequence>
  <level>START</level>
  <class>com.kms.katalon.core.logging.XmlKeywordLogger</class>
  <method>startKeyword</method>
  <thread>1</thread>
  <message>Start action : click(findTestObject(\&amp;quot;Page_Part-Time MBA Prgoram Kellogg School of Management/Part time MBA/Page_Request Information - Part-Time MBA Program/button_Submit\&amp;quot;))</message>
  <nestedLevel>1</nestedLevel>
  <property name="startLine">34</property>
  <property name="stepIndex">8</property>
</record>
<record>
  <date>2019-07-16T13:02:08</date>
  <millis>1563300128050</millis>
  <sequence>169</sequence>
  <level>PASSED</level>
  <class>com.kms.katalon.core.logging.XmlKeywordLogger</class>
  <method>logMessage</method>
  <thread>1</thread>
  <message>Object: &amp;apos;Object Repository/Page_Part-Time MBA Prgoram Kellogg School of Management/Part time MBA/Page_Request Information - Part-Time MBA Program/button_Submit&amp;apos; is clicked on</message>
  <nestedLevel>1</nestedLevel>
</record>
<record>
  <date>2019-07-16T13:02:08</date>
  <millis>1563300128050</millis>
  <sequence>170</sequence>
  <level>END</level>
  <class>com.kms.katalon.core.logging.XmlKeywordLogger</class>
  <method>endKeyword</method>
  <thread>1</thread>
  <message>End action : click(findTestObject(\&amp;quot;Page_Part-Time MBA Prgoram Kellogg School of Management/Part time MBA/Page_Request Information - Part-Time MBA Program/button_Submit\&amp;quot;))</message>
  <nestedLevel>1</nestedLevel>
</record>
<record>
  <date>2019-07-16T13:02:08</date>
  <millis>1563300128050</millis>
  <sequence>171</sequence>
  <level>START</level>
  <class>com.kms.katalon.core.logging.XmlKeywordLogger</class>
  <method>startKeyword</method>
  <thread>1</thread>
  <message>Start action : closeBrowser()</message>
  <nestedLevel>1</nestedLevel>
  <property name="startLine">36</property>
  <property name="stepIndex">9</property>
</record>
<record>
  <date>2019-07-16T13:02:09</date>
  <millis>1563300129536</millis>
  <sequence>173</sequence>
  <level>PASSED</level>
  <class>com.kms.katalon.core.logging.XmlKeywordLogger</class>
  <method>logMessage</method>
  <thread>1</thread>
  <message>Browser is closed</message>
  <nestedLevel>1</nestedLevel>
</record>
<record>
  <date>2019-07-16T13:02:09</date>
  <millis>1563300129536</millis>
  <sequence>174</sequence>
  <level>END</level>
  <class>com.kms.katalon.core.logging.XmlKeywordLogger</class>
  <method>endKeyword</method>
  <thread>1</thread>
  <message>End action : closeBrowser()</message>
  <nestedLevel>1</nestedLevel>
</record>
<record>
  <date>2019-07-16T13:02:09</date>
  <millis>1563300129536</millis>
  <sequence>175</sequence>
  <level>PASSED</level>
  <class>com.kms.katalon.core.logging.XmlKeywordLogger</class>
  <method>logMessage</method>
  <thread>1</thread>
  <message>Test Cases/cms9 tests/Part-Time MBA Tests/Brochure/Mr. Test</message>
  <nestedLevel>1</nestedLevel>
</record>
<record>
  <date>2019-07-16T13:02:09</date>
  <millis>1563300129537</millis>
  <sequence>176</sequence>
  <level>END</level>
  <class>com.kms.katalon.core.logging.XmlKeywordLogger</class>
  <method>endTest</method>
  <thread>1</thread>
  <message>End Test Case : Test Cases/cms9 tests/Part-Time MBA Tests/Brochure/Mr. Test</message>
  <nestedLevel>0</nestedLevel>
</record>
<record>
  <date>2019-07-16T13:02:09</date>
  <millis>1563300129542</millis>
  <sequence>177</sequence>
  <level>START</level>
  <class>com.kms.katalon.core.logging.XmlKeywordLogger</class>
  <method>startTest</method>
  <thread>1</thread>
  <message>Start Test Case : Test Cases/cms9 tests/Part-Time MBA Tests/Resume Review</message>
  <nestedLevel>1</nestedLevel>
  <property name="name">Test Cases/cms9 tests/Part-Time MBA Tests/Resume Review</property>
  <property name="description">Part time MBA</property>
  <property name="id">Test Cases/cms9 tests/Part-Time MBA Tests/Resume Review</property>
  <property name="source">C:\\Users\\KIS\\git\\nu-klg-testing\\Test Cases\\cms9 tests\\Part-Time MBA Tests\\Resume Review.tc</property>
  <property name="tag"></property>
  <property name="isOptional">false</property>
</record>
<record>
  <date>2019-07-16T13:02:09</date>
  <millis>1563300129745</millis>
  <sequence>179</sequence>
  <level>START</level>
  <class>com.kms.katalon.core.logging.XmlKeywordLogger</class>
  <method>startKeyword</method>
  <thread>1</thread>
  <message>Start action : openBrowser(\&amp;quot;\&amp;quot;)</message>
  <nestedLevel>1</nestedLevel>
  <property name="startLine">16</property>
  <property name="stepIndex">1</property>
</record>
<record>
  <date>2019-07-16T13:02:09</date>
  <millis>1563300129745</millis>
  <sequence>181</sequence>
  <level>INFO</level>
  <class>com.kms.katalon.core.logging.XmlKeywordLogger</class>
  <method>logMessage</method>
  <thread>1</thread>
  <message>Starting &amp;apos;Firefox&amp;apos; driver</message>
  <nestedLevel>1</nestedLevel>
</record>
<record>
  <date>2019-07-16T13:02:14</date>
  <millis>1563300134518</millis>
  <sequence>183</sequence>
  <level>RUN_DATA</level>
  <class>com.kms.katalon.core.logging.XmlKeywordLogger</class>
  <method>logMessage</method>
  <thread>1</thread>
  <message>sessionId = 6ca3ba86-a6be-4a58-a8d8-5bf78a428781</message>
  <nestedLevel>1</nestedLevel>
  <property name="sessionId">6ca3ba86-a6be-4a58-a8d8-5bf78a428781</property>
</record>
<record>
  <date>2019-07-16T13:02:14</date>
  <millis>1563300134549</millis>
  <sequence>184</sequence>
  <level>RUN_DATA</level>
  <class>com.kms.katalon.core.logging.XmlKeywordLogger</class>
  <method>logMessage</method>
  <thread>1</thread>
  <message>browser = Firefox 67.0</message>
  <nestedLevel>1</nestedLevel>
  <property name="browser">Firefox 67.0</property>
</record>
<record>
  <date>2019-07-16T13:02:14</date>
  <millis>1563300134549</millis>
  <sequence>185</sequence>
  <level>RUN_DATA</level>
  <class>com.kms.katalon.core.logging.XmlKeywordLogger</class>
  <method>logMessage</method>
  <thread>1</thread>
  <message>platform = Windows 10</message>
  <nestedLevel>1</nestedLevel>
  <property name="platform">Windows 10</property>
</record>
<record>
  <date>2019-07-16T13:02:14</date>
  <millis>1563300134550</millis>
  <sequence>186</sequence>
  <level>RUN_DATA</level>
  <class>com.kms.katalon.core.logging.XmlKeywordLogger</class>
  <method>logMessage</method>
  <thread>1</thread>
  <message>seleniumVersion = 3.7.1</message>
  <nestedLevel>1</nestedLevel>
  <property name="seleniumVersion">3.7.1</property>
</record>
<record>
  <date>2019-07-16T13:02:14</date>
  <millis>1563300134551</millis>
  <sequence>187</sequence>
  <level>RUN_DATA</level>
  <class>com.kms.katalon.core.logging.XmlKeywordLogger</class>
  <method>logMessage</method>
  <thread>1</thread>
  <message>proxyInformation = ProxyInformation{proxyOption=NO_PROXY, proxyServerType=HTTP, password=, proxyServerAddress=, proxyServerPort=0}</message>
  <nestedLevel>1</nestedLevel>
  <property name="proxyInformation">ProxyInformation{proxyOption=NO_PROXY, proxyServerType=HTTP, password=, proxyServerAddress=, proxyServerPort=0}</property>
</record>
<record>
  <date>2019-07-16T13:02:14</date>
  <millis>1563300134552</millis>
  <sequence>188</sequence>
  <level>PASSED</level>
  <class>com.kms.katalon.core.logging.XmlKeywordLogger</class>
  <method>logMessage</method>
  <thread>1</thread>
  <message>Browser is opened with url: &amp;apos;&amp;apos;</message>
  <nestedLevel>1</nestedLevel>
</record>
<record>
  <date>2019-07-16T13:02:14</date>
  <millis>1563300134554</millis>
  <sequence>189</sequence>
  <level>END</level>
  <class>com.kms.katalon.core.logging.XmlKeywordLogger</class>
  <method>endKeyword</method>
  <thread>1</thread>
  <message>End action : openBrowser(\&amp;quot;\&amp;quot;)</message>
  <nestedLevel>1</nestedLevel>
</record>
<record>
  <date>2019-07-16T13:02:14</date>
  <millis>1563300134554</millis>
  <sequence>190</sequence>
  <level>START</level>
  <class>com.kms.katalon.core.logging.XmlKeywordLogger</class>
  <method>startKeyword</method>
  <thread>1</thread>
  <message>Start action : navigateToUrl(\&amp;quot;http://cms9dev.kellogg.northwestern.edu/programs/part-time-mba.aspx\&amp;quot;)</message>
  <nestedLevel>1</nestedLevel>
  <property name="startLine">18</property>
  <property name="stepIndex">2</property>
</record>
<record>
  <date>2019-07-16T13:02:19</date>
  <millis>1563300139400</millis>
  <sequence>193</sequence>
  <level>PASSED</level>
  <class>com.kms.katalon.core.logging.XmlKeywordLogger</class>
  <method>logMessage</method>
  <thread>1</thread>
  <message>Navigate to &amp;apos;http://cms9dev.kellogg.northwestern.edu/programs/part-time-mba.aspx&amp;apos; successfully</message>
  <nestedLevel>1</nestedLevel>
</record>
<record>
  <date>2019-07-16T13:02:19</date>
  <millis>1563300139404</millis>
  <sequence>194</sequence>
  <level>END</level>
  <class>com.kms.katalon.core.logging.XmlKeywordLogger</class>
  <method>endKeyword</method>
  <thread>1</thread>
  <message>End action : navigateToUrl(\&amp;quot;http://cms9dev.kellogg.northwestern.edu/programs/part-time-mba.aspx\&amp;quot;)</message>
  <nestedLevel>1</nestedLevel>
</record>
<record>
  <date>2019-07-16T13:02:19</date>
  <millis>1563300139404</millis>
  <sequence>195</sequence>
  <level>START</level>
  <class>com.kms.katalon.core.logging.XmlKeywordLogger</class>
  <method>startKeyword</method>
  <thread>1</thread>
  <message>Start action : click(findTestObject(\&amp;quot;Page_Part-Time MBA Prgoram Kellogg School of Management/Page_Evening  Weekend Program  Part-Time MBA - Chicago  Kellogg School of Management/a_resume-review-registration\&amp;quot;))</message>
  <nestedLevel>1</nestedLevel>
  <property name="startLine">20</property>
  <property name="stepIndex">3</property>
</record>
<record>
  <date>2019-07-16T13:02:20</date>
  <millis>1563300140781</millis>
  <sequence>202</sequence>
  <level>PASSED</level>
  <class>com.kms.katalon.core.logging.XmlKeywordLogger</class>
  <method>logMessage</method>
  <thread>1</thread>
  <message>Object: &amp;apos;Object Repository/Page_Part-Time MBA Prgoram Kellogg School of Management/Page_Evening  Weekend Program  Part-Time MBA - Chicago  Kellogg School of Management/a_resume-review-registration&amp;apos; is clicked on</message>
  <nestedLevel>1</nestedLevel>
</record>
<record>
  <date>2019-07-16T13:02:20</date>
  <millis>1563300140782</millis>
  <sequence>203</sequence>
  <level>END</level>
  <class>com.kms.katalon.core.logging.XmlKeywordLogger</class>
  <method>endKeyword</method>
  <thread>1</thread>
  <message>End action : click(findTestObject(\&amp;quot;Page_Part-Time MBA Prgoram Kellogg School of Management/Page_Evening  Weekend Program  Part-Time MBA - Chicago  Kellogg School of Management/a_resume-review-registration\&amp;quot;))</message>
  <nestedLevel>1</nestedLevel>
</record>
<record>
  <date>2019-07-16T13:02:20</date>
  <millis>1563300140782</millis>
  <sequence>204</sequence>
  <level>START</level>
  <class>com.kms.katalon.core.logging.XmlKeywordLogger</class>
  <method>startKeyword</method>
  <thread>1</thread>
  <message>Start action : selectOptionByValue(findTestObject(\&amp;quot;Page_Part-Time MBA Prgoram Kellogg School of Management/Page_Resume Review  Evening and Weekend MBA Program/select_MrMs\&amp;quot;), \&amp;quot;M\&amp;quot;, true)</message>
  <nestedLevel>1</nestedLevel>
  <property name="startLine">22</property>
  <property name="stepIndex">4</property>
</record>
<record>
  <date>2019-07-16T13:02:22</date>
  <millis>1563300142278</millis>
  <sequence>213</sequence>
  <level>PASSED</level>
  <class>com.kms.katalon.core.logging.XmlKeywordLogger</class>
  <method>logMessage</method>
  <thread>1</thread>
  <message>All options with value &amp;apos;M&amp;apos; are selected in object &amp;apos;Object Repository/Page_Part-Time MBA Prgoram Kellogg School of Management/Page_Resume Review  Evening and Weekend MBA Program/select_MrMs&amp;apos;  using regular expression</message>
  <nestedLevel>1</nestedLevel>
</record>
<record>
  <date>2019-07-16T13:02:22</date>
  <millis>1563300142279</millis>
  <sequence>214</sequence>
  <level>END</level>
  <class>com.kms.katalon.core.logging.XmlKeywordLogger</class>
  <method>endKeyword</method>
  <thread>1</thread>
  <message>End action : selectOptionByValue(findTestObject(\&amp;quot;Page_Part-Time MBA Prgoram Kellogg School of Management/Page_Resume Review  Evening and Weekend MBA Program/select_MrMs\&amp;quot;), \&amp;quot;M\&amp;quot;, true)</message>
  <nestedLevel>1</nestedLevel>
</record>
<record>
  <date>2019-07-16T13:02:22</date>
  <millis>1563300142279</millis>
  <sequence>215</sequence>
  <level>START</level>
  <class>com.kms.katalon.core.logging.XmlKeywordLogger</class>
  <method>startKeyword</method>
  <thread>1</thread>
  <message>Start action : setText(findTestObject(\&amp;quot;Page_Part-Time MBA Prgoram Kellogg School of Management/Page_Resume Review  Evening and Weekend MBA Program/input_First Name_form_adf0aaec-aba7-4949-bb2f-cd930c746e6b\&amp;quot;), \&amp;quot;Zzmatthew\&amp;quot;)</message>
  <nestedLevel>1</nestedLevel>
  <property name="startLine">25</property>
  <property name="stepIndex">5</property>
</record>
<record>
  <date>2019-07-16T13:02:22</date>
  <millis>1563300142374</millis>
  <sequence>224</sequence>
  <level>PASSED</level>
  <class>com.kms.katalon.core.logging.XmlKeywordLogger</class>
  <method>logMessage</method>
  <thread>1</thread>
  <message>Text &amp;apos;Zzmatthew&amp;apos; is set on object &amp;apos;Object Repository/Page_Part-Time MBA Prgoram Kellogg School of Management/Page_Resume Review  Evening and Weekend MBA Program/input_First Name_form_adf0aaec-aba7-4949-bb2f-cd930c746e6b&amp;apos;</message>
  <nestedLevel>1</nestedLevel>
</record>
<record>
  <date>2019-07-16T13:02:22</date>
  <millis>1563300142375</millis>
  <sequence>225</sequence>
  <level>END</level>
  <class>com.kms.katalon.core.logging.XmlKeywordLogger</class>
  <method>endKeyword</method>
  <thread>1</thread>
  <message>End action : setText(findTestObject(\&amp;quot;Page_Part-Time MBA Prgoram Kellogg School of Management/Page_Resume Review  Evening and Weekend MBA Program/input_First Name_form_adf0aaec-aba7-4949-bb2f-cd930c746e6b\&amp;quot;), \&amp;quot;Zzmatthew\&amp;quot;)</message>
  <nestedLevel>1</nestedLevel>
</record>
<record>
  <date>2019-07-16T13:02:22</date>
  <millis>1563300142375</millis>
  <sequence>226</sequence>
  <level>START</level>
  <class>com.kms.katalon.core.logging.XmlKeywordLogger</class>
  <method>startKeyword</method>
  <thread>1</thread>
  <message>Start action : setText(findTestObject(\&amp;quot;Page_Part-Time MBA Prgoram Kellogg School of Management/Page_Resume Review  Evening and Weekend MBA Program/input_Last Name_form_78e6e4a3-6020-496c-9894-57c3f5c6c8af\&amp;quot;), \&amp;quot;Zzcacioppo\&amp;quot;)</message>
  <nestedLevel>1</nestedLevel>
  <property name="startLine">28</property>
  <property name="stepIndex">6</property>
</record>
<record>
  <date>2019-07-16T13:02:22</date>
  <millis>1563300142503</millis>
  <sequence>235</sequence>
  <level>PASSED</level>
  <class>com.kms.katalon.core.logging.XmlKeywordLogger</class>
  <method>logMessage</method>
  <thread>1</thread>
  <message>Text &amp;apos;Zzcacioppo&amp;apos; is set on object &amp;apos;Object Repository/Page_Part-Time MBA Prgoram Kellogg School of Management/Page_Resume Review  Evening and Weekend MBA Program/input_Last Name_form_78e6e4a3-6020-496c-9894-57c3f5c6c8af&amp;apos;</message>
  <nestedLevel>1</nestedLevel>
</record>
<record>
  <date>2019-07-16T13:02:22</date>
  <millis>1563300142504</millis>
  <sequence>236</sequence>
  <level>END</level>
  <class>com.kms.katalon.core.logging.XmlKeywordLogger</class>
  <method>endKeyword</method>
  <thread>1</thread>
  <message>End action : setText(findTestObject(\&amp;quot;Page_Part-Time MBA Prgoram Kellogg School of Management/Page_Resume Review  Evening and Weekend MBA Program/input_Last Name_form_78e6e4a3-6020-496c-9894-57c3f5c6c8af\&amp;quot;), \&amp;quot;Zzcacioppo\&amp;quot;)</message>
  <nestedLevel>1</nestedLevel>
</record>
<record>
  <date>2019-07-16T13:02:22</date>
  <millis>1563300142504</millis>
  <sequence>237</sequence>
  <level>START</level>
  <class>com.kms.katalon.core.logging.XmlKeywordLogger</class>
  <method>startKeyword</method>
  <thread>1</thread>
  <message>Start action : setText(findTestObject(\&amp;quot;Page_Part-Time MBA Prgoram Kellogg School of Management/Page_Resume Review  Evening and Weekend MBA Program/input_Email Address_form_43fabfc2-2251-4476-b93a-30221776c701\&amp;quot;), \&amp;quot;matthew.cacioppo@northwestern.edu\&amp;quot;)</message>
  <nestedLevel>1</nestedLevel>
  <property name="startLine">31</property>
  <property name="stepIndex">7</property>
</record>
<record>
  <date>2019-07-16T13:02:22</date>
  <millis>1563300142631</millis>
  <sequence>246</sequence>
  <level>PASSED</level>
  <class>com.kms.katalon.core.logging.XmlKeywordLogger</class>
  <method>logMessage</method>
  <thread>1</thread>
  <message>Text &amp;apos;matthew.cacioppo@northwestern.edu&amp;apos; is set on object &amp;apos;Object Repository/Page_Part-Time MBA Prgoram Kellogg School of Management/Page_Resume Review  Evening and Weekend MBA Program/input_Email Address_form_43fabfc2-2251-4476-b93a-30221776c701&amp;apos;</message>
  <nestedLevel>1</nestedLevel>
</record>
<record>
  <date>2019-07-16T13:02:22</date>
  <millis>1563300142633</millis>
  <sequence>247</sequence>
  <level>END</level>
  <class>com.kms.katalon.core.logging.XmlKeywordLogger</class>
  <method>endKeyword</method>
  <thread>1</thread>
  <message>End action : setText(findTestObject(\&amp;quot;Page_Part-Time MBA Prgoram Kellogg School of Management/Page_Resume Review  Evening and Weekend MBA Program/input_Email Address_form_43fabfc2-2251-4476-b93a-30221776c701\&amp;quot;), \&amp;quot;matthew.cacioppo@northwestern.edu\&amp;quot;)</message>
  <nestedLevel>1</nestedLevel>
</record>
<record>
  <date>2019-07-16T13:02:22</date>
  <millis>1563300142633</millis>
  <sequence>248</sequence>
  <level>START</level>
  <class>com.kms.katalon.core.logging.XmlKeywordLogger</class>
  <method>startKeyword</method>
  <thread>1</thread>
  <message>Start action : click(findTestObject(\&amp;quot;Page_Part-Time MBA Prgoram Kellogg School of Management/Page_Resume Review  Evening and Weekend MBA Program/button_Submit\&amp;quot;))</message>
  <nestedLevel>1</nestedLevel>
  <property name="startLine">34</property>
  <property name="stepIndex">8</property>
</record>
<record>
  <date>2019-07-16T13:02:22</date>
  <millis>1563300142942</millis>
  <sequence>255</sequence>
  <level>PASSED</level>
  <class>com.kms.katalon.core.logging.XmlKeywordLogger</class>
  <method>logMessage</method>
  <thread>1</thread>
  <message>Object: &amp;apos;Object Repository/Page_Part-Time MBA Prgoram Kellogg School of Management/Page_Resume Review  Evening and Weekend MBA Program/button_Submit&amp;apos; is clicked on</message>
  <nestedLevel>1</nestedLevel>
</record>
<record>
  <date>2019-07-16T13:02:22</date>
  <millis>1563300142943</millis>
  <sequence>256</sequence>
  <level>END</level>
  <class>com.kms.katalon.core.logging.XmlKeywordLogger</class>
  <method>endKeyword</method>
  <thread>1</thread>
  <message>End action : click(findTestObject(\&amp;quot;Page_Part-Time MBA Prgoram Kellogg School of Management/Page_Resume Review  Evening and Weekend MBA Program/button_Submit\&amp;quot;))</message>
  <nestedLevel>1</nestedLevel>
</record>
<record>
  <date>2019-07-16T13:02:22</date>
  <millis>1563300142943</millis>
  <sequence>257</sequence>
  <level>START</level>
  <class>com.kms.katalon.core.logging.XmlKeywordLogger</class>
  <method>startKeyword</method>
  <thread>1</thread>
  <message>Start action : closeBrowser()</message>
  <nestedLevel>1</nestedLevel>
  <property name="startLine">36</property>
  <property name="stepIndex">9</property>
</record>
<record>
  <date>2019-07-16T13:02:24</date>
  <millis>1563300144479</millis>
  <sequence>259</sequence>
  <level>PASSED</level>
  <class>com.kms.katalon.core.logging.XmlKeywordLogger</class>
  <method>logMessage</method>
  <thread>1</thread>
  <message>Browser is closed</message>
  <nestedLevel>1</nestedLevel>
</record>
<record>
  <date>2019-07-16T13:02:24</date>
  <millis>1563300144479</millis>
  <sequence>260</sequence>
  <level>END</level>
  <class>com.kms.katalon.core.logging.XmlKeywordLogger</class>
  <method>endKeyword</method>
  <thread>1</thread>
  <message>End action : closeBrowser()</message>
  <nestedLevel>1</nestedLevel>
</record>
<record>
  <date>2019-07-16T13:02:24</date>
  <millis>1563300144479</millis>
  <sequence>261</sequence>
  <level>PASSED</level>
  <class>com.kms.katalon.core.logging.XmlKeywordLogger</class>
  <method>logMessage</method>
  <thread>1</thread>
  <message>Test Cases/cms9 tests/Part-Time MBA Tests/Resume Review</message>
  <nestedLevel>1</nestedLevel>
</record>
<record>
  <date>2019-07-16T13:02:24</date>
  <millis>1563300144480</millis>
  <sequence>262</sequence>
  <level>END</level>
  <class>com.kms.katalon.core.logging.XmlKeywordLogger</class>
  <method>endTest</method>
  <thread>1</thread>
  <message>End Test Case : Test Cases/cms9 tests/Part-Time MBA Tests/Resume Review</message>
  <nestedLevel>0</nestedLevel>
</record>
<record>
  <date>2019-07-16T13:02:24</date>
  <millis>1563300144516</millis>
  <sequence>263</sequence>
  <level>END</level>
  <class>com.kms.katalon.core.logging.XmlKeywordLogger</class>
  <method>endSuite</method>
  <thread>1</thread>
  <message>End Test Suite : Test Suites/Part Time MBA cms9</message>
  <nestedLevel>0</nestedLevel>
</record>
</log>
