I 2019-06-24 09:30:37:777 server.cc(86) Starting WebDriver server on port: '32666' on host: ''
T 2019-06-24 09:30:37:777 server.cc(634) Entering Server::PopulateCommandRepository
T 2019-06-24 09:30:37:777 IEServer.cpp(32) Entering IEServer::IEServer
I 2019-06-24 09:30:37:777 IEServer.cpp(33) Driver version: 3.6.0.0 (32-bit)
T 2019-06-24 09:30:37:777 server.cc(121) Entering Server::Start
D 2019-06-24 09:30:37:777 server.cc(148) Civetweb ACL is -0.0.0.0/0,+127.0.0.1
T 2019-06-24 09:30:37:945 server.cc(174) Entering Server::ProcessRequest
T 2019-06-24 09:30:37:945 server.cc(183) Process request with: URI: /status HTTP verb: GET
body: {}
T 2019-06-24 09:30:37:945 server.cc(272) Entering Server::DispatchCommand
T 2019-06-24 09:30:37:945 server.cc(583) Entering Server::LookupCommand
D 2019-06-24 09:30:37:945 server.cc(281) Command: GET /status {}
T 2019-06-24 09:30:37:945 IEServer.cpp(51) Entering IEServer::GetStatus
T 2019-06-24 09:30:37:945 response.cc(72) Entering Response::SetSuccessResponse
T 2019-06-24 09:30:37:945 response.cc(78) Entering Response::SetResponse
T 2019-06-24 09:30:37:945 response.cc(51) Entering Response::Serialize
D 2019-06-24 09:30:37:946 server.cc(338) Response: {"value":{"build":{"version":"3.6.0.0 (32-bit)"},"message":"Ready to create session","os":{"arch":"x64","name":"windows","version":"10.0.17134.376 (WinBuild.160101.0800)"},"ready":true}}

T 2019-06-24 09:30:37:946 server.cc(391) Entering Server::SendResponseToClient
T 2019-06-24 09:30:37:946 response.cc(30) Entering Response::Deserialize
T 2019-06-24 09:30:37:946 server.cc(445) Entering Server::SendHttpOk
T 2019-06-24 09:30:37:955 server.cc(174) Entering Server::ProcessRequest
T 2019-06-24 09:30:37:955 server.cc(238) Entering Server::ReadRequestBody
T 2019-06-24 09:30:37:955 server.cc(183) Process request with: URI: /session HTTP verb: POST
body: {
  "desiredCapabilities": {"browserName":"internet explorer","ensureCleanSession":true,"ie.usePerProcessProxy":"true","platform":"WINDOWS","se:ieOptions":{"ie.usePerProcessProxy":"true"}},
  "capabilities": {
    "desiredCapabilities": {"browserName":"internet explorer","ensureCleanSession":true,"ie.usePerProcessProxy":"true","platform":"WINDOWS","se:ieOptions":{"ie.usePerProcessProxy":"true"}},
    "firstMatch": [
      {"browserName":"internet explorer","platformName":"windows","se:ieOptions":{"ie.usePerProcessProxy":"true"}}
    ]
  }
}
T 2019-06-24 09:30:37:955 server.cc(272) Entering Server::DispatchCommand
T 2019-06-24 09:30:37:955 server.cc(583) Entering Server::LookupCommand
D 2019-06-24 09:30:37:956 server.cc(281) Command: POST /session {
  "desiredCapabilities": {"browserName":"internet explorer","ensureCleanSession":true,"ie.usePerProcessProxy":"true","platform":"WINDOWS","se:ieOptions":{"ie.usePerProcessProxy":"true"}},
  "capabilities": {
    "desiredCapabilities": {"browserName":"internet explorer","ensureCleanSession":true,"ie.usePerProcessProxy":"true","platform":"WINDOWS","se:ieOptions":{"ie.usePerProcessProxy":"true"}},
    "firstMatch": [
      {"browserName":"internet explorer","platformName":"windows","se:ieOptions":{"ie.usePerProcessProxy":"true"}}
    ]
  }
}
T 2019-06-24 09:30:37:956 IEServer.cpp(42) Entering IEServer::InitializeSession
T 2019-06-24 09:30:37:956 IESession.cpp(38) Entering IESession::Initialize
D 2019-06-24 09:30:37:956 IESession.cpp(53) Mutex acquired for session initalization
T 2019-06-24 09:30:37:956 IECommandExecutor.cpp(386) Entering IECommandExecutor::ThreadProc
T 2019-06-24 09:30:37:959 IECommandExecutor.cpp(47) Entering IECommandExecutor::OnCreate
T 2019-06-24 09:30:37:960 IECommandExecutor.cpp(753) Entering IECommandExecutor::PopulateElementFinderMethods
T 2019-06-24 09:30:37:960 InputManager.cpp(40) Entering InputManager::InputManager
T 2019-06-24 09:30:37:960 InputManager.cpp(75) Entering InputManager::Initialize
T 2019-06-24 09:30:37:960 BrowserFactory.cpp(998) Entering BrowserFactory::GetExecutableLocation
T 2019-06-24 09:30:37:960 BrowserFactory.cpp(1039) Entering BrowserFactory::GetIEVersion
T 2019-06-24 09:30:37:961 CommandHandlerRepository.cpp(108) Entering CommandHandlerRepository::PopulateCommandHandlers
T 2019-06-24 09:30:37:961 IESession.cpp(99) Created thread for command executor returns HWND: '002E1C70'
T 2019-06-24 09:30:37:961 IESession.cpp(103) Session id is retrived from command executor window: '0e47ae16-db2c-4e68-aebf-925af9c3f2d1'
D 2019-06-24 09:30:37:961 IESession.cpp(109) Releasing session initialization mutex
T 2019-06-24 09:30:37:961 IESession.cpp(191) Entering IESession::ExecuteCommand
T 2019-06-24 09:30:37:961 IECommandExecutor.cpp(122) Entering IECommandExecutor::OnSetCommand
T 2019-06-24 09:30:37:961 command.cc(31) Entering Command::Deserialize
D 2019-06-24 09:30:37:961 command.cc(36) Raw JSON command: { "name" : "newSession", "locator" : { }, "parameters" : {
  "desiredCapabilities": {"browserName":"internet explorer","ensureCleanSession":true,"ie.usePerProcessProxy":"true","platform":"WINDOWS","se:ieOptions":{"ie.usePerProcessProxy":"true"}},
  "capabilities": {
    "desiredCapabilities": {"browserName":"internet explorer","ensureCleanSession":true,"ie.usePerProcessProxy":"true","platform":"WINDOWS","se:ieOptions":{"ie.usePerProcessProxy":"true"}},
    "firstMatch": [
      {"browserName":"internet explorer","platformName":"windows","se:ieOptions":{"ie.usePerProcessProxy":"true"}}
    ]
  }
} }
T 2019-06-24 09:30:37:962 IECommandExecutor.cpp(133) Entering IECommandExecutor::OnExecCommand
T 2019-06-24 09:30:37:962 IESession.cpp(212) Beginning wait for response length to be not zero
T 2019-06-24 09:30:37:962 IECommandExecutor.cpp(454) Entering IECommandExecutor::DispatchCommand
D 2019-06-24 09:30:37:962 CommandHandlers\NewSessionCommandHandler.cpp(46) Found W3C capabilities structure
D 2019-06-24 09:30:37:962 CommandHandlers\NewSessionCommandHandler.cpp(505) Validating capabilities object
D 2019-06-24 09:30:37:962 CommandHandlers\NewSessionCommandHandler.cpp(505) Validating capabilities object
D 2019-06-24 09:30:37:962 CommandHandlers\NewSessionCommandHandler.cpp(535) Found browserNamecapability. Validating value type is string.
D 2019-06-24 09:30:37:962 CommandHandlers\NewSessionCommandHandler.cpp(564) Found platformNamecapability. Validating value type is string.
D 2019-06-24 09:30:37:962 CommandHandlers\NewSessionCommandHandler.cpp(794) Found proxycapability. Validating value type is object.
T 2019-06-24 09:30:37:962 BrowserFactory.cpp(113) Entering BrowserFactory::Initialize
T 2019-06-24 09:30:37:962 IECommandExecutor.cpp(631) Entering IECommandExecutor::CreateNewBrowser
T 2019-06-24 09:30:37:962 BrowserFactory.cpp(142) Entering BrowserFactory::LaunchBrowserProcess
D 2019-06-24 09:30:37:962 BrowserFactory.cpp(146) Ignoring Protected Mode Settings: 0
D 2019-06-24 09:30:37:962 BrowserFactory.cpp(149) Checking validity of Protected Mode settings.
T 2019-06-24 09:30:37:962 BrowserFactory.cpp(1058) Entering BrowserFactory::ProtectedModeSettingsAreValid
D 2019-06-24 09:30:37:962 BrowserFactory.cpp(1061) Detected IE version: 11, Windows version supports Protected Mode: 1
T 2019-06-24 09:30:37:962 BrowserFactory.cpp(1135) Entering BrowserFactory::GetZoneProtectedModeSetting
D 2019-06-24 09:30:37:962 BrowserFactory.cpp(1152) Found Protected Mode setting value of 0 for zone 1
T 2019-06-24 09:30:37:962 BrowserFactory.cpp(1135) Entering BrowserFactory::GetZoneProtectedModeSetting
D 2019-06-24 09:30:37:962 BrowserFactory.cpp(1152) Found Protected Mode setting value of 0 for zone 2
T 2019-06-24 09:30:37:962 BrowserFactory.cpp(1135) Entering BrowserFactory::GetZoneProtectedModeSetting
D 2019-06-24 09:30:37:962 BrowserFactory.cpp(1152) Found Protected Mode setting value of 0 for zone 3
T 2019-06-24 09:30:37:962 BrowserFactory.cpp(1135) Entering BrowserFactory::GetZoneProtectedModeSetting
D 2019-06-24 09:30:37:962 BrowserFactory.cpp(1152) Found Protected Mode setting value of 0 for zone 4
D 2019-06-24 09:30:37:962 BrowserFactory.cpp(152) Has Valid Protected Mode Settings: 1
T 2019-06-24 09:30:37:962 BrowserFactory.cpp(226) Entering BrowserFactory::IsIELaunchURLAvailable
T 2019-06-24 09:30:37:971 BrowserFactory.cpp(130) Entering BrowserFactory::ClearCache
T 2019-06-24 09:30:37:971 BrowserFactory.cpp(247) Entering BrowserFactory::LaunchBrowserUsingIELaunchURL
D 2019-06-24 09:30:37:971 BrowserFactory.cpp(248) Starting IE using the IELaunchURL API
D 2019-06-24 09:30:38:473 BrowserFactory.cpp(202) IE launched successfully with process ID 16300
D 2019-06-24 09:30:38:473 BrowserFactory.cpp(208) Process with ID 16300 is executing iexplore.exe
T 2019-06-24 09:30:38:473 BrowserFactory.cpp(365) Entering BrowserFactory::AttachToBrowser
D 2019-06-24 09:30:38:473 BrowserFactory.cpp(375) Using Active Accessibility to find IWebBrowser2 interface
T 2019-06-24 09:30:38:473 BrowserFactory.cpp(414) Entering BrowserFactory::AttachToBrowserUsingActiveAccessibility
T 2019-06-24 09:30:38:843 server.cc(174) Entering Server::ProcessRequest
T 2019-06-24 09:30:38:843 server.cc(183) Process request with: URI: / HTTP verb: GET
body: {}
T 2019-06-24 09:30:38:843 server.cc(445) Entering Server::SendHttpOk
D 2019-06-24 09:30:38:976 BrowserFactory.cpp(434) Found window handle 003C1CC8 for window with class 'Internet Explorer_Server' belonging to process with id 16300
T 2019-06-24 09:30:38:976 BrowserFactory.cpp(329) Entering BrowserFactory::GetDocumentFromWindowHandle
T 2019-06-24 09:30:39:037 server.cc(174) Entering Server::ProcessRequest
T 2019-06-24 09:30:39:037 server.cc(183) Process request with: URI: /favicon.ico HTTP verb: GET
body: {}
T 2019-06-24 09:30:39:037 server.cc(272) Entering Server::DispatchCommand
T 2019-06-24 09:30:39:037 server.cc(583) Entering Server::LookupCommand
D 2019-06-24 09:30:39:037 server.cc(281) Command: GET /favicon.ico {}
D 2019-06-24 09:30:39:037 server.cc(338) Response: { "error" : "unknown method", "message" : "Command not found: GET /favicon.ico" }
T 2019-06-24 09:30:39:037 server.cc(391) Entering Server::SendResponseToClient
T 2019-06-24 09:30:39:037 response.cc(30) Entering Response::Deserialize
T 2019-06-24 09:30:39:037 server.cc(445) Entering Server::SendHttpOk
D 2019-06-24 09:30:39:068 BrowserFactory.cpp(396) Ignoring zoom setting: 0
T 2019-06-24 09:30:39:068 BrowserFactory.cpp(574) Entering BrowserFactory::GetBrowserZoomLevel
T 2019-06-24 09:30:39:084 BrowserFactory.cpp(614) Entering BrowserFactory::GetZoomLevel
D 2019-06-24 09:30:39:105 BrowserFactory.cpp(694) Browser zoom level is 100%
I 2019-06-24 09:30:39:106 IECommandExecutor.cpp(654) Persistent hovering set to: 1
T 2019-06-24 09:30:39:106 ProxyManager.cpp(97) ProxyManager::SetProxySettings
D 2019-06-24 09:30:39:106 ProxyManager.cpp(113) Using existing system proxy settings.
T 2019-06-24 09:30:39:106 DocumentHost.cpp(33) Entering DocumentHost::DocumentHost
T 2019-06-24 09:30:39:106 CookieManager.cpp(49) Entering CookieManager::Initialize
T 2019-06-24 09:30:39:106 Browser.cpp(33) Entering Browser::Browser
T 2019-06-24 09:30:39:107 Browser.cpp(293) Entering Browser::AttachEvents
T 2019-06-24 09:30:39:111 IECommandExecutor.cpp(621) Entering IECommandExecutor::AddManagedBrowser
T 2019-06-24 09:30:39:111 IECommandExecutor.cpp(625) Setting current browser id to 4d2564aa-8515-4dc2-bbef-5a85ce83ffc0
T 2019-06-24 09:30:39:111 response.cc(72) Entering Response::SetSuccessResponse
T 2019-06-24 09:30:39:111 response.cc(78) Entering Response::SetResponse
T 2019-06-24 09:30:39:111 IECommandExecutor.cpp(577) Entering IECommandExecutor::GetCurrentBrowser
T 2019-06-24 09:30:39:111 IECommandExecutor.cpp(583) Entering IECommandExecutor::GetManagedBrowser
T 2019-06-24 09:30:39:111 response.cc(51) Entering Response::Serialize
T 2019-06-24 09:30:39:117 IESession.cpp(221) Found non-zero response length
T 2019-06-24 09:30:39:117 IECommandExecutor.cpp(156) Entering IECommandExecutor::OnGetResponse
T 2019-06-24 09:30:39:117 IECommandExecutor.cpp(285) Entering IECommandExecutor::OnIsSessionValid
T 2019-06-24 09:30:39:117 response.cc(30) Entering Response::Deserialize
D 2019-06-24 09:30:39:117 server.cc(338) Response: {"value":{"capabilities":{"acceptInsecureCerts":false,"browserName":"internet explorer","browserVersion":"11","pageLoadStrategy":"normal","platformName":"windows","se:ieOptions":{"browserAttachTimeout":0,"elementScrollBehavior":0,"enablePersistentHover":true,"ie.browserCommandLineSwitches":"","ie.ensureCleanSession":false,"ie.fileUploadDialogTimeout":3000,"ie.forceCreateProcessApi":false,"ignoreProtectedModeSettings":false,"ignoreZoomSetting":false,"initialBrowserUrl":"http://localhost:32666/","nativeEvents":true,"requireWindowFocus":false},"setWindowRect":true},"sessionId":"0e47ae16-db2c-4e68-aebf-925af9c3f2d1"}}

T 2019-06-24 09:30:39:117 server.cc(391) Entering Server::SendResponseToClient
T 2019-06-24 09:30:39:117 response.cc(30) Entering Response::Deserialize
T 2019-06-24 09:30:39:117 server.cc(445) Entering Server::SendHttpOk
T 2019-06-24 09:30:39:129 server.cc(174) Entering Server::ProcessRequest
T 2019-06-24 09:30:39:129 server.cc(238) Entering Server::ReadRequestBody
T 2019-06-24 09:30:39:129 server.cc(183) Process request with: URI: /session/0e47ae16-db2c-4e68-aebf-925af9c3f2d1/timeouts HTTP verb: POST
body: {"implicit":0}
T 2019-06-24 09:30:39:129 server.cc(272) Entering Server::DispatchCommand
T 2019-06-24 09:30:39:129 server.cc(583) Entering Server::LookupCommand
D 2019-06-24 09:30:39:129 server.cc(281) Command: POST /session/0e47ae16-db2c-4e68-aebf-925af9c3f2d1/timeouts {"implicit":0}
T 2019-06-24 09:30:39:129 server.cc(378) Entering Server::LookupSession
T 2019-06-24 09:30:39:129 IESession.cpp(191) Entering IESession::ExecuteCommand
T 2019-06-24 09:30:39:129 IECommandExecutor.cpp(122) Entering IECommandExecutor::OnSetCommand
T 2019-06-24 09:30:39:129 command.cc(31) Entering Command::Deserialize
D 2019-06-24 09:30:39:129 command.cc(36) Raw JSON command: { "name" : "setTimeouts", "locator" : { "sessionid" : "0e47ae16-db2c-4e68-aebf-925af9c3f2d1" }, "parameters" : {"implicit":0} }
T 2019-06-24 09:30:39:129 IECommandExecutor.cpp(133) Entering IECommandExecutor::OnExecCommand
T 2019-06-24 09:30:39:129 IECommandExecutor.cpp(454) Entering IECommandExecutor::DispatchCommand
T 2019-06-24 09:30:39:129 IECommandExecutor.cpp(577) Entering IECommandExecutor::GetCurrentBrowser
T 2019-06-24 09:30:39:129 IECommandExecutor.cpp(583) Entering IECommandExecutor::GetManagedBrowser
T 2019-06-24 09:30:39:129 IECommandExecutor.cpp(529) Entering IECommandExecutor::IsAlertActive
T 2019-06-24 09:30:39:129 Browser.cpp(700) Entering Browser::GetActiveDialogWindowHandle
T 2019-06-24 09:30:39:129 Browser.cpp(206) Entering Browser::GetContentWindowHandle
D 2019-06-24 09:30:39:130 IECommandExecutor.cpp(543) No alert handle is found
T 2019-06-24 09:30:39:130 IECommandExecutor.cpp(577) Entering IECommandExecutor::GetCurrentBrowser
T 2019-06-24 09:30:39:130 IECommandExecutor.cpp(583) Entering IECommandExecutor::GetManagedBrowser
T 2019-06-24 09:30:39:130 response.cc(51) Entering Response::Serialize
T 2019-06-24 09:30:39:130 IESession.cpp(212) Beginning wait for response length to be not zero
T 2019-06-24 09:30:39:130 IESession.cpp(221) Found non-zero response length
T 2019-06-24 09:30:39:130 IECommandExecutor.cpp(156) Entering IECommandExecutor::OnGetResponse
T 2019-06-24 09:30:39:130 IECommandExecutor.cpp(285) Entering IECommandExecutor::OnIsSessionValid
D 2019-06-24 09:30:39:130 server.cc(338) Response: {"value":null}

T 2019-06-24 09:30:39:130 server.cc(391) Entering Server::SendResponseToClient
T 2019-06-24 09:30:39:130 response.cc(30) Entering Response::Deserialize
T 2019-06-24 09:30:39:130 server.cc(445) Entering Server::SendHttpOk
T 2019-06-24 09:30:39:136 server.cc(174) Entering Server::ProcessRequest
T 2019-06-24 09:30:39:136 server.cc(238) Entering Server::ReadRequestBody
T 2019-06-24 09:30:39:136 server.cc(183) Process request with: URI: /session/0e47ae16-db2c-4e68-aebf-925af9c3f2d1/execute/sync HTTP verb: POST
body: {"script":"return navigator.sayswho\u003d (function() { var ua\u003d navigator.userAgent, tem, M\u003d ua.match(/(opera|chrome|safari|firefox|msie|trident)\\/?\\s*(\\.?\\d+(\\.\\d+)*)/i) || []; if (/trident/i.test(M[1])) {     tem\u003d  /\\brv[ :]+(\\d+)/g.exec(ua) || [];     return \u0027IE \u0027+(tem[1] || \u0027\u0027); } if(M[1]\u003d\u003d\u003d \u0027Chrome\u0027) {     tem\u003d ua.match(/\\b(OPR|Edge)\\/(\\d+)/);     if(tem!\u003d null) return tem.slice(1).join(\u0027 \u0027).replace(\u0027OPR\u0027, \u0027Opera\u0027); } M\u003d M[2]? [M[1], M[2]]: [navigator.appName, navigator.appVersion, \u0027-?\u0027]; if((tem\u003d ua.match(/version\\/(\\d+)/i))!\u003d null) M.splice(1, 1, tem[1]); return M.join(\u0027 \u0027).replace(\u0027MSIE\u0027, \u0027IE\u0027);})();","args":[]}
T 2019-06-24 09:30:39:136 server.cc(272) Entering Server::DispatchCommand
T 2019-06-24 09:30:39:136 server.cc(583) Entering Server::LookupCommand
D 2019-06-24 09:30:39:136 server.cc(281) Command: POST /session/0e47ae16-db2c-4e68-aebf-925af9c3f2d1/execute/sync {"script":"return navigator.sayswho\u003d (function() { var ua\u003d navigator.userAgent, tem, M\u003d ua.match(/(opera|chrome|safari|firefox|msie|trident)\\/?\\s*(\\.?\\d+(\\.\\d+)*)/i) || []; if (/trident/i.test(M[1])) {     tem\u003d  /\\brv[ :]+(\\d+)/g.exec(ua) || [];     return \u0027IE \u0027+(tem[1] || \u0027\u0027); } if(M[1]\u003d\u003d\u003d \u0027Chrome\u0027) {     tem\u003d ua.match(/\\b(OPR|Edge)\\/(\\d+)/);     if(tem!\u003d null) return tem.slice(1).join(\u0027 \u0027).replace(\u0027OPR\u0027, \u0027Opera\u0027); } M\u003d M[2]? [M[1], M[2]]: [navigator.appName, navigator.appVersion, \u0027-?\u0027]; if((tem\u003d ua.match(/version\\/(\\d+)/i))!\u003d null) M.splice(1, 1, tem[1]); return M.join(\u0027 \u0027).replace(\u0027MSIE\u0027, \u0027IE\u0027);})();","args":[]}
T 2019-06-24 09:30:39:136 server.cc(378) Entering Server::LookupSession
T 2019-06-24 09:30:39:136 IESession.cpp(191) Entering IESession::ExecuteCommand
T 2019-06-24 09:30:39:136 IECommandExecutor.cpp(122) Entering IECommandExecutor::OnSetCommand
T 2019-06-24 09:30:39:136 command.cc(31) Entering Command::Deserialize
D 2019-06-24 09:30:39:136 command.cc(36) Raw JSON command: { "name" : "executeScript", "locator" : { "sessionid" : "0e47ae16-db2c-4e68-aebf-925af9c3f2d1" }, "parameters" : {"script":"return navigator.sayswho\u003d (function() { var ua\u003d navigator.userAgent, tem, M\u003d ua.match(/(opera|chrome|safari|firefox|msie|trident)\\/?\\s*(\\.?\\d+(\\.\\d+)*)/i) || []; if (/trident/i.test(M[1])) {     tem\u003d  /\\brv[ :]+(\\d+)/g.exec(ua) || [];     return \u0027IE \u0027+(tem[1] || \u0027\u0027); } if(M[1]\u003d\u003d\u003d \u0027Chrome\u0027) {     tem\u003d ua.match(/\\b(OPR|Edge)\\/(\\d+)/);     if(tem!\u003d null) return tem.slice(1).join(\u0027 \u0027).replace(\u0027OPR\u0027, \u0027Opera\u0027); } M\u003d M[2]? [M[1], M[2]]: [navigator.appName, navigator.appVersion, \u0027-?\u0027]; if((tem\u003d ua.match(/version\\/(\\d+)/i))!\u003d null) M.splice(1, 1, tem[1]); return M.join(\u0027 \u0027).replace(\u0027MSIE\u0027, \u0027IE\u0027);})();","args":[]} }
T 2019-06-24 09:30:39:136 IECommandExecutor.cpp(133) Entering IECommandExecutor::OnExecCommand
T 2019-06-24 09:30:39:136 IECommandExecutor.cpp(454) Entering IECommandExecutor::DispatchCommand
T 2019-06-24 09:30:39:136 IECommandExecutor.cpp(577) Entering IECommandExecutor::GetCurrentBrowser
T 2019-06-24 09:30:39:136 IECommandExecutor.cpp(583) Entering IECommandExecutor::GetManagedBrowser
T 2019-06-24 09:30:39:136 IECommandExecutor.cpp(529) Entering IECommandExecutor::IsAlertActive
T 2019-06-24 09:30:39:136 Browser.cpp(700) Entering Browser::GetActiveDialogWindowHandle
T 2019-06-24 09:30:39:136 Browser.cpp(206) Entering Browser::GetContentWindowHandle
D 2019-06-24 09:30:39:136 IECommandExecutor.cpp(543) No alert handle is found
T 2019-06-24 09:30:39:136 IECommandExecutor.cpp(577) Entering IECommandExecutor::GetCurrentBrowser
T 2019-06-24 09:30:39:136 IECommandExecutor.cpp(583) Entering IECommandExecutor::GetManagedBrowser
T 2019-06-24 09:30:39:136 Browser.cpp(126) Entering Browser::GetDocument
I 2019-06-24 09:30:39:136 Browser.cpp(130) No child frame focus. Focus is on top-level frame
T 2019-06-24 09:30:39:136 IESession.cpp(212) Beginning wait for response length to be not zero
T 2019-06-24 09:30:39:147 Browser.cpp(613) Entering Browser::GetDocumentFromWindow
T 2019-06-24 09:30:39:153 Script.cpp(49) Entering Script::Initialize
T 2019-06-24 09:30:39:153 CommandHandlers\ExecuteScriptCommandHandler.cpp(85) Entering ExecuteScriptCommandHandler::PopulateArgumentArray
T 2019-06-24 09:30:39:153 Script.cpp(169) Entering Script::Execute
T 2019-06-24 09:30:39:153 Script.cpp(438) Entering Script::CreateAnonymousFunction
T 2019-06-24 09:30:39:177 Script.cpp(426) Entering Script::ConvertResultToJsonValue
T 2019-06-24 09:30:39:177 response.cc(72) Entering Response::SetSuccessResponse
T 2019-06-24 09:30:39:177 response.cc(78) Entering Response::SetResponse
T 2019-06-24 09:30:39:177 IECommandExecutor.cpp(577) Entering IECommandExecutor::GetCurrentBrowser
T 2019-06-24 09:30:39:177 IECommandExecutor.cpp(583) Entering IECommandExecutor::GetManagedBrowser
T 2019-06-24 09:30:39:177 response.cc(51) Entering Response::Serialize
T 2019-06-24 09:30:39:182 IESession.cpp(221) Found non-zero response length
T 2019-06-24 09:30:39:183 IECommandExecutor.cpp(156) Entering IECommandExecutor::OnGetResponse
T 2019-06-24 09:30:39:183 IECommandExecutor.cpp(285) Entering IECommandExecutor::OnIsSessionValid
D 2019-06-24 09:30:39:183 server.cc(338) Response: {"value":"IE 11"}

T 2019-06-24 09:30:39:183 server.cc(391) Entering Server::SendResponseToClient
T 2019-06-24 09:30:39:183 response.cc(30) Entering Response::Deserialize
T 2019-06-24 09:30:39:183 server.cc(445) Entering Server::SendHttpOk
T 2019-06-24 09:30:39:201 server.cc(174) Entering Server::ProcessRequest
T 2019-06-24 09:30:39:201 server.cc(238) Entering Server::ReadRequestBody
T 2019-06-24 09:30:39:201 server.cc(183) Process request with: URI: /session/0e47ae16-db2c-4e68-aebf-925af9c3f2d1/url HTTP verb: POST
body: {"url":"http://ksmazrb09dev.kellogg.northwestern.edu/doctoral"}
T 2019-06-24 09:30:39:201 server.cc(272) Entering Server::DispatchCommand
T 2019-06-24 09:30:39:201 server.cc(583) Entering Server::LookupCommand
D 2019-06-24 09:30:39:201 server.cc(281) Command: POST /session/0e47ae16-db2c-4e68-aebf-925af9c3f2d1/url {"url":"http://ksmazrb09dev.kellogg.northwestern.edu/doctoral"}
T 2019-06-24 09:30:39:201 server.cc(378) Entering Server::LookupSession
T 2019-06-24 09:30:39:201 IESession.cpp(191) Entering IESession::ExecuteCommand
T 2019-06-24 09:30:39:201 IECommandExecutor.cpp(122) Entering IECommandExecutor::OnSetCommand
T 2019-06-24 09:30:39:201 command.cc(31) Entering Command::Deserialize
D 2019-06-24 09:30:39:201 command.cc(36) Raw JSON command: { "name" : "get", "locator" : { "sessionid" : "0e47ae16-db2c-4e68-aebf-925af9c3f2d1" }, "parameters" : {"url":"http://ksmazrb09dev.kellogg.northwestern.edu/doctoral"} }
T 2019-06-24 09:30:39:201 IECommandExecutor.cpp(133) Entering IECommandExecutor::OnExecCommand
T 2019-06-24 09:30:39:201 IECommandExecutor.cpp(454) Entering IECommandExecutor::DispatchCommand
T 2019-06-24 09:30:39:201 IECommandExecutor.cpp(577) Entering IECommandExecutor::GetCurrentBrowser
T 2019-06-24 09:30:39:201 IECommandExecutor.cpp(583) Entering IECommandExecutor::GetManagedBrowser
T 2019-06-24 09:30:39:201 IECommandExecutor.cpp(529) Entering IECommandExecutor::IsAlertActive
T 2019-06-24 09:30:39:201 Browser.cpp(700) Entering Browser::GetActiveDialogWindowHandle
T 2019-06-24 09:30:39:202 Browser.cpp(206) Entering Browser::GetContentWindowHandle
D 2019-06-24 09:30:39:202 IECommandExecutor.cpp(543) No alert handle is found
T 2019-06-24 09:30:39:202 IECommandExecutor.cpp(577) Entering IECommandExecutor::GetCurrentBrowser
T 2019-06-24 09:30:39:202 IECommandExecutor.cpp(583) Entering IECommandExecutor::GetManagedBrowser
T 2019-06-24 09:30:39:202 Browser.cpp(318) Entring Browser::NavigateToUrl
T 2019-06-24 09:30:39:202 IESession.cpp(212) Beginning wait for response length to be not zero
T 2019-06-24 09:30:39:205 DocumentHost.cpp(142) Entering DocumentHost::SetFocusedFrameByElement
T 2019-06-24 09:30:39:205 response.cc(72) Entering Response::SetSuccessResponse
T 2019-06-24 09:30:39:205 response.cc(78) Entering Response::SetResponse
T 2019-06-24 09:30:39:205 IECommandExecutor.cpp(577) Entering IECommandExecutor::GetCurrentBrowser
T 2019-06-24 09:30:39:205 IECommandExecutor.cpp(583) Entering IECommandExecutor::GetManagedBrowser
T 2019-06-24 09:30:39:205 response.cc(51) Entering Response::Serialize
T 2019-06-24 09:30:39:205 IECommandExecutor.cpp(172) Entering IECommandExecutor::OnWait
T 2019-06-24 09:30:39:205 IECommandExecutor.cpp(577) Entering IECommandExecutor::GetCurrentBrowser
T 2019-06-24 09:30:39:205 IECommandExecutor.cpp(583) Entering IECommandExecutor::GetManagedBrowser
T 2019-06-24 09:30:39:205 Browser.cpp(438) Entering Browser::Wait
D 2019-06-24 09:30:39:205 Browser.cpp(448) Navigate Events Completed.
T 2019-06-24 09:30:39:205 Browser.cpp(700) Entering Browser::GetActiveDialogWindowHandle
T 2019-06-24 09:30:39:205 Browser.cpp(206) Entering Browser::GetContentWindowHandle
D 2019-06-24 09:30:39:209 Browser.cpp(484) Browser ReadyState is not at least '4'; it was 1
T 2019-06-24 09:30:39:210 Browser.cpp(50) Entering Browser::BeforeNavigate2
T 2019-06-24 09:30:39:210 IECommandExecutor.cpp(377) Entering IECommandExecutor::WaitThreadProc
T 2019-06-24 09:30:39:411 IECommandExecutor.cpp(172) Entering IECommandExecutor::OnWait
T 2019-06-24 09:30:39:411 IECommandExecutor.cpp(577) Entering IECommandExecutor::GetCurrentBrowser
T 2019-06-24 09:30:39:411 IECommandExecutor.cpp(583) Entering IECommandExecutor::GetManagedBrowser
T 2019-06-24 09:30:39:411 Browser.cpp(438) Entering Browser::Wait
D 2019-06-24 09:30:39:411 Browser.cpp(448) Navigate Events Completed.
T 2019-06-24 09:30:39:411 Browser.cpp(700) Entering Browser::GetActiveDialogWindowHandle
T 2019-06-24 09:30:39:412 Browser.cpp(206) Entering Browser::GetContentWindowHandle
D 2019-06-24 09:30:39:413 Browser.cpp(464) Browser busy property is true.
T 2019-06-24 09:30:39:414 IECommandExecutor.cpp(377) Entering IECommandExecutor::WaitThreadProc
T 2019-06-24 09:30:39:614 IECommandExecutor.cpp(172) Entering IECommandExecutor::OnWait
T 2019-06-24 09:30:39:614 IECommandExecutor.cpp(577) Entering IECommandExecutor::GetCurrentBrowser
T 2019-06-24 09:30:39:614 IECommandExecutor.cpp(583) Entering IECommandExecutor::GetManagedBrowser
T 2019-06-24 09:30:39:614 Browser.cpp(438) Entering Browser::Wait
D 2019-06-24 09:30:39:614 Browser.cpp(448) Navigate Events Completed.
T 2019-06-24 09:30:39:614 Browser.cpp(700) Entering Browser::GetActiveDialogWindowHandle
T 2019-06-24 09:30:39:614 Browser.cpp(206) Entering Browser::GetContentWindowHandle
D 2019-06-24 09:30:39:617 Browser.cpp(464) Browser busy property is true.
T 2019-06-24 09:30:39:618 IECommandExecutor.cpp(377) Entering IECommandExecutor::WaitThreadProc
T 2019-06-24 09:30:39:818 IECommandExecutor.cpp(172) Entering IECommandExecutor::OnWait
T 2019-06-24 09:30:39:818 IECommandExecutor.cpp(577) Entering IECommandExecutor::GetCurrentBrowser
T 2019-06-24 09:30:39:818 IECommandExecutor.cpp(583) Entering IECommandExecutor::GetManagedBrowser
T 2019-06-24 09:30:39:818 Browser.cpp(438) Entering Browser::Wait
D 2019-06-24 09:30:39:818 Browser.cpp(448) Navigate Events Completed.
T 2019-06-24 09:30:39:818 Browser.cpp(700) Entering Browser::GetActiveDialogWindowHandle
T 2019-06-24 09:30:39:818 Browser.cpp(206) Entering Browser::GetContentWindowHandle
D 2019-06-24 09:30:39:889 Browser.cpp(464) Browser busy property is true.
T 2019-06-24 09:30:39:890 IECommandExecutor.cpp(377) Entering IECommandExecutor::WaitThreadProc
T 2019-06-24 09:30:39:914 Browser.cpp(96) Entering Browser::DocumentComplete
D 2019-06-24 09:30:39:914 ElementRepository.cpp(113) Refreshing managed element cache. Found 0 to remove from cache.
T 2019-06-24 09:30:40:036 Browser.cpp(50) Entering Browser::BeforeNavigate2
T 2019-06-24 09:30:40:090 IECommandExecutor.cpp(172) Entering IECommandExecutor::OnWait
T 2019-06-24 09:30:40:090 IECommandExecutor.cpp(577) Entering IECommandExecutor::GetCurrentBrowser
T 2019-06-24 09:30:40:090 IECommandExecutor.cpp(583) Entering IECommandExecutor::GetManagedBrowser
T 2019-06-24 09:30:40:090 Browser.cpp(438) Entering Browser::Wait
D 2019-06-24 09:30:40:090 Browser.cpp(448) Navigate Events Completed.
T 2019-06-24 09:30:40:090 Browser.cpp(700) Entering Browser::GetActiveDialogWindowHandle
T 2019-06-24 09:30:40:090 Browser.cpp(206) Entering Browser::GetContentWindowHandle
D 2019-06-24 09:30:40:096 Browser.cpp(464) Browser busy property is true.
T 2019-06-24 09:30:40:096 IECommandExecutor.cpp(377) Entering IECommandExecutor::WaitThreadProc
T 2019-06-24 09:30:40:139 Browser.cpp(96) Entering Browser::DocumentComplete
T 2019-06-24 09:30:40:297 IECommandExecutor.cpp(172) Entering IECommandExecutor::OnWait
T 2019-06-24 09:30:40:297 IECommandExecutor.cpp(577) Entering IECommandExecutor::GetCurrentBrowser
T 2019-06-24 09:30:40:297 IECommandExecutor.cpp(583) Entering IECommandExecutor::GetManagedBrowser
T 2019-06-24 09:30:40:297 Browser.cpp(438) Entering Browser::Wait
D 2019-06-24 09:30:40:297 Browser.cpp(448) Navigate Events Completed.
T 2019-06-24 09:30:40:297 Browser.cpp(700) Entering Browser::GetActiveDialogWindowHandle
T 2019-06-24 09:30:40:297 Browser.cpp(206) Entering Browser::GetContentWindowHandle
D 2019-06-24 09:30:40:300 Browser.cpp(508) Waiting for document to complete...
T 2019-06-24 09:30:40:300 Browser.cpp(522) Entering Browser::IsDocumentNavigating
T 2019-06-24 09:30:40:313 Browser.cpp(613) Entering Browser::GetDocumentFromWindow
T 2019-06-24 09:30:40:320 Browser.cpp(522) Entering Browser::IsDocumentNavigating
D 2019-06-24 09:30:40:325 Browser.cpp(513) Not in navigating state
T 2019-06-24 09:30:40:335 IESession.cpp(221) Found non-zero response length
T 2019-06-24 09:30:40:335 IECommandExecutor.cpp(156) Entering IECommandExecutor::OnGetResponse
T 2019-06-24 09:30:40:335 IECommandExecutor.cpp(285) Entering IECommandExecutor::OnIsSessionValid
D 2019-06-24 09:30:40:336 server.cc(338) Response: {"value":null}

T 2019-06-24 09:30:40:336 server.cc(391) Entering Server::SendResponseToClient
T 2019-06-24 09:30:40:336 response.cc(30) Entering Response::Deserialize
T 2019-06-24 09:30:40:336 server.cc(445) Entering Server::SendHttpOk
T 2019-06-24 09:30:40:353 server.cc(174) Entering Server::ProcessRequest
T 2019-06-24 09:30:40:353 server.cc(238) Entering Server::ReadRequestBody
T 2019-06-24 09:30:40:353 server.cc(183) Process request with: URI: /session/0e47ae16-db2c-4e68-aebf-925af9c3f2d1/elements HTTP verb: POST
body: {"value":"(//a[@type\u003d\u0027External\u0027])[2]","using":"xpath"}
T 2019-06-24 09:30:40:353 server.cc(272) Entering Server::DispatchCommand
T 2019-06-24 09:30:40:353 server.cc(583) Entering Server::LookupCommand
D 2019-06-24 09:30:40:353 server.cc(281) Command: POST /session/0e47ae16-db2c-4e68-aebf-925af9c3f2d1/elements {"value":"(//a[@type\u003d\u0027External\u0027])[2]","using":"xpath"}
T 2019-06-24 09:30:40:353 server.cc(378) Entering Server::LookupSession
T 2019-06-24 09:30:40:353 IESession.cpp(191) Entering IESession::ExecuteCommand
T 2019-06-24 09:30:40:353 IECommandExecutor.cpp(122) Entering IECommandExecutor::OnSetCommand
T 2019-06-24 09:30:40:353 command.cc(31) Entering Command::Deserialize
D 2019-06-24 09:30:40:353 command.cc(36) Raw JSON command: { "name" : "findElements", "locator" : { "sessionid" : "0e47ae16-db2c-4e68-aebf-925af9c3f2d1" }, "parameters" : {"value":"(//a[@type\u003d\u0027External\u0027])[2]","using":"xpath"} }
T 2019-06-24 09:30:40:353 IECommandExecutor.cpp(133) Entering IECommandExecutor::OnExecCommand
T 2019-06-24 09:30:40:353 IESession.cpp(212) Beginning wait for response length to be not zero
T 2019-06-24 09:30:40:353 IECommandExecutor.cpp(454) Entering IECommandExecutor::DispatchCommand
T 2019-06-24 09:30:40:353 IECommandExecutor.cpp(577) Entering IECommandExecutor::GetCurrentBrowser
T 2019-06-24 09:30:40:353 IECommandExecutor.cpp(583) Entering IECommandExecutor::GetManagedBrowser
T 2019-06-24 09:30:40:353 IECommandExecutor.cpp(529) Entering IECommandExecutor::IsAlertActive
T 2019-06-24 09:30:40:353 Browser.cpp(700) Entering Browser::GetActiveDialogWindowHandle
T 2019-06-24 09:30:40:353 Browser.cpp(206) Entering Browser::GetContentWindowHandle
D 2019-06-24 09:30:40:354 IECommandExecutor.cpp(543) No alert handle is found
T 2019-06-24 09:30:40:354 IECommandExecutor.cpp(734) Entering IECommandExecutor::LocateElements
T 2019-06-24 09:30:40:354 IECommandExecutor.cpp(695) Entering IECommandExecutor::GetElementFindMethod
T 2019-06-24 09:30:40:354 ElementFinder.cpp(111) Entering ElementFinder::FindElements
T 2019-06-24 09:30:40:354 IECommandExecutor.cpp(577) Entering IECommandExecutor::GetCurrentBrowser
T 2019-06-24 09:30:40:354 IECommandExecutor.cpp(583) Entering IECommandExecutor::GetManagedBrowser
D 2019-06-24 09:30:40:354 ElementFinder.cpp(128) Using FindElements atom to locate element having xpath = (//a[@type='External'])[2]
T 2019-06-24 09:30:40:354 Browser.cpp(126) Entering Browser::GetDocument
I 2019-06-24 09:30:40:354 Browser.cpp(130) No child frame focus. Focus is on top-level frame
T 2019-06-24 09:30:40:370 Browser.cpp(613) Entering Browser::GetDocumentFromWindow
T 2019-06-24 09:30:40:381 Script.cpp(49) Entering Script::Initialize
T 2019-06-24 09:30:40:382 Script.cpp(70) Entering Script::AddArgument(std::wstring)
T 2019-06-24 09:30:40:382 Script.cpp(105) Entering Script::AddArgument(VARIANT)
T 2019-06-24 09:30:40:382 Script.cpp(70) Entering Script::AddArgument(std::wstring)
T 2019-06-24 09:30:40:382 Script.cpp(105) Entering Script::AddArgument(VARIANT)
T 2019-06-24 09:30:40:382 Script.cpp(169) Entering Script::Execute
T 2019-06-24 09:30:40:382 Script.cpp(438) Entering Script::CreateAnonymousFunction
T 2019-06-24 09:30:40:425 Script.cpp(426) Entering Script::ConvertResultToJsonValue
D 2019-06-24 09:30:40:431 VariantUtilities.cpp(100) Result type is JScriptTypeInfo
T 2019-06-24 09:30:40:433 VariantUtilities.cpp(307) Entering Script::GetPropertyNameList
D 2019-06-24 09:30:40:441 VariantUtilities.cpp(100) Result type is JScriptTypeInfo
T 2019-06-24 09:30:40:441 VariantUtilities.cpp(324) Entering Script::GetArrayLength
T 2019-06-24 09:30:40:441 VariantUtilities.cpp(342) Entering Script::GetArrayItem
I 2019-06-24 09:30:40:445 VariantUtilities.cpp(233) Unknown type of dispatch is found in result, assuming IHTMLElement
T 2019-06-24 09:30:40:447 IECommandExecutor.cpp(677) Entering IECommandExecutor::AddManagedElement
T 2019-06-24 09:30:40:447 IECommandExecutor.cpp(577) Entering IECommandExecutor::GetCurrentBrowser
T 2019-06-24 09:30:40:447 IECommandExecutor.cpp(583) Entering IECommandExecutor::GetManagedBrowser
T 2019-06-24 09:30:40:447 ElementRepository.cpp(49) Entering ElementRepository::AddManagedElement
D 2019-06-24 09:30:40:448 ElementRepository.cpp(69) Element is not yet managed
T 2019-06-24 09:30:40:448 Browser.cpp(206) Entering Browser::GetContentWindowHandle
T 2019-06-24 09:30:40:448 Element.cpp(45) Entering Element::Element
T 2019-06-24 09:30:40:448 Element.cpp(79) Entering Element::ConvertToJson
T 2019-06-24 09:30:40:448 response.cc(72) Entering Response::SetSuccessResponse
T 2019-06-24 09:30:40:448 response.cc(78) Entering Response::SetResponse
T 2019-06-24 09:30:40:448 IECommandExecutor.cpp(577) Entering IECommandExecutor::GetCurrentBrowser
T 2019-06-24 09:30:40:448 IECommandExecutor.cpp(583) Entering IECommandExecutor::GetManagedBrowser
T 2019-06-24 09:30:40:448 response.cc(51) Entering Response::Serialize
T 2019-06-24 09:30:40:449 IESession.cpp(221) Found non-zero response length
T 2019-06-24 09:30:40:449 IECommandExecutor.cpp(156) Entering IECommandExecutor::OnGetResponse
T 2019-06-24 09:30:40:449 IECommandExecutor.cpp(285) Entering IECommandExecutor::OnIsSessionValid
D 2019-06-24 09:30:40:449 server.cc(338) Response: {"value":[{"element-6066-11e4-a52e-4f735466cecf":"a33b159f-4213-4d96-a7c7-256448622706"}]}

T 2019-06-24 09:30:40:449 server.cc(391) Entering Server::SendResponseToClient
T 2019-06-24 09:30:40:449 response.cc(30) Entering Response::Deserialize
T 2019-06-24 09:30:40:449 server.cc(445) Entering Server::SendHttpOk
T 2019-06-24 09:30:40:455 server.cc(174) Entering Server::ProcessRequest
T 2019-06-24 09:30:40:455 server.cc(238) Entering Server::ReadRequestBody
T 2019-06-24 09:30:40:455 server.cc(183) Process request with: URI: /session/0e47ae16-db2c-4e68-aebf-925af9c3f2d1/element/a33b159f-4213-4d96-a7c7-256448622706/click HTTP verb: POST
body: {"id":"a33b159f-4213-4d96-a7c7-256448622706"}
T 2019-06-24 09:30:40:455 server.cc(272) Entering Server::DispatchCommand
T 2019-06-24 09:30:40:455 server.cc(583) Entering Server::LookupCommand
D 2019-06-24 09:30:40:455 server.cc(281) Command: POST /session/0e47ae16-db2c-4e68-aebf-925af9c3f2d1/element/a33b159f-4213-4d96-a7c7-256448622706/click {"id":"a33b159f-4213-4d96-a7c7-256448622706"}
T 2019-06-24 09:30:40:455 server.cc(378) Entering Server::LookupSession
T 2019-06-24 09:30:40:455 IESession.cpp(191) Entering IESession::ExecuteCommand
T 2019-06-24 09:30:40:455 IECommandExecutor.cpp(122) Entering IECommandExecutor::OnSetCommand
T 2019-06-24 09:30:40:455 command.cc(31) Entering Command::Deserialize
D 2019-06-24 09:30:40:455 command.cc(36) Raw JSON command: { "name" : "click", "locator" : { "sessionid" : "0e47ae16-db2c-4e68-aebf-925af9c3f2d1", "id" : "a33b159f-4213-4d96-a7c7-256448622706" }, "parameters" : {"id":"a33b159f-4213-4d96-a7c7-256448622706"} }
T 2019-06-24 09:30:40:455 IECommandExecutor.cpp(133) Entering IECommandExecutor::OnExecCommand
T 2019-06-24 09:30:40:455 IESession.cpp(212) Beginning wait for response length to be not zero
T 2019-06-24 09:30:40:455 IECommandExecutor.cpp(454) Entering IECommandExecutor::DispatchCommand
T 2019-06-24 09:30:40:455 IECommandExecutor.cpp(577) Entering IECommandExecutor::GetCurrentBrowser
T 2019-06-24 09:30:40:455 IECommandExecutor.cpp(583) Entering IECommandExecutor::GetManagedBrowser
T 2019-06-24 09:30:40:455 IECommandExecutor.cpp(529) Entering IECommandExecutor::IsAlertActive
T 2019-06-24 09:30:40:455 Browser.cpp(700) Entering Browser::GetActiveDialogWindowHandle
T 2019-06-24 09:30:40:456 Browser.cpp(206) Entering Browser::GetContentWindowHandle
D 2019-06-24 09:30:40:456 IECommandExecutor.cpp(543) No alert handle is found
T 2019-06-24 09:30:40:456 IECommandExecutor.cpp(577) Entering IECommandExecutor::GetCurrentBrowser
T 2019-06-24 09:30:40:456 IECommandExecutor.cpp(583) Entering IECommandExecutor::GetManagedBrowser
T 2019-06-24 09:30:40:456 IECommandHandler.cpp(45) Entering IECommandHandler::GetElement
T 2019-06-24 09:30:40:456 IECommandExecutor.cpp(671) Entering IECommandExecutor::GetManagedElement
T 2019-06-24 09:30:40:456 ElementRepository.cpp(34) Entering ElementRepository::GetManagedElement
T 2019-06-24 09:30:40:475 IECommandExecutor.cpp(577) Entering IECommandExecutor::GetCurrentBrowser
T 2019-06-24 09:30:40:475 IECommandExecutor.cpp(583) Entering IECommandExecutor::GetManagedBrowser
T 2019-06-24 09:30:40:475 Browser.cpp(126) Entering Browser::GetDocument
I 2019-06-24 09:30:40:475 Browser.cpp(130) No child frame focus. Focus is on top-level frame
T 2019-06-24 09:30:40:485 Browser.cpp(613) Entering Browser::GetDocumentFromWindow
T 2019-06-24 09:30:40:494 Element.cpp(79) Entering Element::ConvertToJson
T 2019-06-24 09:30:40:494 InputManager.cpp(81) Entering InputManager::PerformInputSequence
D 2019-06-24 09:30:40:494 InputManager.cpp(102) Mutex acquired for user interaction.
T 2019-06-24 09:30:40:494 InputManager.cpp(533) Entering InputManager::PointerMoveTo
T 2019-06-24 09:30:40:494 ElementRepository.cpp(34) Entering ElementRepository::GetManagedElement
T 2019-06-24 09:30:40:494 Element.cpp(217) Entering Element::GetClickLocation
T 2019-06-24 09:30:40:494 Element.cpp(90) Entering Element::IsDisplayed
T 2019-06-24 09:30:40:495 Element.cpp(956) Entering Element::GetContainingDocument
T 2019-06-24 09:30:40:497 Script.cpp(49) Entering Script::Initialize
T 2019-06-24 09:30:40:497 Script.cpp(99) Entering Script::AddArgument(IHTMLElement*)
T 2019-06-24 09:30:40:497 Script.cpp(105) Entering Script::AddArgument(VARIANT)
T 2019-06-24 09:30:40:497 Script.cpp(88) Entering Script::AddArgument(bool)
T 2019-06-24 09:30:40:497 Script.cpp(105) Entering Script::AddArgument(VARIANT)
T 2019-06-24 09:30:40:497 Script.cpp(169) Entering Script::Execute
T 2019-06-24 09:30:40:497 Script.cpp(438) Entering Script::CreateAnonymousFunction
T 2019-06-24 09:30:40:524 Element.cpp(362) Entering Element::GetLocationOnceScrolledIntoView
T 2019-06-24 09:30:40:524 Element.cpp(493) Entering Element::GetLocation
T 2019-06-24 09:30:40:527 Element.cpp(629) Entering Element::IsInline
D 2019-06-24 09:30:40:537 Element.cpp(535) Element is inline with one client rect, using IHTMLElement2::getBoundingClientRect
T 2019-06-24 09:30:40:540 Element.cpp(650) Entering Element::RectHasNonZeroDimensions
T 2019-06-24 09:30:40:543 Element.cpp(666) Entering Element::GetFrameDetails
T 2019-06-24 09:30:40:543 Element.cpp(956) Entering Element::GetContainingDocument
D 2019-06-24 09:30:40:563 Element.cpp(616) Element is not in a frame
T 2019-06-24 09:30:40:563 Element.cpp(905) Entering Element::CalculateClickPoint
T 2019-06-24 09:30:40:563 Element.cpp(844) Entering Element::GetClickableViewPortLocation
T 2019-06-24 09:30:40:563 Element.cpp(956) Entering Element::GetContainingDocument
T 2019-06-24 09:30:40:565 DocumentHost.cpp(281) Entering DocumentHost::GetDocumentMode
T 2019-06-24 09:30:40:580 Element.cpp(931) Entering Element::IsLocationInViewPort
T 2019-06-24 09:30:40:580 Element.cpp(844) Entering Element::GetClickableViewPortLocation
T 2019-06-24 09:30:40:580 Element.cpp(956) Entering Element::GetContainingDocument
T 2019-06-24 09:30:40:582 DocumentHost.cpp(281) Entering DocumentHost::GetDocumentMode
T 2019-06-24 09:30:40:594 Element.cpp(429) Entering Element::IsHiddenByOverflow
T 2019-06-24 09:30:40:595 Element.cpp(956) Entering Element::GetContainingDocument
T 2019-06-24 09:30:40:597 Script.cpp(49) Entering Script::Initialize
T 2019-06-24 09:30:40:597 Script.cpp(99) Entering Script::AddArgument(IHTMLElement*)
T 2019-06-24 09:30:40:597 Script.cpp(105) Entering Script::AddArgument(VARIANT)
T 2019-06-24 09:30:40:597 Script.cpp(169) Entering Script::Execute
T 2019-06-24 09:30:40:597 Script.cpp(438) Entering Script::CreateAnonymousFunction
T 2019-06-24 09:30:40:625 Script.cpp(433) Entering Script::ConvertResultToString
D 2019-06-24 09:30:40:625 VariantUtilities.cpp(135) Result type is string
D 2019-06-24 09:30:40:625 Element.cpp(408) (x, y, w, h): 884, 158, 108, 15
T 2019-06-24 09:30:40:625 Element.cpp(905) Entering Element::CalculateClickPoint
T 2019-06-24 09:30:40:625 Element.cpp(844) Entering Element::GetClickableViewPortLocation
T 2019-06-24 09:30:40:625 Element.cpp(956) Entering Element::GetContainingDocument
T 2019-06-24 09:30:40:628 DocumentHost.cpp(281) Entering DocumentHost::GetDocumentMode
D 2019-06-24 09:30:40:641 InputManager.cpp(627) Queueing SendInput structure for mouse move (origin: a33b159f-4213-4d96-a7c7-256448622706, x: 938, y: 165)
T 2019-06-24 09:30:40:641 Browser.cpp(206) Entering Browser::GetContentWindowHandle
T 2019-06-24 09:30:40:641 InputManager.cpp(886) Entering InputManager::AddMouseInput
T 2019-06-24 09:30:40:641 InputManager.cpp(886) Entering InputManager::AddMouseInput
T 2019-06-24 09:30:40:641 InputManager.cpp(886) Entering InputManager::AddMouseInput
T 2019-06-24 09:30:40:641 InputManager.cpp(886) Entering InputManager::AddMouseInput
T 2019-06-24 09:30:40:641 InputManager.cpp(886) Entering InputManager::AddMouseInput
T 2019-06-24 09:30:40:641 InputManager.cpp(886) Entering InputManager::AddMouseInput
T 2019-06-24 09:30:40:641 InputManager.cpp(886) Entering InputManager::AddMouseInput
T 2019-06-24 09:30:40:641 InputManager.cpp(886) Entering InputManager::AddMouseInput
T 2019-06-24 09:30:40:641 InputManager.cpp(886) Entering InputManager::AddMouseInput
T 2019-06-24 09:30:40:641 InputManager.cpp(886) Entering InputManager::AddMouseInput
T 2019-06-24 09:30:40:641 InputManager.cpp(886) Entering InputManager::AddMouseInput
T 2019-06-24 09:30:40:641 InputManager.cpp(695) Entering InputManager::PointerDown
T 2019-06-24 09:30:40:641 Browser.cpp(206) Entering Browser::GetContentWindowHandle
D 2019-06-24 09:30:40:641 InputManager.cpp(699) Queueing SendInput structure for mouse button down
T 2019-06-24 09:30:40:641 InputManager.cpp(886) Entering InputManager::AddMouseInput
T 2019-06-24 09:30:40:641 InputManager.cpp(734) Entering InputManager::PointerUp
T 2019-06-24 09:30:40:641 Browser.cpp(206) Entering Browser::GetContentWindowHandle
D 2019-06-24 09:30:40:641 InputManager.cpp(738) Queueing SendInput structure for mouse button up
T 2019-06-24 09:30:40:641 InputManager.cpp(886) Entering InputManager::AddMouseInput
D 2019-06-24 09:30:40:641 InputManager.cpp(185) Processing a total of 16 input events
T 2019-06-24 09:30:40:641 InputManager.cpp(279) Entering InputManager::PerformInputWithSendMessage
T 2019-06-24 09:30:40:641 HookProcessor.cpp(94) Entering HookProcessor::Initialize
T 2019-06-24 09:30:40:641 HookProcessor.cpp(104) Entering HookProcessor::Initialize
T 2019-06-24 09:30:40:641 HookProcessor.cpp(167) Entering HookProcessor::InstallWindowsHook
T 2019-06-24 09:30:40:641 Browser.cpp(206) Entering Browser::GetContentWindowHandle
T 2019-06-24 09:30:40:889 HookProcessor.cpp(244) Entering HookProcessor::Dispose
T 2019-06-24 09:30:40:889 HookProcessor.cpp(197) Entering HookProcessor::UninstallWindowsHook
T 2019-06-24 09:30:40:889 HookProcessor.cpp(244) Entering HookProcessor::Dispose
T 2019-06-24 09:30:41:450 response.cc(72) Entering Response::SetSuccessResponse
T 2019-06-24 09:30:41:450 response.cc(78) Entering Response::SetResponse
T 2019-06-24 09:30:41:450 IECommandExecutor.cpp(577) Entering IECommandExecutor::GetCurrentBrowser
T 2019-06-24 09:30:41:450 IECommandExecutor.cpp(583) Entering IECommandExecutor::GetManagedBrowser
T 2019-06-24 09:30:41:450 response.cc(51) Entering Response::Serialize
T 2019-06-24 09:30:41:450 IECommandExecutor.cpp(172) Entering IECommandExecutor::OnWait
T 2019-06-24 09:30:41:450 IECommandExecutor.cpp(577) Entering IECommandExecutor::GetCurrentBrowser
T 2019-06-24 09:30:41:451 IECommandExecutor.cpp(583) Entering IECommandExecutor::GetManagedBrowser
T 2019-06-24 09:30:41:451 Browser.cpp(438) Entering Browser::Wait
D 2019-06-24 09:30:41:451 Browser.cpp(448) Navigate Events Completed.
T 2019-06-24 09:30:41:451 Browser.cpp(700) Entering Browser::GetActiveDialogWindowHandle
T 2019-06-24 09:30:41:451 Browser.cpp(206) Entering Browser::GetContentWindowHandle
T 2019-06-24 09:30:41:473 Browser.cpp(50) Entering Browser::BeforeNavigate2
D 2019-06-24 09:30:41:486 Browser.cpp(508) Waiting for document to complete...
T 2019-06-24 09:30:41:486 Browser.cpp(522) Entering Browser::IsDocumentNavigating
D 2019-06-24 09:30:41:492 Browser.cpp(546) document.readyState is not 'complete'; it was loading
T 2019-06-24 09:30:41:494 IECommandExecutor.cpp(377) Entering IECommandExecutor::WaitThreadProc
T 2019-06-24 09:30:41:696 IECommandExecutor.cpp(172) Entering IECommandExecutor::OnWait
T 2019-06-24 09:30:41:696 IECommandExecutor.cpp(577) Entering IECommandExecutor::GetCurrentBrowser
T 2019-06-24 09:30:41:696 IECommandExecutor.cpp(583) Entering IECommandExecutor::GetManagedBrowser
T 2019-06-24 09:30:41:696 Browser.cpp(438) Entering Browser::Wait
D 2019-06-24 09:30:41:696 Browser.cpp(448) Navigate Events Completed.
T 2019-06-24 09:30:41:696 Browser.cpp(700) Entering Browser::GetActiveDialogWindowHandle
T 2019-06-24 09:30:41:696 Browser.cpp(206) Entering Browser::GetContentWindowHandle
D 2019-06-24 09:30:41:697 Browser.cpp(464) Browser busy property is true.
T 2019-06-24 09:30:41:697 IECommandExecutor.cpp(377) Entering IECommandExecutor::WaitThreadProc
T 2019-06-24 09:30:41:898 IECommandExecutor.cpp(172) Entering IECommandExecutor::OnWait
T 2019-06-24 09:30:41:898 IECommandExecutor.cpp(577) Entering IECommandExecutor::GetCurrentBrowser
T 2019-06-24 09:30:41:898 IECommandExecutor.cpp(583) Entering IECommandExecutor::GetManagedBrowser
T 2019-06-24 09:30:41:898 Browser.cpp(438) Entering Browser::Wait
D 2019-06-24 09:30:41:898 Browser.cpp(448) Navigate Events Completed.
T 2019-06-24 09:30:41:898 Browser.cpp(700) Entering Browser::GetActiveDialogWindowHandle
T 2019-06-24 09:30:41:898 Browser.cpp(206) Entering Browser::GetContentWindowHandle
D 2019-06-24 09:30:41:919 Browser.cpp(464) Browser busy property is true.
T 2019-06-24 09:30:41:919 IECommandExecutor.cpp(377) Entering IECommandExecutor::WaitThreadProc
T 2019-06-24 09:30:42:121 IECommandExecutor.cpp(172) Entering IECommandExecutor::OnWait
T 2019-06-24 09:30:42:121 IECommandExecutor.cpp(577) Entering IECommandExecutor::GetCurrentBrowser
T 2019-06-24 09:30:42:121 IECommandExecutor.cpp(583) Entering IECommandExecutor::GetManagedBrowser
T 2019-06-24 09:30:42:121 Browser.cpp(438) Entering Browser::Wait
D 2019-06-24 09:30:42:121 Browser.cpp(448) Navigate Events Completed.
T 2019-06-24 09:30:42:121 Browser.cpp(700) Entering Browser::GetActiveDialogWindowHandle
T 2019-06-24 09:30:42:121 Browser.cpp(206) Entering Browser::GetContentWindowHandle
T 2019-06-24 09:30:42:124 Browser.cpp(96) Entering Browser::DocumentComplete
D 2019-06-24 09:30:42:144 Browser.cpp(495) DocumentComplete event fired, indicating a new navigation.
T 2019-06-24 09:30:42:145 IECommandExecutor.cpp(377) Entering IECommandExecutor::WaitThreadProc
D 2019-06-24 09:30:42:145 ElementRepository.cpp(113) Refreshing managed element cache. Found 1 to remove from cache.
T 2019-06-24 09:30:42:146 ElementRepository.cpp(80) Entering ElementRepository::RemoveManagedElement
T 2019-06-24 09:30:42:157 Browser.cpp(50) Entering Browser::BeforeNavigate2
T 2019-06-24 09:30:42:229 Browser.cpp(96) Entering Browser::DocumentComplete
T 2019-06-24 09:30:42:346 IECommandExecutor.cpp(172) Entering IECommandExecutor::OnWait
T 2019-06-24 09:30:42:346 IECommandExecutor.cpp(577) Entering IECommandExecutor::GetCurrentBrowser
T 2019-06-24 09:30:42:346 IECommandExecutor.cpp(583) Entering IECommandExecutor::GetManagedBrowser
T 2019-06-24 09:30:42:346 Browser.cpp(438) Entering Browser::Wait
D 2019-06-24 09:30:42:346 Browser.cpp(448) Navigate Events Completed.
T 2019-06-24 09:30:42:346 Browser.cpp(700) Entering Browser::GetActiveDialogWindowHandle
T 2019-06-24 09:30:42:346 Browser.cpp(206) Entering Browser::GetContentWindowHandle
D 2019-06-24 09:30:42:349 Browser.cpp(508) Waiting for document to complete...
T 2019-06-24 09:30:42:349 Browser.cpp(522) Entering Browser::IsDocumentNavigating
T 2019-06-24 09:30:42:362 Browser.cpp(613) Entering Browser::GetDocumentFromWindow
T 2019-06-24 09:30:42:370 Browser.cpp(522) Entering Browser::IsDocumentNavigating
D 2019-06-24 09:30:42:374 Browser.cpp(513) Not in navigating state
T 2019-06-24 09:30:42:378 IESession.cpp(221) Found non-zero response length
T 2019-06-24 09:30:42:378 IECommandExecutor.cpp(156) Entering IECommandExecutor::OnGetResponse
T 2019-06-24 09:30:42:378 IECommandExecutor.cpp(285) Entering IECommandExecutor::OnIsSessionValid
D 2019-06-24 09:30:42:378 server.cc(338) Response: {"value":null}

T 2019-06-24 09:30:42:378 server.cc(391) Entering Server::SendResponseToClient
T 2019-06-24 09:30:42:378 response.cc(30) Entering Response::Deserialize
T 2019-06-24 09:30:42:378 server.cc(445) Entering Server::SendHttpOk
T 2019-06-24 09:30:42:397 server.cc(174) Entering Server::ProcessRequest
T 2019-06-24 09:30:42:397 server.cc(238) Entering Server::ReadRequestBody
T 2019-06-24 09:30:42:397 server.cc(183) Process request with: URI: /session/0e47ae16-db2c-4e68-aebf-925af9c3f2d1/elements HTTP verb: POST
body: {"value":"//div[@id\u003d\u0027View_Faculty-rect\u0027]/a","using":"xpath"}
T 2019-06-24 09:30:42:397 server.cc(272) Entering Server::DispatchCommand
T 2019-06-24 09:30:42:397 server.cc(583) Entering Server::LookupCommand
D 2019-06-24 09:30:42:397 server.cc(281) Command: POST /session/0e47ae16-db2c-4e68-aebf-925af9c3f2d1/elements {"value":"//div[@id\u003d\u0027View_Faculty-rect\u0027]/a","using":"xpath"}
T 2019-06-24 09:30:42:397 server.cc(378) Entering Server::LookupSession
T 2019-06-24 09:30:42:397 IESession.cpp(191) Entering IESession::ExecuteCommand
T 2019-06-24 09:30:42:397 IECommandExecutor.cpp(122) Entering IECommandExecutor::OnSetCommand
T 2019-06-24 09:30:42:397 command.cc(31) Entering Command::Deserialize
D 2019-06-24 09:30:42:397 command.cc(36) Raw JSON command: { "name" : "findElements", "locator" : { "sessionid" : "0e47ae16-db2c-4e68-aebf-925af9c3f2d1" }, "parameters" : {"value":"//div[@id\u003d\u0027View_Faculty-rect\u0027]/a","using":"xpath"} }
T 2019-06-24 09:30:42:397 IECommandExecutor.cpp(133) Entering IECommandExecutor::OnExecCommand
T 2019-06-24 09:30:42:397 IECommandExecutor.cpp(454) Entering IECommandExecutor::DispatchCommand
T 2019-06-24 09:30:42:397 IECommandExecutor.cpp(577) Entering IECommandExecutor::GetCurrentBrowser
T 2019-06-24 09:30:42:397 IECommandExecutor.cpp(583) Entering IECommandExecutor::GetManagedBrowser
T 2019-06-24 09:30:42:397 IECommandExecutor.cpp(529) Entering IECommandExecutor::IsAlertActive
T 2019-06-24 09:30:42:397 Browser.cpp(700) Entering Browser::GetActiveDialogWindowHandle
T 2019-06-24 09:30:42:397 Browser.cpp(206) Entering Browser::GetContentWindowHandle
D 2019-06-24 09:30:42:398 IECommandExecutor.cpp(543) No alert handle is found
T 2019-06-24 09:30:42:398 IECommandExecutor.cpp(734) Entering IECommandExecutor::LocateElements
T 2019-06-24 09:30:42:398 IECommandExecutor.cpp(695) Entering IECommandExecutor::GetElementFindMethod
T 2019-06-24 09:30:42:398 ElementFinder.cpp(111) Entering ElementFinder::FindElements
T 2019-06-24 09:30:42:398 IECommandExecutor.cpp(577) Entering IECommandExecutor::GetCurrentBrowser
T 2019-06-24 09:30:42:398 IECommandExecutor.cpp(583) Entering IECommandExecutor::GetManagedBrowser
D 2019-06-24 09:30:42:398 ElementFinder.cpp(128) Using FindElements atom to locate element having xpath = //div[@id='View_Faculty-rect']/a
T 2019-06-24 09:30:42:398 Browser.cpp(126) Entering Browser::GetDocument
I 2019-06-24 09:30:42:398 Browser.cpp(130) No child frame focus. Focus is on top-level frame
T 2019-06-24 09:30:42:398 IESession.cpp(212) Beginning wait for response length to be not zero
T 2019-06-24 09:30:42:409 Browser.cpp(613) Entering Browser::GetDocumentFromWindow
T 2019-06-24 09:30:42:421 Script.cpp(49) Entering Script::Initialize
T 2019-06-24 09:30:42:421 Script.cpp(70) Entering Script::AddArgument(std::wstring)
T 2019-06-24 09:30:42:421 Script.cpp(105) Entering Script::AddArgument(VARIANT)
T 2019-06-24 09:30:42:421 Script.cpp(70) Entering Script::AddArgument(std::wstring)
T 2019-06-24 09:30:42:421 Script.cpp(105) Entering Script::AddArgument(VARIANT)
T 2019-06-24 09:30:42:421 Script.cpp(169) Entering Script::Execute
T 2019-06-24 09:30:42:421 Script.cpp(438) Entering Script::CreateAnonymousFunction
T 2019-06-24 09:30:42:453 Script.cpp(426) Entering Script::ConvertResultToJsonValue
D 2019-06-24 09:30:42:454 VariantUtilities.cpp(100) Result type is JScriptTypeInfo
T 2019-06-24 09:30:42:456 VariantUtilities.cpp(307) Entering Script::GetPropertyNameList
D 2019-06-24 09:30:42:458 VariantUtilities.cpp(100) Result type is JScriptTypeInfo
T 2019-06-24 09:30:42:458 VariantUtilities.cpp(324) Entering Script::GetArrayLength
T 2019-06-24 09:30:42:458 VariantUtilities.cpp(342) Entering Script::GetArrayItem
I 2019-06-24 09:30:42:459 VariantUtilities.cpp(233) Unknown type of dispatch is found in result, assuming IHTMLElement
T 2019-06-24 09:30:42:461 IECommandExecutor.cpp(677) Entering IECommandExecutor::AddManagedElement
T 2019-06-24 09:30:42:461 IECommandExecutor.cpp(577) Entering IECommandExecutor::GetCurrentBrowser
T 2019-06-24 09:30:42:461 IECommandExecutor.cpp(583) Entering IECommandExecutor::GetManagedBrowser
T 2019-06-24 09:30:42:461 ElementRepository.cpp(49) Entering ElementRepository::AddManagedElement
D 2019-06-24 09:30:42:462 ElementRepository.cpp(69) Element is not yet managed
T 2019-06-24 09:30:42:462 Browser.cpp(206) Entering Browser::GetContentWindowHandle
T 2019-06-24 09:30:42:462 Element.cpp(45) Entering Element::Element
T 2019-06-24 09:30:42:462 Element.cpp(79) Entering Element::ConvertToJson
T 2019-06-24 09:30:42:462 response.cc(72) Entering Response::SetSuccessResponse
T 2019-06-24 09:30:42:462 response.cc(78) Entering Response::SetResponse
T 2019-06-24 09:30:42:462 IECommandExecutor.cpp(577) Entering IECommandExecutor::GetCurrentBrowser
T 2019-06-24 09:30:42:462 IECommandExecutor.cpp(583) Entering IECommandExecutor::GetManagedBrowser
T 2019-06-24 09:30:42:462 response.cc(51) Entering Response::Serialize
T 2019-06-24 09:30:42:465 IESession.cpp(221) Found non-zero response length
T 2019-06-24 09:30:42:465 IECommandExecutor.cpp(156) Entering IECommandExecutor::OnGetResponse
T 2019-06-24 09:30:42:465 IECommandExecutor.cpp(285) Entering IECommandExecutor::OnIsSessionValid
D 2019-06-24 09:30:42:465 server.cc(338) Response: {"value":[{"element-6066-11e4-a52e-4f735466cecf":"588c3c46-e015-47e8-b401-730ed634de19"}]}

T 2019-06-24 09:30:42:465 server.cc(391) Entering Server::SendResponseToClient
T 2019-06-24 09:30:42:465 response.cc(30) Entering Response::Deserialize
T 2019-06-24 09:30:42:465 server.cc(445) Entering Server::SendHttpOk
T 2019-06-24 09:30:42:471 server.cc(174) Entering Server::ProcessRequest
T 2019-06-24 09:30:42:471 server.cc(238) Entering Server::ReadRequestBody
T 2019-06-24 09:30:42:471 server.cc(183) Process request with: URI: /session/0e47ae16-db2c-4e68-aebf-925af9c3f2d1/element/588c3c46-e015-47e8-b401-730ed634de19/click HTTP verb: POST
body: {"id":"588c3c46-e015-47e8-b401-730ed634de19"}
T 2019-06-24 09:30:42:471 server.cc(272) Entering Server::DispatchCommand
T 2019-06-24 09:30:42:471 server.cc(583) Entering Server::LookupCommand
D 2019-06-24 09:30:42:471 server.cc(281) Command: POST /session/0e47ae16-db2c-4e68-aebf-925af9c3f2d1/element/588c3c46-e015-47e8-b401-730ed634de19/click {"id":"588c3c46-e015-47e8-b401-730ed634de19"}
T 2019-06-24 09:30:42:471 server.cc(378) Entering Server::LookupSession
T 2019-06-24 09:30:42:472 IESession.cpp(191) Entering IESession::ExecuteCommand
T 2019-06-24 09:30:42:472 IECommandExecutor.cpp(122) Entering IECommandExecutor::OnSetCommand
T 2019-06-24 09:30:42:472 command.cc(31) Entering Command::Deserialize
D 2019-06-24 09:30:42:472 command.cc(36) Raw JSON command: { "name" : "click", "locator" : { "sessionid" : "0e47ae16-db2c-4e68-aebf-925af9c3f2d1", "id" : "588c3c46-e015-47e8-b401-730ed634de19" }, "parameters" : {"id":"588c3c46-e015-47e8-b401-730ed634de19"} }
T 2019-06-24 09:30:42:472 IECommandExecutor.cpp(133) Entering IECommandExecutor::OnExecCommand
T 2019-06-24 09:30:42:472 IESession.cpp(212) Beginning wait for response length to be not zero
T 2019-06-24 09:30:42:472 IECommandExecutor.cpp(454) Entering IECommandExecutor::DispatchCommand
T 2019-06-24 09:30:42:472 IECommandExecutor.cpp(577) Entering IECommandExecutor::GetCurrentBrowser
T 2019-06-24 09:30:42:472 IECommandExecutor.cpp(583) Entering IECommandExecutor::GetManagedBrowser
T 2019-06-24 09:30:42:472 IECommandExecutor.cpp(529) Entering IECommandExecutor::IsAlertActive
T 2019-06-24 09:30:42:472 Browser.cpp(700) Entering Browser::GetActiveDialogWindowHandle
T 2019-06-24 09:30:42:472 Browser.cpp(206) Entering Browser::GetContentWindowHandle
D 2019-06-24 09:30:42:472 IECommandExecutor.cpp(543) No alert handle is found
T 2019-06-24 09:30:42:472 IECommandExecutor.cpp(577) Entering IECommandExecutor::GetCurrentBrowser
T 2019-06-24 09:30:42:472 IECommandExecutor.cpp(583) Entering IECommandExecutor::GetManagedBrowser
T 2019-06-24 09:30:42:472 IECommandHandler.cpp(45) Entering IECommandHandler::GetElement
T 2019-06-24 09:30:42:473 IECommandExecutor.cpp(671) Entering IECommandExecutor::GetManagedElement
T 2019-06-24 09:30:42:473 ElementRepository.cpp(34) Entering ElementRepository::GetManagedElement
T 2019-06-24 09:30:42:489 IECommandExecutor.cpp(577) Entering IECommandExecutor::GetCurrentBrowser
T 2019-06-24 09:30:42:489 IECommandExecutor.cpp(583) Entering IECommandExecutor::GetManagedBrowser
T 2019-06-24 09:30:42:489 Browser.cpp(126) Entering Browser::GetDocument
I 2019-06-24 09:30:42:489 Browser.cpp(130) No child frame focus. Focus is on top-level frame
T 2019-06-24 09:30:42:503 Browser.cpp(613) Entering Browser::GetDocumentFromWindow
T 2019-06-24 09:30:42:514 Element.cpp(79) Entering Element::ConvertToJson
T 2019-06-24 09:30:42:515 InputManager.cpp(81) Entering InputManager::PerformInputSequence
D 2019-06-24 09:30:42:515 InputManager.cpp(102) Mutex acquired for user interaction.
T 2019-06-24 09:30:42:515 InputManager.cpp(533) Entering InputManager::PointerMoveTo
T 2019-06-24 09:30:42:515 ElementRepository.cpp(34) Entering ElementRepository::GetManagedElement
T 2019-06-24 09:30:42:515 Element.cpp(217) Entering Element::GetClickLocation
T 2019-06-24 09:30:42:515 Element.cpp(90) Entering Element::IsDisplayed
T 2019-06-24 09:30:42:515 Element.cpp(956) Entering Element::GetContainingDocument
T 2019-06-24 09:30:42:517 Script.cpp(49) Entering Script::Initialize
T 2019-06-24 09:30:42:517 Script.cpp(99) Entering Script::AddArgument(IHTMLElement*)
T 2019-06-24 09:30:42:517 Script.cpp(105) Entering Script::AddArgument(VARIANT)
T 2019-06-24 09:30:42:517 Script.cpp(88) Entering Script::AddArgument(bool)
T 2019-06-24 09:30:42:517 Script.cpp(105) Entering Script::AddArgument(VARIANT)
T 2019-06-24 09:30:42:517 Script.cpp(169) Entering Script::Execute
T 2019-06-24 09:30:42:517 Script.cpp(438) Entering Script::CreateAnonymousFunction
T 2019-06-24 09:30:42:548 Element.cpp(362) Entering Element::GetLocationOnceScrolledIntoView
T 2019-06-24 09:30:42:548 Element.cpp(493) Entering Element::GetLocation
T 2019-06-24 09:30:42:550 Element.cpp(629) Entering Element::IsInline
D 2019-06-24 09:30:42:557 Element.cpp(515) Element is inline with multiple client rects, finding first non-zero sized client rect
T 2019-06-24 09:30:42:559 Element.cpp(650) Entering Element::RectHasNonZeroDimensions
T 2019-06-24 09:30:42:562 Element.cpp(650) Entering Element::RectHasNonZeroDimensions
T 2019-06-24 09:30:42:563 Element.cpp(666) Entering Element::GetFrameDetails
T 2019-06-24 09:30:42:563 Element.cpp(956) Entering Element::GetContainingDocument
T 2019-06-24 09:30:42:575 Element.cpp(905) Entering Element::CalculateClickPoint
T 2019-06-24 09:30:42:575 Element.cpp(844) Entering Element::GetClickableViewPortLocation
T 2019-06-24 09:30:42:575 Element.cpp(956) Entering Element::GetContainingDocument
T 2019-06-24 09:30:42:577 DocumentHost.cpp(281) Entering DocumentHost::GetDocumentMode
T 2019-06-24 09:30:42:592 Element.cpp(931) Entering Element::IsLocationInViewPort
T 2019-06-24 09:30:42:592 Element.cpp(844) Entering Element::GetClickableViewPortLocation
T 2019-06-24 09:30:42:592 Element.cpp(956) Entering Element::GetContainingDocument
T 2019-06-24 09:30:42:594 DocumentHost.cpp(281) Entering DocumentHost::GetDocumentMode
W 2019-06-24 09:30:42:606 Element.cpp(947) Y coordinate is out of element area
D 2019-06-24 09:30:42:606 Element.cpp(383) Will need to scroll element into view
T 2019-06-24 09:30:42:621 Element.cpp(493) Entering Element::GetLocation
T 2019-06-24 09:30:42:621 Element.cpp(629) Entering Element::IsInline
D 2019-06-24 09:30:42:642 Element.cpp(515) Element is inline with multiple client rects, finding first non-zero sized client rect
T 2019-06-24 09:30:42:645 Element.cpp(650) Entering Element::RectHasNonZeroDimensions
T 2019-06-24 09:30:42:663 Element.cpp(650) Entering Element::RectHasNonZeroDimensions
T 2019-06-24 09:30:42:666 Element.cpp(666) Entering Element::GetFrameDetails
T 2019-06-24 09:30:42:666 Element.cpp(956) Entering Element::GetContainingDocument
T 2019-06-24 09:30:42:680 Element.cpp(905) Entering Element::CalculateClickPoint
T 2019-06-24 09:30:42:680 Element.cpp(844) Entering Element::GetClickableViewPortLocation
T 2019-06-24 09:30:42:680 Element.cpp(956) Entering Element::GetContainingDocument
T 2019-06-24 09:30:42:682 DocumentHost.cpp(281) Entering DocumentHost::GetDocumentMode
T 2019-06-24 09:30:42:699 Element.cpp(931) Entering Element::IsLocationInViewPort
T 2019-06-24 09:30:42:699 Element.cpp(844) Entering Element::GetClickableViewPortLocation
T 2019-06-24 09:30:42:699 Element.cpp(956) Entering Element::GetContainingDocument
T 2019-06-24 09:30:42:702 DocumentHost.cpp(281) Entering DocumentHost::GetDocumentMode
D 2019-06-24 09:30:42:717 Element.cpp(408) (x, y, w, h): 286, 1, 101, 14
T 2019-06-24 09:30:42:717 Element.cpp(905) Entering Element::CalculateClickPoint
T 2019-06-24 09:30:42:717 Element.cpp(844) Entering Element::GetClickableViewPortLocation
T 2019-06-24 09:30:42:717 Element.cpp(956) Entering Element::GetContainingDocument
T 2019-06-24 09:30:42:720 DocumentHost.cpp(281) Entering DocumentHost::GetDocumentMode
D 2019-06-24 09:30:42:735 InputManager.cpp(627) Queueing SendInput structure for mouse move (origin: 588c3c46-e015-47e8-b401-730ed634de19, x: 336, y: 8)
T 2019-06-24 09:30:42:735 Browser.cpp(206) Entering Browser::GetContentWindowHandle
T 2019-06-24 09:30:42:735 InputManager.cpp(886) Entering InputManager::AddMouseInput
T 2019-06-24 09:30:42:735 InputManager.cpp(886) Entering InputManager::AddMouseInput
T 2019-06-24 09:30:42:735 InputManager.cpp(886) Entering InputManager::AddMouseInput
T 2019-06-24 09:30:42:735 InputManager.cpp(886) Entering InputManager::AddMouseInput
T 2019-06-24 09:30:42:735 InputManager.cpp(886) Entering InputManager::AddMouseInput
T 2019-06-24 09:30:42:735 InputManager.cpp(886) Entering InputManager::AddMouseInput
T 2019-06-24 09:30:42:735 InputManager.cpp(886) Entering InputManager::AddMouseInput
T 2019-06-24 09:30:42:735 InputManager.cpp(886) Entering InputManager::AddMouseInput
T 2019-06-24 09:30:42:735 InputManager.cpp(886) Entering InputManager::AddMouseInput
T 2019-06-24 09:30:42:735 InputManager.cpp(886) Entering InputManager::AddMouseInput
T 2019-06-24 09:30:42:735 InputManager.cpp(886) Entering InputManager::AddMouseInput
T 2019-06-24 09:30:42:735 InputManager.cpp(695) Entering InputManager::PointerDown
T 2019-06-24 09:30:42:735 Browser.cpp(206) Entering Browser::GetContentWindowHandle
D 2019-06-24 09:30:42:735 InputManager.cpp(699) Queueing SendInput structure for mouse button down
T 2019-06-24 09:30:42:735 InputManager.cpp(886) Entering InputManager::AddMouseInput
T 2019-06-24 09:30:42:735 InputManager.cpp(734) Entering InputManager::PointerUp
T 2019-06-24 09:30:42:735 Browser.cpp(206) Entering Browser::GetContentWindowHandle
D 2019-06-24 09:30:42:735 InputManager.cpp(738) Queueing SendInput structure for mouse button up
T 2019-06-24 09:30:42:735 InputManager.cpp(886) Entering InputManager::AddMouseInput
D 2019-06-24 09:30:42:735 InputManager.cpp(185) Processing a total of 16 input events
T 2019-06-24 09:30:42:735 InputManager.cpp(279) Entering InputManager::PerformInputWithSendMessage
T 2019-06-24 09:30:42:735 HookProcessor.cpp(94) Entering HookProcessor::Initialize
T 2019-06-24 09:30:42:735 HookProcessor.cpp(104) Entering HookProcessor::Initialize
T 2019-06-24 09:30:42:735 HookProcessor.cpp(167) Entering HookProcessor::InstallWindowsHook
T 2019-06-24 09:30:42:735 Browser.cpp(206) Entering Browser::GetContentWindowHandle
T 2019-06-24 09:30:42:899 HookProcessor.cpp(244) Entering HookProcessor::Dispose
T 2019-06-24 09:30:42:899 HookProcessor.cpp(197) Entering HookProcessor::UninstallWindowsHook
T 2019-06-24 09:30:42:899 HookProcessor.cpp(244) Entering HookProcessor::Dispose
T 2019-06-24 09:30:43:461 response.cc(72) Entering Response::SetSuccessResponse
T 2019-06-24 09:30:43:461 response.cc(78) Entering Response::SetResponse
T 2019-06-24 09:30:43:461 IECommandExecutor.cpp(577) Entering IECommandExecutor::GetCurrentBrowser
T 2019-06-24 09:30:43:461 IECommandExecutor.cpp(583) Entering IECommandExecutor::GetManagedBrowser
T 2019-06-24 09:30:43:461 response.cc(51) Entering Response::Serialize
T 2019-06-24 09:30:43:461 IECommandExecutor.cpp(172) Entering IECommandExecutor::OnWait
T 2019-06-24 09:30:43:461 IECommandExecutor.cpp(577) Entering IECommandExecutor::GetCurrentBrowser
T 2019-06-24 09:30:43:461 IECommandExecutor.cpp(583) Entering IECommandExecutor::GetManagedBrowser
T 2019-06-24 09:30:43:461 Browser.cpp(438) Entering Browser::Wait
D 2019-06-24 09:30:43:461 Browser.cpp(448) Navigate Events Completed.
T 2019-06-24 09:30:43:461 Browser.cpp(700) Entering Browser::GetActiveDialogWindowHandle
T 2019-06-24 09:30:43:461 Browser.cpp(206) Entering Browser::GetContentWindowHandle
T 2019-06-24 09:30:43:500 Browser.cpp(50) Entering Browser::BeforeNavigate2
D 2019-06-24 09:30:43:515 Browser.cpp(508) Waiting for document to complete...
T 2019-06-24 09:30:43:515 Browser.cpp(522) Entering Browser::IsDocumentNavigating
D 2019-06-24 09:30:43:519 Browser.cpp(546) document.readyState is not 'complete'; it was loading
T 2019-06-24 09:30:43:519 IECommandExecutor.cpp(377) Entering IECommandExecutor::WaitThreadProc
T 2019-06-24 09:30:43:721 IECommandExecutor.cpp(172) Entering IECommandExecutor::OnWait
T 2019-06-24 09:30:43:721 IECommandExecutor.cpp(577) Entering IECommandExecutor::GetCurrentBrowser
T 2019-06-24 09:30:43:721 IECommandExecutor.cpp(583) Entering IECommandExecutor::GetManagedBrowser
T 2019-06-24 09:30:43:721 Browser.cpp(438) Entering Browser::Wait
D 2019-06-24 09:30:43:721 Browser.cpp(448) Navigate Events Completed.
T 2019-06-24 09:30:43:721 Browser.cpp(700) Entering Browser::GetActiveDialogWindowHandle
T 2019-06-24 09:30:43:721 Browser.cpp(206) Entering Browser::GetContentWindowHandle
D 2019-06-24 09:30:43:721 Browser.cpp(464) Browser busy property is true.
T 2019-06-24 09:30:43:722 IECommandExecutor.cpp(377) Entering IECommandExecutor::WaitThreadProc
T 2019-06-24 09:30:43:922 IECommandExecutor.cpp(172) Entering IECommandExecutor::OnWait
T 2019-06-24 09:30:43:922 IECommandExecutor.cpp(577) Entering IECommandExecutor::GetCurrentBrowser
T 2019-06-24 09:30:43:922 IECommandExecutor.cpp(583) Entering IECommandExecutor::GetManagedBrowser
T 2019-06-24 09:30:43:922 Browser.cpp(438) Entering Browser::Wait
D 2019-06-24 09:30:43:922 Browser.cpp(448) Navigate Events Completed.
T 2019-06-24 09:30:43:922 Browser.cpp(700) Entering Browser::GetActiveDialogWindowHandle
T 2019-06-24 09:30:43:922 Browser.cpp(206) Entering Browser::GetContentWindowHandle
D 2019-06-24 09:30:43:923 Browser.cpp(464) Browser busy property is true.
T 2019-06-24 09:30:43:923 IECommandExecutor.cpp(377) Entering IECommandExecutor::WaitThreadProc
T 2019-06-24 09:30:44:124 IECommandExecutor.cpp(172) Entering IECommandExecutor::OnWait
T 2019-06-24 09:30:44:124 IECommandExecutor.cpp(577) Entering IECommandExecutor::GetCurrentBrowser
T 2019-06-24 09:30:44:124 IECommandExecutor.cpp(583) Entering IECommandExecutor::GetManagedBrowser
T 2019-06-24 09:30:44:124 Browser.cpp(438) Entering Browser::Wait
D 2019-06-24 09:30:44:124 Browser.cpp(448) Navigate Events Completed.
T 2019-06-24 09:30:44:124 Browser.cpp(700) Entering Browser::GetActiveDialogWindowHandle
T 2019-06-24 09:30:44:124 Browser.cpp(206) Entering Browser::GetContentWindowHandle
D 2019-06-24 09:30:44:125 Browser.cpp(464) Browser busy property is true.
T 2019-06-24 09:30:44:125 IECommandExecutor.cpp(377) Entering IECommandExecutor::WaitThreadProc
T 2019-06-24 09:30:44:326 IECommandExecutor.cpp(172) Entering IECommandExecutor::OnWait
T 2019-06-24 09:30:44:326 IECommandExecutor.cpp(577) Entering IECommandExecutor::GetCurrentBrowser
T 2019-06-24 09:30:44:326 IECommandExecutor.cpp(583) Entering IECommandExecutor::GetManagedBrowser
T 2019-06-24 09:30:44:326 Browser.cpp(438) Entering Browser::Wait
D 2019-06-24 09:30:44:326 Browser.cpp(448) Navigate Events Completed.
T 2019-06-24 09:30:44:326 Browser.cpp(700) Entering Browser::GetActiveDialogWindowHandle
T 2019-06-24 09:30:44:326 Browser.cpp(206) Entering Browser::GetContentWindowHandle
D 2019-06-24 09:30:44:328 Browser.cpp(464) Browser busy property is true.
T 2019-06-24 09:30:44:328 IECommandExecutor.cpp(377) Entering IECommandExecutor::WaitThreadProc
T 2019-06-24 09:30:44:529 IECommandExecutor.cpp(172) Entering IECommandExecutor::OnWait
T 2019-06-24 09:30:44:529 IECommandExecutor.cpp(577) Entering IECommandExecutor::GetCurrentBrowser
T 2019-06-24 09:30:44:529 IECommandExecutor.cpp(583) Entering IECommandExecutor::GetManagedBrowser
T 2019-06-24 09:30:44:529 Browser.cpp(438) Entering Browser::Wait
D 2019-06-24 09:30:44:529 Browser.cpp(448) Navigate Events Completed.
T 2019-06-24 09:30:44:529 Browser.cpp(700) Entering Browser::GetActiveDialogWindowHandle
T 2019-06-24 09:30:44:529 Browser.cpp(206) Entering Browser::GetContentWindowHandle
D 2019-06-24 09:30:44:590 Browser.cpp(464) Browser busy property is true.
T 2019-06-24 09:30:44:590 IECommandExecutor.cpp(377) Entering IECommandExecutor::WaitThreadProc
T 2019-06-24 09:30:44:700 Browser.cpp(96) Entering Browser::DocumentComplete
D 2019-06-24 09:30:44:749 ElementRepository.cpp(113) Refreshing managed element cache. Found 1 to remove from cache.
T 2019-06-24 09:30:44:750 ElementRepository.cpp(80) Entering ElementRepository::RemoveManagedElement
T 2019-06-24 09:30:44:791 IECommandExecutor.cpp(172) Entering IECommandExecutor::OnWait
T 2019-06-24 09:30:44:792 IECommandExecutor.cpp(577) Entering IECommandExecutor::GetCurrentBrowser
T 2019-06-24 09:30:44:792 IECommandExecutor.cpp(583) Entering IECommandExecutor::GetManagedBrowser
T 2019-06-24 09:30:44:792 Browser.cpp(438) Entering Browser::Wait
D 2019-06-24 09:30:44:792 Browser.cpp(448) Navigate Events Completed.
T 2019-06-24 09:30:44:792 Browser.cpp(700) Entering Browser::GetActiveDialogWindowHandle
T 2019-06-24 09:30:44:792 Browser.cpp(206) Entering Browser::GetContentWindowHandle
D 2019-06-24 09:30:44:814 Browser.cpp(508) Waiting for document to complete...
T 2019-06-24 09:30:44:814 Browser.cpp(522) Entering Browser::IsDocumentNavigating
D 2019-06-24 09:30:44:833 Browser.cpp(513) Not in navigating state
T 2019-06-24 09:30:44:834 IESession.cpp(221) Found non-zero response length
T 2019-06-24 09:30:44:834 IECommandExecutor.cpp(156) Entering IECommandExecutor::OnGetResponse
T 2019-06-24 09:30:44:834 IECommandExecutor.cpp(285) Entering IECommandExecutor::OnIsSessionValid
D 2019-06-24 09:30:44:834 server.cc(338) Response: {"value":null}

T 2019-06-24 09:30:44:834 server.cc(391) Entering Server::SendResponseToClient
T 2019-06-24 09:30:44:834 response.cc(30) Entering Response::Deserialize
T 2019-06-24 09:30:44:834 server.cc(445) Entering Server::SendHttpOk
T 2019-06-24 09:30:44:845 server.cc(174) Entering Server::ProcessRequest
T 2019-06-24 09:30:44:845 server.cc(183) Process request with: URI: /session/0e47ae16-db2c-4e68-aebf-925af9c3f2d1 HTTP verb: DELETE
body: {}
T 2019-06-24 09:30:44:845 server.cc(272) Entering Server::DispatchCommand
T 2019-06-24 09:30:44:845 server.cc(583) Entering Server::LookupCommand
D 2019-06-24 09:30:44:845 server.cc(281) Command: DELETE /session/0e47ae16-db2c-4e68-aebf-925af9c3f2d1 {}
T 2019-06-24 09:30:44:845 server.cc(378) Entering Server::LookupSession
T 2019-06-24 09:30:44:845 IESession.cpp(191) Entering IESession::ExecuteCommand
T 2019-06-24 09:30:44:846 IECommandExecutor.cpp(122) Entering IECommandExecutor::OnSetCommand
T 2019-06-24 09:30:44:846 command.cc(31) Entering Command::Deserialize
D 2019-06-24 09:30:44:846 command.cc(36) Raw JSON command: { "name" : "quit", "locator" : { "sessionid" : "0e47ae16-db2c-4e68-aebf-925af9c3f2d1" }, "parameters" : {} }
T 2019-06-24 09:30:44:846 IECommandExecutor.cpp(133) Entering IECommandExecutor::OnExecCommand
T 2019-06-24 09:30:44:846 IECommandExecutor.cpp(454) Entering IECommandExecutor::DispatchCommand
T 2019-06-24 09:30:44:846 IECommandExecutor.cpp(577) Entering IECommandExecutor::GetCurrentBrowser
T 2019-06-24 09:30:44:846 IECommandExecutor.cpp(583) Entering IECommandExecutor::GetManagedBrowser
T 2019-06-24 09:30:44:846 IECommandExecutor.cpp(529) Entering IECommandExecutor::IsAlertActive
T 2019-06-24 09:30:44:846 Browser.cpp(700) Entering Browser::GetActiveDialogWindowHandle
T 2019-06-24 09:30:44:846 Browser.cpp(206) Entering Browser::GetContentWindowHandle
T 2019-06-24 09:30:44:846 IESession.cpp(212) Beginning wait for response length to be not zero
D 2019-06-24 09:30:44:846 IECommandExecutor.cpp(543) No alert handle is found
T 2019-06-24 09:30:44:846 IECommandExecutor.cpp(607) Entering IECommandExecutor::GetManagedBrowserHandles
T 2019-06-24 09:30:44:846 Browser.cpp(425) Entering Browser::IsValidWindow
T 2019-06-24 09:30:44:847 Browser.cpp(700) Entering Browser::GetActiveDialogWindowHandle
T 2019-06-24 09:30:44:847 Browser.cpp(206) Entering Browser::GetContentWindowHandle
T 2019-06-24 09:30:44:848 IECommandExecutor.cpp(583) Entering IECommandExecutor::GetManagedBrowser
T 2019-06-24 09:30:44:848 Browser.cpp(307) Entering Browser::Close
T 2019-06-24 09:30:44:848 DocumentHost.cpp(142) Entering DocumentHost::SetFocusedFrameByElement
T 2019-06-24 09:30:44:851 response.cc(72) Entering Response::SetSuccessResponse
T 2019-06-24 09:30:44:851 response.cc(78) Entering Response::SetResponse
T 2019-06-24 09:30:44:851 IECommandExecutor.cpp(577) Entering IECommandExecutor::GetCurrentBrowser
T 2019-06-24 09:30:44:851 IECommandExecutor.cpp(583) Entering IECommandExecutor::GetManagedBrowser
T 2019-06-24 09:30:44:851 IECommandExecutor.cpp(586) Current command executor is not valid
T 2019-06-24 09:30:44:851 response.cc(51) Entering Response::Serialize
T 2019-06-24 09:30:44:852 Browser.cpp(54) Entering Browser::OnQuit
T 2019-06-24 09:30:44:852 DocumentHost.cpp(252) Entering DocumentHost::PostQuitMessage
T 2019-06-24 09:30:44:853 IECommandExecutor.cpp(250) Entering IECommandExecutor::OnBrowserQuit
T 2019-06-24 09:30:44:853 IECommandExecutor.cpp(529) Entering IECommandExecutor::IsAlertActive
T 2019-06-24 09:30:44:853 Browser.cpp(700) Entering Browser::GetActiveDialogWindowHandle
T 2019-06-24 09:30:44:853 Browser.cpp(206) Entering Browser::GetContentWindowHandle
D 2019-06-24 09:30:44:853 IECommandExecutor.cpp(543) No alert handle is found
T 2019-06-24 09:30:44:853 Browser.cpp(300) Entering Browser::DetachEvents
T 2019-06-24 09:30:44:858 IESession.cpp(221) Found non-zero response length
T 2019-06-24 09:30:44:858 IECommandExecutor.cpp(156) Entering IECommandExecutor::OnGetResponse
T 2019-06-24 09:30:44:858 IECommandExecutor.cpp(285) Entering IECommandExecutor::OnIsSessionValid
T 2019-06-24 09:30:44:858 server.cc(225) Entering Server::ShutDownSession
T 2019-06-24 09:30:44:858 IESession.cpp(119) Entering IESession::ShutDown
T 2019-06-24 09:30:44:858 IESession.cpp(173) Entering IESession::WaitForCommandExecutorExit
D 2019-06-24 09:30:44:858 IESession.cpp(150) Executor shutdown successful!
D 2019-06-24 09:30:44:858 IESession.cpp(158) Posting thread shutdown message
D 2019-06-24 09:30:44:858 IESession.cpp(161) Starting wait for thread completion
D 2019-06-24 09:30:44:858 IESession.cpp(164) Waiting for thread to end returned 4294967295
D 2019-06-24 09:30:44:858 server.cc(338) Response: {"value":null}

T 2019-06-24 09:30:44:858 server.cc(391) Entering Server::SendResponseToClient
T 2019-06-24 09:30:44:858 response.cc(30) Entering Response::Deserialize
T 2019-06-24 09:30:44:858 server.cc(445) Entering Server::SendHttpOk
T 2019-06-24 09:30:44:867 server.cc(174) Entering Server::ProcessRequest
T 2019-06-24 09:30:44:867 server.cc(183) Process request with: URI: /shutdown HTTP verb: GET
body: {}
T 2019-06-24 09:30:44:867 server.cc(445) Entering Server::SendHttpOk
T 2019-06-24 09:30:44:867 IEServer.cpp(88) Entering IEServer::ShutDown
T 2019-06-24 09:30:44:868 WebDriver.cpp(54) Entering StopServer
T 2019-06-24 09:30:44:868 server.cc(165) Entering Server::Stop
D 2019-06-24 09:30:44:916 IECommandExecutor.cpp(436) Shutdown message received
D 2019-06-24 09:30:44:916 IECommandExecutor.cpp(97) Entering IECommandExecutor::OnDestroy
D 2019-06-24 09:30:44:916 IECommandExecutor.cpp(99) Clearing managed element cache
D 2019-06-24 09:30:44:916 IECommandExecutor.cpp(102) Closing command handler repository
D 2019-06-24 09:30:44:916 IECommandExecutor.cpp(104) Closing element finder
D 2019-06-24 09:30:44:916 IECommandExecutor.cpp(106) Closing input manager
D 2019-06-24 09:30:44:916 IECommandExecutor.cpp(108) Closing proxy manager
T 2019-06-24 09:30:44:916 ProxyManager.cpp(185) ProxyManager::RestoreProxySettings
D 2019-06-24 09:30:44:916 IECommandExecutor.cpp(110) Closing browser factory
D 2019-06-24 09:30:44:916 IECommandExecutor.cpp(112) Posting quit message
D 2019-06-24 09:30:44:916 IECommandExecutor.cpp(114) Leaving IECommandExecutor::OnDestroy
D 2019-06-24 09:30:44:917 IECommandExecutor.cpp(438) Returned from DestroyWindow()
D 2019-06-24 09:30:44:917 IECommandExecutor.cpp(447) Exited IECommandExecutor thread message loop
