I 2019-06-12 09:38:04:835 server.cc(86) Starting WebDriver server on port: '12738' on host: ''
T 2019-06-12 09:38:04:836 server.cc(634) Entering Server::PopulateCommandRepository
T 2019-06-12 09:38:04:852 IEServer.cpp(32) Entering IEServer::IEServer
I 2019-06-12 09:38:04:853 IEServer.cpp(33) Driver version: 3.6.0.0 (32-bit)
T 2019-06-12 09:38:04:853 server.cc(121) Entering Server::Start
D 2019-06-12 09:38:04:853 server.cc(148) Civetweb ACL is -0.0.0.0/0,+127.0.0.1
T 2019-06-12 09:38:05:131 server.cc(174) Entering Server::ProcessRequest
T 2019-06-12 09:38:05:131 server.cc(183) Process request with: URI: /status HTTP verb: GET
body: {}
T 2019-06-12 09:38:05:131 server.cc(272) Entering Server::DispatchCommand
T 2019-06-12 09:38:05:131 server.cc(583) Entering Server::LookupCommand
D 2019-06-12 09:38:05:132 server.cc(281) Command: GET /status {}
T 2019-06-12 09:38:05:132 IEServer.cpp(51) Entering IEServer::GetStatus
T 2019-06-12 09:38:05:133 response.cc(72) Entering Response::SetSuccessResponse
T 2019-06-12 09:38:05:133 response.cc(78) Entering Response::SetResponse
T 2019-06-12 09:38:05:133 response.cc(51) Entering Response::Serialize
D 2019-06-12 09:38:05:133 server.cc(338) Response: {"value":{"build":{"version":"3.6.0.0 (32-bit)"},"message":"Ready to create session","os":{"arch":"x64","name":"windows","version":"10.0.17134.376 (WinBuild.160101.0800)"},"ready":true}}

T 2019-06-12 09:38:05:133 server.cc(391) Entering Server::SendResponseToClient
T 2019-06-12 09:38:05:133 response.cc(30) Entering Response::Deserialize
T 2019-06-12 09:38:05:133 server.cc(445) Entering Server::SendHttpOk
T 2019-06-12 09:38:05:148 server.cc(174) Entering Server::ProcessRequest
T 2019-06-12 09:38:05:148 server.cc(238) Entering Server::ReadRequestBody
T 2019-06-12 09:38:05:148 server.cc(183) Process request with: URI: /session HTTP verb: POST
body: {
  "desiredCapabilities": {"browserName":"internet explorer","ensureCleanSession":true,"ie.usePerProcessProxy":"true","platform":"WINDOWS","se:ieOptions":{"ie.usePerProcessProxy":"true"}},
  "capabilities": {
    "desiredCapabilities": {"browserName":"internet explorer","ensureCleanSession":true,"ie.usePerProcessProxy":"true","platform":"WINDOWS","se:ieOptions":{"ie.usePerProcessProxy":"true"}},
    "firstMatch": [
      {"browserName":"internet explorer","platformName":"windows","se:ieOptions":{"ie.usePerProcessProxy":"true"}}
    ]
  }
}
T 2019-06-12 09:38:05:148 server.cc(272) Entering Server::DispatchCommand
T 2019-06-12 09:38:05:148 server.cc(583) Entering Server::LookupCommand
D 2019-06-12 09:38:05:148 server.cc(281) Command: POST /session {
  "desiredCapabilities": {"browserName":"internet explorer","ensureCleanSession":true,"ie.usePerProcessProxy":"true","platform":"WINDOWS","se:ieOptions":{"ie.usePerProcessProxy":"true"}},
  "capabilities": {
    "desiredCapabilities": {"browserName":"internet explorer","ensureCleanSession":true,"ie.usePerProcessProxy":"true","platform":"WINDOWS","se:ieOptions":{"ie.usePerProcessProxy":"true"}},
    "firstMatch": [
      {"browserName":"internet explorer","platformName":"windows","se:ieOptions":{"ie.usePerProcessProxy":"true"}}
    ]
  }
}
T 2019-06-12 09:38:05:148 IEServer.cpp(42) Entering IEServer::InitializeSession
T 2019-06-12 09:38:05:148 IESession.cpp(38) Entering IESession::Initialize
D 2019-06-12 09:38:05:148 IESession.cpp(53) Mutex acquired for session initalization
T 2019-06-12 09:38:05:180 IECommandExecutor.cpp(386) Entering IECommandExecutor::ThreadProc
T 2019-06-12 09:38:05:227 IECommandExecutor.cpp(47) Entering IECommandExecutor::OnCreate
T 2019-06-12 09:38:05:231 IECommandExecutor.cpp(753) Entering IECommandExecutor::PopulateElementFinderMethods
T 2019-06-12 09:38:05:231 InputManager.cpp(40) Entering InputManager::InputManager
T 2019-06-12 09:38:05:231 InputManager.cpp(75) Entering InputManager::Initialize
T 2019-06-12 09:38:05:231 BrowserFactory.cpp(998) Entering BrowserFactory::GetExecutableLocation
T 2019-06-12 09:38:05:232 BrowserFactory.cpp(1039) Entering BrowserFactory::GetIEVersion
T 2019-06-12 09:38:05:233 CommandHandlerRepository.cpp(108) Entering CommandHandlerRepository::PopulateCommandHandlers
T 2019-06-12 09:38:05:236 IESession.cpp(99) Created thread for command executor returns HWND: '00011B40'
T 2019-06-12 09:38:05:243 IESession.cpp(103) Session id is retrived from command executor window: '120636ba-5e18-42c1-af79-190829d11581'
D 2019-06-12 09:38:05:244 IESession.cpp(109) Releasing session initialization mutex
T 2019-06-12 09:38:05:244 IESession.cpp(191) Entering IESession::ExecuteCommand
T 2019-06-12 09:38:05:245 IECommandExecutor.cpp(122) Entering IECommandExecutor::OnSetCommand
T 2019-06-12 09:38:05:245 command.cc(31) Entering Command::Deserialize
D 2019-06-12 09:38:05:245 command.cc(36) Raw JSON command: { "name" : "newSession", "locator" : { }, "parameters" : {
  "desiredCapabilities": {"browserName":"internet explorer","ensureCleanSession":true,"ie.usePerProcessProxy":"true","platform":"WINDOWS","se:ieOptions":{"ie.usePerProcessProxy":"true"}},
  "capabilities": {
    "desiredCapabilities": {"browserName":"internet explorer","ensureCleanSession":true,"ie.usePerProcessProxy":"true","platform":"WINDOWS","se:ieOptions":{"ie.usePerProcessProxy":"true"}},
    "firstMatch": [
      {"browserName":"internet explorer","platformName":"windows","se:ieOptions":{"ie.usePerProcessProxy":"true"}}
    ]
  }
} }
T 2019-06-12 09:38:05:246 IECommandExecutor.cpp(133) Entering IECommandExecutor::OnExecCommand
T 2019-06-12 09:38:05:246 IESession.cpp(212) Beginning wait for response length to be not zero
T 2019-06-12 09:38:05:246 IECommandExecutor.cpp(454) Entering IECommandExecutor::DispatchCommand
D 2019-06-12 09:38:05:246 CommandHandlers\NewSessionCommandHandler.cpp(46) Found W3C capabilities structure
D 2019-06-12 09:38:05:247 CommandHandlers\NewSessionCommandHandler.cpp(505) Validating capabilities object
D 2019-06-12 09:38:05:247 CommandHandlers\NewSessionCommandHandler.cpp(505) Validating capabilities object
D 2019-06-12 09:38:05:247 CommandHandlers\NewSessionCommandHandler.cpp(535) Found browserNamecapability. Validating value type is string.
D 2019-06-12 09:38:05:247 CommandHandlers\NewSessionCommandHandler.cpp(564) Found platformNamecapability. Validating value type is string.
D 2019-06-12 09:38:05:247 CommandHandlers\NewSessionCommandHandler.cpp(794) Found proxycapability. Validating value type is object.
T 2019-06-12 09:38:05:247 BrowserFactory.cpp(113) Entering BrowserFactory::Initialize
T 2019-06-12 09:38:05:247 IECommandExecutor.cpp(631) Entering IECommandExecutor::CreateNewBrowser
T 2019-06-12 09:38:05:247 BrowserFactory.cpp(142) Entering BrowserFactory::LaunchBrowserProcess
D 2019-06-12 09:38:05:247 BrowserFactory.cpp(146) Ignoring Protected Mode Settings: 0
D 2019-06-12 09:38:05:247 BrowserFactory.cpp(149) Checking validity of Protected Mode settings.
T 2019-06-12 09:38:05:247 BrowserFactory.cpp(1058) Entering BrowserFactory::ProtectedModeSettingsAreValid
D 2019-06-12 09:38:05:247 BrowserFactory.cpp(1061) Detected IE version: 11, Windows version supports Protected Mode: 1
T 2019-06-12 09:38:05:247 BrowserFactory.cpp(1135) Entering BrowserFactory::GetZoneProtectedModeSetting
D 2019-06-12 09:38:05:248 BrowserFactory.cpp(1152) Found Protected Mode setting value of 3 for zone 1
T 2019-06-12 09:38:05:248 BrowserFactory.cpp(1135) Entering BrowserFactory::GetZoneProtectedModeSetting
D 2019-06-12 09:38:05:248 BrowserFactory.cpp(1156) RegQueryValueEx failed for getting Protected Mode setting for a zone: 2
T 2019-06-12 09:38:05:248 BrowserFactory.cpp(1135) Entering BrowserFactory::GetZoneProtectedModeSetting
D 2019-06-12 09:38:05:248 BrowserFactory.cpp(1156) RegQueryValueEx failed for getting Protected Mode setting for a zone: 3
T 2019-06-12 09:38:05:248 BrowserFactory.cpp(1135) Entering BrowserFactory::GetZoneProtectedModeSetting
D 2019-06-12 09:38:05:248 BrowserFactory.cpp(1156) RegQueryValueEx failed for getting Protected Mode setting for a zone: 4
D 2019-06-12 09:38:05:248 BrowserFactory.cpp(152) Has Valid Protected Mode Settings: 1
T 2019-06-12 09:38:05:248 BrowserFactory.cpp(226) Entering BrowserFactory::IsIELaunchURLAvailable
T 2019-06-12 09:38:05:275 BrowserFactory.cpp(130) Entering BrowserFactory::ClearCache
T 2019-06-12 09:38:05:275 BrowserFactory.cpp(247) Entering BrowserFactory::LaunchBrowserUsingIELaunchURL
D 2019-06-12 09:38:05:275 BrowserFactory.cpp(248) Starting IE using the IELaunchURL API
D 2019-06-12 09:38:08:035 BrowserFactory.cpp(202) IE launched successfully with process ID 19916
D 2019-06-12 09:38:08:035 BrowserFactory.cpp(208) Process with ID 19916 is executing iexplore.exe
T 2019-06-12 09:38:08:035 BrowserFactory.cpp(365) Entering BrowserFactory::AttachToBrowser
D 2019-06-12 09:38:08:035 BrowserFactory.cpp(375) Using Active Accessibility to find IWebBrowser2 interface
T 2019-06-12 09:38:08:035 BrowserFactory.cpp(414) Entering BrowserFactory::AttachToBrowserUsingActiveAccessibility
T 2019-06-12 09:38:10:342 server.cc(174) Entering Server::ProcessRequest
T 2019-06-12 09:38:10:342 server.cc(183) Process request with: URI: / HTTP verb: GET
body: {}
T 2019-06-12 09:38:10:342 server.cc(445) Entering Server::SendHttpOk
D 2019-06-12 09:38:10:922 BrowserFactory.cpp(434) Found window handle 00021BDE for window with class 'Internet Explorer_Server' belonging to process with id 19916
T 2019-06-12 09:38:10:922 BrowserFactory.cpp(329) Entering BrowserFactory::GetDocumentFromWindowHandle
T 2019-06-12 09:38:11:041 server.cc(174) Entering Server::ProcessRequest
T 2019-06-12 09:38:11:041 server.cc(183) Process request with: URI: /favicon.ico HTTP verb: GET
body: {}
T 2019-06-12 09:38:11:041 server.cc(272) Entering Server::DispatchCommand
T 2019-06-12 09:38:11:041 server.cc(583) Entering Server::LookupCommand
D 2019-06-12 09:38:11:041 server.cc(281) Command: GET /favicon.ico {}
D 2019-06-12 09:38:11:041 server.cc(338) Response: { "error" : "unknown method", "message" : "Command not found: GET /favicon.ico" }
T 2019-06-12 09:38:11:041 server.cc(391) Entering Server::SendResponseToClient
T 2019-06-12 09:38:11:041 response.cc(30) Entering Response::Deserialize
T 2019-06-12 09:38:11:041 server.cc(445) Entering Server::SendHttpOk
D 2019-06-12 09:38:11:308 BrowserFactory.cpp(396) Ignoring zoom setting: 0
T 2019-06-12 09:38:11:308 BrowserFactory.cpp(574) Entering BrowserFactory::GetBrowserZoomLevel
T 2019-06-12 09:38:11:374 BrowserFactory.cpp(614) Entering BrowserFactory::GetZoomLevel
D 2019-06-12 09:38:11:512 BrowserFactory.cpp(694) Browser zoom level is 100%
I 2019-06-12 09:38:11:537 IECommandExecutor.cpp(654) Persistent hovering set to: 1
T 2019-06-12 09:38:11:537 ProxyManager.cpp(97) ProxyManager::SetProxySettings
D 2019-06-12 09:38:11:537 ProxyManager.cpp(113) Using existing system proxy settings.
T 2019-06-12 09:38:11:538 DocumentHost.cpp(33) Entering DocumentHost::DocumentHost
T 2019-06-12 09:38:11:538 CookieManager.cpp(49) Entering CookieManager::Initialize
T 2019-06-12 09:38:11:538 Browser.cpp(33) Entering Browser::Browser
T 2019-06-12 09:38:11:538 Browser.cpp(293) Entering Browser::AttachEvents
T 2019-06-12 09:38:11:571 IECommandExecutor.cpp(621) Entering IECommandExecutor::AddManagedBrowser
T 2019-06-12 09:38:11:571 IECommandExecutor.cpp(625) Setting current browser id to 36d86f83-b07b-4119-b7b0-d0a734d5755e
T 2019-06-12 09:38:11:572 response.cc(72) Entering Response::SetSuccessResponse
T 2019-06-12 09:38:11:572 response.cc(78) Entering Response::SetResponse
T 2019-06-12 09:38:11:572 IECommandExecutor.cpp(577) Entering IECommandExecutor::GetCurrentBrowser
T 2019-06-12 09:38:11:572 IECommandExecutor.cpp(583) Entering IECommandExecutor::GetManagedBrowser
T 2019-06-12 09:38:11:572 response.cc(51) Entering Response::Serialize
T 2019-06-12 09:38:11:583 IESession.cpp(221) Found non-zero response length
T 2019-06-12 09:38:11:585 IECommandExecutor.cpp(156) Entering IECommandExecutor::OnGetResponse
T 2019-06-12 09:38:11:585 IECommandExecutor.cpp(285) Entering IECommandExecutor::OnIsSessionValid
T 2019-06-12 09:38:11:585 response.cc(30) Entering Response::Deserialize
D 2019-06-12 09:38:11:585 server.cc(338) Response: {"value":{"capabilities":{"acceptInsecureCerts":false,"browserName":"internet explorer","browserVersion":"11","pageLoadStrategy":"normal","platformName":"windows","se:ieOptions":{"browserAttachTimeout":0,"elementScrollBehavior":0,"enablePersistentHover":true,"ie.browserCommandLineSwitches":"","ie.ensureCleanSession":false,"ie.fileUploadDialogTimeout":3000,"ie.forceCreateProcessApi":false,"ignoreProtectedModeSettings":false,"ignoreZoomSetting":false,"initialBrowserUrl":"http://localhost:12738/","nativeEvents":true,"requireWindowFocus":false},"setWindowRect":true},"sessionId":"120636ba-5e18-42c1-af79-190829d11581"}}

T 2019-06-12 09:38:11:585 server.cc(391) Entering Server::SendResponseToClient
T 2019-06-12 09:38:11:585 response.cc(30) Entering Response::Deserialize
T 2019-06-12 09:38:11:585 server.cc(445) Entering Server::SendHttpOk
T 2019-06-12 09:38:11:613 server.cc(174) Entering Server::ProcessRequest
T 2019-06-12 09:38:11:613 server.cc(238) Entering Server::ReadRequestBody
T 2019-06-12 09:38:11:613 server.cc(183) Process request with: URI: /session/120636ba-5e18-42c1-af79-190829d11581/timeouts HTTP verb: POST
body: {"implicit":0}
T 2019-06-12 09:38:11:613 server.cc(272) Entering Server::DispatchCommand
T 2019-06-12 09:38:11:614 server.cc(583) Entering Server::LookupCommand
D 2019-06-12 09:38:11:614 server.cc(281) Command: POST /session/120636ba-5e18-42c1-af79-190829d11581/timeouts {"implicit":0}
T 2019-06-12 09:38:11:614 server.cc(378) Entering Server::LookupSession
T 2019-06-12 09:38:11:614 IESession.cpp(191) Entering IESession::ExecuteCommand
T 2019-06-12 09:38:11:617 IECommandExecutor.cpp(122) Entering IECommandExecutor::OnSetCommand
T 2019-06-12 09:38:11:617 command.cc(31) Entering Command::Deserialize
D 2019-06-12 09:38:11:617 command.cc(36) Raw JSON command: { "name" : "setTimeouts", "locator" : { "sessionid" : "120636ba-5e18-42c1-af79-190829d11581" }, "parameters" : {"implicit":0} }
T 2019-06-12 09:38:11:617 IECommandExecutor.cpp(133) Entering IECommandExecutor::OnExecCommand
T 2019-06-12 09:38:11:618 IECommandExecutor.cpp(454) Entering IECommandExecutor::DispatchCommand
T 2019-06-12 09:38:11:618 IECommandExecutor.cpp(577) Entering IECommandExecutor::GetCurrentBrowser
T 2019-06-12 09:38:11:618 IECommandExecutor.cpp(583) Entering IECommandExecutor::GetManagedBrowser
T 2019-06-12 09:38:11:618 IECommandExecutor.cpp(529) Entering IECommandExecutor::IsAlertActive
T 2019-06-12 09:38:11:618 Browser.cpp(700) Entering Browser::GetActiveDialogWindowHandle
T 2019-06-12 09:38:11:618 Browser.cpp(206) Entering Browser::GetContentWindowHandle
D 2019-06-12 09:38:11:619 IECommandExecutor.cpp(543) No alert handle is found
T 2019-06-12 09:38:11:619 IECommandExecutor.cpp(577) Entering IECommandExecutor::GetCurrentBrowser
T 2019-06-12 09:38:11:619 IECommandExecutor.cpp(583) Entering IECommandExecutor::GetManagedBrowser
T 2019-06-12 09:38:11:619 response.cc(51) Entering Response::Serialize
T 2019-06-12 09:38:11:620 IESession.cpp(212) Beginning wait for response length to be not zero
T 2019-06-12 09:38:11:620 IESession.cpp(221) Found non-zero response length
T 2019-06-12 09:38:11:620 IECommandExecutor.cpp(156) Entering IECommandExecutor::OnGetResponse
T 2019-06-12 09:38:11:620 IECommandExecutor.cpp(285) Entering IECommandExecutor::OnIsSessionValid
D 2019-06-12 09:38:11:620 server.cc(338) Response: {"value":null}

T 2019-06-12 09:38:11:620 server.cc(391) Entering Server::SendResponseToClient
T 2019-06-12 09:38:11:620 response.cc(30) Entering Response::Deserialize
T 2019-06-12 09:38:11:620 server.cc(445) Entering Server::SendHttpOk
T 2019-06-12 09:38:11:629 server.cc(174) Entering Server::ProcessRequest
T 2019-06-12 09:38:11:629 server.cc(238) Entering Server::ReadRequestBody
T 2019-06-12 09:38:11:629 server.cc(183) Process request with: URI: /session/120636ba-5e18-42c1-af79-190829d11581/execute/sync HTTP verb: POST
body: {"script":"return navigator.sayswho\u003d (function() { var ua\u003d navigator.userAgent, tem, M\u003d ua.match(/(opera|chrome|safari|firefox|msie|trident)\\/?\\s*(\\.?\\d+(\\.\\d+)*)/i) || []; if (/trident/i.test(M[1])) {     tem\u003d  /\\brv[ :]+(\\d+)/g.exec(ua) || [];     return \u0027IE \u0027+(tem[1] || \u0027\u0027); } if(M[1]\u003d\u003d\u003d \u0027Chrome\u0027) {     tem\u003d ua.match(/\\b(OPR|Edge)\\/(\\d+)/);     if(tem!\u003d null) return tem.slice(1).join(\u0027 \u0027).replace(\u0027OPR\u0027, \u0027Opera\u0027); } M\u003d M[2]? [M[1], M[2]]: [navigator.appName, navigator.appVersion, \u0027-?\u0027]; if((tem\u003d ua.match(/version\\/(\\d+)/i))!\u003d null) M.splice(1, 1, tem[1]); return M.join(\u0027 \u0027).replace(\u0027MSIE\u0027, \u0027IE\u0027);})();","args":[]}
T 2019-06-12 09:38:11:629 server.cc(272) Entering Server::DispatchCommand
T 2019-06-12 09:38:11:629 server.cc(583) Entering Server::LookupCommand
D 2019-06-12 09:38:11:629 server.cc(281) Command: POST /session/120636ba-5e18-42c1-af79-190829d11581/execute/sync {"script":"return navigator.sayswho\u003d (function() { var ua\u003d navigator.userAgent, tem, M\u003d ua.match(/(opera|chrome|safari|firefox|msie|trident)\\/?\\s*(\\.?\\d+(\\.\\d+)*)/i) || []; if (/trident/i.test(M[1])) {     tem\u003d  /\\brv[ :]+(\\d+)/g.exec(ua) || [];     return \u0027IE \u0027+(tem[1] || \u0027\u0027); } if(M[1]\u003d\u003d\u003d \u0027Chrome\u0027) {     tem\u003d ua.match(/\\b(OPR|Edge)\\/(\\d+)/);     if(tem!\u003d null) return tem.slice(1).join(\u0027 \u0027).replace(\u0027OPR\u0027, \u0027Opera\u0027); } M\u003d M[2]? [M[1], M[2]]: [navigator.appName, navigator.appVersion, \u0027-?\u0027]; if((tem\u003d ua.match(/version\\/(\\d+)/i))!\u003d null) M.splice(1, 1, tem[1]); return M.join(\u0027 \u0027).replace(\u0027MSIE\u0027, \u0027IE\u0027);})();","args":[]}
T 2019-06-12 09:38:11:629 server.cc(378) Entering Server::LookupSession
T 2019-06-12 09:38:11:629 IESession.cpp(191) Entering IESession::ExecuteCommand
T 2019-06-12 09:38:11:631 IECommandExecutor.cpp(122) Entering IECommandExecutor::OnSetCommand
T 2019-06-12 09:38:11:631 command.cc(31) Entering Command::Deserialize
D 2019-06-12 09:38:11:631 command.cc(36) Raw JSON command: { "name" : "executeScript", "locator" : { "sessionid" : "120636ba-5e18-42c1-af79-190829d11581" }, "parameters" : {"script":"return navigator.sayswho\u003d (function() { var ua\u003d navigator.userAgent, tem, M\u003d ua.match(/(opera|chrome|safari|firefox|msie|trident)\\/?\\s*(\\.?\\d+(\\.\\d+)*)/i) || []; if (/trident/i.test(M[1])) {     tem\u003d  /\\brv[ :]+(\\d+)/g.exec(ua) || [];     return \u0027IE \u0027+(tem[1] || \u0027\u0027); } if(M[1]\u003d\u003d\u003d \u0027Chrome\u0027) {     tem\u003d ua.match(/\\b(OPR|Edge)\\/(\\d+)/);     if(tem!\u003d null) return tem.slice(1).join(\u0027 \u0027).replace(\u0027OPR\u0027, \u0027Opera\u0027); } M\u003d M[2]? [M[1], M[2]]: [navigator.appName, navigator.appVersion, \u0027-?\u0027]; if((tem\u003d ua.match(/version\\/(\\d+)/i))!\u003d null) M.splice(1, 1, tem[1]); return M.join(\u0027 \u0027).replace(\u0027MSIE\u0027, \u0027IE\u0027);})();","args":[]} }
T 2019-06-12 09:38:11:631 IECommandExecutor.cpp(133) Entering IECommandExecutor::OnExecCommand
T 2019-06-12 09:38:11:631 IECommandExecutor.cpp(454) Entering IECommandExecutor::DispatchCommand
T 2019-06-12 09:38:11:631 IECommandExecutor.cpp(577) Entering IECommandExecutor::GetCurrentBrowser
T 2019-06-12 09:38:11:631 IECommandExecutor.cpp(583) Entering IECommandExecutor::GetManagedBrowser
T 2019-06-12 09:38:11:631 IECommandExecutor.cpp(529) Entering IECommandExecutor::IsAlertActive
T 2019-06-12 09:38:11:632 Browser.cpp(700) Entering Browser::GetActiveDialogWindowHandle
T 2019-06-12 09:38:11:632 Browser.cpp(206) Entering Browser::GetContentWindowHandle
D 2019-06-12 09:38:11:632 IECommandExecutor.cpp(543) No alert handle is found
T 2019-06-12 09:38:11:632 IECommandExecutor.cpp(577) Entering IECommandExecutor::GetCurrentBrowser
T 2019-06-12 09:38:11:632 IECommandExecutor.cpp(583) Entering IECommandExecutor::GetManagedBrowser
T 2019-06-12 09:38:11:633 Browser.cpp(126) Entering Browser::GetDocument
I 2019-06-12 09:38:11:633 Browser.cpp(130) No child frame focus. Focus is on top-level frame
T 2019-06-12 09:38:11:633 IESession.cpp(212) Beginning wait for response length to be not zero
T 2019-06-12 09:38:11:687 Browser.cpp(613) Entering Browser::GetDocumentFromWindow
T 2019-06-12 09:38:11:716 Script.cpp(49) Entering Script::Initialize
T 2019-06-12 09:38:11:717 CommandHandlers\ExecuteScriptCommandHandler.cpp(85) Entering ExecuteScriptCommandHandler::PopulateArgumentArray
T 2019-06-12 09:38:11:717 Script.cpp(169) Entering Script::Execute
T 2019-06-12 09:38:11:717 Script.cpp(438) Entering Script::CreateAnonymousFunction
T 2019-06-12 09:38:11:800 Script.cpp(426) Entering Script::ConvertResultToJsonValue
T 2019-06-12 09:38:11:801 response.cc(72) Entering Response::SetSuccessResponse
T 2019-06-12 09:38:11:801 response.cc(78) Entering Response::SetResponse
T 2019-06-12 09:38:11:803 IECommandExecutor.cpp(577) Entering IECommandExecutor::GetCurrentBrowser
T 2019-06-12 09:38:11:803 IECommandExecutor.cpp(583) Entering IECommandExecutor::GetManagedBrowser
T 2019-06-12 09:38:11:803 response.cc(51) Entering Response::Serialize
T 2019-06-12 09:38:11:814 IESession.cpp(221) Found non-zero response length
T 2019-06-12 09:38:11:816 IECommandExecutor.cpp(156) Entering IECommandExecutor::OnGetResponse
T 2019-06-12 09:38:11:817 IECommandExecutor.cpp(285) Entering IECommandExecutor::OnIsSessionValid
D 2019-06-12 09:38:11:817 server.cc(338) Response: {"value":"IE 11"}

T 2019-06-12 09:38:11:817 server.cc(391) Entering Server::SendResponseToClient
T 2019-06-12 09:38:11:817 response.cc(30) Entering Response::Deserialize
T 2019-06-12 09:38:11:817 server.cc(445) Entering Server::SendHttpOk
T 2019-06-12 09:38:11:841 server.cc(174) Entering Server::ProcessRequest
T 2019-06-12 09:38:11:841 server.cc(238) Entering Server::ReadRequestBody
T 2019-06-12 09:38:11:841 server.cc(183) Process request with: URI: /session/120636ba-5e18-42c1-af79-190829d11581/url HTTP verb: POST
body: {"url":"http://cms9dev.kellogg.northwestern.edu/programs/ms-management-studies.aspx"}
T 2019-06-12 09:38:11:841 server.cc(272) Entering Server::DispatchCommand
T 2019-06-12 09:38:11:841 server.cc(583) Entering Server::LookupCommand
D 2019-06-12 09:38:11:841 server.cc(281) Command: POST /session/120636ba-5e18-42c1-af79-190829d11581/url {"url":"http://cms9dev.kellogg.northwestern.edu/programs/ms-management-studies.aspx"}
T 2019-06-12 09:38:11:841 server.cc(378) Entering Server::LookupSession
T 2019-06-12 09:38:11:841 IESession.cpp(191) Entering IESession::ExecuteCommand
T 2019-06-12 09:38:11:841 IECommandExecutor.cpp(122) Entering IECommandExecutor::OnSetCommand
T 2019-06-12 09:38:11:841 command.cc(31) Entering Command::Deserialize
D 2019-06-12 09:38:11:841 command.cc(36) Raw JSON command: { "name" : "get", "locator" : { "sessionid" : "120636ba-5e18-42c1-af79-190829d11581" }, "parameters" : {"url":"http://cms9dev.kellogg.northwestern.edu/programs/ms-management-studies.aspx"} }
T 2019-06-12 09:38:11:841 IECommandExecutor.cpp(133) Entering IECommandExecutor::OnExecCommand
T 2019-06-12 09:38:11:841 IESession.cpp(212) Beginning wait for response length to be not zero
T 2019-06-12 09:38:11:841 IECommandExecutor.cpp(454) Entering IECommandExecutor::DispatchCommand
T 2019-06-12 09:38:11:841 IECommandExecutor.cpp(577) Entering IECommandExecutor::GetCurrentBrowser
T 2019-06-12 09:38:11:841 IECommandExecutor.cpp(583) Entering IECommandExecutor::GetManagedBrowser
T 2019-06-12 09:38:11:842 IECommandExecutor.cpp(529) Entering IECommandExecutor::IsAlertActive
T 2019-06-12 09:38:11:842 Browser.cpp(700) Entering Browser::GetActiveDialogWindowHandle
T 2019-06-12 09:38:11:842 Browser.cpp(206) Entering Browser::GetContentWindowHandle
D 2019-06-12 09:38:11:842 IECommandExecutor.cpp(543) No alert handle is found
T 2019-06-12 09:38:11:843 IECommandExecutor.cpp(577) Entering IECommandExecutor::GetCurrentBrowser
T 2019-06-12 09:38:11:843 IECommandExecutor.cpp(583) Entering IECommandExecutor::GetManagedBrowser
T 2019-06-12 09:38:11:843 Browser.cpp(318) Entring Browser::NavigateToUrl
T 2019-06-12 09:38:11:970 DocumentHost.cpp(142) Entering DocumentHost::SetFocusedFrameByElement
T 2019-06-12 09:38:11:970 response.cc(72) Entering Response::SetSuccessResponse
T 2019-06-12 09:38:11:970 response.cc(78) Entering Response::SetResponse
T 2019-06-12 09:38:11:970 IECommandExecutor.cpp(577) Entering IECommandExecutor::GetCurrentBrowser
T 2019-06-12 09:38:11:970 IECommandExecutor.cpp(583) Entering IECommandExecutor::GetManagedBrowser
T 2019-06-12 09:38:11:970 response.cc(51) Entering Response::Serialize
T 2019-06-12 09:38:11:970 IECommandExecutor.cpp(172) Entering IECommandExecutor::OnWait
T 2019-06-12 09:38:11:970 IECommandExecutor.cpp(577) Entering IECommandExecutor::GetCurrentBrowser
T 2019-06-12 09:38:11:970 IECommandExecutor.cpp(583) Entering IECommandExecutor::GetManagedBrowser
T 2019-06-12 09:38:11:971 Browser.cpp(438) Entering Browser::Wait
D 2019-06-12 09:38:11:971 Browser.cpp(448) Navigate Events Completed.
T 2019-06-12 09:38:11:971 Browser.cpp(700) Entering Browser::GetActiveDialogWindowHandle
T 2019-06-12 09:38:11:971 Browser.cpp(206) Entering Browser::GetContentWindowHandle
D 2019-06-12 09:38:11:983 Browser.cpp(508) Waiting for document to complete...
T 2019-06-12 09:38:11:983 Browser.cpp(522) Entering Browser::IsDocumentNavigating
D 2019-06-12 09:38:12:073 Browser.cpp(513) Not in navigating state
T 2019-06-12 09:38:12:077 IESession.cpp(221) Found non-zero response length
T 2019-06-12 09:38:12:077 IECommandExecutor.cpp(156) Entering IECommandExecutor::OnGetResponse
T 2019-06-12 09:38:12:077 IECommandExecutor.cpp(285) Entering IECommandExecutor::OnIsSessionValid
D 2019-06-12 09:38:12:077 server.cc(338) Response: {"value":null}

T 2019-06-12 09:38:12:077 server.cc(391) Entering Server::SendResponseToClient
T 2019-06-12 09:38:12:077 response.cc(30) Entering Response::Deserialize
T 2019-06-12 09:38:12:077 server.cc(445) Entering Server::SendHttpOk
T 2019-06-12 09:38:12:110 server.cc(174) Entering Server::ProcessRequest
T 2019-06-12 09:38:12:110 server.cc(238) Entering Server::ReadRequestBody
T 2019-06-12 09:38:12:110 server.cc(183) Process request with: URI: /session/120636ba-5e18-42c1-af79-190829d11581/elements HTTP verb: POST
body: {"value":"//a[@id\u003d\u002762c3616b-9c77-42ad-bf48-27fa72c5754a_4\u0027]","using":"xpath"}
T 2019-06-12 09:38:12:110 server.cc(272) Entering Server::DispatchCommand
T 2019-06-12 09:38:12:110 server.cc(583) Entering Server::LookupCommand
D 2019-06-12 09:38:12:111 server.cc(281) Command: POST /session/120636ba-5e18-42c1-af79-190829d11581/elements {"value":"//a[@id\u003d\u002762c3616b-9c77-42ad-bf48-27fa72c5754a_4\u0027]","using":"xpath"}
T 2019-06-12 09:38:12:111 server.cc(378) Entering Server::LookupSession
T 2019-06-12 09:38:12:111 IESession.cpp(191) Entering IESession::ExecuteCommand
T 2019-06-12 09:38:12:112 IECommandExecutor.cpp(122) Entering IECommandExecutor::OnSetCommand
T 2019-06-12 09:38:12:112 command.cc(31) Entering Command::Deserialize
D 2019-06-12 09:38:12:112 command.cc(36) Raw JSON command: { "name" : "findElements", "locator" : { "sessionid" : "120636ba-5e18-42c1-af79-190829d11581" }, "parameters" : {"value":"//a[@id\u003d\u002762c3616b-9c77-42ad-bf48-27fa72c5754a_4\u0027]","using":"xpath"} }
T 2019-06-12 09:38:12:112 IECommandExecutor.cpp(133) Entering IECommandExecutor::OnExecCommand
T 2019-06-12 09:38:12:112 IECommandExecutor.cpp(454) Entering IECommandExecutor::DispatchCommand
T 2019-06-12 09:38:12:112 IECommandExecutor.cpp(577) Entering IECommandExecutor::GetCurrentBrowser
T 2019-06-12 09:38:12:112 IECommandExecutor.cpp(583) Entering IECommandExecutor::GetManagedBrowser
T 2019-06-12 09:38:12:112 IECommandExecutor.cpp(529) Entering IECommandExecutor::IsAlertActive
T 2019-06-12 09:38:12:112 Browser.cpp(700) Entering Browser::GetActiveDialogWindowHandle
T 2019-06-12 09:38:12:112 Browser.cpp(206) Entering Browser::GetContentWindowHandle
D 2019-06-12 09:38:12:114 IECommandExecutor.cpp(543) No alert handle is found
T 2019-06-12 09:38:12:114 IECommandExecutor.cpp(734) Entering IECommandExecutor::LocateElements
T 2019-06-12 09:38:12:115 IECommandExecutor.cpp(695) Entering IECommandExecutor::GetElementFindMethod
T 2019-06-12 09:38:12:115 ElementFinder.cpp(111) Entering ElementFinder::FindElements
T 2019-06-12 09:38:12:115 IECommandExecutor.cpp(577) Entering IECommandExecutor::GetCurrentBrowser
T 2019-06-12 09:38:12:115 IECommandExecutor.cpp(583) Entering IECommandExecutor::GetManagedBrowser
D 2019-06-12 09:38:12:116 ElementFinder.cpp(128) Using FindElements atom to locate element having xpath = //a[@id='62c3616b-9c77-42ad-bf48-27fa72c5754a_4']
T 2019-06-12 09:38:12:116 Browser.cpp(126) Entering Browser::GetDocument
I 2019-06-12 09:38:12:116 Browser.cpp(130) No child frame focus. Focus is on top-level frame
T 2019-06-12 09:38:12:117 IESession.cpp(212) Beginning wait for response length to be not zero
T 2019-06-12 09:38:12:170 Browser.cpp(613) Entering Browser::GetDocumentFromWindow
T 2019-06-12 09:38:12:219 Script.cpp(49) Entering Script::Initialize
T 2019-06-12 09:38:12:219 Script.cpp(70) Entering Script::AddArgument(std::wstring)
T 2019-06-12 09:38:12:219 Script.cpp(105) Entering Script::AddArgument(VARIANT)
T 2019-06-12 09:38:12:219 Script.cpp(70) Entering Script::AddArgument(std::wstring)
T 2019-06-12 09:38:12:219 Script.cpp(105) Entering Script::AddArgument(VARIANT)
T 2019-06-12 09:38:12:220 Script.cpp(169) Entering Script::Execute
T 2019-06-12 09:38:12:220 Script.cpp(438) Entering Script::CreateAnonymousFunction
T 2019-06-12 09:38:12:393 Script.cpp(426) Entering Script::ConvertResultToJsonValue
D 2019-06-12 09:38:12:409 VariantUtilities.cpp(100) Result type is JScriptTypeInfo
T 2019-06-12 09:38:12:413 VariantUtilities.cpp(307) Entering Script::GetPropertyNameList
D 2019-06-12 09:38:12:456 VariantUtilities.cpp(100) Result type is JScriptTypeInfo
T 2019-06-12 09:38:12:458 VariantUtilities.cpp(324) Entering Script::GetArrayLength
T 2019-06-12 09:38:12:732 response.cc(72) Entering Response::SetSuccessResponse
T 2019-06-12 09:38:12:732 response.cc(78) Entering Response::SetResponse
T 2019-06-12 09:38:12:732 IECommandExecutor.cpp(577) Entering IECommandExecutor::GetCurrentBrowser
T 2019-06-12 09:38:12:732 IECommandExecutor.cpp(583) Entering IECommandExecutor::GetManagedBrowser
T 2019-06-12 09:38:12:732 response.cc(51) Entering Response::Serialize
T 2019-06-12 09:38:12:733 IESession.cpp(221) Found non-zero response length
T 2019-06-12 09:38:12:733 IECommandExecutor.cpp(156) Entering IECommandExecutor::OnGetResponse
T 2019-06-12 09:38:12:733 IECommandExecutor.cpp(285) Entering IECommandExecutor::OnIsSessionValid
D 2019-06-12 09:38:12:733 server.cc(338) Response: {"value":[]}

T 2019-06-12 09:38:12:733 server.cc(391) Entering Server::SendResponseToClient
T 2019-06-12 09:38:12:733 response.cc(30) Entering Response::Deserialize
T 2019-06-12 09:38:12:733 server.cc(445) Entering Server::SendHttpOk
T 2019-06-12 09:38:13:241 server.cc(174) Entering Server::ProcessRequest
T 2019-06-12 09:38:13:241 server.cc(238) Entering Server::ReadRequestBody
T 2019-06-12 09:38:13:241 server.cc(183) Process request with: URI: /session/120636ba-5e18-42c1-af79-190829d11581/elements HTTP verb: POST
body: {"value":"//a[@id\u003d\u002762c3616b-9c77-42ad-bf48-27fa72c5754a_4\u0027]","using":"xpath"}
T 2019-06-12 09:38:13:241 server.cc(272) Entering Server::DispatchCommand
T 2019-06-12 09:38:13:242 server.cc(583) Entering Server::LookupCommand
D 2019-06-12 09:38:13:242 server.cc(281) Command: POST /session/120636ba-5e18-42c1-af79-190829d11581/elements {"value":"//a[@id\u003d\u002762c3616b-9c77-42ad-bf48-27fa72c5754a_4\u0027]","using":"xpath"}
T 2019-06-12 09:38:13:242 server.cc(378) Entering Server::LookupSession
T 2019-06-12 09:38:13:242 IESession.cpp(191) Entering IESession::ExecuteCommand
T 2019-06-12 09:38:13:242 IECommandExecutor.cpp(122) Entering IECommandExecutor::OnSetCommand
T 2019-06-12 09:38:13:242 command.cc(31) Entering Command::Deserialize
D 2019-06-12 09:38:13:242 command.cc(36) Raw JSON command: { "name" : "findElements", "locator" : { "sessionid" : "120636ba-5e18-42c1-af79-190829d11581" }, "parameters" : {"value":"//a[@id\u003d\u002762c3616b-9c77-42ad-bf48-27fa72c5754a_4\u0027]","using":"xpath"} }
T 2019-06-12 09:38:13:242 IECommandExecutor.cpp(133) Entering IECommandExecutor::OnExecCommand
T 2019-06-12 09:38:13:242 IESession.cpp(212) Beginning wait for response length to be not zero
T 2019-06-12 09:38:13:242 IECommandExecutor.cpp(454) Entering IECommandExecutor::DispatchCommand
T 2019-06-12 09:38:13:242 IECommandExecutor.cpp(577) Entering IECommandExecutor::GetCurrentBrowser
T 2019-06-12 09:38:13:242 IECommandExecutor.cpp(583) Entering IECommandExecutor::GetManagedBrowser
T 2019-06-12 09:38:13:242 IECommandExecutor.cpp(529) Entering IECommandExecutor::IsAlertActive
T 2019-06-12 09:38:13:242 Browser.cpp(700) Entering Browser::GetActiveDialogWindowHandle
T 2019-06-12 09:38:13:243 Browser.cpp(206) Entering Browser::GetContentWindowHandle
D 2019-06-12 09:38:13:244 IECommandExecutor.cpp(543) No alert handle is found
T 2019-06-12 09:38:13:244 IECommandExecutor.cpp(734) Entering IECommandExecutor::LocateElements
T 2019-06-12 09:38:13:244 IECommandExecutor.cpp(695) Entering IECommandExecutor::GetElementFindMethod
T 2019-06-12 09:38:13:244 ElementFinder.cpp(111) Entering ElementFinder::FindElements
T 2019-06-12 09:38:13:244 IECommandExecutor.cpp(577) Entering IECommandExecutor::GetCurrentBrowser
T 2019-06-12 09:38:13:244 IECommandExecutor.cpp(583) Entering IECommandExecutor::GetManagedBrowser
D 2019-06-12 09:38:13:245 ElementFinder.cpp(128) Using FindElements atom to locate element having xpath = //a[@id='62c3616b-9c77-42ad-bf48-27fa72c5754a_4']
T 2019-06-12 09:38:13:245 Browser.cpp(126) Entering Browser::GetDocument
I 2019-06-12 09:38:13:245 Browser.cpp(130) No child frame focus. Focus is on top-level frame
T 2019-06-12 09:38:13:343 Browser.cpp(613) Entering Browser::GetDocumentFromWindow
T 2019-06-12 09:38:13:403 Script.cpp(49) Entering Script::Initialize
T 2019-06-12 09:38:13:404 Script.cpp(70) Entering Script::AddArgument(std::wstring)
T 2019-06-12 09:38:13:404 Script.cpp(105) Entering Script::AddArgument(VARIANT)
T 2019-06-12 09:38:13:404 Script.cpp(70) Entering Script::AddArgument(std::wstring)
T 2019-06-12 09:38:13:404 Script.cpp(105) Entering Script::AddArgument(VARIANT)
T 2019-06-12 09:38:13:404 Script.cpp(169) Entering Script::Execute
T 2019-06-12 09:38:13:404 Script.cpp(438) Entering Script::CreateAnonymousFunction
T 2019-06-12 09:38:13:472 Browser.cpp(54) Entering Browser::OnQuit
T 2019-06-12 09:38:13:472 DocumentHost.cpp(252) Entering DocumentHost::PostQuitMessage
T 2019-06-12 09:38:13:747 Script.cpp(426) Entering Script::ConvertResultToJsonValue
D 2019-06-12 09:38:13:840 VariantUtilities.cpp(100) Result type is JScriptTypeInfo
T 2019-06-12 09:38:13:917 VariantUtilities.cpp(307) Entering Script::GetPropertyNameList
D 2019-06-12 09:38:14:684 VariantUtilities.cpp(100) Result type is JScriptTypeInfo
T 2019-06-12 09:38:14:713 VariantUtilities.cpp(324) Entering Script::GetArrayLength
T 2019-06-12 09:38:15:186 response.cc(72) Entering Response::SetSuccessResponse
T 2019-06-12 09:38:15:187 response.cc(78) Entering Response::SetResponse
T 2019-06-12 09:38:15:187 IECommandExecutor.cpp(577) Entering IECommandExecutor::GetCurrentBrowser
T 2019-06-12 09:38:15:187 IECommandExecutor.cpp(583) Entering IECommandExecutor::GetManagedBrowser
T 2019-06-12 09:38:15:187 response.cc(51) Entering Response::Serialize
T 2019-06-12 09:38:15:189 IECommandExecutor.cpp(250) Entering IECommandExecutor::OnBrowserQuit
T 2019-06-12 09:38:15:189 IESession.cpp(221) Found non-zero response length
T 2019-06-12 09:38:15:190 IECommandExecutor.cpp(529) Entering IECommandExecutor::IsAlertActive
T 2019-06-12 09:38:15:190 Browser.cpp(700) Entering Browser::GetActiveDialogWindowHandle
T 2019-06-12 09:38:15:190 Browser.cpp(206) Entering Browser::GetContentWindowHandle
D 2019-06-12 09:38:15:193 IECommandExecutor.cpp(543) No alert handle is found
T 2019-06-12 09:38:15:193 Browser.cpp(300) Entering Browser::DetachEvents
T 2019-06-12 09:38:15:194 IECommandExecutor.cpp(156) Entering IECommandExecutor::OnGetResponse
T 2019-06-12 09:38:15:204 IECommandExecutor.cpp(285) Entering IECommandExecutor::OnIsSessionValid
D 2019-06-12 09:38:15:205 server.cc(338) Response: {"value":[]}

T 2019-06-12 09:38:15:205 server.cc(391) Entering Server::SendResponseToClient
T 2019-06-12 09:38:15:205 response.cc(30) Entering Response::Deserialize
T 2019-06-12 09:38:15:205 server.cc(445) Entering Server::SendHttpOk
T 2019-06-12 09:38:15:720 server.cc(174) Entering Server::ProcessRequest
T 2019-06-12 09:38:15:720 server.cc(238) Entering Server::ReadRequestBody
T 2019-06-12 09:38:15:720 server.cc(183) Process request with: URI: /session/120636ba-5e18-42c1-af79-190829d11581/elements HTTP verb: POST
body: {"value":"//a[@id\u003d\u002762c3616b-9c77-42ad-bf48-27fa72c5754a_4\u0027]","using":"xpath"}
T 2019-06-12 09:38:15:720 server.cc(272) Entering Server::DispatchCommand
T 2019-06-12 09:38:15:720 server.cc(583) Entering Server::LookupCommand
D 2019-06-12 09:38:15:720 server.cc(281) Command: POST /session/120636ba-5e18-42c1-af79-190829d11581/elements {"value":"//a[@id\u003d\u002762c3616b-9c77-42ad-bf48-27fa72c5754a_4\u0027]","using":"xpath"}
T 2019-06-12 09:38:15:720 server.cc(378) Entering Server::LookupSession
T 2019-06-12 09:38:15:720 IESession.cpp(191) Entering IESession::ExecuteCommand
T 2019-06-12 09:38:15:721 IECommandExecutor.cpp(122) Entering IECommandExecutor::OnSetCommand
T 2019-06-12 09:38:15:721 command.cc(31) Entering Command::Deserialize
D 2019-06-12 09:38:15:721 command.cc(36) Raw JSON command: { "name" : "findElements", "locator" : { "sessionid" : "120636ba-5e18-42c1-af79-190829d11581" }, "parameters" : {"value":"//a[@id\u003d\u002762c3616b-9c77-42ad-bf48-27fa72c5754a_4\u0027]","using":"xpath"} }
T 2019-06-12 09:38:15:721 IECommandExecutor.cpp(133) Entering IECommandExecutor::OnExecCommand
T 2019-06-12 09:38:15:721 IECommandExecutor.cpp(454) Entering IECommandExecutor::DispatchCommand
T 2019-06-12 09:38:15:721 IECommandExecutor.cpp(577) Entering IECommandExecutor::GetCurrentBrowser
T 2019-06-12 09:38:15:721 IECommandExecutor.cpp(583) Entering IECommandExecutor::GetManagedBrowser
W 2019-06-12 09:38:15:721 IECommandExecutor.cpp(591) Browser ID requested was an empty string
W 2019-06-12 09:38:15:721 IECommandExecutor.cpp(503) Unable to find current browser
T 2019-06-12 09:38:15:721 IECommandExecutor.cpp(734) Entering IECommandExecutor::LocateElements
T 2019-06-12 09:38:15:721 IECommandExecutor.cpp(695) Entering IECommandExecutor::GetElementFindMethod
T 2019-06-12 09:38:15:721 ElementFinder.cpp(111) Entering ElementFinder::FindElements
T 2019-06-12 09:38:15:721 IECommandExecutor.cpp(577) Entering IECommandExecutor::GetCurrentBrowser
T 2019-06-12 09:38:15:721 IECommandExecutor.cpp(583) Entering IECommandExecutor::GetManagedBrowser
W 2019-06-12 09:38:15:721 IECommandExecutor.cpp(591) Browser ID requested was an empty string
W 2019-06-12 09:38:15:721 ElementFinder.cpp(167) Unable to get browser
T 2019-06-12 09:38:15:721 response.cc(85) Entering Response::SetErrorResponse
T 2019-06-12 09:38:15:721 response.cc(78) Entering Response::SetResponse
T 2019-06-12 09:38:15:721 IECommandExecutor.cpp(577) Entering IECommandExecutor::GetCurrentBrowser
T 2019-06-12 09:38:15:721 IECommandExecutor.cpp(583) Entering IECommandExecutor::GetManagedBrowser
W 2019-06-12 09:38:15:721 IECommandExecutor.cpp(591) Browser ID requested was an empty string
W 2019-06-12 09:38:15:721 IECommandExecutor.cpp(520) Unable to get current browser
T 2019-06-12 09:38:15:721 response.cc(51) Entering Response::Serialize
T 2019-06-12 09:38:15:722 IESession.cpp(212) Beginning wait for response length to be not zero
T 2019-06-12 09:38:15:722 IESession.cpp(221) Found non-zero response length
T 2019-06-12 09:38:15:722 IECommandExecutor.cpp(156) Entering IECommandExecutor::OnGetResponse
T 2019-06-12 09:38:15:722 IECommandExecutor.cpp(285) Entering IECommandExecutor::OnIsSessionValid
D 2019-06-12 09:38:15:722 server.cc(338) Response: {"value":{"data":null,"error":"no such window","message":"Unable to find elements on closed window","stacktrace":""}}

T 2019-06-12 09:38:15:722 server.cc(391) Entering Server::SendResponseToClient
T 2019-06-12 09:38:15:722 response.cc(30) Entering Response::Deserialize
T 2019-06-12 09:38:15:722 server.cc(465) Entering Server::SendHttpBadRequest
T 2019-06-12 09:38:15:731 server.cc(174) Entering Server::ProcessRequest
T 2019-06-12 09:38:15:731 server.cc(183) Process request with: URI: /session/120636ba-5e18-42c1-af79-190829d11581/screenshot HTTP verb: GET
body: {}
T 2019-06-12 09:38:15:731 server.cc(272) Entering Server::DispatchCommand
T 2019-06-12 09:38:15:731 server.cc(583) Entering Server::LookupCommand
D 2019-06-12 09:38:15:731 server.cc(281) Command: GET /session/120636ba-5e18-42c1-af79-190829d11581/screenshot {}
T 2019-06-12 09:38:15:731 server.cc(378) Entering Server::LookupSession
T 2019-06-12 09:38:15:731 IESession.cpp(191) Entering IESession::ExecuteCommand
T 2019-06-12 09:38:15:731 IECommandExecutor.cpp(122) Entering IECommandExecutor::OnSetCommand
T 2019-06-12 09:38:15:731 command.cc(31) Entering Command::Deserialize
D 2019-06-12 09:38:15:731 command.cc(36) Raw JSON command: { "name" : "takeScreenshot", "locator" : { "sessionid" : "120636ba-5e18-42c1-af79-190829d11581" }, "parameters" : {} }
T 2019-06-12 09:38:15:731 IECommandExecutor.cpp(133) Entering IECommandExecutor::OnExecCommand
T 2019-06-12 09:38:15:731 IECommandExecutor.cpp(454) Entering IECommandExecutor::DispatchCommand
T 2019-06-12 09:38:15:731 IECommandExecutor.cpp(577) Entering IECommandExecutor::GetCurrentBrowser
T 2019-06-12 09:38:15:731 IECommandExecutor.cpp(583) Entering IECommandExecutor::GetManagedBrowser
W 2019-06-12 09:38:15:731 IECommandExecutor.cpp(591) Browser ID requested was an empty string
W 2019-06-12 09:38:15:731 IECommandExecutor.cpp(503) Unable to find current browser
T 2019-06-12 09:38:15:731 CommandHandlers\ScreenshotCommandHandler.cpp(38) Entering ScreenshotCommandHandler::ExecuteInternal
T 2019-06-12 09:38:15:731 IECommandExecutor.cpp(577) Entering IECommandExecutor::GetCurrentBrowser
T 2019-06-12 09:38:15:731 IECommandExecutor.cpp(583) Entering IECommandExecutor::GetManagedBrowser
W 2019-06-12 09:38:15:732 IECommandExecutor.cpp(591) Browser ID requested was an empty string
T 2019-06-12 09:38:15:732 response.cc(91) Entering Response::SetErrorResponse
W 2019-06-12 09:38:15:732 response.cc(92) Error response has status code 23 and message 'Unable to get browser' message
T 2019-06-12 09:38:15:732 response.cc(85) Entering Response::SetErrorResponse
T 2019-06-12 09:38:15:732 response.cc(78) Entering Response::SetResponse
T 2019-06-12 09:38:15:732 IECommandExecutor.cpp(577) Entering IECommandExecutor::GetCurrentBrowser
T 2019-06-12 09:38:15:732 IECommandExecutor.cpp(583) Entering IECommandExecutor::GetManagedBrowser
W 2019-06-12 09:38:15:732 IECommandExecutor.cpp(591) Browser ID requested was an empty string
W 2019-06-12 09:38:15:732 IECommandExecutor.cpp(520) Unable to get current browser
T 2019-06-12 09:38:15:732 response.cc(51) Entering Response::Serialize
T 2019-06-12 09:38:15:732 IESession.cpp(212) Beginning wait for response length to be not zero
T 2019-06-12 09:38:15:732 IESession.cpp(221) Found non-zero response length
T 2019-06-12 09:38:15:732 IECommandExecutor.cpp(156) Entering IECommandExecutor::OnGetResponse
T 2019-06-12 09:38:15:732 IECommandExecutor.cpp(285) Entering IECommandExecutor::OnIsSessionValid
D 2019-06-12 09:38:15:732 server.cc(338) Response: {"value":{"data":null,"error":"no such window","message":"Unable to get browser","stacktrace":""}}

T 2019-06-12 09:38:15:732 server.cc(391) Entering Server::SendResponseToClient
T 2019-06-12 09:38:15:732 response.cc(30) Entering Response::Deserialize
T 2019-06-12 09:38:15:732 server.cc(465) Entering Server::SendHttpBadRequest
T 2019-06-12 09:38:15:839 server.cc(174) Entering Server::ProcessRequest
T 2019-06-12 09:38:15:839 server.cc(183) Process request with: URI: /session/120636ba-5e18-42c1-af79-190829d11581 HTTP verb: DELETE
body: {}
T 2019-06-12 09:38:15:839 server.cc(272) Entering Server::DispatchCommand
T 2019-06-12 09:38:15:839 server.cc(583) Entering Server::LookupCommand
D 2019-06-12 09:38:15:839 server.cc(281) Command: DELETE /session/120636ba-5e18-42c1-af79-190829d11581 {}
T 2019-06-12 09:38:15:839 server.cc(378) Entering Server::LookupSession
T 2019-06-12 09:38:15:839 IESession.cpp(191) Entering IESession::ExecuteCommand
T 2019-06-12 09:38:15:842 IECommandExecutor.cpp(122) Entering IECommandExecutor::OnSetCommand
T 2019-06-12 09:38:15:842 command.cc(31) Entering Command::Deserialize
D 2019-06-12 09:38:15:842 command.cc(36) Raw JSON command: { "name" : "quit", "locator" : { "sessionid" : "120636ba-5e18-42c1-af79-190829d11581" }, "parameters" : {} }
T 2019-06-12 09:38:15:842 IECommandExecutor.cpp(133) Entering IECommandExecutor::OnExecCommand
T 2019-06-12 09:38:15:842 IECommandExecutor.cpp(454) Entering IECommandExecutor::DispatchCommand
T 2019-06-12 09:38:15:842 IECommandExecutor.cpp(577) Entering IECommandExecutor::GetCurrentBrowser
T 2019-06-12 09:38:15:842 IECommandExecutor.cpp(583) Entering IECommandExecutor::GetManagedBrowser
W 2019-06-12 09:38:15:842 IECommandExecutor.cpp(591) Browser ID requested was an empty string
W 2019-06-12 09:38:15:842 IECommandExecutor.cpp(503) Unable to find current browser
T 2019-06-12 09:38:15:842 IECommandExecutor.cpp(607) Entering IECommandExecutor::GetManagedBrowserHandles
T 2019-06-12 09:38:15:842 response.cc(72) Entering Response::SetSuccessResponse
T 2019-06-12 09:38:15:843 response.cc(78) Entering Response::SetResponse
T 2019-06-12 09:38:15:843 IECommandExecutor.cpp(577) Entering IECommandExecutor::GetCurrentBrowser
T 2019-06-12 09:38:15:843 IECommandExecutor.cpp(583) Entering IECommandExecutor::GetManagedBrowser
T 2019-06-12 09:38:15:843 IECommandExecutor.cpp(586) Current command executor is not valid
T 2019-06-12 09:38:15:843 response.cc(51) Entering Response::Serialize
T 2019-06-12 09:38:15:843 IESession.cpp(212) Beginning wait for response length to be not zero
T 2019-06-12 09:38:15:843 IESession.cpp(221) Found non-zero response length
T 2019-06-12 09:38:15:843 IECommandExecutor.cpp(156) Entering IECommandExecutor::OnGetResponse
T 2019-06-12 09:38:15:843 IECommandExecutor.cpp(285) Entering IECommandExecutor::OnIsSessionValid
T 2019-06-12 09:38:15:843 server.cc(225) Entering Server::ShutDownSession
T 2019-06-12 09:38:15:843 IESession.cpp(119) Entering IESession::ShutDown
T 2019-06-12 09:38:15:843 IESession.cpp(173) Entering IESession::WaitForCommandExecutorExit
D 2019-06-12 09:38:15:844 IESession.cpp(150) Executor shutdown successful!
D 2019-06-12 09:38:15:844 IESession.cpp(158) Posting thread shutdown message
D 2019-06-12 09:38:15:844 IESession.cpp(161) Starting wait for thread completion
D 2019-06-12 09:38:15:844 IECommandExecutor.cpp(436) Shutdown message received
D 2019-06-12 09:38:15:844 IESession.cpp(164) Waiting for thread to end returned 4294967295
D 2019-06-12 09:38:15:844 server.cc(338) Response: {"value":null}

T 2019-06-12 09:38:15:844 server.cc(391) Entering Server::SendResponseToClient
T 2019-06-12 09:38:15:844 response.cc(30) Entering Response::Deserialize
T 2019-06-12 09:38:15:844 server.cc(445) Entering Server::SendHttpOk
D 2019-06-12 09:38:15:845 IECommandExecutor.cpp(97) Entering IECommandExecutor::OnDestroy
D 2019-06-12 09:38:15:845 IECommandExecutor.cpp(99) Clearing managed element cache
D 2019-06-12 09:38:15:845 IECommandExecutor.cpp(102) Closing command handler repository
D 2019-06-12 09:38:15:845 IECommandExecutor.cpp(104) Closing element finder
D 2019-06-12 09:38:15:845 IECommandExecutor.cpp(106) Closing input manager
D 2019-06-12 09:38:15:845 IECommandExecutor.cpp(108) Closing proxy manager
T 2019-06-12 09:38:15:845 ProxyManager.cpp(185) ProxyManager::RestoreProxySettings
D 2019-06-12 09:38:15:845 IECommandExecutor.cpp(110) Closing browser factory
D 2019-06-12 09:38:15:845 IECommandExecutor.cpp(112) Posting quit message
D 2019-06-12 09:38:15:847 IECommandExecutor.cpp(114) Leaving IECommandExecutor::OnDestroy
D 2019-06-12 09:38:15:848 IECommandExecutor.cpp(438) Returned from DestroyWindow()
D 2019-06-12 09:38:15:848 IECommandExecutor.cpp(447) Exited IECommandExecutor thread message loop
T 2019-06-12 09:38:15:854 server.cc(174) Entering Server::ProcessRequest
T 2019-06-12 09:38:15:854 server.cc(183) Process request with: URI: /shutdown HTTP verb: GET
body: {}
T 2019-06-12 09:38:15:854 server.cc(445) Entering Server::SendHttpOk
T 2019-06-12 09:38:15:855 IEServer.cpp(88) Entering IEServer::ShutDown
T 2019-06-12 09:38:15:855 WebDriver.cpp(54) Entering StopServer
T 2019-06-12 09:38:15:856 server.cc(165) Entering Server::Stop
