I 2019-06-12 09:26:37:765 server.cc(86) Starting WebDriver server on port: '41191' on host: ''
T 2019-06-12 09:26:37:765 server.cc(634) Entering Server::PopulateCommandRepository
T 2019-06-12 09:26:37:766 IEServer.cpp(32) Entering IEServer::IEServer
I 2019-06-12 09:26:37:766 IEServer.cpp(33) Driver version: 3.6.0.0 (32-bit)
T 2019-06-12 09:26:37:766 server.cc(121) Entering Server::Start
D 2019-06-12 09:26:37:766 server.cc(148) Civetweb ACL is -0.0.0.0/0,+127.0.0.1
T 2019-06-12 09:26:38:287 server.cc(174) Entering Server::ProcessRequest
T 2019-06-12 09:26:38:287 server.cc(183) Process request with: URI: /status HTTP verb: GET
body: {}
T 2019-06-12 09:26:38:287 server.cc(272) Entering Server::DispatchCommand
T 2019-06-12 09:26:38:287 server.cc(583) Entering Server::LookupCommand
D 2019-06-12 09:26:38:287 server.cc(281) Command: GET /status {}
T 2019-06-12 09:26:38:287 IEServer.cpp(51) Entering IEServer::GetStatus
T 2019-06-12 09:26:38:288 response.cc(72) Entering Response::SetSuccessResponse
T 2019-06-12 09:26:38:288 response.cc(78) Entering Response::SetResponse
T 2019-06-12 09:26:38:288 response.cc(51) Entering Response::Serialize
D 2019-06-12 09:26:38:288 server.cc(338) Response: {"value":{"build":{"version":"3.6.0.0 (32-bit)"},"message":"Ready to create session","os":{"arch":"x64","name":"windows","version":"10.0.17134.376 (WinBuild.160101.0800)"},"ready":true}}

T 2019-06-12 09:26:38:288 server.cc(391) Entering Server::SendResponseToClient
T 2019-06-12 09:26:38:288 response.cc(30) Entering Response::Deserialize
T 2019-06-12 09:26:38:288 server.cc(445) Entering Server::SendHttpOk
T 2019-06-12 09:26:38:301 server.cc(174) Entering Server::ProcessRequest
T 2019-06-12 09:26:38:301 server.cc(238) Entering Server::ReadRequestBody
T 2019-06-12 09:26:38:301 server.cc(183) Process request with: URI: /session HTTP verb: POST
body: {
  "desiredCapabilities": {"browserName":"internet explorer","ensureCleanSession":true,"ie.usePerProcessProxy":"true","platform":"WINDOWS","se:ieOptions":{"ie.usePerProcessProxy":"true"}},
  "capabilities": {
    "desiredCapabilities": {"browserName":"internet explorer","ensureCleanSession":true,"ie.usePerProcessProxy":"true","platform":"WINDOWS","se:ieOptions":{"ie.usePerProcessProxy":"true"}},
    "firstMatch": [
      {"browserName":"internet explorer","platformName":"windows","se:ieOptions":{"ie.usePerProcessProxy":"true"}}
    ]
  }
}
T 2019-06-12 09:26:38:301 server.cc(272) Entering Server::DispatchCommand
T 2019-06-12 09:26:38:301 server.cc(583) Entering Server::LookupCommand
D 2019-06-12 09:26:38:301 server.cc(281) Command: POST /session {
  "desiredCapabilities": {"browserName":"internet explorer","ensureCleanSession":true,"ie.usePerProcessProxy":"true","platform":"WINDOWS","se:ieOptions":{"ie.usePerProcessProxy":"true"}},
  "capabilities": {
    "desiredCapabilities": {"browserName":"internet explorer","ensureCleanSession":true,"ie.usePerProcessProxy":"true","platform":"WINDOWS","se:ieOptions":{"ie.usePerProcessProxy":"true"}},
    "firstMatch": [
      {"browserName":"internet explorer","platformName":"windows","se:ieOptions":{"ie.usePerProcessProxy":"true"}}
    ]
  }
}
T 2019-06-12 09:26:38:301 IEServer.cpp(42) Entering IEServer::InitializeSession
T 2019-06-12 09:26:38:301 IESession.cpp(38) Entering IESession::Initialize
D 2019-06-12 09:26:38:301 IESession.cpp(53) Mutex acquired for session initalization
T 2019-06-12 09:26:38:390 IECommandExecutor.cpp(386) Entering IECommandExecutor::ThreadProc
T 2019-06-12 09:26:38:467 IECommandExecutor.cpp(47) Entering IECommandExecutor::OnCreate
T 2019-06-12 09:26:38:468 IECommandExecutor.cpp(753) Entering IECommandExecutor::PopulateElementFinderMethods
T 2019-06-12 09:26:38:468 InputManager.cpp(40) Entering InputManager::InputManager
T 2019-06-12 09:26:38:468 InputManager.cpp(75) Entering InputManager::Initialize
T 2019-06-12 09:26:38:468 BrowserFactory.cpp(998) Entering BrowserFactory::GetExecutableLocation
T 2019-06-12 09:26:38:469 BrowserFactory.cpp(1039) Entering BrowserFactory::GetIEVersion
T 2019-06-12 09:26:38:472 CommandHandlerRepository.cpp(108) Entering CommandHandlerRepository::PopulateCommandHandlers
T 2019-06-12 09:26:38:473 IESession.cpp(99) Created thread for command executor returns HWND: '0002157A'
T 2019-06-12 09:26:38:473 IESession.cpp(103) Session id is retrived from command executor window: 'fb87e456-eaba-48de-add0-2dfee2b52d5f'
D 2019-06-12 09:26:38:473 IESession.cpp(109) Releasing session initialization mutex
T 2019-06-12 09:26:38:473 IESession.cpp(191) Entering IESession::ExecuteCommand
T 2019-06-12 09:26:38:473 IECommandExecutor.cpp(122) Entering IECommandExecutor::OnSetCommand
T 2019-06-12 09:26:38:473 command.cc(31) Entering Command::Deserialize
D 2019-06-12 09:26:38:474 command.cc(36) Raw JSON command: { "name" : "newSession", "locator" : { }, "parameters" : {
  "desiredCapabilities": {"browserName":"internet explorer","ensureCleanSession":true,"ie.usePerProcessProxy":"true","platform":"WINDOWS","se:ieOptions":{"ie.usePerProcessProxy":"true"}},
  "capabilities": {
    "desiredCapabilities": {"browserName":"internet explorer","ensureCleanSession":true,"ie.usePerProcessProxy":"true","platform":"WINDOWS","se:ieOptions":{"ie.usePerProcessProxy":"true"}},
    "firstMatch": [
      {"browserName":"internet explorer","platformName":"windows","se:ieOptions":{"ie.usePerProcessProxy":"true"}}
    ]
  }
} }
T 2019-06-12 09:26:38:474 IECommandExecutor.cpp(133) Entering IECommandExecutor::OnExecCommand
T 2019-06-12 09:26:38:474 IECommandExecutor.cpp(454) Entering IECommandExecutor::DispatchCommand
D 2019-06-12 09:26:38:474 CommandHandlers\NewSessionCommandHandler.cpp(46) Found W3C capabilities structure
D 2019-06-12 09:26:38:474 CommandHandlers\NewSessionCommandHandler.cpp(505) Validating capabilities object
D 2019-06-12 09:26:38:474 CommandHandlers\NewSessionCommandHandler.cpp(505) Validating capabilities object
D 2019-06-12 09:26:38:474 CommandHandlers\NewSessionCommandHandler.cpp(535) Found browserNamecapability. Validating value type is string.
D 2019-06-12 09:26:38:474 CommandHandlers\NewSessionCommandHandler.cpp(564) Found platformNamecapability. Validating value type is string.
D 2019-06-12 09:26:38:474 CommandHandlers\NewSessionCommandHandler.cpp(794) Found proxycapability. Validating value type is object.
T 2019-06-12 09:26:38:474 BrowserFactory.cpp(113) Entering BrowserFactory::Initialize
T 2019-06-12 09:26:38:475 IECommandExecutor.cpp(631) Entering IECommandExecutor::CreateNewBrowser
T 2019-06-12 09:26:38:475 BrowserFactory.cpp(142) Entering BrowserFactory::LaunchBrowserProcess
D 2019-06-12 09:26:38:475 BrowserFactory.cpp(146) Ignoring Protected Mode Settings: 0
D 2019-06-12 09:26:38:475 BrowserFactory.cpp(149) Checking validity of Protected Mode settings.
T 2019-06-12 09:26:38:475 BrowserFactory.cpp(1058) Entering BrowserFactory::ProtectedModeSettingsAreValid
D 2019-06-12 09:26:38:475 BrowserFactory.cpp(1061) Detected IE version: 11, Windows version supports Protected Mode: 1
T 2019-06-12 09:26:38:476 BrowserFactory.cpp(1135) Entering BrowserFactory::GetZoneProtectedModeSetting
D 2019-06-12 09:26:38:476 BrowserFactory.cpp(1152) Found Protected Mode setting value of 3 for zone 1
T 2019-06-12 09:26:38:476 BrowserFactory.cpp(1135) Entering BrowserFactory::GetZoneProtectedModeSetting
D 2019-06-12 09:26:38:476 BrowserFactory.cpp(1156) RegQueryValueEx failed for getting Protected Mode setting for a zone: 2
T 2019-06-12 09:26:38:476 BrowserFactory.cpp(1135) Entering BrowserFactory::GetZoneProtectedModeSetting
D 2019-06-12 09:26:38:476 BrowserFactory.cpp(1156) RegQueryValueEx failed for getting Protected Mode setting for a zone: 3
T 2019-06-12 09:26:38:476 BrowserFactory.cpp(1135) Entering BrowserFactory::GetZoneProtectedModeSetting
D 2019-06-12 09:26:38:476 BrowserFactory.cpp(1156) RegQueryValueEx failed for getting Protected Mode setting for a zone: 4
D 2019-06-12 09:26:38:476 BrowserFactory.cpp(152) Has Valid Protected Mode Settings: 1
T 2019-06-12 09:26:38:476 BrowserFactory.cpp(226) Entering BrowserFactory::IsIELaunchURLAvailable
T 2019-06-12 09:26:38:493 BrowserFactory.cpp(130) Entering BrowserFactory::ClearCache
T 2019-06-12 09:26:38:493 BrowserFactory.cpp(247) Entering BrowserFactory::LaunchBrowserUsingIELaunchURL
D 2019-06-12 09:26:38:494 BrowserFactory.cpp(248) Starting IE using the IELaunchURL API
T 2019-06-12 09:26:40:724 IESession.cpp(212) Beginning wait for response length to be not zero
D 2019-06-12 09:26:40:724 BrowserFactory.cpp(202) IE launched successfully with process ID 2964
D 2019-06-12 09:26:40:724 BrowserFactory.cpp(208) Process with ID 2964 is executing iexplore.exe
T 2019-06-12 09:26:40:724 BrowserFactory.cpp(365) Entering BrowserFactory::AttachToBrowser
D 2019-06-12 09:26:40:724 BrowserFactory.cpp(375) Using Active Accessibility to find IWebBrowser2 interface
T 2019-06-12 09:26:40:724 BrowserFactory.cpp(414) Entering BrowserFactory::AttachToBrowserUsingActiveAccessibility
T 2019-06-12 09:26:43:125 server.cc(174) Entering Server::ProcessRequest
T 2019-06-12 09:26:43:125 server.cc(183) Process request with: URI: / HTTP verb: GET
body: {}
T 2019-06-12 09:26:43:125 server.cc(445) Entering Server::SendHttpOk
D 2019-06-12 09:26:43:699 BrowserFactory.cpp(434) Found window handle 000216E0 for window with class 'Internet Explorer_Server' belonging to process with id 2964
T 2019-06-12 09:26:43:699 BrowserFactory.cpp(329) Entering BrowserFactory::GetDocumentFromWindowHandle
T 2019-06-12 09:26:43:858 server.cc(174) Entering Server::ProcessRequest
T 2019-06-12 09:26:43:858 server.cc(183) Process request with: URI: /favicon.ico HTTP verb: GET
body: {}
T 2019-06-12 09:26:43:858 server.cc(272) Entering Server::DispatchCommand
T 2019-06-12 09:26:43:858 server.cc(583) Entering Server::LookupCommand
D 2019-06-12 09:26:43:858 server.cc(281) Command: GET /favicon.ico {}
D 2019-06-12 09:26:43:858 server.cc(338) Response: { "error" : "unknown method", "message" : "Command not found: GET /favicon.ico" }
T 2019-06-12 09:26:43:858 server.cc(391) Entering Server::SendResponseToClient
T 2019-06-12 09:26:43:858 response.cc(30) Entering Response::Deserialize
T 2019-06-12 09:26:43:858 server.cc(445) Entering Server::SendHttpOk
D 2019-06-12 09:26:44:704 BrowserFactory.cpp(396) Ignoring zoom setting: 0
T 2019-06-12 09:26:44:704 BrowserFactory.cpp(574) Entering BrowserFactory::GetBrowserZoomLevel
T 2019-06-12 09:26:44:890 BrowserFactory.cpp(614) Entering BrowserFactory::GetZoomLevel
D 2019-06-12 09:26:45:298 BrowserFactory.cpp(694) Browser zoom level is 100%
I 2019-06-12 09:26:45:351 IECommandExecutor.cpp(654) Persistent hovering set to: 1
T 2019-06-12 09:26:45:351 ProxyManager.cpp(97) ProxyManager::SetProxySettings
D 2019-06-12 09:26:45:351 ProxyManager.cpp(113) Using existing system proxy settings.
T 2019-06-12 09:26:45:351 DocumentHost.cpp(33) Entering DocumentHost::DocumentHost
T 2019-06-12 09:26:45:351 CookieManager.cpp(49) Entering CookieManager::Initialize
T 2019-06-12 09:26:45:351 Browser.cpp(33) Entering Browser::Browser
T 2019-06-12 09:26:45:351 Browser.cpp(293) Entering Browser::AttachEvents
T 2019-06-12 09:26:45:732 IECommandExecutor.cpp(621) Entering IECommandExecutor::AddManagedBrowser
T 2019-06-12 09:26:45:732 IECommandExecutor.cpp(625) Setting current browser id to 42a742bb-fcf8-4f17-843d-e181a854749a
T 2019-06-12 09:26:45:776 response.cc(72) Entering Response::SetSuccessResponse
T 2019-06-12 09:26:45:776 response.cc(78) Entering Response::SetResponse
T 2019-06-12 09:26:45:776 IECommandExecutor.cpp(577) Entering IECommandExecutor::GetCurrentBrowser
T 2019-06-12 09:26:45:777 IECommandExecutor.cpp(583) Entering IECommandExecutor::GetManagedBrowser
T 2019-06-12 09:26:45:777 response.cc(51) Entering Response::Serialize
T 2019-06-12 09:26:45:782 IESession.cpp(221) Found non-zero response length
T 2019-06-12 09:26:45:782 IECommandExecutor.cpp(156) Entering IECommandExecutor::OnGetResponse
T 2019-06-12 09:26:45:782 IECommandExecutor.cpp(285) Entering IECommandExecutor::OnIsSessionValid
T 2019-06-12 09:26:45:782 response.cc(30) Entering Response::Deserialize
D 2019-06-12 09:26:45:782 server.cc(338) Response: {"value":{"capabilities":{"acceptInsecureCerts":false,"browserName":"internet explorer","browserVersion":"11","pageLoadStrategy":"normal","platformName":"windows","se:ieOptions":{"browserAttachTimeout":0,"elementScrollBehavior":0,"enablePersistentHover":true,"ie.browserCommandLineSwitches":"","ie.ensureCleanSession":false,"ie.fileUploadDialogTimeout":3000,"ie.forceCreateProcessApi":false,"ignoreProtectedModeSettings":false,"ignoreZoomSetting":false,"initialBrowserUrl":"http://localhost:41191/","nativeEvents":true,"requireWindowFocus":false},"setWindowRect":true},"sessionId":"fb87e456-eaba-48de-add0-2dfee2b52d5f"}}

T 2019-06-12 09:26:45:783 server.cc(391) Entering Server::SendResponseToClient
T 2019-06-12 09:26:45:783 response.cc(30) Entering Response::Deserialize
T 2019-06-12 09:26:45:783 server.cc(445) Entering Server::SendHttpOk
T 2019-06-12 09:26:45:805 server.cc(174) Entering Server::ProcessRequest
T 2019-06-12 09:26:45:805 server.cc(238) Entering Server::ReadRequestBody
T 2019-06-12 09:26:45:805 server.cc(183) Process request with: URI: /session/fb87e456-eaba-48de-add0-2dfee2b52d5f/timeouts HTTP verb: POST
body: {"implicit":0}
T 2019-06-12 09:26:45:805 server.cc(272) Entering Server::DispatchCommand
T 2019-06-12 09:26:45:805 server.cc(583) Entering Server::LookupCommand
D 2019-06-12 09:26:45:805 server.cc(281) Command: POST /session/fb87e456-eaba-48de-add0-2dfee2b52d5f/timeouts {"implicit":0}
T 2019-06-12 09:26:45:805 server.cc(378) Entering Server::LookupSession
T 2019-06-12 09:26:45:805 IESession.cpp(191) Entering IESession::ExecuteCommand
T 2019-06-12 09:26:45:805 IECommandExecutor.cpp(122) Entering IECommandExecutor::OnSetCommand
T 2019-06-12 09:26:45:805 command.cc(31) Entering Command::Deserialize
D 2019-06-12 09:26:45:805 command.cc(36) Raw JSON command: { "name" : "setTimeouts", "locator" : { "sessionid" : "fb87e456-eaba-48de-add0-2dfee2b52d5f" }, "parameters" : {"implicit":0} }
T 2019-06-12 09:26:45:806 IECommandExecutor.cpp(133) Entering IECommandExecutor::OnExecCommand
T 2019-06-12 09:26:45:806 IESession.cpp(212) Beginning wait for response length to be not zero
T 2019-06-12 09:26:45:806 IECommandExecutor.cpp(454) Entering IECommandExecutor::DispatchCommand
T 2019-06-12 09:26:45:806 IECommandExecutor.cpp(577) Entering IECommandExecutor::GetCurrentBrowser
T 2019-06-12 09:26:45:806 IECommandExecutor.cpp(583) Entering IECommandExecutor::GetManagedBrowser
T 2019-06-12 09:26:45:806 IECommandExecutor.cpp(529) Entering IECommandExecutor::IsAlertActive
T 2019-06-12 09:26:45:806 Browser.cpp(700) Entering Browser::GetActiveDialogWindowHandle
T 2019-06-12 09:26:45:806 Browser.cpp(206) Entering Browser::GetContentWindowHandle
D 2019-06-12 09:26:45:807 IECommandExecutor.cpp(543) No alert handle is found
T 2019-06-12 09:26:45:807 IECommandExecutor.cpp(577) Entering IECommandExecutor::GetCurrentBrowser
T 2019-06-12 09:26:45:807 IECommandExecutor.cpp(583) Entering IECommandExecutor::GetManagedBrowser
T 2019-06-12 09:26:45:807 response.cc(51) Entering Response::Serialize
T 2019-06-12 09:26:45:816 IESession.cpp(221) Found non-zero response length
T 2019-06-12 09:26:45:816 IECommandExecutor.cpp(156) Entering IECommandExecutor::OnGetResponse
T 2019-06-12 09:26:45:816 IECommandExecutor.cpp(285) Entering IECommandExecutor::OnIsSessionValid
D 2019-06-12 09:26:45:817 server.cc(338) Response: {"value":null}

T 2019-06-12 09:26:45:817 server.cc(391) Entering Server::SendResponseToClient
T 2019-06-12 09:26:45:817 response.cc(30) Entering Response::Deserialize
T 2019-06-12 09:26:45:817 server.cc(445) Entering Server::SendHttpOk
T 2019-06-12 09:26:45:824 server.cc(174) Entering Server::ProcessRequest
T 2019-06-12 09:26:45:824 server.cc(238) Entering Server::ReadRequestBody
T 2019-06-12 09:26:45:824 server.cc(183) Process request with: URI: /session/fb87e456-eaba-48de-add0-2dfee2b52d5f/execute/sync HTTP verb: POST
body: {"script":"return navigator.sayswho\u003d (function() { var ua\u003d navigator.userAgent, tem, M\u003d ua.match(/(opera|chrome|safari|firefox|msie|trident)\\/?\\s*(\\.?\\d+(\\.\\d+)*)/i) || []; if (/trident/i.test(M[1])) {     tem\u003d  /\\brv[ :]+(\\d+)/g.exec(ua) || [];     return \u0027IE \u0027+(tem[1] || \u0027\u0027); } if(M[1]\u003d\u003d\u003d \u0027Chrome\u0027) {     tem\u003d ua.match(/\\b(OPR|Edge)\\/(\\d+)/);     if(tem!\u003d null) return tem.slice(1).join(\u0027 \u0027).replace(\u0027OPR\u0027, \u0027Opera\u0027); } M\u003d M[2]? [M[1], M[2]]: [navigator.appName, navigator.appVersion, \u0027-?\u0027]; if((tem\u003d ua.match(/version\\/(\\d+)/i))!\u003d null) M.splice(1, 1, tem[1]); return M.join(\u0027 \u0027).replace(\u0027MSIE\u0027, \u0027IE\u0027);})();","args":[]}
T 2019-06-12 09:26:45:824 server.cc(272) Entering Server::DispatchCommand
T 2019-06-12 09:26:45:824 server.cc(583) Entering Server::LookupCommand
D 2019-06-12 09:26:45:824 server.cc(281) Command: POST /session/fb87e456-eaba-48de-add0-2dfee2b52d5f/execute/sync {"script":"return navigator.sayswho\u003d (function() { var ua\u003d navigator.userAgent, tem, M\u003d ua.match(/(opera|chrome|safari|firefox|msie|trident)\\/?\\s*(\\.?\\d+(\\.\\d+)*)/i) || []; if (/trident/i.test(M[1])) {     tem\u003d  /\\brv[ :]+(\\d+)/g.exec(ua) || [];     return \u0027IE \u0027+(tem[1] || \u0027\u0027); } if(M[1]\u003d\u003d\u003d \u0027Chrome\u0027) {     tem\u003d ua.match(/\\b(OPR|Edge)\\/(\\d+)/);     if(tem!\u003d null) return tem.slice(1).join(\u0027 \u0027).replace(\u0027OPR\u0027, \u0027Opera\u0027); } M\u003d M[2]? [M[1], M[2]]: [navigator.appName, navigator.appVersion, \u0027-?\u0027]; if((tem\u003d ua.match(/version\\/(\\d+)/i))!\u003d null) M.splice(1, 1, tem[1]); return M.join(\u0027 \u0027).replace(\u0027MSIE\u0027, \u0027IE\u0027);})();","args":[]}
T 2019-06-12 09:26:45:824 server.cc(378) Entering Server::LookupSession
T 2019-06-12 09:26:45:824 IESession.cpp(191) Entering IESession::ExecuteCommand
T 2019-06-12 09:26:45:825 IECommandExecutor.cpp(122) Entering IECommandExecutor::OnSetCommand
T 2019-06-12 09:26:45:825 command.cc(31) Entering Command::Deserialize
D 2019-06-12 09:26:45:825 command.cc(36) Raw JSON command: { "name" : "executeScript", "locator" : { "sessionid" : "fb87e456-eaba-48de-add0-2dfee2b52d5f" }, "parameters" : {"script":"return navigator.sayswho\u003d (function() { var ua\u003d navigator.userAgent, tem, M\u003d ua.match(/(opera|chrome|safari|firefox|msie|trident)\\/?\\s*(\\.?\\d+(\\.\\d+)*)/i) || []; if (/trident/i.test(M[1])) {     tem\u003d  /\\brv[ :]+(\\d+)/g.exec(ua) || [];     return \u0027IE \u0027+(tem[1] || \u0027\u0027); } if(M[1]\u003d\u003d\u003d \u0027Chrome\u0027) {     tem\u003d ua.match(/\\b(OPR|Edge)\\/(\\d+)/);     if(tem!\u003d null) return tem.slice(1).join(\u0027 \u0027).replace(\u0027OPR\u0027, \u0027Opera\u0027); } M\u003d M[2]? [M[1], M[2]]: [navigator.appName, navigator.appVersion, \u0027-?\u0027]; if((tem\u003d ua.match(/version\\/(\\d+)/i))!\u003d null) M.splice(1, 1, tem[1]); return M.join(\u0027 \u0027).replace(\u0027MSIE\u0027, \u0027IE\u0027);})();","args":[]} }
T 2019-06-12 09:26:45:825 IESession.cpp(212) Beginning wait for response length to be not zero
T 2019-06-12 09:26:45:825 IECommandExecutor.cpp(133) Entering IECommandExecutor::OnExecCommand
T 2019-06-12 09:26:45:825 IECommandExecutor.cpp(454) Entering IECommandExecutor::DispatchCommand
T 2019-06-12 09:26:45:825 IECommandExecutor.cpp(577) Entering IECommandExecutor::GetCurrentBrowser
T 2019-06-12 09:26:45:825 IECommandExecutor.cpp(583) Entering IECommandExecutor::GetManagedBrowser
T 2019-06-12 09:26:45:825 IECommandExecutor.cpp(529) Entering IECommandExecutor::IsAlertActive
T 2019-06-12 09:26:45:825 Browser.cpp(700) Entering Browser::GetActiveDialogWindowHandle
T 2019-06-12 09:26:45:825 Browser.cpp(206) Entering Browser::GetContentWindowHandle
D 2019-06-12 09:26:45:826 IECommandExecutor.cpp(543) No alert handle is found
T 2019-06-12 09:26:45:826 IECommandExecutor.cpp(577) Entering IECommandExecutor::GetCurrentBrowser
T 2019-06-12 09:26:45:826 IECommandExecutor.cpp(583) Entering IECommandExecutor::GetManagedBrowser
T 2019-06-12 09:26:45:826 Browser.cpp(126) Entering Browser::GetDocument
I 2019-06-12 09:26:45:826 Browser.cpp(130) No child frame focus. Focus is on top-level frame
T 2019-06-12 09:26:46:030 Browser.cpp(613) Entering Browser::GetDocumentFromWindow
T 2019-06-12 09:26:46:111 Script.cpp(49) Entering Script::Initialize
T 2019-06-12 09:26:46:112 CommandHandlers\ExecuteScriptCommandHandler.cpp(85) Entering ExecuteScriptCommandHandler::PopulateArgumentArray
T 2019-06-12 09:26:46:112 Script.cpp(169) Entering Script::Execute
T 2019-06-12 09:26:46:112 Script.cpp(438) Entering Script::CreateAnonymousFunction
T 2019-06-12 09:26:46:799 Script.cpp(426) Entering Script::ConvertResultToJsonValue
T 2019-06-12 09:26:46:799 response.cc(72) Entering Response::SetSuccessResponse
T 2019-06-12 09:26:46:799 response.cc(78) Entering Response::SetResponse
T 2019-06-12 09:26:46:817 IECommandExecutor.cpp(577) Entering IECommandExecutor::GetCurrentBrowser
T 2019-06-12 09:26:46:817 IECommandExecutor.cpp(583) Entering IECommandExecutor::GetManagedBrowser
T 2019-06-12 09:26:46:817 response.cc(51) Entering Response::Serialize
T 2019-06-12 09:26:46:826 IESession.cpp(221) Found non-zero response length
T 2019-06-12 09:26:46:826 IECommandExecutor.cpp(156) Entering IECommandExecutor::OnGetResponse
T 2019-06-12 09:26:46:826 IECommandExecutor.cpp(285) Entering IECommandExecutor::OnIsSessionValid
D 2019-06-12 09:26:46:827 server.cc(338) Response: {"value":"IE 11"}

T 2019-06-12 09:26:46:827 server.cc(391) Entering Server::SendResponseToClient
T 2019-06-12 09:26:46:827 response.cc(30) Entering Response::Deserialize
T 2019-06-12 09:26:46:827 server.cc(445) Entering Server::SendHttpOk
T 2019-06-12 09:26:46:848 server.cc(174) Entering Server::ProcessRequest
T 2019-06-12 09:26:46:848 server.cc(238) Entering Server::ReadRequestBody
T 2019-06-12 09:26:46:848 server.cc(183) Process request with: URI: /session/fb87e456-eaba-48de-add0-2dfee2b52d5f/url HTTP verb: POST
body: {"url":"http://cms9dev.kellogg.northwestern.edu/programs/executive-mba.aspx"}
T 2019-06-12 09:26:46:848 server.cc(272) Entering Server::DispatchCommand
T 2019-06-12 09:26:46:848 server.cc(583) Entering Server::LookupCommand
D 2019-06-12 09:26:46:848 server.cc(281) Command: POST /session/fb87e456-eaba-48de-add0-2dfee2b52d5f/url {"url":"http://cms9dev.kellogg.northwestern.edu/programs/executive-mba.aspx"}
T 2019-06-12 09:26:46:848 server.cc(378) Entering Server::LookupSession
T 2019-06-12 09:26:46:848 IESession.cpp(191) Entering IESession::ExecuteCommand
T 2019-06-12 09:26:46:848 IECommandExecutor.cpp(122) Entering IECommandExecutor::OnSetCommand
T 2019-06-12 09:26:46:848 command.cc(31) Entering Command::Deserialize
D 2019-06-12 09:26:46:848 command.cc(36) Raw JSON command: { "name" : "get", "locator" : { "sessionid" : "fb87e456-eaba-48de-add0-2dfee2b52d5f" }, "parameters" : {"url":"http://cms9dev.kellogg.northwestern.edu/programs/executive-mba.aspx"} }
T 2019-06-12 09:26:46:849 IECommandExecutor.cpp(133) Entering IECommandExecutor::OnExecCommand
T 2019-06-12 09:26:46:849 IECommandExecutor.cpp(454) Entering IECommandExecutor::DispatchCommand
T 2019-06-12 09:26:46:849 IECommandExecutor.cpp(577) Entering IECommandExecutor::GetCurrentBrowser
T 2019-06-12 09:26:46:849 IECommandExecutor.cpp(583) Entering IECommandExecutor::GetManagedBrowser
T 2019-06-12 09:26:46:849 IECommandExecutor.cpp(529) Entering IECommandExecutor::IsAlertActive
T 2019-06-12 09:26:46:849 Browser.cpp(700) Entering Browser::GetActiveDialogWindowHandle
T 2019-06-12 09:26:46:849 Browser.cpp(206) Entering Browser::GetContentWindowHandle
D 2019-06-12 09:26:46:849 IECommandExecutor.cpp(543) No alert handle is found
T 2019-06-12 09:26:46:849 IECommandExecutor.cpp(577) Entering IECommandExecutor::GetCurrentBrowser
T 2019-06-12 09:26:46:849 IECommandExecutor.cpp(583) Entering IECommandExecutor::GetManagedBrowser
T 2019-06-12 09:26:46:850 Browser.cpp(318) Entring Browser::NavigateToUrl
T 2019-06-12 09:26:46:850 IESession.cpp(212) Beginning wait for response length to be not zero
T 2019-06-12 09:26:47:244 DocumentHost.cpp(142) Entering DocumentHost::SetFocusedFrameByElement
T 2019-06-12 09:26:47:244 response.cc(72) Entering Response::SetSuccessResponse
T 2019-06-12 09:26:47:244 response.cc(78) Entering Response::SetResponse
T 2019-06-12 09:26:47:244 IECommandExecutor.cpp(577) Entering IECommandExecutor::GetCurrentBrowser
T 2019-06-12 09:26:47:244 IECommandExecutor.cpp(583) Entering IECommandExecutor::GetManagedBrowser
T 2019-06-12 09:26:47:244 response.cc(51) Entering Response::Serialize
T 2019-06-12 09:26:47:244 IECommandExecutor.cpp(172) Entering IECommandExecutor::OnWait
T 2019-06-12 09:26:47:244 IECommandExecutor.cpp(577) Entering IECommandExecutor::GetCurrentBrowser
T 2019-06-12 09:26:47:244 IECommandExecutor.cpp(583) Entering IECommandExecutor::GetManagedBrowser
T 2019-06-12 09:26:47:244 Browser.cpp(438) Entering Browser::Wait
D 2019-06-12 09:26:47:244 Browser.cpp(448) Navigate Events Completed.
T 2019-06-12 09:26:47:244 Browser.cpp(700) Entering Browser::GetActiveDialogWindowHandle
T 2019-06-12 09:26:47:245 Browser.cpp(206) Entering Browser::GetContentWindowHandle
D 2019-06-12 09:26:47:378 Browser.cpp(508) Waiting for document to complete...
T 2019-06-12 09:26:47:378 Browser.cpp(522) Entering Browser::IsDocumentNavigating
D 2019-06-12 09:26:47:707 Browser.cpp(513) Not in navigating state
T 2019-06-12 09:26:47:731 IESession.cpp(221) Found non-zero response length
T 2019-06-12 09:26:47:731 IECommandExecutor.cpp(156) Entering IECommandExecutor::OnGetResponse
T 2019-06-12 09:26:47:731 IECommandExecutor.cpp(285) Entering IECommandExecutor::OnIsSessionValid
D 2019-06-12 09:26:47:731 server.cc(338) Response: {"value":null}

T 2019-06-12 09:26:47:731 server.cc(391) Entering Server::SendResponseToClient
T 2019-06-12 09:26:47:731 response.cc(30) Entering Response::Deserialize
T 2019-06-12 09:26:47:731 server.cc(445) Entering Server::SendHttpOk
T 2019-06-12 09:26:47:821 server.cc(174) Entering Server::ProcessRequest
T 2019-06-12 09:26:47:821 server.cc(238) Entering Server::ReadRequestBody
T 2019-06-12 09:26:47:821 server.cc(183) Process request with: URI: /session/fb87e456-eaba-48de-add0-2dfee2b52d5f/elements HTTP verb: POST
body: {"value":"//a[@id\u003d\u0027b5fb0321-7d71-4464-a573-95f90c39e7a2_5\u0027]","using":"xpath"}
T 2019-06-12 09:26:47:821 server.cc(272) Entering Server::DispatchCommand
T 2019-06-12 09:26:47:821 server.cc(583) Entering Server::LookupCommand
D 2019-06-12 09:26:47:821 server.cc(281) Command: POST /session/fb87e456-eaba-48de-add0-2dfee2b52d5f/elements {"value":"//a[@id\u003d\u0027b5fb0321-7d71-4464-a573-95f90c39e7a2_5\u0027]","using":"xpath"}
T 2019-06-12 09:26:47:821 server.cc(378) Entering Server::LookupSession
T 2019-06-12 09:26:47:821 IESession.cpp(191) Entering IESession::ExecuteCommand
T 2019-06-12 09:26:47:821 IECommandExecutor.cpp(122) Entering IECommandExecutor::OnSetCommand
T 2019-06-12 09:26:47:821 command.cc(31) Entering Command::Deserialize
D 2019-06-12 09:26:47:821 command.cc(36) Raw JSON command: { "name" : "findElements", "locator" : { "sessionid" : "fb87e456-eaba-48de-add0-2dfee2b52d5f" }, "parameters" : {"value":"//a[@id\u003d\u0027b5fb0321-7d71-4464-a573-95f90c39e7a2_5\u0027]","using":"xpath"} }
T 2019-06-12 09:26:47:822 IECommandExecutor.cpp(133) Entering IECommandExecutor::OnExecCommand
T 2019-06-12 09:26:47:822 IESession.cpp(212) Beginning wait for response length to be not zero
T 2019-06-12 09:26:47:822 IECommandExecutor.cpp(454) Entering IECommandExecutor::DispatchCommand
T 2019-06-12 09:26:47:822 IECommandExecutor.cpp(577) Entering IECommandExecutor::GetCurrentBrowser
T 2019-06-12 09:26:47:822 IECommandExecutor.cpp(583) Entering IECommandExecutor::GetManagedBrowser
T 2019-06-12 09:26:47:822 IECommandExecutor.cpp(529) Entering IECommandExecutor::IsAlertActive
T 2019-06-12 09:26:47:822 Browser.cpp(700) Entering Browser::GetActiveDialogWindowHandle
T 2019-06-12 09:26:47:822 Browser.cpp(206) Entering Browser::GetContentWindowHandle
D 2019-06-12 09:26:47:822 IECommandExecutor.cpp(543) No alert handle is found
T 2019-06-12 09:26:47:822 IECommandExecutor.cpp(734) Entering IECommandExecutor::LocateElements
T 2019-06-12 09:26:47:822 IECommandExecutor.cpp(695) Entering IECommandExecutor::GetElementFindMethod
T 2019-06-12 09:26:47:822 ElementFinder.cpp(111) Entering ElementFinder::FindElements
T 2019-06-12 09:26:47:823 IECommandExecutor.cpp(577) Entering IECommandExecutor::GetCurrentBrowser
T 2019-06-12 09:26:47:823 IECommandExecutor.cpp(583) Entering IECommandExecutor::GetManagedBrowser
D 2019-06-12 09:26:47:823 ElementFinder.cpp(128) Using FindElements atom to locate element having xpath = //a[@id='b5fb0321-7d71-4464-a573-95f90c39e7a2_5']
T 2019-06-12 09:26:47:823 Browser.cpp(126) Entering Browser::GetDocument
I 2019-06-12 09:26:47:823 Browser.cpp(130) No child frame focus. Focus is on top-level frame
T 2019-06-12 09:26:48:222 Browser.cpp(613) Entering Browser::GetDocumentFromWindow
T 2019-06-12 09:26:48:501 Script.cpp(49) Entering Script::Initialize
T 2019-06-12 09:26:48:501 Script.cpp(70) Entering Script::AddArgument(std::wstring)
T 2019-06-12 09:26:48:501 Script.cpp(105) Entering Script::AddArgument(VARIANT)
T 2019-06-12 09:26:48:501 Script.cpp(70) Entering Script::AddArgument(std::wstring)
T 2019-06-12 09:26:48:501 Script.cpp(105) Entering Script::AddArgument(VARIANT)
T 2019-06-12 09:26:48:501 Script.cpp(169) Entering Script::Execute
T 2019-06-12 09:26:48:501 Script.cpp(438) Entering Script::CreateAnonymousFunction
T 2019-06-12 09:26:49:159 Script.cpp(426) Entering Script::ConvertResultToJsonValue
T 2019-06-12 09:26:49:167 Browser.cpp(54) Entering Browser::OnQuit
T 2019-06-12 09:26:49:167 DocumentHost.cpp(252) Entering DocumentHost::PostQuitMessage
D 2019-06-12 09:26:49:269 VariantUtilities.cpp(100) Result type is JScriptTypeInfo
T 2019-06-12 09:26:49:273 VariantUtilities.cpp(307) Entering Script::GetPropertyNameList
D 2019-06-12 09:26:49:317 VariantUtilities.cpp(100) Result type is JScriptTypeInfo
T 2019-06-12 09:26:49:317 VariantUtilities.cpp(324) Entering Script::GetArrayLength
T 2019-06-12 09:26:49:569 response.cc(72) Entering Response::SetSuccessResponse
T 2019-06-12 09:26:49:569 response.cc(78) Entering Response::SetResponse
T 2019-06-12 09:26:49:569 IECommandExecutor.cpp(577) Entering IECommandExecutor::GetCurrentBrowser
T 2019-06-12 09:26:49:569 IECommandExecutor.cpp(583) Entering IECommandExecutor::GetManagedBrowser
T 2019-06-12 09:26:49:569 response.cc(51) Entering Response::Serialize
T 2019-06-12 09:26:49:569 IECommandExecutor.cpp(250) Entering IECommandExecutor::OnBrowserQuit
T 2019-06-12 09:26:49:569 IESession.cpp(221) Found non-zero response length
T 2019-06-12 09:26:49:569 IECommandExecutor.cpp(529) Entering IECommandExecutor::IsAlertActive
T 2019-06-12 09:26:49:569 Browser.cpp(700) Entering Browser::GetActiveDialogWindowHandle
T 2019-06-12 09:26:49:569 Browser.cpp(206) Entering Browser::GetContentWindowHandle
D 2019-06-12 09:26:49:570 IECommandExecutor.cpp(543) No alert handle is found
T 2019-06-12 09:26:49:570 Browser.cpp(300) Entering Browser::DetachEvents
T 2019-06-12 09:26:49:570 IECommandExecutor.cpp(156) Entering IECommandExecutor::OnGetResponse
T 2019-06-12 09:26:49:570 IECommandExecutor.cpp(285) Entering IECommandExecutor::OnIsSessionValid
D 2019-06-12 09:26:49:570 server.cc(338) Response: {"value":[]}

T 2019-06-12 09:26:49:570 server.cc(391) Entering Server::SendResponseToClient
T 2019-06-12 09:26:49:570 response.cc(30) Entering Response::Deserialize
T 2019-06-12 09:26:49:570 server.cc(445) Entering Server::SendHttpOk
T 2019-06-12 09:26:50:079 server.cc(174) Entering Server::ProcessRequest
T 2019-06-12 09:26:50:079 server.cc(238) Entering Server::ReadRequestBody
T 2019-06-12 09:26:50:079 server.cc(183) Process request with: URI: /session/fb87e456-eaba-48de-add0-2dfee2b52d5f/elements HTTP verb: POST
body: {"value":"//a[@id\u003d\u0027b5fb0321-7d71-4464-a573-95f90c39e7a2_5\u0027]","using":"xpath"}
T 2019-06-12 09:26:50:079 server.cc(272) Entering Server::DispatchCommand
T 2019-06-12 09:26:50:079 server.cc(583) Entering Server::LookupCommand
D 2019-06-12 09:26:50:079 server.cc(281) Command: POST /session/fb87e456-eaba-48de-add0-2dfee2b52d5f/elements {"value":"//a[@id\u003d\u0027b5fb0321-7d71-4464-a573-95f90c39e7a2_5\u0027]","using":"xpath"}
T 2019-06-12 09:26:50:079 server.cc(378) Entering Server::LookupSession
T 2019-06-12 09:26:50:079 IESession.cpp(191) Entering IESession::ExecuteCommand
T 2019-06-12 09:26:50:080 IECommandExecutor.cpp(122) Entering IECommandExecutor::OnSetCommand
T 2019-06-12 09:26:50:080 command.cc(31) Entering Command::Deserialize
D 2019-06-12 09:26:50:080 command.cc(36) Raw JSON command: { "name" : "findElements", "locator" : { "sessionid" : "fb87e456-eaba-48de-add0-2dfee2b52d5f" }, "parameters" : {"value":"//a[@id\u003d\u0027b5fb0321-7d71-4464-a573-95f90c39e7a2_5\u0027]","using":"xpath"} }
T 2019-06-12 09:26:50:082 IECommandExecutor.cpp(133) Entering IECommandExecutor::OnExecCommand
T 2019-06-12 09:26:50:082 IESession.cpp(212) Beginning wait for response length to be not zero
T 2019-06-12 09:26:50:082 IECommandExecutor.cpp(454) Entering IECommandExecutor::DispatchCommand
T 2019-06-12 09:26:50:082 IECommandExecutor.cpp(577) Entering IECommandExecutor::GetCurrentBrowser
T 2019-06-12 09:26:50:082 IECommandExecutor.cpp(583) Entering IECommandExecutor::GetManagedBrowser
W 2019-06-12 09:26:50:082 IECommandExecutor.cpp(591) Browser ID requested was an empty string
W 2019-06-12 09:26:50:082 IECommandExecutor.cpp(503) Unable to find current browser
T 2019-06-12 09:26:50:082 IECommandExecutor.cpp(734) Entering IECommandExecutor::LocateElements
T 2019-06-12 09:26:50:082 IECommandExecutor.cpp(695) Entering IECommandExecutor::GetElementFindMethod
T 2019-06-12 09:26:50:082 ElementFinder.cpp(111) Entering ElementFinder::FindElements
T 2019-06-12 09:26:50:082 IECommandExecutor.cpp(577) Entering IECommandExecutor::GetCurrentBrowser
T 2019-06-12 09:26:50:082 IECommandExecutor.cpp(583) Entering IECommandExecutor::GetManagedBrowser
W 2019-06-12 09:26:50:082 IECommandExecutor.cpp(591) Browser ID requested was an empty string
W 2019-06-12 09:26:50:082 ElementFinder.cpp(167) Unable to get browser
T 2019-06-12 09:26:50:082 response.cc(85) Entering Response::SetErrorResponse
T 2019-06-12 09:26:50:082 response.cc(78) Entering Response::SetResponse
T 2019-06-12 09:26:50:082 IECommandExecutor.cpp(577) Entering IECommandExecutor::GetCurrentBrowser
T 2019-06-12 09:26:50:082 IECommandExecutor.cpp(583) Entering IECommandExecutor::GetManagedBrowser
W 2019-06-12 09:26:50:082 IECommandExecutor.cpp(591) Browser ID requested was an empty string
W 2019-06-12 09:26:50:082 IECommandExecutor.cpp(520) Unable to get current browser
T 2019-06-12 09:26:50:082 response.cc(51) Entering Response::Serialize
T 2019-06-12 09:26:50:093 IESession.cpp(221) Found non-zero response length
T 2019-06-12 09:26:50:093 IECommandExecutor.cpp(156) Entering IECommandExecutor::OnGetResponse
T 2019-06-12 09:26:50:093 IECommandExecutor.cpp(285) Entering IECommandExecutor::OnIsSessionValid
D 2019-06-12 09:26:50:093 server.cc(338) Response: {"value":{"data":null,"error":"no such window","message":"Unable to find elements on closed window","stacktrace":""}}

T 2019-06-12 09:26:50:093 server.cc(391) Entering Server::SendResponseToClient
T 2019-06-12 09:26:50:093 response.cc(30) Entering Response::Deserialize
T 2019-06-12 09:26:50:093 server.cc(465) Entering Server::SendHttpBadRequest
T 2019-06-12 09:26:50:102 server.cc(174) Entering Server::ProcessRequest
T 2019-06-12 09:26:50:102 server.cc(183) Process request with: URI: /session/fb87e456-eaba-48de-add0-2dfee2b52d5f/screenshot HTTP verb: GET
body: {}
T 2019-06-12 09:26:50:102 server.cc(272) Entering Server::DispatchCommand
T 2019-06-12 09:26:50:102 server.cc(583) Entering Server::LookupCommand
D 2019-06-12 09:26:50:102 server.cc(281) Command: GET /session/fb87e456-eaba-48de-add0-2dfee2b52d5f/screenshot {}
T 2019-06-12 09:26:50:102 server.cc(378) Entering Server::LookupSession
T 2019-06-12 09:26:50:102 IESession.cpp(191) Entering IESession::ExecuteCommand
T 2019-06-12 09:26:50:103 IECommandExecutor.cpp(122) Entering IECommandExecutor::OnSetCommand
T 2019-06-12 09:26:50:103 command.cc(31) Entering Command::Deserialize
D 2019-06-12 09:26:50:103 command.cc(36) Raw JSON command: { "name" : "takeScreenshot", "locator" : { "sessionid" : "fb87e456-eaba-48de-add0-2dfee2b52d5f" }, "parameters" : {} }
T 2019-06-12 09:26:50:103 IECommandExecutor.cpp(133) Entering IECommandExecutor::OnExecCommand
T 2019-06-12 09:26:50:103 IECommandExecutor.cpp(454) Entering IECommandExecutor::DispatchCommand
T 2019-06-12 09:26:50:103 IECommandExecutor.cpp(577) Entering IECommandExecutor::GetCurrentBrowser
T 2019-06-12 09:26:50:103 IECommandExecutor.cpp(583) Entering IECommandExecutor::GetManagedBrowser
W 2019-06-12 09:26:50:103 IECommandExecutor.cpp(591) Browser ID requested was an empty string
W 2019-06-12 09:26:50:103 IECommandExecutor.cpp(503) Unable to find current browser
T 2019-06-12 09:26:50:103 CommandHandlers\ScreenshotCommandHandler.cpp(38) Entering ScreenshotCommandHandler::ExecuteInternal
T 2019-06-12 09:26:50:103 IECommandExecutor.cpp(577) Entering IECommandExecutor::GetCurrentBrowser
T 2019-06-12 09:26:50:103 IECommandExecutor.cpp(583) Entering IECommandExecutor::GetManagedBrowser
W 2019-06-12 09:26:50:103 IECommandExecutor.cpp(591) Browser ID requested was an empty string
T 2019-06-12 09:26:50:103 response.cc(91) Entering Response::SetErrorResponse
W 2019-06-12 09:26:50:103 response.cc(92) Error response has status code 23 and message 'Unable to get browser' message
T 2019-06-12 09:26:50:103 response.cc(85) Entering Response::SetErrorResponse
T 2019-06-12 09:26:50:103 response.cc(78) Entering Response::SetResponse
T 2019-06-12 09:26:50:103 IECommandExecutor.cpp(577) Entering IECommandExecutor::GetCurrentBrowser
T 2019-06-12 09:26:50:103 IECommandExecutor.cpp(583) Entering IECommandExecutor::GetManagedBrowser
W 2019-06-12 09:26:50:103 IECommandExecutor.cpp(591) Browser ID requested was an empty string
W 2019-06-12 09:26:50:103 IECommandExecutor.cpp(520) Unable to get current browser
T 2019-06-12 09:26:50:103 response.cc(51) Entering Response::Serialize
T 2019-06-12 09:26:50:104 IESession.cpp(212) Beginning wait for response length to be not zero
T 2019-06-12 09:26:50:104 IESession.cpp(221) Found non-zero response length
T 2019-06-12 09:26:50:104 IECommandExecutor.cpp(156) Entering IECommandExecutor::OnGetResponse
T 2019-06-12 09:26:50:104 IECommandExecutor.cpp(285) Entering IECommandExecutor::OnIsSessionValid
D 2019-06-12 09:26:50:104 server.cc(338) Response: {"value":{"data":null,"error":"no such window","message":"Unable to get browser","stacktrace":""}}

T 2019-06-12 09:26:50:104 server.cc(391) Entering Server::SendResponseToClient
T 2019-06-12 09:26:50:104 response.cc(30) Entering Response::Deserialize
T 2019-06-12 09:26:50:104 server.cc(465) Entering Server::SendHttpBadRequest
T 2019-06-12 09:26:50:148 server.cc(174) Entering Server::ProcessRequest
T 2019-06-12 09:26:50:148 server.cc(183) Process request with: URI: /session/fb87e456-eaba-48de-add0-2dfee2b52d5f HTTP verb: DELETE
body: {}
T 2019-06-12 09:26:50:149 server.cc(272) Entering Server::DispatchCommand
T 2019-06-12 09:26:50:149 server.cc(583) Entering Server::LookupCommand
D 2019-06-12 09:26:50:149 server.cc(281) Command: DELETE /session/fb87e456-eaba-48de-add0-2dfee2b52d5f {}
T 2019-06-12 09:26:50:149 server.cc(378) Entering Server::LookupSession
T 2019-06-12 09:26:50:149 IESession.cpp(191) Entering IESession::ExecuteCommand
T 2019-06-12 09:26:50:150 IECommandExecutor.cpp(122) Entering IECommandExecutor::OnSetCommand
T 2019-06-12 09:26:50:150 command.cc(31) Entering Command::Deserialize
D 2019-06-12 09:26:50:150 command.cc(36) Raw JSON command: { "name" : "quit", "locator" : { "sessionid" : "fb87e456-eaba-48de-add0-2dfee2b52d5f" }, "parameters" : {} }
T 2019-06-12 09:26:50:150 IECommandExecutor.cpp(133) Entering IECommandExecutor::OnExecCommand
T 2019-06-12 09:26:50:150 IECommandExecutor.cpp(454) Entering IECommandExecutor::DispatchCommand
T 2019-06-12 09:26:50:150 IECommandExecutor.cpp(577) Entering IECommandExecutor::GetCurrentBrowser
T 2019-06-12 09:26:50:150 IECommandExecutor.cpp(583) Entering IECommandExecutor::GetManagedBrowser
W 2019-06-12 09:26:50:150 IECommandExecutor.cpp(591) Browser ID requested was an empty string
W 2019-06-12 09:26:50:150 IECommandExecutor.cpp(503) Unable to find current browser
T 2019-06-12 09:26:50:150 IECommandExecutor.cpp(607) Entering IECommandExecutor::GetManagedBrowserHandles
T 2019-06-12 09:26:50:150 response.cc(72) Entering Response::SetSuccessResponse
T 2019-06-12 09:26:50:150 response.cc(78) Entering Response::SetResponse
T 2019-06-12 09:26:50:150 IECommandExecutor.cpp(577) Entering IECommandExecutor::GetCurrentBrowser
T 2019-06-12 09:26:50:150 IECommandExecutor.cpp(583) Entering IECommandExecutor::GetManagedBrowser
T 2019-06-12 09:26:50:150 IECommandExecutor.cpp(586) Current command executor is not valid
T 2019-06-12 09:26:50:150 response.cc(51) Entering Response::Serialize
T 2019-06-12 09:26:50:150 IESession.cpp(212) Beginning wait for response length to be not zero
T 2019-06-12 09:26:50:150 IESession.cpp(221) Found non-zero response length
T 2019-06-12 09:26:50:151 IECommandExecutor.cpp(156) Entering IECommandExecutor::OnGetResponse
T 2019-06-12 09:26:50:151 IECommandExecutor.cpp(285) Entering IECommandExecutor::OnIsSessionValid
T 2019-06-12 09:26:50:151 server.cc(225) Entering Server::ShutDownSession
T 2019-06-12 09:26:50:151 IESession.cpp(119) Entering IESession::ShutDown
T 2019-06-12 09:26:50:151 IESession.cpp(173) Entering IESession::WaitForCommandExecutorExit
D 2019-06-12 09:26:50:151 IESession.cpp(150) Executor shutdown successful!
D 2019-06-12 09:26:50:151 IESession.cpp(158) Posting thread shutdown message
D 2019-06-12 09:26:50:151 IESession.cpp(161) Starting wait for thread completion
D 2019-06-12 09:26:50:151 IECommandExecutor.cpp(436) Shutdown message received
D 2019-06-12 09:26:50:151 IESession.cpp(164) Waiting for thread to end returned 4294967295
D 2019-06-12 09:26:50:151 server.cc(338) Response: {"value":null}

T 2019-06-12 09:26:50:151 server.cc(391) Entering Server::SendResponseToClient
T 2019-06-12 09:26:50:151 response.cc(30) Entering Response::Deserialize
D 2019-06-12 09:26:50:151 IECommandExecutor.cpp(97) Entering IECommandExecutor::OnDestroy
T 2019-06-12 09:26:50:151 server.cc(445) Entering Server::SendHttpOk
D 2019-06-12 09:26:50:151 IECommandExecutor.cpp(99) Clearing managed element cache
D 2019-06-12 09:26:50:151 IECommandExecutor.cpp(102) Closing command handler repository
D 2019-06-12 09:26:50:152 IECommandExecutor.cpp(104) Closing element finder
D 2019-06-12 09:26:50:152 IECommandExecutor.cpp(106) Closing input manager
D 2019-06-12 09:26:50:152 IECommandExecutor.cpp(108) Closing proxy manager
T 2019-06-12 09:26:50:152 ProxyManager.cpp(185) ProxyManager::RestoreProxySettings
D 2019-06-12 09:26:50:152 IECommandExecutor.cpp(110) Closing browser factory
D 2019-06-12 09:26:50:152 IECommandExecutor.cpp(112) Posting quit message
D 2019-06-12 09:26:50:152 IECommandExecutor.cpp(114) Leaving IECommandExecutor::OnDestroy
D 2019-06-12 09:26:50:152 IECommandExecutor.cpp(438) Returned from DestroyWindow()
D 2019-06-12 09:26:50:152 IECommandExecutor.cpp(447) Exited IECommandExecutor thread message loop
T 2019-06-12 09:26:50:156 server.cc(174) Entering Server::ProcessRequest
T 2019-06-12 09:26:50:156 server.cc(183) Process request with: URI: /shutdown HTTP verb: GET
body: {}
T 2019-06-12 09:26:50:156 server.cc(445) Entering Server::SendHttpOk
T 2019-06-12 09:26:50:157 IEServer.cpp(88) Entering IEServer::ShutDown
T 2019-06-12 09:26:50:157 WebDriver.cpp(54) Entering StopServer
T 2019-06-12 09:26:50:158 server.cc(165) Entering Server::Stop
