I 2019-06-12 09:43:16:113 server.cc(86) Starting WebDriver server on port: '10888' on host: ''
T 2019-06-12 09:43:16:114 server.cc(634) Entering Server::PopulateCommandRepository
T 2019-06-12 09:43:16:114 IEServer.cpp(32) Entering IEServer::IEServer
I 2019-06-12 09:43:16:114 IEServer.cpp(33) Driver version: 3.6.0.0 (32-bit)
T 2019-06-12 09:43:16:114 server.cc(121) Entering Server::Start
D 2019-06-12 09:43:16:114 server.cc(148) Civetweb ACL is -0.0.0.0/0,+127.0.0.1
T 2019-06-12 09:43:16:229 server.cc(174) Entering Server::ProcessRequest
T 2019-06-12 09:43:16:230 server.cc(183) Process request with: URI: /status HTTP verb: GET
body: {}
T 2019-06-12 09:43:16:230 server.cc(272) Entering Server::DispatchCommand
T 2019-06-12 09:43:16:230 server.cc(583) Entering Server::LookupCommand
D 2019-06-12 09:43:16:230 server.cc(281) Command: GET /status {}
T 2019-06-12 09:43:16:230 IEServer.cpp(51) Entering IEServer::GetStatus
T 2019-06-12 09:43:16:230 response.cc(72) Entering Response::SetSuccessResponse
T 2019-06-12 09:43:16:230 response.cc(78) Entering Response::SetResponse
T 2019-06-12 09:43:16:230 response.cc(51) Entering Response::Serialize
D 2019-06-12 09:43:16:230 server.cc(338) Response: {"value":{"build":{"version":"3.6.0.0 (32-bit)"},"message":"Ready to create session","os":{"arch":"x64","name":"windows","version":"10.0.17134.376 (WinBuild.160101.0800)"},"ready":true}}

T 2019-06-12 09:43:16:230 server.cc(391) Entering Server::SendResponseToClient
T 2019-06-12 09:43:16:230 response.cc(30) Entering Response::Deserialize
T 2019-06-12 09:43:16:230 server.cc(445) Entering Server::SendHttpOk
T 2019-06-12 09:43:16:237 server.cc(174) Entering Server::ProcessRequest
T 2019-06-12 09:43:16:237 server.cc(238) Entering Server::ReadRequestBody
T 2019-06-12 09:43:16:237 server.cc(183) Process request with: URI: /session HTTP verb: POST
body: {
  "desiredCapabilities": {"browserName":"internet explorer","ensureCleanSession":true,"ie.usePerProcessProxy":"true","platform":"WINDOWS","se:ieOptions":{"ie.usePerProcessProxy":"true"}},
  "capabilities": {
    "desiredCapabilities": {"browserName":"internet explorer","ensureCleanSession":true,"ie.usePerProcessProxy":"true","platform":"WINDOWS","se:ieOptions":{"ie.usePerProcessProxy":"true"}},
    "firstMatch": [
      {"browserName":"internet explorer","platformName":"windows","se:ieOptions":{"ie.usePerProcessProxy":"true"}}
    ]
  }
}
T 2019-06-12 09:43:16:237 server.cc(272) Entering Server::DispatchCommand
T 2019-06-12 09:43:16:237 server.cc(583) Entering Server::LookupCommand
D 2019-06-12 09:43:16:237 server.cc(281) Command: POST /session {
  "desiredCapabilities": {"browserName":"internet explorer","ensureCleanSession":true,"ie.usePerProcessProxy":"true","platform":"WINDOWS","se:ieOptions":{"ie.usePerProcessProxy":"true"}},
  "capabilities": {
    "desiredCapabilities": {"browserName":"internet explorer","ensureCleanSession":true,"ie.usePerProcessProxy":"true","platform":"WINDOWS","se:ieOptions":{"ie.usePerProcessProxy":"true"}},
    "firstMatch": [
      {"browserName":"internet explorer","platformName":"windows","se:ieOptions":{"ie.usePerProcessProxy":"true"}}
    ]
  }
}
T 2019-06-12 09:43:16:238 IEServer.cpp(42) Entering IEServer::InitializeSession
T 2019-06-12 09:43:16:238 IESession.cpp(38) Entering IESession::Initialize
D 2019-06-12 09:43:16:238 IESession.cpp(53) Mutex acquired for session initalization
T 2019-06-12 09:43:16:238 IECommandExecutor.cpp(386) Entering IECommandExecutor::ThreadProc
T 2019-06-12 09:43:16:241 IECommandExecutor.cpp(47) Entering IECommandExecutor::OnCreate
T 2019-06-12 09:43:16:242 IECommandExecutor.cpp(753) Entering IECommandExecutor::PopulateElementFinderMethods
T 2019-06-12 09:43:16:242 InputManager.cpp(40) Entering InputManager::InputManager
T 2019-06-12 09:43:16:242 InputManager.cpp(75) Entering InputManager::Initialize
T 2019-06-12 09:43:16:242 BrowserFactory.cpp(998) Entering BrowserFactory::GetExecutableLocation
T 2019-06-12 09:43:16:242 BrowserFactory.cpp(1039) Entering BrowserFactory::GetIEVersion
T 2019-06-12 09:43:16:243 CommandHandlerRepository.cpp(108) Entering CommandHandlerRepository::PopulateCommandHandlers
T 2019-06-12 09:43:16:243 IESession.cpp(99) Created thread for command executor returns HWND: '001D11C8'
T 2019-06-12 09:43:16:243 IESession.cpp(103) Session id is retrived from command executor window: '00f3b5ba-7953-4a14-a708-7d7f90ff9701'
D 2019-06-12 09:43:16:243 IESession.cpp(109) Releasing session initialization mutex
T 2019-06-12 09:43:16:243 IESession.cpp(191) Entering IESession::ExecuteCommand
T 2019-06-12 09:43:16:243 IECommandExecutor.cpp(122) Entering IECommandExecutor::OnSetCommand
T 2019-06-12 09:43:16:243 command.cc(31) Entering Command::Deserialize
D 2019-06-12 09:43:16:243 command.cc(36) Raw JSON command: { "name" : "newSession", "locator" : { }, "parameters" : {
  "desiredCapabilities": {"browserName":"internet explorer","ensureCleanSession":true,"ie.usePerProcessProxy":"true","platform":"WINDOWS","se:ieOptions":{"ie.usePerProcessProxy":"true"}},
  "capabilities": {
    "desiredCapabilities": {"browserName":"internet explorer","ensureCleanSession":true,"ie.usePerProcessProxy":"true","platform":"WINDOWS","se:ieOptions":{"ie.usePerProcessProxy":"true"}},
    "firstMatch": [
      {"browserName":"internet explorer","platformName":"windows","se:ieOptions":{"ie.usePerProcessProxy":"true"}}
    ]
  }
} }
T 2019-06-12 09:43:16:243 IECommandExecutor.cpp(133) Entering IECommandExecutor::OnExecCommand
T 2019-06-12 09:43:16:244 IECommandExecutor.cpp(454) Entering IECommandExecutor::DispatchCommand
T 2019-06-12 09:43:16:244 IESession.cpp(212) Beginning wait for response length to be not zero
D 2019-06-12 09:43:16:244 CommandHandlers\NewSessionCommandHandler.cpp(46) Found W3C capabilities structure
D 2019-06-12 09:43:16:244 CommandHandlers\NewSessionCommandHandler.cpp(505) Validating capabilities object
D 2019-06-12 09:43:16:244 CommandHandlers\NewSessionCommandHandler.cpp(505) Validating capabilities object
D 2019-06-12 09:43:16:244 CommandHandlers\NewSessionCommandHandler.cpp(535) Found browserNamecapability. Validating value type is string.
D 2019-06-12 09:43:16:244 CommandHandlers\NewSessionCommandHandler.cpp(564) Found platformNamecapability. Validating value type is string.
D 2019-06-12 09:43:16:244 CommandHandlers\NewSessionCommandHandler.cpp(794) Found proxycapability. Validating value type is object.
T 2019-06-12 09:43:16:244 BrowserFactory.cpp(113) Entering BrowserFactory::Initialize
T 2019-06-12 09:43:16:244 IECommandExecutor.cpp(631) Entering IECommandExecutor::CreateNewBrowser
T 2019-06-12 09:43:16:244 BrowserFactory.cpp(142) Entering BrowserFactory::LaunchBrowserProcess
D 2019-06-12 09:43:16:244 BrowserFactory.cpp(146) Ignoring Protected Mode Settings: 0
D 2019-06-12 09:43:16:244 BrowserFactory.cpp(149) Checking validity of Protected Mode settings.
T 2019-06-12 09:43:16:244 BrowserFactory.cpp(1058) Entering BrowserFactory::ProtectedModeSettingsAreValid
D 2019-06-12 09:43:16:244 BrowserFactory.cpp(1061) Detected IE version: 11, Windows version supports Protected Mode: 1
T 2019-06-12 09:43:16:244 BrowserFactory.cpp(1135) Entering BrowserFactory::GetZoneProtectedModeSetting
D 2019-06-12 09:43:16:244 BrowserFactory.cpp(1152) Found Protected Mode setting value of 3 for zone 1
T 2019-06-12 09:43:16:244 BrowserFactory.cpp(1135) Entering BrowserFactory::GetZoneProtectedModeSetting
D 2019-06-12 09:43:16:244 BrowserFactory.cpp(1156) RegQueryValueEx failed for getting Protected Mode setting for a zone: 2
T 2019-06-12 09:43:16:244 BrowserFactory.cpp(1135) Entering BrowserFactory::GetZoneProtectedModeSetting
D 2019-06-12 09:43:16:244 BrowserFactory.cpp(1156) RegQueryValueEx failed for getting Protected Mode setting for a zone: 3
T 2019-06-12 09:43:16:244 BrowserFactory.cpp(1135) Entering BrowserFactory::GetZoneProtectedModeSetting
D 2019-06-12 09:43:16:244 BrowserFactory.cpp(1156) RegQueryValueEx failed for getting Protected Mode setting for a zone: 4
D 2019-06-12 09:43:16:244 BrowserFactory.cpp(152) Has Valid Protected Mode Settings: 1
T 2019-06-12 09:43:16:244 BrowserFactory.cpp(226) Entering BrowserFactory::IsIELaunchURLAvailable
T 2019-06-12 09:43:16:253 BrowserFactory.cpp(130) Entering BrowserFactory::ClearCache
T 2019-06-12 09:43:16:253 BrowserFactory.cpp(247) Entering BrowserFactory::LaunchBrowserUsingIELaunchURL
D 2019-06-12 09:43:16:253 BrowserFactory.cpp(248) Starting IE using the IELaunchURL API
D 2019-06-12 09:43:16:691 BrowserFactory.cpp(202) IE launched successfully with process ID 19020
D 2019-06-12 09:43:16:691 BrowserFactory.cpp(208) Process with ID 19020 is executing iexplore.exe
T 2019-06-12 09:43:16:691 BrowserFactory.cpp(365) Entering BrowserFactory::AttachToBrowser
D 2019-06-12 09:43:16:691 BrowserFactory.cpp(375) Using Active Accessibility to find IWebBrowser2 interface
T 2019-06-12 09:43:16:691 BrowserFactory.cpp(414) Entering BrowserFactory::AttachToBrowserUsingActiveAccessibility
T 2019-06-12 09:43:17:119 server.cc(174) Entering Server::ProcessRequest
T 2019-06-12 09:43:17:119 server.cc(183) Process request with: URI: / HTTP verb: GET
body: {}
T 2019-06-12 09:43:17:119 server.cc(445) Entering Server::SendHttpOk
T 2019-06-12 09:43:17:287 server.cc(174) Entering Server::ProcessRequest
T 2019-06-12 09:43:17:287 server.cc(183) Process request with: URI: /favicon.ico HTTP verb: GET
body: {}
T 2019-06-12 09:43:17:287 server.cc(272) Entering Server::DispatchCommand
T 2019-06-12 09:43:17:287 server.cc(583) Entering Server::LookupCommand
D 2019-06-12 09:43:17:287 server.cc(281) Command: GET /favicon.ico {}
D 2019-06-12 09:43:17:287 server.cc(338) Response: { "error" : "unknown method", "message" : "Command not found: GET /favicon.ico" }
T 2019-06-12 09:43:17:287 server.cc(391) Entering Server::SendResponseToClient
T 2019-06-12 09:43:17:287 response.cc(30) Entering Response::Deserialize
T 2019-06-12 09:43:17:287 server.cc(445) Entering Server::SendHttpOk
D 2019-06-12 09:43:17:446 BrowserFactory.cpp(434) Found window handle 00041912 for window with class 'Internet Explorer_Server' belonging to process with id 19020
T 2019-06-12 09:43:17:446 BrowserFactory.cpp(329) Entering BrowserFactory::GetDocumentFromWindowHandle
D 2019-06-12 09:43:17:496 BrowserFactory.cpp(396) Ignoring zoom setting: 0
T 2019-06-12 09:43:17:496 BrowserFactory.cpp(574) Entering BrowserFactory::GetBrowserZoomLevel
T 2019-06-12 09:43:17:506 BrowserFactory.cpp(614) Entering BrowserFactory::GetZoomLevel
D 2019-06-12 09:43:17:524 BrowserFactory.cpp(694) Browser zoom level is 100%
I 2019-06-12 09:43:17:526 IECommandExecutor.cpp(654) Persistent hovering set to: 1
T 2019-06-12 09:43:17:526 ProxyManager.cpp(97) ProxyManager::SetProxySettings
D 2019-06-12 09:43:17:526 ProxyManager.cpp(113) Using existing system proxy settings.
T 2019-06-12 09:43:17:526 DocumentHost.cpp(33) Entering DocumentHost::DocumentHost
T 2019-06-12 09:43:17:526 CookieManager.cpp(49) Entering CookieManager::Initialize
T 2019-06-12 09:43:17:526 Browser.cpp(33) Entering Browser::Browser
T 2019-06-12 09:43:17:526 Browser.cpp(293) Entering Browser::AttachEvents
T 2019-06-12 09:43:17:529 IECommandExecutor.cpp(621) Entering IECommandExecutor::AddManagedBrowser
T 2019-06-12 09:43:17:529 IECommandExecutor.cpp(625) Setting current browser id to 5c598923-15b5-4905-b222-665ce829d8f9
T 2019-06-12 09:43:17:529 response.cc(72) Entering Response::SetSuccessResponse
T 2019-06-12 09:43:17:530 response.cc(78) Entering Response::SetResponse
T 2019-06-12 09:43:17:530 IECommandExecutor.cpp(577) Entering IECommandExecutor::GetCurrentBrowser
T 2019-06-12 09:43:17:530 IECommandExecutor.cpp(583) Entering IECommandExecutor::GetManagedBrowser
T 2019-06-12 09:43:17:530 response.cc(51) Entering Response::Serialize
T 2019-06-12 09:43:17:530 IESession.cpp(221) Found non-zero response length
T 2019-06-12 09:43:17:530 IECommandExecutor.cpp(156) Entering IECommandExecutor::OnGetResponse
T 2019-06-12 09:43:17:530 IECommandExecutor.cpp(285) Entering IECommandExecutor::OnIsSessionValid
T 2019-06-12 09:43:17:530 response.cc(30) Entering Response::Deserialize
D 2019-06-12 09:43:17:530 server.cc(338) Response: {"value":{"capabilities":{"acceptInsecureCerts":false,"browserName":"internet explorer","browserVersion":"11","pageLoadStrategy":"normal","platformName":"windows","se:ieOptions":{"browserAttachTimeout":0,"elementScrollBehavior":0,"enablePersistentHover":true,"ie.browserCommandLineSwitches":"","ie.ensureCleanSession":false,"ie.fileUploadDialogTimeout":3000,"ie.forceCreateProcessApi":false,"ignoreProtectedModeSettings":false,"ignoreZoomSetting":false,"initialBrowserUrl":"http://localhost:10888/","nativeEvents":true,"requireWindowFocus":false},"setWindowRect":true},"sessionId":"00f3b5ba-7953-4a14-a708-7d7f90ff9701"}}

T 2019-06-12 09:43:17:530 server.cc(391) Entering Server::SendResponseToClient
T 2019-06-12 09:43:17:530 response.cc(30) Entering Response::Deserialize
T 2019-06-12 09:43:17:530 server.cc(445) Entering Server::SendHttpOk
T 2019-06-12 09:43:17:541 server.cc(174) Entering Server::ProcessRequest
T 2019-06-12 09:43:17:541 server.cc(238) Entering Server::ReadRequestBody
T 2019-06-12 09:43:17:541 server.cc(183) Process request with: URI: /session/00f3b5ba-7953-4a14-a708-7d7f90ff9701/timeouts HTTP verb: POST
body: {"implicit":0}
T 2019-06-12 09:43:17:541 server.cc(272) Entering Server::DispatchCommand
T 2019-06-12 09:43:17:541 server.cc(583) Entering Server::LookupCommand
D 2019-06-12 09:43:17:541 server.cc(281) Command: POST /session/00f3b5ba-7953-4a14-a708-7d7f90ff9701/timeouts {"implicit":0}
T 2019-06-12 09:43:17:541 server.cc(378) Entering Server::LookupSession
T 2019-06-12 09:43:17:541 IESession.cpp(191) Entering IESession::ExecuteCommand
T 2019-06-12 09:43:17:541 IECommandExecutor.cpp(122) Entering IECommandExecutor::OnSetCommand
T 2019-06-12 09:43:17:541 command.cc(31) Entering Command::Deserialize
D 2019-06-12 09:43:17:541 command.cc(36) Raw JSON command: { "name" : "setTimeouts", "locator" : { "sessionid" : "00f3b5ba-7953-4a14-a708-7d7f90ff9701" }, "parameters" : {"implicit":0} }
T 2019-06-12 09:43:17:541 IECommandExecutor.cpp(133) Entering IECommandExecutor::OnExecCommand
T 2019-06-12 09:43:17:541 IESession.cpp(212) Beginning wait for response length to be not zero
T 2019-06-12 09:43:17:541 IECommandExecutor.cpp(454) Entering IECommandExecutor::DispatchCommand
T 2019-06-12 09:43:17:541 IECommandExecutor.cpp(577) Entering IECommandExecutor::GetCurrentBrowser
T 2019-06-12 09:43:17:542 IECommandExecutor.cpp(583) Entering IECommandExecutor::GetManagedBrowser
T 2019-06-12 09:43:17:542 IECommandExecutor.cpp(529) Entering IECommandExecutor::IsAlertActive
T 2019-06-12 09:43:17:542 Browser.cpp(700) Entering Browser::GetActiveDialogWindowHandle
T 2019-06-12 09:43:17:542 Browser.cpp(206) Entering Browser::GetContentWindowHandle
D 2019-06-12 09:43:17:542 IECommandExecutor.cpp(543) No alert handle is found
T 2019-06-12 09:43:17:542 IECommandExecutor.cpp(577) Entering IECommandExecutor::GetCurrentBrowser
T 2019-06-12 09:43:17:542 IECommandExecutor.cpp(583) Entering IECommandExecutor::GetManagedBrowser
T 2019-06-12 09:43:17:542 response.cc(51) Entering Response::Serialize
T 2019-06-12 09:43:17:552 IESession.cpp(221) Found non-zero response length
T 2019-06-12 09:43:17:552 IECommandExecutor.cpp(156) Entering IECommandExecutor::OnGetResponse
T 2019-06-12 09:43:17:552 IECommandExecutor.cpp(285) Entering IECommandExecutor::OnIsSessionValid
D 2019-06-12 09:43:17:552 server.cc(338) Response: {"value":null}

T 2019-06-12 09:43:17:552 server.cc(391) Entering Server::SendResponseToClient
T 2019-06-12 09:43:17:552 response.cc(30) Entering Response::Deserialize
T 2019-06-12 09:43:17:552 server.cc(445) Entering Server::SendHttpOk
T 2019-06-12 09:43:17:558 server.cc(174) Entering Server::ProcessRequest
T 2019-06-12 09:43:17:558 server.cc(238) Entering Server::ReadRequestBody
T 2019-06-12 09:43:17:558 server.cc(183) Process request with: URI: /session/00f3b5ba-7953-4a14-a708-7d7f90ff9701/execute/sync HTTP verb: POST
body: {"script":"return navigator.sayswho\u003d (function() { var ua\u003d navigator.userAgent, tem, M\u003d ua.match(/(opera|chrome|safari|firefox|msie|trident)\\/?\\s*(\\.?\\d+(\\.\\d+)*)/i) || []; if (/trident/i.test(M[1])) {     tem\u003d  /\\brv[ :]+(\\d+)/g.exec(ua) || [];     return \u0027IE \u0027+(tem[1] || \u0027\u0027); } if(M[1]\u003d\u003d\u003d \u0027Chrome\u0027) {     tem\u003d ua.match(/\\b(OPR|Edge)\\/(\\d+)/);     if(tem!\u003d null) return tem.slice(1).join(\u0027 \u0027).replace(\u0027OPR\u0027, \u0027Opera\u0027); } M\u003d M[2]? [M[1], M[2]]: [navigator.appName, navigator.appVersion, \u0027-?\u0027]; if((tem\u003d ua.match(/version\\/(\\d+)/i))!\u003d null) M.splice(1, 1, tem[1]); return M.join(\u0027 \u0027).replace(\u0027MSIE\u0027, \u0027IE\u0027);})();","args":[]}
T 2019-06-12 09:43:17:558 server.cc(272) Entering Server::DispatchCommand
T 2019-06-12 09:43:17:558 server.cc(583) Entering Server::LookupCommand
D 2019-06-12 09:43:17:558 server.cc(281) Command: POST /session/00f3b5ba-7953-4a14-a708-7d7f90ff9701/execute/sync {"script":"return navigator.sayswho\u003d (function() { var ua\u003d navigator.userAgent, tem, M\u003d ua.match(/(opera|chrome|safari|firefox|msie|trident)\\/?\\s*(\\.?\\d+(\\.\\d+)*)/i) || []; if (/trident/i.test(M[1])) {     tem\u003d  /\\brv[ :]+(\\d+)/g.exec(ua) || [];     return \u0027IE \u0027+(tem[1] || \u0027\u0027); } if(M[1]\u003d\u003d\u003d \u0027Chrome\u0027) {     tem\u003d ua.match(/\\b(OPR|Edge)\\/(\\d+)/);     if(tem!\u003d null) return tem.slice(1).join(\u0027 \u0027).replace(\u0027OPR\u0027, \u0027Opera\u0027); } M\u003d M[2]? [M[1], M[2]]: [navigator.appName, navigator.appVersion, \u0027-?\u0027]; if((tem\u003d ua.match(/version\\/(\\d+)/i))!\u003d null) M.splice(1, 1, tem[1]); return M.join(\u0027 \u0027).replace(\u0027MSIE\u0027, \u0027IE\u0027);})();","args":[]}
T 2019-06-12 09:43:17:558 server.cc(378) Entering Server::LookupSession
T 2019-06-12 09:43:17:558 IESession.cpp(191) Entering IESession::ExecuteCommand
T 2019-06-12 09:43:17:559 IECommandExecutor.cpp(122) Entering IECommandExecutor::OnSetCommand
T 2019-06-12 09:43:17:559 command.cc(31) Entering Command::Deserialize
D 2019-06-12 09:43:17:559 command.cc(36) Raw JSON command: { "name" : "executeScript", "locator" : { "sessionid" : "00f3b5ba-7953-4a14-a708-7d7f90ff9701" }, "parameters" : {"script":"return navigator.sayswho\u003d (function() { var ua\u003d navigator.userAgent, tem, M\u003d ua.match(/(opera|chrome|safari|firefox|msie|trident)\\/?\\s*(\\.?\\d+(\\.\\d+)*)/i) || []; if (/trident/i.test(M[1])) {     tem\u003d  /\\brv[ :]+(\\d+)/g.exec(ua) || [];     return \u0027IE \u0027+(tem[1] || \u0027\u0027); } if(M[1]\u003d\u003d\u003d \u0027Chrome\u0027) {     tem\u003d ua.match(/\\b(OPR|Edge)\\/(\\d+)/);     if(tem!\u003d null) return tem.slice(1).join(\u0027 \u0027).replace(\u0027OPR\u0027, \u0027Opera\u0027); } M\u003d M[2]? [M[1], M[2]]: [navigator.appName, navigator.appVersion, \u0027-?\u0027]; if((tem\u003d ua.match(/version\\/(\\d+)/i))!\u003d null) M.splice(1, 1, tem[1]); return M.join(\u0027 \u0027).replace(\u0027MSIE\u0027, \u0027IE\u0027);})();","args":[]} }
T 2019-06-12 09:43:17:559 IESession.cpp(212) Beginning wait for response length to be not zero
T 2019-06-12 09:43:17:559 IECommandExecutor.cpp(133) Entering IECommandExecutor::OnExecCommand
T 2019-06-12 09:43:17:559 IECommandExecutor.cpp(454) Entering IECommandExecutor::DispatchCommand
T 2019-06-12 09:43:17:559 IECommandExecutor.cpp(577) Entering IECommandExecutor::GetCurrentBrowser
T 2019-06-12 09:43:17:559 IECommandExecutor.cpp(583) Entering IECommandExecutor::GetManagedBrowser
T 2019-06-12 09:43:17:559 IECommandExecutor.cpp(529) Entering IECommandExecutor::IsAlertActive
T 2019-06-12 09:43:17:559 Browser.cpp(700) Entering Browser::GetActiveDialogWindowHandle
T 2019-06-12 09:43:17:559 Browser.cpp(206) Entering Browser::GetContentWindowHandle
D 2019-06-12 09:43:17:559 IECommandExecutor.cpp(543) No alert handle is found
T 2019-06-12 09:43:17:559 IECommandExecutor.cpp(577) Entering IECommandExecutor::GetCurrentBrowser
T 2019-06-12 09:43:17:559 IECommandExecutor.cpp(583) Entering IECommandExecutor::GetManagedBrowser
T 2019-06-12 09:43:17:559 Browser.cpp(126) Entering Browser::GetDocument
I 2019-06-12 09:43:17:559 Browser.cpp(130) No child frame focus. Focus is on top-level frame
T 2019-06-12 09:43:17:573 Browser.cpp(613) Entering Browser::GetDocumentFromWindow
T 2019-06-12 09:43:17:586 Script.cpp(49) Entering Script::Initialize
T 2019-06-12 09:43:17:586 CommandHandlers\ExecuteScriptCommandHandler.cpp(85) Entering ExecuteScriptCommandHandler::PopulateArgumentArray
T 2019-06-12 09:43:17:586 Script.cpp(169) Entering Script::Execute
T 2019-06-12 09:43:17:586 Script.cpp(438) Entering Script::CreateAnonymousFunction
T 2019-06-12 09:43:17:619 Script.cpp(426) Entering Script::ConvertResultToJsonValue
T 2019-06-12 09:43:17:619 response.cc(72) Entering Response::SetSuccessResponse
T 2019-06-12 09:43:17:619 response.cc(78) Entering Response::SetResponse
T 2019-06-12 09:43:17:620 IECommandExecutor.cpp(577) Entering IECommandExecutor::GetCurrentBrowser
T 2019-06-12 09:43:17:620 IECommandExecutor.cpp(583) Entering IECommandExecutor::GetManagedBrowser
T 2019-06-12 09:43:17:620 response.cc(51) Entering Response::Serialize
T 2019-06-12 09:43:17:627 IESession.cpp(221) Found non-zero response length
T 2019-06-12 09:43:17:627 IECommandExecutor.cpp(156) Entering IECommandExecutor::OnGetResponse
T 2019-06-12 09:43:17:627 IECommandExecutor.cpp(285) Entering IECommandExecutor::OnIsSessionValid
D 2019-06-12 09:43:17:627 server.cc(338) Response: {"value":"IE 11"}

T 2019-06-12 09:43:17:627 server.cc(391) Entering Server::SendResponseToClient
T 2019-06-12 09:43:17:627 response.cc(30) Entering Response::Deserialize
T 2019-06-12 09:43:17:627 server.cc(445) Entering Server::SendHttpOk
T 2019-06-12 09:43:17:641 server.cc(174) Entering Server::ProcessRequest
T 2019-06-12 09:43:17:641 server.cc(238) Entering Server::ReadRequestBody
T 2019-06-12 09:43:17:641 server.cc(183) Process request with: URI: /session/00f3b5ba-7953-4a14-a708-7d7f90ff9701/url HTTP verb: POST
body: {"url":"http://cms9dev.kellogg.northwestern.edu/programs/ms-management-studies.aspx"}
T 2019-06-12 09:43:17:641 server.cc(272) Entering Server::DispatchCommand
T 2019-06-12 09:43:17:641 server.cc(583) Entering Server::LookupCommand
D 2019-06-12 09:43:17:641 server.cc(281) Command: POST /session/00f3b5ba-7953-4a14-a708-7d7f90ff9701/url {"url":"http://cms9dev.kellogg.northwestern.edu/programs/ms-management-studies.aspx"}
T 2019-06-12 09:43:17:641 server.cc(378) Entering Server::LookupSession
T 2019-06-12 09:43:17:641 IESession.cpp(191) Entering IESession::ExecuteCommand
T 2019-06-12 09:43:17:641 IECommandExecutor.cpp(122) Entering IECommandExecutor::OnSetCommand
T 2019-06-12 09:43:17:641 command.cc(31) Entering Command::Deserialize
D 2019-06-12 09:43:17:641 command.cc(36) Raw JSON command: { "name" : "get", "locator" : { "sessionid" : "00f3b5ba-7953-4a14-a708-7d7f90ff9701" }, "parameters" : {"url":"http://cms9dev.kellogg.northwestern.edu/programs/ms-management-studies.aspx"} }
T 2019-06-12 09:43:17:641 IESession.cpp(212) Beginning wait for response length to be not zero
T 2019-06-12 09:43:17:641 IECommandExecutor.cpp(133) Entering IECommandExecutor::OnExecCommand
T 2019-06-12 09:43:17:641 IECommandExecutor.cpp(454) Entering IECommandExecutor::DispatchCommand
T 2019-06-12 09:43:17:641 IECommandExecutor.cpp(577) Entering IECommandExecutor::GetCurrentBrowser
T 2019-06-12 09:43:17:641 IECommandExecutor.cpp(583) Entering IECommandExecutor::GetManagedBrowser
T 2019-06-12 09:43:17:641 IECommandExecutor.cpp(529) Entering IECommandExecutor::IsAlertActive
T 2019-06-12 09:43:17:641 Browser.cpp(700) Entering Browser::GetActiveDialogWindowHandle
T 2019-06-12 09:43:17:641 Browser.cpp(206) Entering Browser::GetContentWindowHandle
D 2019-06-12 09:43:17:642 IECommandExecutor.cpp(543) No alert handle is found
T 2019-06-12 09:43:17:642 IECommandExecutor.cpp(577) Entering IECommandExecutor::GetCurrentBrowser
T 2019-06-12 09:43:17:642 IECommandExecutor.cpp(583) Entering IECommandExecutor::GetManagedBrowser
T 2019-06-12 09:43:17:642 Browser.cpp(318) Entring Browser::NavigateToUrl
T 2019-06-12 09:43:17:699 DocumentHost.cpp(142) Entering DocumentHost::SetFocusedFrameByElement
T 2019-06-12 09:43:17:699 response.cc(72) Entering Response::SetSuccessResponse
T 2019-06-12 09:43:17:700 response.cc(78) Entering Response::SetResponse
T 2019-06-12 09:43:17:700 IECommandExecutor.cpp(577) Entering IECommandExecutor::GetCurrentBrowser
T 2019-06-12 09:43:17:700 IECommandExecutor.cpp(583) Entering IECommandExecutor::GetManagedBrowser
T 2019-06-12 09:43:17:700 response.cc(51) Entering Response::Serialize
T 2019-06-12 09:43:17:700 IECommandExecutor.cpp(172) Entering IECommandExecutor::OnWait
T 2019-06-12 09:43:17:700 IECommandExecutor.cpp(577) Entering IECommandExecutor::GetCurrentBrowser
T 2019-06-12 09:43:17:700 IECommandExecutor.cpp(583) Entering IECommandExecutor::GetManagedBrowser
T 2019-06-12 09:43:17:700 Browser.cpp(438) Entering Browser::Wait
D 2019-06-12 09:43:17:700 Browser.cpp(448) Navigate Events Completed.
T 2019-06-12 09:43:17:700 Browser.cpp(700) Entering Browser::GetActiveDialogWindowHandle
T 2019-06-12 09:43:17:700 Browser.cpp(206) Entering Browser::GetContentWindowHandle
D 2019-06-12 09:43:17:705 Browser.cpp(508) Waiting for document to complete...
T 2019-06-12 09:43:17:705 Browser.cpp(522) Entering Browser::IsDocumentNavigating
D 2019-06-12 09:43:17:728 Browser.cpp(513) Not in navigating state
T 2019-06-12 09:43:17:741 IESession.cpp(221) Found non-zero response length
T 2019-06-12 09:43:17:742 IECommandExecutor.cpp(156) Entering IECommandExecutor::OnGetResponse
T 2019-06-12 09:43:17:742 IECommandExecutor.cpp(285) Entering IECommandExecutor::OnIsSessionValid
D 2019-06-12 09:43:17:742 server.cc(338) Response: {"value":null}

T 2019-06-12 09:43:17:742 server.cc(391) Entering Server::SendResponseToClient
T 2019-06-12 09:43:17:742 response.cc(30) Entering Response::Deserialize
T 2019-06-12 09:43:17:742 server.cc(445) Entering Server::SendHttpOk
T 2019-06-12 09:43:17:772 server.cc(174) Entering Server::ProcessRequest
T 2019-06-12 09:43:17:772 server.cc(238) Entering Server::ReadRequestBody
T 2019-06-12 09:43:17:772 server.cc(183) Process request with: URI: /session/00f3b5ba-7953-4a14-a708-7d7f90ff9701/elements HTTP verb: POST
body: {"value":"//a[@id\u003d\u002762c3616b-9c77-42ad-bf48-27fa72c5754a_4\u0027]","using":"xpath"}
T 2019-06-12 09:43:17:772 server.cc(272) Entering Server::DispatchCommand
T 2019-06-12 09:43:17:772 server.cc(583) Entering Server::LookupCommand
D 2019-06-12 09:43:17:772 server.cc(281) Command: POST /session/00f3b5ba-7953-4a14-a708-7d7f90ff9701/elements {"value":"//a[@id\u003d\u002762c3616b-9c77-42ad-bf48-27fa72c5754a_4\u0027]","using":"xpath"}
T 2019-06-12 09:43:17:772 server.cc(378) Entering Server::LookupSession
T 2019-06-12 09:43:17:772 IESession.cpp(191) Entering IESession::ExecuteCommand
T 2019-06-12 09:43:17:772 IECommandExecutor.cpp(122) Entering IECommandExecutor::OnSetCommand
T 2019-06-12 09:43:17:772 command.cc(31) Entering Command::Deserialize
D 2019-06-12 09:43:17:772 command.cc(36) Raw JSON command: { "name" : "findElements", "locator" : { "sessionid" : "00f3b5ba-7953-4a14-a708-7d7f90ff9701" }, "parameters" : {"value":"//a[@id\u003d\u002762c3616b-9c77-42ad-bf48-27fa72c5754a_4\u0027]","using":"xpath"} }
T 2019-06-12 09:43:17:772 IESession.cpp(212) Beginning wait for response length to be not zero
T 2019-06-12 09:43:17:772 IECommandExecutor.cpp(133) Entering IECommandExecutor::OnExecCommand
T 2019-06-12 09:43:17:772 IECommandExecutor.cpp(454) Entering IECommandExecutor::DispatchCommand
T 2019-06-12 09:43:17:772 IECommandExecutor.cpp(577) Entering IECommandExecutor::GetCurrentBrowser
T 2019-06-12 09:43:17:772 IECommandExecutor.cpp(583) Entering IECommandExecutor::GetManagedBrowser
T 2019-06-12 09:43:17:772 IECommandExecutor.cpp(529) Entering IECommandExecutor::IsAlertActive
T 2019-06-12 09:43:17:772 Browser.cpp(700) Entering Browser::GetActiveDialogWindowHandle
T 2019-06-12 09:43:17:772 Browser.cpp(206) Entering Browser::GetContentWindowHandle
D 2019-06-12 09:43:17:773 IECommandExecutor.cpp(543) No alert handle is found
T 2019-06-12 09:43:17:773 IECommandExecutor.cpp(734) Entering IECommandExecutor::LocateElements
T 2019-06-12 09:43:17:773 IECommandExecutor.cpp(695) Entering IECommandExecutor::GetElementFindMethod
T 2019-06-12 09:43:17:773 ElementFinder.cpp(111) Entering ElementFinder::FindElements
T 2019-06-12 09:43:17:773 IECommandExecutor.cpp(577) Entering IECommandExecutor::GetCurrentBrowser
T 2019-06-12 09:43:17:773 IECommandExecutor.cpp(583) Entering IECommandExecutor::GetManagedBrowser
D 2019-06-12 09:43:17:773 ElementFinder.cpp(128) Using FindElements atom to locate element having xpath = //a[@id='62c3616b-9c77-42ad-bf48-27fa72c5754a_4']
T 2019-06-12 09:43:17:773 Browser.cpp(126) Entering Browser::GetDocument
I 2019-06-12 09:43:17:773 Browser.cpp(130) No child frame focus. Focus is on top-level frame
T 2019-06-12 09:43:17:791 Browser.cpp(613) Entering Browser::GetDocumentFromWindow
T 2019-06-12 09:43:17:801 Script.cpp(49) Entering Script::Initialize
T 2019-06-12 09:43:17:801 Script.cpp(70) Entering Script::AddArgument(std::wstring)
T 2019-06-12 09:43:17:801 Script.cpp(105) Entering Script::AddArgument(VARIANT)
T 2019-06-12 09:43:17:801 Script.cpp(70) Entering Script::AddArgument(std::wstring)
T 2019-06-12 09:43:17:801 Script.cpp(105) Entering Script::AddArgument(VARIANT)
T 2019-06-12 09:43:17:801 Script.cpp(169) Entering Script::Execute
T 2019-06-12 09:43:17:801 Script.cpp(438) Entering Script::CreateAnonymousFunction
T 2019-06-12 09:43:17:847 Script.cpp(426) Entering Script::ConvertResultToJsonValue
D 2019-06-12 09:43:17:857 VariantUtilities.cpp(100) Result type is JScriptTypeInfo
T 2019-06-12 09:43:17:860 VariantUtilities.cpp(307) Entering Script::GetPropertyNameList
D 2019-06-12 09:43:17:870 VariantUtilities.cpp(100) Result type is JScriptTypeInfo
T 2019-06-12 09:43:17:871 VariantUtilities.cpp(324) Entering Script::GetArrayLength
T 2019-06-12 09:43:18:122 response.cc(72) Entering Response::SetSuccessResponse
T 2019-06-12 09:43:18:122 response.cc(78) Entering Response::SetResponse
T 2019-06-12 09:43:18:122 IECommandExecutor.cpp(577) Entering IECommandExecutor::GetCurrentBrowser
T 2019-06-12 09:43:18:122 IECommandExecutor.cpp(583) Entering IECommandExecutor::GetManagedBrowser
T 2019-06-12 09:43:18:122 response.cc(51) Entering Response::Serialize
T 2019-06-12 09:43:18:122 IESession.cpp(221) Found non-zero response length
T 2019-06-12 09:43:18:122 IECommandExecutor.cpp(156) Entering IECommandExecutor::OnGetResponse
T 2019-06-12 09:43:18:122 IECommandExecutor.cpp(285) Entering IECommandExecutor::OnIsSessionValid
D 2019-06-12 09:43:18:122 server.cc(338) Response: {"value":[]}

T 2019-06-12 09:43:18:122 server.cc(391) Entering Server::SendResponseToClient
T 2019-06-12 09:43:18:122 response.cc(30) Entering Response::Deserialize
T 2019-06-12 09:43:18:122 server.cc(445) Entering Server::SendHttpOk
T 2019-06-12 09:43:18:134 Browser.cpp(54) Entering Browser::OnQuit
T 2019-06-12 09:43:18:134 DocumentHost.cpp(252) Entering DocumentHost::PostQuitMessage
T 2019-06-12 09:43:18:134 IECommandExecutor.cpp(250) Entering IECommandExecutor::OnBrowserQuit
T 2019-06-12 09:43:18:134 IECommandExecutor.cpp(529) Entering IECommandExecutor::IsAlertActive
T 2019-06-12 09:43:18:134 Browser.cpp(700) Entering Browser::GetActiveDialogWindowHandle
T 2019-06-12 09:43:18:134 Browser.cpp(206) Entering Browser::GetContentWindowHandle
D 2019-06-12 09:43:18:134 IECommandExecutor.cpp(543) No alert handle is found
T 2019-06-12 09:43:18:134 Browser.cpp(300) Entering Browser::DetachEvents
T 2019-06-12 09:43:18:628 server.cc(174) Entering Server::ProcessRequest
T 2019-06-12 09:43:18:628 server.cc(238) Entering Server::ReadRequestBody
T 2019-06-12 09:43:18:628 server.cc(183) Process request with: URI: /session/00f3b5ba-7953-4a14-a708-7d7f90ff9701/elements HTTP verb: POST
body: {"value":"//a[@id\u003d\u002762c3616b-9c77-42ad-bf48-27fa72c5754a_4\u0027]","using":"xpath"}
T 2019-06-12 09:43:18:628 server.cc(272) Entering Server::DispatchCommand
T 2019-06-12 09:43:18:628 server.cc(583) Entering Server::LookupCommand
D 2019-06-12 09:43:18:628 server.cc(281) Command: POST /session/00f3b5ba-7953-4a14-a708-7d7f90ff9701/elements {"value":"//a[@id\u003d\u002762c3616b-9c77-42ad-bf48-27fa72c5754a_4\u0027]","using":"xpath"}
T 2019-06-12 09:43:18:628 server.cc(378) Entering Server::LookupSession
T 2019-06-12 09:43:18:628 IESession.cpp(191) Entering IESession::ExecuteCommand
T 2019-06-12 09:43:18:628 IECommandExecutor.cpp(122) Entering IECommandExecutor::OnSetCommand
T 2019-06-12 09:43:18:628 command.cc(31) Entering Command::Deserialize
D 2019-06-12 09:43:18:628 command.cc(36) Raw JSON command: { "name" : "findElements", "locator" : { "sessionid" : "00f3b5ba-7953-4a14-a708-7d7f90ff9701" }, "parameters" : {"value":"//a[@id\u003d\u002762c3616b-9c77-42ad-bf48-27fa72c5754a_4\u0027]","using":"xpath"} }
T 2019-06-12 09:43:18:629 IECommandExecutor.cpp(133) Entering IECommandExecutor::OnExecCommand
T 2019-06-12 09:43:18:629 IESession.cpp(212) Beginning wait for response length to be not zero
T 2019-06-12 09:43:18:629 IECommandExecutor.cpp(454) Entering IECommandExecutor::DispatchCommand
T 2019-06-12 09:43:18:629 IECommandExecutor.cpp(577) Entering IECommandExecutor::GetCurrentBrowser
T 2019-06-12 09:43:18:629 IECommandExecutor.cpp(583) Entering IECommandExecutor::GetManagedBrowser
W 2019-06-12 09:43:18:629 IECommandExecutor.cpp(591) Browser ID requested was an empty string
W 2019-06-12 09:43:18:629 IECommandExecutor.cpp(503) Unable to find current browser
T 2019-06-12 09:43:18:629 IECommandExecutor.cpp(734) Entering IECommandExecutor::LocateElements
T 2019-06-12 09:43:18:629 IECommandExecutor.cpp(695) Entering IECommandExecutor::GetElementFindMethod
T 2019-06-12 09:43:18:629 ElementFinder.cpp(111) Entering ElementFinder::FindElements
T 2019-06-12 09:43:18:629 IECommandExecutor.cpp(577) Entering IECommandExecutor::GetCurrentBrowser
T 2019-06-12 09:43:18:629 IECommandExecutor.cpp(583) Entering IECommandExecutor::GetManagedBrowser
W 2019-06-12 09:43:18:629 IECommandExecutor.cpp(591) Browser ID requested was an empty string
W 2019-06-12 09:43:18:629 ElementFinder.cpp(167) Unable to get browser
T 2019-06-12 09:43:18:629 response.cc(85) Entering Response::SetErrorResponse
T 2019-06-12 09:43:18:629 response.cc(78) Entering Response::SetResponse
T 2019-06-12 09:43:18:629 IECommandExecutor.cpp(577) Entering IECommandExecutor::GetCurrentBrowser
T 2019-06-12 09:43:18:629 IECommandExecutor.cpp(583) Entering IECommandExecutor::GetManagedBrowser
W 2019-06-12 09:43:18:629 IECommandExecutor.cpp(591) Browser ID requested was an empty string
W 2019-06-12 09:43:18:629 IECommandExecutor.cpp(520) Unable to get current browser
T 2019-06-12 09:43:18:629 response.cc(51) Entering Response::Serialize
T 2019-06-12 09:43:18:639 IESession.cpp(221) Found non-zero response length
T 2019-06-12 09:43:18:640 IECommandExecutor.cpp(156) Entering IECommandExecutor::OnGetResponse
T 2019-06-12 09:43:18:640 IECommandExecutor.cpp(285) Entering IECommandExecutor::OnIsSessionValid
D 2019-06-12 09:43:18:640 server.cc(338) Response: {"value":{"data":null,"error":"no such window","message":"Unable to find elements on closed window","stacktrace":""}}

T 2019-06-12 09:43:18:640 server.cc(391) Entering Server::SendResponseToClient
T 2019-06-12 09:43:18:640 response.cc(30) Entering Response::Deserialize
T 2019-06-12 09:43:18:640 server.cc(465) Entering Server::SendHttpBadRequest
T 2019-06-12 09:43:18:646 server.cc(174) Entering Server::ProcessRequest
T 2019-06-12 09:43:18:646 server.cc(183) Process request with: URI: /session/00f3b5ba-7953-4a14-a708-7d7f90ff9701/screenshot HTTP verb: GET
body: {}
T 2019-06-12 09:43:18:646 server.cc(272) Entering Server::DispatchCommand
T 2019-06-12 09:43:18:646 server.cc(583) Entering Server::LookupCommand
D 2019-06-12 09:43:18:646 server.cc(281) Command: GET /session/00f3b5ba-7953-4a14-a708-7d7f90ff9701/screenshot {}
T 2019-06-12 09:43:18:646 server.cc(378) Entering Server::LookupSession
T 2019-06-12 09:43:18:646 IESession.cpp(191) Entering IESession::ExecuteCommand
T 2019-06-12 09:43:18:646 IECommandExecutor.cpp(122) Entering IECommandExecutor::OnSetCommand
T 2019-06-12 09:43:18:646 command.cc(31) Entering Command::Deserialize
D 2019-06-12 09:43:18:646 command.cc(36) Raw JSON command: { "name" : "takeScreenshot", "locator" : { "sessionid" : "00f3b5ba-7953-4a14-a708-7d7f90ff9701" }, "parameters" : {} }
T 2019-06-12 09:43:18:646 IESession.cpp(212) Beginning wait for response length to be not zero
T 2019-06-12 09:43:18:646 IECommandExecutor.cpp(133) Entering IECommandExecutor::OnExecCommand
T 2019-06-12 09:43:18:647 IECommandExecutor.cpp(454) Entering IECommandExecutor::DispatchCommand
T 2019-06-12 09:43:18:647 IECommandExecutor.cpp(577) Entering IECommandExecutor::GetCurrentBrowser
T 2019-06-12 09:43:18:647 IECommandExecutor.cpp(583) Entering IECommandExecutor::GetManagedBrowser
W 2019-06-12 09:43:18:647 IECommandExecutor.cpp(591) Browser ID requested was an empty string
W 2019-06-12 09:43:18:647 IECommandExecutor.cpp(503) Unable to find current browser
T 2019-06-12 09:43:18:647 CommandHandlers\ScreenshotCommandHandler.cpp(38) Entering ScreenshotCommandHandler::ExecuteInternal
T 2019-06-12 09:43:18:647 IECommandExecutor.cpp(577) Entering IECommandExecutor::GetCurrentBrowser
T 2019-06-12 09:43:18:647 IECommandExecutor.cpp(583) Entering IECommandExecutor::GetManagedBrowser
W 2019-06-12 09:43:18:647 IECommandExecutor.cpp(591) Browser ID requested was an empty string
T 2019-06-12 09:43:18:647 response.cc(91) Entering Response::SetErrorResponse
W 2019-06-12 09:43:18:647 response.cc(92) Error response has status code 23 and message 'Unable to get browser' message
T 2019-06-12 09:43:18:647 response.cc(85) Entering Response::SetErrorResponse
T 2019-06-12 09:43:18:647 response.cc(78) Entering Response::SetResponse
T 2019-06-12 09:43:18:647 IECommandExecutor.cpp(577) Entering IECommandExecutor::GetCurrentBrowser
T 2019-06-12 09:43:18:647 IECommandExecutor.cpp(583) Entering IECommandExecutor::GetManagedBrowser
W 2019-06-12 09:43:18:647 IECommandExecutor.cpp(591) Browser ID requested was an empty string
W 2019-06-12 09:43:18:647 IECommandExecutor.cpp(520) Unable to get current browser
T 2019-06-12 09:43:18:647 response.cc(51) Entering Response::Serialize
T 2019-06-12 09:43:18:657 IESession.cpp(221) Found non-zero response length
T 2019-06-12 09:43:18:658 IECommandExecutor.cpp(156) Entering IECommandExecutor::OnGetResponse
T 2019-06-12 09:43:18:658 IECommandExecutor.cpp(285) Entering IECommandExecutor::OnIsSessionValid
D 2019-06-12 09:43:18:658 server.cc(338) Response: {"value":{"data":null,"error":"no such window","message":"Unable to get browser","stacktrace":""}}

T 2019-06-12 09:43:18:658 server.cc(391) Entering Server::SendResponseToClient
T 2019-06-12 09:43:18:658 response.cc(30) Entering Response::Deserialize
T 2019-06-12 09:43:18:658 server.cc(465) Entering Server::SendHttpBadRequest
T 2019-06-12 09:43:18:702 server.cc(174) Entering Server::ProcessRequest
T 2019-06-12 09:43:18:702 server.cc(183) Process request with: URI: /session/00f3b5ba-7953-4a14-a708-7d7f90ff9701 HTTP verb: DELETE
body: {}
T 2019-06-12 09:43:18:702 server.cc(272) Entering Server::DispatchCommand
T 2019-06-12 09:43:18:702 server.cc(583) Entering Server::LookupCommand
D 2019-06-12 09:43:18:702 server.cc(281) Command: DELETE /session/00f3b5ba-7953-4a14-a708-7d7f90ff9701 {}
T 2019-06-12 09:43:18:702 server.cc(378) Entering Server::LookupSession
T 2019-06-12 09:43:18:702 IESession.cpp(191) Entering IESession::ExecuteCommand
T 2019-06-12 09:43:18:702 IECommandExecutor.cpp(122) Entering IECommandExecutor::OnSetCommand
T 2019-06-12 09:43:18:702 command.cc(31) Entering Command::Deserialize
D 2019-06-12 09:43:18:702 command.cc(36) Raw JSON command: { "name" : "quit", "locator" : { "sessionid" : "00f3b5ba-7953-4a14-a708-7d7f90ff9701" }, "parameters" : {} }
T 2019-06-12 09:43:18:702 IECommandExecutor.cpp(133) Entering IECommandExecutor::OnExecCommand
T 2019-06-12 09:43:18:702 IECommandExecutor.cpp(454) Entering IECommandExecutor::DispatchCommand
T 2019-06-12 09:43:18:702 IECommandExecutor.cpp(577) Entering IECommandExecutor::GetCurrentBrowser
T 2019-06-12 09:43:18:702 IECommandExecutor.cpp(583) Entering IECommandExecutor::GetManagedBrowser
W 2019-06-12 09:43:18:703 IECommandExecutor.cpp(591) Browser ID requested was an empty string
W 2019-06-12 09:43:18:703 IECommandExecutor.cpp(503) Unable to find current browser
T 2019-06-12 09:43:18:703 IECommandExecutor.cpp(607) Entering IECommandExecutor::GetManagedBrowserHandles
T 2019-06-12 09:43:18:703 response.cc(72) Entering Response::SetSuccessResponse
T 2019-06-12 09:43:18:703 response.cc(78) Entering Response::SetResponse
T 2019-06-12 09:43:18:703 IECommandExecutor.cpp(577) Entering IECommandExecutor::GetCurrentBrowser
T 2019-06-12 09:43:18:703 IECommandExecutor.cpp(583) Entering IECommandExecutor::GetManagedBrowser
T 2019-06-12 09:43:18:703 IECommandExecutor.cpp(586) Current command executor is not valid
T 2019-06-12 09:43:18:703 response.cc(51) Entering Response::Serialize
T 2019-06-12 09:43:18:703 IESession.cpp(212) Beginning wait for response length to be not zero
T 2019-06-12 09:43:18:703 IESession.cpp(221) Found non-zero response length
T 2019-06-12 09:43:18:703 IECommandExecutor.cpp(156) Entering IECommandExecutor::OnGetResponse
T 2019-06-12 09:43:18:703 IECommandExecutor.cpp(285) Entering IECommandExecutor::OnIsSessionValid
T 2019-06-12 09:43:18:703 server.cc(225) Entering Server::ShutDownSession
T 2019-06-12 09:43:18:703 IESession.cpp(119) Entering IESession::ShutDown
T 2019-06-12 09:43:18:703 IESession.cpp(173) Entering IESession::WaitForCommandExecutorExit
D 2019-06-12 09:43:18:703 IESession.cpp(150) Executor shutdown successful!
D 2019-06-12 09:43:18:703 IESession.cpp(158) Posting thread shutdown message
D 2019-06-12 09:43:18:703 IESession.cpp(161) Starting wait for thread completion
D 2019-06-12 09:43:18:703 IECommandExecutor.cpp(436) Shutdown message received
D 2019-06-12 09:43:18:703 IESession.cpp(164) Waiting for thread to end returned 4294967295
D 2019-06-12 09:43:18:703 server.cc(338) Response: {"value":null}

T 2019-06-12 09:43:18:703 server.cc(391) Entering Server::SendResponseToClient
T 2019-06-12 09:43:18:703 response.cc(30) Entering Response::Deserialize
D 2019-06-12 09:43:18:703 IECommandExecutor.cpp(97) Entering IECommandExecutor::OnDestroy
T 2019-06-12 09:43:18:703 server.cc(445) Entering Server::SendHttpOk
D 2019-06-12 09:43:18:703 IECommandExecutor.cpp(99) Clearing managed element cache
D 2019-06-12 09:43:18:704 IECommandExecutor.cpp(102) Closing command handler repository
D 2019-06-12 09:43:18:704 IECommandExecutor.cpp(104) Closing element finder
D 2019-06-12 09:43:18:704 IECommandExecutor.cpp(106) Closing input manager
D 2019-06-12 09:43:18:704 IECommandExecutor.cpp(108) Closing proxy manager
T 2019-06-12 09:43:18:704 ProxyManager.cpp(185) ProxyManager::RestoreProxySettings
D 2019-06-12 09:43:18:704 IECommandExecutor.cpp(110) Closing browser factory
D 2019-06-12 09:43:18:704 IECommandExecutor.cpp(112) Posting quit message
D 2019-06-12 09:43:18:704 IECommandExecutor.cpp(114) Leaving IECommandExecutor::OnDestroy
D 2019-06-12 09:43:18:704 IECommandExecutor.cpp(438) Returned from DestroyWindow()
D 2019-06-12 09:43:18:704 IECommandExecutor.cpp(447) Exited IECommandExecutor thread message loop
T 2019-06-12 09:43:18:708 server.cc(174) Entering Server::ProcessRequest
T 2019-06-12 09:43:18:708 server.cc(183) Process request with: URI: /shutdown HTTP verb: GET
body: {}
T 2019-06-12 09:43:18:708 server.cc(445) Entering Server::SendHttpOk
T 2019-06-12 09:43:18:708 IEServer.cpp(88) Entering IEServer::ShutDown
T 2019-06-12 09:43:18:709 WebDriver.cpp(54) Entering StopServer
T 2019-06-12 09:43:18:709 server.cc(165) Entering Server::Stop
