I 2019-06-25 10:04:49:711 server.cc(86) Starting WebDriver server on port: '10130' on host: ''
T 2019-06-25 10:04:49:712 server.cc(634) Entering Server::PopulateCommandRepository
T 2019-06-25 10:04:49:712 IEServer.cpp(32) Entering IEServer::IEServer
I 2019-06-25 10:04:49:712 IEServer.cpp(33) Driver version: 3.6.0.0 (32-bit)
T 2019-06-25 10:04:49:712 server.cc(121) Entering Server::Start
D 2019-06-25 10:04:49:712 server.cc(148) Civetweb ACL is -0.0.0.0/0,+127.0.0.1
T 2019-06-25 10:04:49:807 server.cc(174) Entering Server::ProcessRequest
T 2019-06-25 10:04:49:807 server.cc(183) Process request with: URI: /status HTTP verb: GET
body: {}
T 2019-06-25 10:04:49:807 server.cc(272) Entering Server::DispatchCommand
T 2019-06-25 10:04:49:807 server.cc(583) Entering Server::LookupCommand
D 2019-06-25 10:04:49:807 server.cc(281) Command: GET /status {}
T 2019-06-25 10:04:49:807 IEServer.cpp(51) Entering IEServer::GetStatus
T 2019-06-25 10:04:49:808 response.cc(72) Entering Response::SetSuccessResponse
T 2019-06-25 10:04:49:808 response.cc(78) Entering Response::SetResponse
T 2019-06-25 10:04:49:808 response.cc(51) Entering Response::Serialize
D 2019-06-25 10:04:49:808 server.cc(338) Response: {"value":{"build":{"version":"3.6.0.0 (32-bit)"},"message":"Ready to create session","os":{"arch":"x64","name":"windows","version":"10.0.17134.376 (WinBuild.160101.0800)"},"ready":true}}

T 2019-06-25 10:04:49:808 server.cc(391) Entering Server::SendResponseToClient
T 2019-06-25 10:04:49:808 response.cc(30) Entering Response::Deserialize
T 2019-06-25 10:04:49:808 server.cc(445) Entering Server::SendHttpOk
T 2019-06-25 10:04:49:821 server.cc(174) Entering Server::ProcessRequest
T 2019-06-25 10:04:49:821 server.cc(238) Entering Server::ReadRequestBody
T 2019-06-25 10:04:49:821 server.cc(183) Process request with: URI: /session HTTP verb: POST
body: {
  "desiredCapabilities": {"browserName":"internet explorer","ensureCleanSession":true,"ie.usePerProcessProxy":"true","platform":"WINDOWS","se:ieOptions":{"ie.usePerProcessProxy":"true"}},
  "capabilities": {
    "desiredCapabilities": {"browserName":"internet explorer","ensureCleanSession":true,"ie.usePerProcessProxy":"true","platform":"WINDOWS","se:ieOptions":{"ie.usePerProcessProxy":"true"}},
    "firstMatch": [
      {"browserName":"internet explorer","platformName":"windows","se:ieOptions":{"ie.usePerProcessProxy":"true"}}
    ]
  }
}
T 2019-06-25 10:04:49:821 server.cc(272) Entering Server::DispatchCommand
T 2019-06-25 10:04:49:821 server.cc(583) Entering Server::LookupCommand
D 2019-06-25 10:04:49:821 server.cc(281) Command: POST /session {
  "desiredCapabilities": {"browserName":"internet explorer","ensureCleanSession":true,"ie.usePerProcessProxy":"true","platform":"WINDOWS","se:ieOptions":{"ie.usePerProcessProxy":"true"}},
  "capabilities": {
    "desiredCapabilities": {"browserName":"internet explorer","ensureCleanSession":true,"ie.usePerProcessProxy":"true","platform":"WINDOWS","se:ieOptions":{"ie.usePerProcessProxy":"true"}},
    "firstMatch": [
      {"browserName":"internet explorer","platformName":"windows","se:ieOptions":{"ie.usePerProcessProxy":"true"}}
    ]
  }
}
T 2019-06-25 10:04:49:821 IEServer.cpp(42) Entering IEServer::InitializeSession
T 2019-06-25 10:04:49:821 IESession.cpp(38) Entering IESession::Initialize
D 2019-06-25 10:04:49:821 IESession.cpp(53) Mutex acquired for session initalization
T 2019-06-25 10:04:49:822 IECommandExecutor.cpp(386) Entering IECommandExecutor::ThreadProc
T 2019-06-25 10:04:49:826 IECommandExecutor.cpp(47) Entering IECommandExecutor::OnCreate
T 2019-06-25 10:04:49:827 IECommandExecutor.cpp(753) Entering IECommandExecutor::PopulateElementFinderMethods
T 2019-06-25 10:04:49:827 InputManager.cpp(40) Entering InputManager::InputManager
T 2019-06-25 10:04:49:827 InputManager.cpp(75) Entering InputManager::Initialize
T 2019-06-25 10:04:49:827 BrowserFactory.cpp(998) Entering BrowserFactory::GetExecutableLocation
T 2019-06-25 10:04:49:828 BrowserFactory.cpp(1039) Entering BrowserFactory::GetIEVersion
T 2019-06-25 10:04:49:828 CommandHandlerRepository.cpp(108) Entering CommandHandlerRepository::PopulateCommandHandlers
T 2019-06-25 10:04:49:829 IESession.cpp(99) Created thread for command executor returns HWND: '000C11EE'
T 2019-06-25 10:04:49:829 IESession.cpp(103) Session id is retrived from command executor window: '0802e97a-4dbc-4be7-9940-ea76cb1cc4fb'
D 2019-06-25 10:04:49:829 IESession.cpp(109) Releasing session initialization mutex
T 2019-06-25 10:04:49:829 IESession.cpp(191) Entering IESession::ExecuteCommand
T 2019-06-25 10:04:49:829 IECommandExecutor.cpp(122) Entering IECommandExecutor::OnSetCommand
T 2019-06-25 10:04:49:829 command.cc(31) Entering Command::Deserialize
D 2019-06-25 10:04:49:829 command.cc(36) Raw JSON command: { "name" : "newSession", "locator" : { }, "parameters" : {
  "desiredCapabilities": {"browserName":"internet explorer","ensureCleanSession":true,"ie.usePerProcessProxy":"true","platform":"WINDOWS","se:ieOptions":{"ie.usePerProcessProxy":"true"}},
  "capabilities": {
    "desiredCapabilities": {"browserName":"internet explorer","ensureCleanSession":true,"ie.usePerProcessProxy":"true","platform":"WINDOWS","se:ieOptions":{"ie.usePerProcessProxy":"true"}},
    "firstMatch": [
      {"browserName":"internet explorer","platformName":"windows","se:ieOptions":{"ie.usePerProcessProxy":"true"}}
    ]
  }
} }
T 2019-06-25 10:04:49:830 IECommandExecutor.cpp(133) Entering IECommandExecutor::OnExecCommand
T 2019-06-25 10:04:49:830 IESession.cpp(212) Beginning wait for response length to be not zero
T 2019-06-25 10:04:49:830 IECommandExecutor.cpp(454) Entering IECommandExecutor::DispatchCommand
D 2019-06-25 10:04:49:830 CommandHandlers\NewSessionCommandHandler.cpp(46) Found W3C capabilities structure
D 2019-06-25 10:04:49:830 CommandHandlers\NewSessionCommandHandler.cpp(505) Validating capabilities object
D 2019-06-25 10:04:49:830 CommandHandlers\NewSessionCommandHandler.cpp(505) Validating capabilities object
D 2019-06-25 10:04:49:830 CommandHandlers\NewSessionCommandHandler.cpp(535) Found browserNamecapability. Validating value type is string.
D 2019-06-25 10:04:49:830 CommandHandlers\NewSessionCommandHandler.cpp(564) Found platformNamecapability. Validating value type is string.
D 2019-06-25 10:04:49:830 CommandHandlers\NewSessionCommandHandler.cpp(794) Found proxycapability. Validating value type is object.
T 2019-06-25 10:04:49:830 BrowserFactory.cpp(113) Entering BrowserFactory::Initialize
T 2019-06-25 10:04:49:830 IECommandExecutor.cpp(631) Entering IECommandExecutor::CreateNewBrowser
T 2019-06-25 10:04:49:830 BrowserFactory.cpp(142) Entering BrowserFactory::LaunchBrowserProcess
D 2019-06-25 10:04:49:830 BrowserFactory.cpp(146) Ignoring Protected Mode Settings: 0
D 2019-06-25 10:04:49:830 BrowserFactory.cpp(149) Checking validity of Protected Mode settings.
T 2019-06-25 10:04:49:830 BrowserFactory.cpp(1058) Entering BrowserFactory::ProtectedModeSettingsAreValid
D 2019-06-25 10:04:49:830 BrowserFactory.cpp(1061) Detected IE version: 11, Windows version supports Protected Mode: 1
T 2019-06-25 10:04:49:830 BrowserFactory.cpp(1135) Entering BrowserFactory::GetZoneProtectedModeSetting
D 2019-06-25 10:04:49:831 BrowserFactory.cpp(1152) Found Protected Mode setting value of 0 for zone 1
T 2019-06-25 10:04:49:831 BrowserFactory.cpp(1135) Entering BrowserFactory::GetZoneProtectedModeSetting
D 2019-06-25 10:04:49:831 BrowserFactory.cpp(1152) Found Protected Mode setting value of 0 for zone 2
T 2019-06-25 10:04:49:831 BrowserFactory.cpp(1135) Entering BrowserFactory::GetZoneProtectedModeSetting
D 2019-06-25 10:04:49:831 BrowserFactory.cpp(1152) Found Protected Mode setting value of 0 for zone 3
T 2019-06-25 10:04:49:831 BrowserFactory.cpp(1135) Entering BrowserFactory::GetZoneProtectedModeSetting
D 2019-06-25 10:04:49:831 BrowserFactory.cpp(1152) Found Protected Mode setting value of 0 for zone 4
D 2019-06-25 10:04:49:831 BrowserFactory.cpp(152) Has Valid Protected Mode Settings: 1
T 2019-06-25 10:04:49:831 BrowserFactory.cpp(226) Entering BrowserFactory::IsIELaunchURLAvailable
T 2019-06-25 10:04:49:848 BrowserFactory.cpp(130) Entering BrowserFactory::ClearCache
T 2019-06-25 10:04:49:848 BrowserFactory.cpp(247) Entering BrowserFactory::LaunchBrowserUsingIELaunchURL
D 2019-06-25 10:04:49:848 BrowserFactory.cpp(248) Starting IE using the IELaunchURL API
D 2019-06-25 10:04:50:377 BrowserFactory.cpp(202) IE launched successfully with process ID 17020
D 2019-06-25 10:04:50:378 BrowserFactory.cpp(208) Process with ID 17020 is executing iexplore.exe
T 2019-06-25 10:04:50:378 BrowserFactory.cpp(365) Entering BrowserFactory::AttachToBrowser
D 2019-06-25 10:04:50:378 BrowserFactory.cpp(375) Using Active Accessibility to find IWebBrowser2 interface
T 2019-06-25 10:04:50:378 BrowserFactory.cpp(414) Entering BrowserFactory::AttachToBrowserUsingActiveAccessibility
T 2019-06-25 10:04:50:867 server.cc(174) Entering Server::ProcessRequest
T 2019-06-25 10:04:50:867 server.cc(183) Process request with: URI: / HTTP verb: GET
body: {}
T 2019-06-25 10:04:50:867 server.cc(445) Entering Server::SendHttpOk
D 2019-06-25 10:04:51:136 BrowserFactory.cpp(434) Found window handle 00791364 for window with class 'Internet Explorer_Server' belonging to process with id 17020
T 2019-06-25 10:04:51:136 BrowserFactory.cpp(329) Entering BrowserFactory::GetDocumentFromWindowHandle
T 2019-06-25 10:04:51:201 server.cc(174) Entering Server::ProcessRequest
T 2019-06-25 10:04:51:201 server.cc(183) Process request with: URI: /favicon.ico HTTP verb: GET
body: {}
T 2019-06-25 10:04:51:201 server.cc(272) Entering Server::DispatchCommand
T 2019-06-25 10:04:51:201 server.cc(583) Entering Server::LookupCommand
D 2019-06-25 10:04:51:201 server.cc(281) Command: GET /favicon.ico {}
D 2019-06-25 10:04:51:201 server.cc(338) Response: { "error" : "unknown method", "message" : "Command not found: GET /favicon.ico" }
T 2019-06-25 10:04:51:201 server.cc(391) Entering Server::SendResponseToClient
T 2019-06-25 10:04:51:201 response.cc(30) Entering Response::Deserialize
T 2019-06-25 10:04:51:202 server.cc(445) Entering Server::SendHttpOk
D 2019-06-25 10:04:51:251 BrowserFactory.cpp(396) Ignoring zoom setting: 0
T 2019-06-25 10:04:51:251 BrowserFactory.cpp(574) Entering BrowserFactory::GetBrowserZoomLevel
T 2019-06-25 10:04:51:265 BrowserFactory.cpp(614) Entering BrowserFactory::GetZoomLevel
D 2019-06-25 10:04:51:305 BrowserFactory.cpp(694) Browser zoom level is 100%
I 2019-06-25 10:04:51:307 IECommandExecutor.cpp(654) Persistent hovering set to: 1
T 2019-06-25 10:04:51:307 ProxyManager.cpp(97) ProxyManager::SetProxySettings
D 2019-06-25 10:04:51:307 ProxyManager.cpp(113) Using existing system proxy settings.
T 2019-06-25 10:04:51:307 DocumentHost.cpp(33) Entering DocumentHost::DocumentHost
T 2019-06-25 10:04:51:307 CookieManager.cpp(49) Entering CookieManager::Initialize
T 2019-06-25 10:04:51:307 Browser.cpp(33) Entering Browser::Browser
T 2019-06-25 10:04:51:307 Browser.cpp(293) Entering Browser::AttachEvents
T 2019-06-25 10:04:51:310 IECommandExecutor.cpp(621) Entering IECommandExecutor::AddManagedBrowser
T 2019-06-25 10:04:51:310 IECommandExecutor.cpp(625) Setting current browser id to a2a3dfc8-b9c3-4c06-9675-9804be3aa4bb
T 2019-06-25 10:04:51:311 response.cc(72) Entering Response::SetSuccessResponse
T 2019-06-25 10:04:51:311 response.cc(78) Entering Response::SetResponse
T 2019-06-25 10:04:51:311 IECommandExecutor.cpp(577) Entering IECommandExecutor::GetCurrentBrowser
T 2019-06-25 10:04:51:311 IECommandExecutor.cpp(583) Entering IECommandExecutor::GetManagedBrowser
T 2019-06-25 10:04:51:311 response.cc(51) Entering Response::Serialize
T 2019-06-25 10:04:51:311 IESession.cpp(221) Found non-zero response length
T 2019-06-25 10:04:51:311 IECommandExecutor.cpp(156) Entering IECommandExecutor::OnGetResponse
T 2019-06-25 10:04:51:311 IECommandExecutor.cpp(285) Entering IECommandExecutor::OnIsSessionValid
T 2019-06-25 10:04:51:311 response.cc(30) Entering Response::Deserialize
D 2019-06-25 10:04:51:311 server.cc(338) Response: {"value":{"capabilities":{"acceptInsecureCerts":false,"browserName":"internet explorer","browserVersion":"11","pageLoadStrategy":"normal","platformName":"windows","se:ieOptions":{"browserAttachTimeout":0,"elementScrollBehavior":0,"enablePersistentHover":true,"ie.browserCommandLineSwitches":"","ie.ensureCleanSession":false,"ie.fileUploadDialogTimeout":3000,"ie.forceCreateProcessApi":false,"ignoreProtectedModeSettings":false,"ignoreZoomSetting":false,"initialBrowserUrl":"http://localhost:10130/","nativeEvents":true,"requireWindowFocus":false},"setWindowRect":true},"sessionId":"0802e97a-4dbc-4be7-9940-ea76cb1cc4fb"}}

T 2019-06-25 10:04:51:311 server.cc(391) Entering Server::SendResponseToClient
T 2019-06-25 10:04:51:311 response.cc(30) Entering Response::Deserialize
T 2019-06-25 10:04:51:311 server.cc(445) Entering Server::SendHttpOk
T 2019-06-25 10:04:51:331 server.cc(174) Entering Server::ProcessRequest
T 2019-06-25 10:04:51:331 server.cc(238) Entering Server::ReadRequestBody
T 2019-06-25 10:04:51:331 server.cc(183) Process request with: URI: /session/0802e97a-4dbc-4be7-9940-ea76cb1cc4fb/timeouts HTTP verb: POST
body: {"implicit":0}
T 2019-06-25 10:04:51:331 server.cc(272) Entering Server::DispatchCommand
T 2019-06-25 10:04:51:331 server.cc(583) Entering Server::LookupCommand
D 2019-06-25 10:04:51:331 server.cc(281) Command: POST /session/0802e97a-4dbc-4be7-9940-ea76cb1cc4fb/timeouts {"implicit":0}
T 2019-06-25 10:04:51:331 server.cc(378) Entering Server::LookupSession
T 2019-06-25 10:04:51:331 IESession.cpp(191) Entering IESession::ExecuteCommand
T 2019-06-25 10:04:51:331 IECommandExecutor.cpp(122) Entering IECommandExecutor::OnSetCommand
T 2019-06-25 10:04:51:331 command.cc(31) Entering Command::Deserialize
D 2019-06-25 10:04:51:331 command.cc(36) Raw JSON command: { "name" : "setTimeouts", "locator" : { "sessionid" : "0802e97a-4dbc-4be7-9940-ea76cb1cc4fb" }, "parameters" : {"implicit":0} }
T 2019-06-25 10:04:51:331 IECommandExecutor.cpp(133) Entering IECommandExecutor::OnExecCommand
T 2019-06-25 10:04:51:331 IECommandExecutor.cpp(454) Entering IECommandExecutor::DispatchCommand
T 2019-06-25 10:04:51:331 IECommandExecutor.cpp(577) Entering IECommandExecutor::GetCurrentBrowser
T 2019-06-25 10:04:51:332 IECommandExecutor.cpp(583) Entering IECommandExecutor::GetManagedBrowser
T 2019-06-25 10:04:51:332 IECommandExecutor.cpp(529) Entering IECommandExecutor::IsAlertActive
T 2019-06-25 10:04:51:332 Browser.cpp(700) Entering Browser::GetActiveDialogWindowHandle
T 2019-06-25 10:04:51:332 Browser.cpp(206) Entering Browser::GetContentWindowHandle
D 2019-06-25 10:04:51:332 IECommandExecutor.cpp(543) No alert handle is found
T 2019-06-25 10:04:51:332 IECommandExecutor.cpp(577) Entering IECommandExecutor::GetCurrentBrowser
T 2019-06-25 10:04:51:332 IECommandExecutor.cpp(583) Entering IECommandExecutor::GetManagedBrowser
T 2019-06-25 10:04:51:332 response.cc(51) Entering Response::Serialize
T 2019-06-25 10:04:51:332 IESession.cpp(212) Beginning wait for response length to be not zero
T 2019-06-25 10:04:51:332 IESession.cpp(221) Found non-zero response length
T 2019-06-25 10:04:51:332 IECommandExecutor.cpp(156) Entering IECommandExecutor::OnGetResponse
T 2019-06-25 10:04:51:332 IECommandExecutor.cpp(285) Entering IECommandExecutor::OnIsSessionValid
D 2019-06-25 10:04:51:332 server.cc(338) Response: {"value":null}

T 2019-06-25 10:04:51:332 server.cc(391) Entering Server::SendResponseToClient
T 2019-06-25 10:04:51:332 response.cc(30) Entering Response::Deserialize
T 2019-06-25 10:04:51:332 server.cc(445) Entering Server::SendHttpOk
T 2019-06-25 10:04:51:340 server.cc(174) Entering Server::ProcessRequest
T 2019-06-25 10:04:51:340 server.cc(238) Entering Server::ReadRequestBody
T 2019-06-25 10:04:51:340 server.cc(183) Process request with: URI: /session/0802e97a-4dbc-4be7-9940-ea76cb1cc4fb/execute/sync HTTP verb: POST
body: {"script":"return navigator.sayswho\u003d (function() { var ua\u003d navigator.userAgent, tem, M\u003d ua.match(/(opera|chrome|safari|firefox|msie|trident)\\/?\\s*(\\.?\\d+(\\.\\d+)*)/i) || []; if (/trident/i.test(M[1])) {     tem\u003d  /\\brv[ :]+(\\d+)/g.exec(ua) || [];     return \u0027IE \u0027+(tem[1] || \u0027\u0027); } if(M[1]\u003d\u003d\u003d \u0027Chrome\u0027) {     tem\u003d ua.match(/\\b(OPR|Edge)\\/(\\d+)/);     if(tem!\u003d null) return tem.slice(1).join(\u0027 \u0027).replace(\u0027OPR\u0027, \u0027Opera\u0027); } M\u003d M[2]? [M[1], M[2]]: [navigator.appName, navigator.appVersion, \u0027-?\u0027]; if((tem\u003d ua.match(/version\\/(\\d+)/i))!\u003d null) M.splice(1, 1, tem[1]); return M.join(\u0027 \u0027).replace(\u0027MSIE\u0027, \u0027IE\u0027);})();","args":[]}
T 2019-06-25 10:04:51:340 server.cc(272) Entering Server::DispatchCommand
T 2019-06-25 10:04:51:340 server.cc(583) Entering Server::LookupCommand
D 2019-06-25 10:04:51:340 server.cc(281) Command: POST /session/0802e97a-4dbc-4be7-9940-ea76cb1cc4fb/execute/sync {"script":"return navigator.sayswho\u003d (function() { var ua\u003d navigator.userAgent, tem, M\u003d ua.match(/(opera|chrome|safari|firefox|msie|trident)\\/?\\s*(\\.?\\d+(\\.\\d+)*)/i) || []; if (/trident/i.test(M[1])) {     tem\u003d  /\\brv[ :]+(\\d+)/g.exec(ua) || [];     return \u0027IE \u0027+(tem[1] || \u0027\u0027); } if(M[1]\u003d\u003d\u003d \u0027Chrome\u0027) {     tem\u003d ua.match(/\\b(OPR|Edge)\\/(\\d+)/);     if(tem!\u003d null) return tem.slice(1).join(\u0027 \u0027).replace(\u0027OPR\u0027, \u0027Opera\u0027); } M\u003d M[2]? [M[1], M[2]]: [navigator.appName, navigator.appVersion, \u0027-?\u0027]; if((tem\u003d ua.match(/version\\/(\\d+)/i))!\u003d null) M.splice(1, 1, tem[1]); return M.join(\u0027 \u0027).replace(\u0027MSIE\u0027, \u0027IE\u0027);})();","args":[]}
T 2019-06-25 10:04:51:341 server.cc(378) Entering Server::LookupSession
T 2019-06-25 10:04:51:341 IESession.cpp(191) Entering IESession::ExecuteCommand
T 2019-06-25 10:04:51:341 IECommandExecutor.cpp(122) Entering IECommandExecutor::OnSetCommand
T 2019-06-25 10:04:51:341 command.cc(31) Entering Command::Deserialize
D 2019-06-25 10:04:51:341 command.cc(36) Raw JSON command: { "name" : "executeScript", "locator" : { "sessionid" : "0802e97a-4dbc-4be7-9940-ea76cb1cc4fb" }, "parameters" : {"script":"return navigator.sayswho\u003d (function() { var ua\u003d navigator.userAgent, tem, M\u003d ua.match(/(opera|chrome|safari|firefox|msie|trident)\\/?\\s*(\\.?\\d+(\\.\\d+)*)/i) || []; if (/trident/i.test(M[1])) {     tem\u003d  /\\brv[ :]+(\\d+)/g.exec(ua) || [];     return \u0027IE \u0027+(tem[1] || \u0027\u0027); } if(M[1]\u003d\u003d\u003d \u0027Chrome\u0027) {     tem\u003d ua.match(/\\b(OPR|Edge)\\/(\\d+)/);     if(tem!\u003d null) return tem.slice(1).join(\u0027 \u0027).replace(\u0027OPR\u0027, \u0027Opera\u0027); } M\u003d M[2]? [M[1], M[2]]: [navigator.appName, navigator.appVersion, \u0027-?\u0027]; if((tem\u003d ua.match(/version\\/(\\d+)/i))!\u003d null) M.splice(1, 1, tem[1]); return M.join(\u0027 \u0027).replace(\u0027MSIE\u0027, \u0027IE\u0027);})();","args":[]} }
T 2019-06-25 10:04:51:341 IECommandExecutor.cpp(133) Entering IECommandExecutor::OnExecCommand
T 2019-06-25 10:04:51:341 IESession.cpp(212) Beginning wait for response length to be not zero
T 2019-06-25 10:04:51:341 IECommandExecutor.cpp(454) Entering IECommandExecutor::DispatchCommand
T 2019-06-25 10:04:51:341 IECommandExecutor.cpp(577) Entering IECommandExecutor::GetCurrentBrowser
T 2019-06-25 10:04:51:341 IECommandExecutor.cpp(583) Entering IECommandExecutor::GetManagedBrowser
T 2019-06-25 10:04:51:341 IECommandExecutor.cpp(529) Entering IECommandExecutor::IsAlertActive
T 2019-06-25 10:04:51:341 Browser.cpp(700) Entering Browser::GetActiveDialogWindowHandle
T 2019-06-25 10:04:51:341 Browser.cpp(206) Entering Browser::GetContentWindowHandle
D 2019-06-25 10:04:51:341 IECommandExecutor.cpp(543) No alert handle is found
T 2019-06-25 10:04:51:342 IECommandExecutor.cpp(577) Entering IECommandExecutor::GetCurrentBrowser
T 2019-06-25 10:04:51:342 IECommandExecutor.cpp(583) Entering IECommandExecutor::GetManagedBrowser
T 2019-06-25 10:04:51:342 Browser.cpp(126) Entering Browser::GetDocument
I 2019-06-25 10:04:51:342 Browser.cpp(130) No child frame focus. Focus is on top-level frame
T 2019-06-25 10:04:51:365 Browser.cpp(613) Entering Browser::GetDocumentFromWindow
T 2019-06-25 10:04:51:387 Script.cpp(49) Entering Script::Initialize
T 2019-06-25 10:04:51:388 CommandHandlers\ExecuteScriptCommandHandler.cpp(85) Entering ExecuteScriptCommandHandler::PopulateArgumentArray
T 2019-06-25 10:04:51:388 Script.cpp(169) Entering Script::Execute
T 2019-06-25 10:04:51:388 Script.cpp(438) Entering Script::CreateAnonymousFunction
T 2019-06-25 10:04:51:435 Script.cpp(426) Entering Script::ConvertResultToJsonValue
T 2019-06-25 10:04:51:436 response.cc(72) Entering Response::SetSuccessResponse
T 2019-06-25 10:04:51:436 response.cc(78) Entering Response::SetResponse
T 2019-06-25 10:04:51:437 IECommandExecutor.cpp(577) Entering IECommandExecutor::GetCurrentBrowser
T 2019-06-25 10:04:51:437 IECommandExecutor.cpp(583) Entering IECommandExecutor::GetManagedBrowser
T 2019-06-25 10:04:51:437 response.cc(51) Entering Response::Serialize
T 2019-06-25 10:04:51:441 IESession.cpp(221) Found non-zero response length
T 2019-06-25 10:04:51:441 IECommandExecutor.cpp(156) Entering IECommandExecutor::OnGetResponse
T 2019-06-25 10:04:51:441 IECommandExecutor.cpp(285) Entering IECommandExecutor::OnIsSessionValid
D 2019-06-25 10:04:51:441 server.cc(338) Response: {"value":"IE 11"}

T 2019-06-25 10:04:51:442 server.cc(391) Entering Server::SendResponseToClient
T 2019-06-25 10:04:51:442 response.cc(30) Entering Response::Deserialize
T 2019-06-25 10:04:51:442 server.cc(445) Entering Server::SendHttpOk
T 2019-06-25 10:04:51:471 server.cc(174) Entering Server::ProcessRequest
T 2019-06-25 10:04:51:471 server.cc(238) Entering Server::ReadRequestBody
T 2019-06-25 10:04:51:472 server.cc(183) Process request with: URI: /session/0802e97a-4dbc-4be7-9940-ea76cb1cc4fb/url HTTP verb: POST
body: {"url":"http://ksmazrb09dev.kellogg.northwestern.edu/programs/ms-management-studies"}
T 2019-06-25 10:04:51:472 server.cc(272) Entering Server::DispatchCommand
T 2019-06-25 10:04:51:472 server.cc(583) Entering Server::LookupCommand
D 2019-06-25 10:04:51:472 server.cc(281) Command: POST /session/0802e97a-4dbc-4be7-9940-ea76cb1cc4fb/url {"url":"http://ksmazrb09dev.kellogg.northwestern.edu/programs/ms-management-studies"}
T 2019-06-25 10:04:51:472 server.cc(378) Entering Server::LookupSession
T 2019-06-25 10:04:51:472 IESession.cpp(191) Entering IESession::ExecuteCommand
T 2019-06-25 10:04:51:472 IECommandExecutor.cpp(122) Entering IECommandExecutor::OnSetCommand
T 2019-06-25 10:04:51:472 command.cc(31) Entering Command::Deserialize
D 2019-06-25 10:04:51:472 command.cc(36) Raw JSON command: { "name" : "get", "locator" : { "sessionid" : "0802e97a-4dbc-4be7-9940-ea76cb1cc4fb" }, "parameters" : {"url":"http://ksmazrb09dev.kellogg.northwestern.edu/programs/ms-management-studies"} }
T 2019-06-25 10:04:51:472 IECommandExecutor.cpp(133) Entering IECommandExecutor::OnExecCommand
T 2019-06-25 10:04:51:472 IECommandExecutor.cpp(454) Entering IECommandExecutor::DispatchCommand
T 2019-06-25 10:04:51:472 IECommandExecutor.cpp(577) Entering IECommandExecutor::GetCurrentBrowser
T 2019-06-25 10:04:51:472 IECommandExecutor.cpp(583) Entering IECommandExecutor::GetManagedBrowser
T 2019-06-25 10:04:51:472 IECommandExecutor.cpp(529) Entering IECommandExecutor::IsAlertActive
T 2019-06-25 10:04:51:472 Browser.cpp(700) Entering Browser::GetActiveDialogWindowHandle
T 2019-06-25 10:04:51:473 Browser.cpp(206) Entering Browser::GetContentWindowHandle
D 2019-06-25 10:04:51:473 IECommandExecutor.cpp(543) No alert handle is found
T 2019-06-25 10:04:51:473 IESession.cpp(212) Beginning wait for response length to be not zero
T 2019-06-25 10:04:51:473 IECommandExecutor.cpp(577) Entering IECommandExecutor::GetCurrentBrowser
T 2019-06-25 10:04:51:473 IECommandExecutor.cpp(583) Entering IECommandExecutor::GetManagedBrowser
T 2019-06-25 10:04:51:473 Browser.cpp(318) Entring Browser::NavigateToUrl
T 2019-06-25 10:04:51:477 DocumentHost.cpp(142) Entering DocumentHost::SetFocusedFrameByElement
T 2019-06-25 10:04:51:477 response.cc(72) Entering Response::SetSuccessResponse
T 2019-06-25 10:04:51:477 response.cc(78) Entering Response::SetResponse
T 2019-06-25 10:04:51:477 IECommandExecutor.cpp(577) Entering IECommandExecutor::GetCurrentBrowser
T 2019-06-25 10:04:51:477 IECommandExecutor.cpp(583) Entering IECommandExecutor::GetManagedBrowser
T 2019-06-25 10:04:51:477 response.cc(51) Entering Response::Serialize
T 2019-06-25 10:04:51:477 IECommandExecutor.cpp(172) Entering IECommandExecutor::OnWait
T 2019-06-25 10:04:51:477 IECommandExecutor.cpp(577) Entering IECommandExecutor::GetCurrentBrowser
T 2019-06-25 10:04:51:477 IECommandExecutor.cpp(583) Entering IECommandExecutor::GetManagedBrowser
T 2019-06-25 10:04:51:477 Browser.cpp(438) Entering Browser::Wait
D 2019-06-25 10:04:51:477 Browser.cpp(448) Navigate Events Completed.
T 2019-06-25 10:04:51:477 Browser.cpp(700) Entering Browser::GetActiveDialogWindowHandle
T 2019-06-25 10:04:51:477 Browser.cpp(206) Entering Browser::GetContentWindowHandle
T 2019-06-25 10:04:51:478 Browser.cpp(50) Entering Browser::BeforeNavigate2
D 2019-06-25 10:04:51:478 Browser.cpp(484) Browser ReadyState is not at least '4'; it was 1
T 2019-06-25 10:04:51:479 IECommandExecutor.cpp(377) Entering IECommandExecutor::WaitThreadProc
T 2019-06-25 10:04:51:680 IECommandExecutor.cpp(172) Entering IECommandExecutor::OnWait
T 2019-06-25 10:04:51:680 IECommandExecutor.cpp(577) Entering IECommandExecutor::GetCurrentBrowser
T 2019-06-25 10:04:51:680 IECommandExecutor.cpp(583) Entering IECommandExecutor::GetManagedBrowser
T 2019-06-25 10:04:51:680 Browser.cpp(438) Entering Browser::Wait
D 2019-06-25 10:04:51:680 Browser.cpp(448) Navigate Events Completed.
T 2019-06-25 10:04:51:680 Browser.cpp(700) Entering Browser::GetActiveDialogWindowHandle
T 2019-06-25 10:04:51:680 Browser.cpp(206) Entering Browser::GetContentWindowHandle
D 2019-06-25 10:04:51:680 Browser.cpp(464) Browser busy property is true.
T 2019-06-25 10:04:51:681 IECommandExecutor.cpp(377) Entering IECommandExecutor::WaitThreadProc
T 2019-06-25 10:04:51:882 IECommandExecutor.cpp(172) Entering IECommandExecutor::OnWait
T 2019-06-25 10:04:51:882 IECommandExecutor.cpp(577) Entering IECommandExecutor::GetCurrentBrowser
T 2019-06-25 10:04:51:882 IECommandExecutor.cpp(583) Entering IECommandExecutor::GetManagedBrowser
T 2019-06-25 10:04:51:882 Browser.cpp(438) Entering Browser::Wait
D 2019-06-25 10:04:51:882 Browser.cpp(448) Navigate Events Completed.
T 2019-06-25 10:04:51:882 Browser.cpp(700) Entering Browser::GetActiveDialogWindowHandle
T 2019-06-25 10:04:51:882 Browser.cpp(206) Entering Browser::GetContentWindowHandle
D 2019-06-25 10:04:51:981 Browser.cpp(464) Browser busy property is true.
T 2019-06-25 10:04:51:983 IECommandExecutor.cpp(377) Entering IECommandExecutor::WaitThreadProc
T 2019-06-25 10:04:52:183 IECommandExecutor.cpp(172) Entering IECommandExecutor::OnWait
T 2019-06-25 10:04:52:183 IECommandExecutor.cpp(577) Entering IECommandExecutor::GetCurrentBrowser
T 2019-06-25 10:04:52:183 IECommandExecutor.cpp(583) Entering IECommandExecutor::GetManagedBrowser
T 2019-06-25 10:04:52:183 Browser.cpp(438) Entering Browser::Wait
D 2019-06-25 10:04:52:183 Browser.cpp(448) Navigate Events Completed.
T 2019-06-25 10:04:52:183 Browser.cpp(700) Entering Browser::GetActiveDialogWindowHandle
T 2019-06-25 10:04:52:183 Browser.cpp(206) Entering Browser::GetContentWindowHandle
D 2019-06-25 10:04:52:184 Browser.cpp(464) Browser busy property is true.
T 2019-06-25 10:04:52:184 IECommandExecutor.cpp(377) Entering IECommandExecutor::WaitThreadProc
T 2019-06-25 10:04:52:385 IECommandExecutor.cpp(172) Entering IECommandExecutor::OnWait
T 2019-06-25 10:04:52:385 IECommandExecutor.cpp(577) Entering IECommandExecutor::GetCurrentBrowser
T 2019-06-25 10:04:52:385 IECommandExecutor.cpp(583) Entering IECommandExecutor::GetManagedBrowser
T 2019-06-25 10:04:52:385 Browser.cpp(438) Entering Browser::Wait
D 2019-06-25 10:04:52:385 Browser.cpp(448) Navigate Events Completed.
T 2019-06-25 10:04:52:385 Browser.cpp(700) Entering Browser::GetActiveDialogWindowHandle
T 2019-06-25 10:04:52:385 Browser.cpp(206) Entering Browser::GetContentWindowHandle
D 2019-06-25 10:04:52:391 Browser.cpp(464) Browser busy property is true.
T 2019-06-25 10:04:52:392 IECommandExecutor.cpp(377) Entering IECommandExecutor::WaitThreadProc
T 2019-06-25 10:04:52:593 IECommandExecutor.cpp(172) Entering IECommandExecutor::OnWait
T 2019-06-25 10:04:52:593 IECommandExecutor.cpp(577) Entering IECommandExecutor::GetCurrentBrowser
T 2019-06-25 10:04:52:593 IECommandExecutor.cpp(583) Entering IECommandExecutor::GetManagedBrowser
T 2019-06-25 10:04:52:593 Browser.cpp(438) Entering Browser::Wait
D 2019-06-25 10:04:52:593 Browser.cpp(448) Navigate Events Completed.
T 2019-06-25 10:04:52:593 Browser.cpp(700) Entering Browser::GetActiveDialogWindowHandle
T 2019-06-25 10:04:52:593 Browser.cpp(206) Entering Browser::GetContentWindowHandle
D 2019-06-25 10:04:52:594 Browser.cpp(484) Browser ReadyState is not at least '4'; it was 3
T 2019-06-25 10:04:52:595 IECommandExecutor.cpp(377) Entering IECommandExecutor::WaitThreadProc
T 2019-06-25 10:04:52:708 Browser.cpp(96) Entering Browser::DocumentComplete
D 2019-06-25 10:04:52:709 ElementRepository.cpp(113) Refreshing managed element cache. Found 0 to remove from cache.
T 2019-06-25 10:04:52:795 IECommandExecutor.cpp(172) Entering IECommandExecutor::OnWait
T 2019-06-25 10:04:52:795 IECommandExecutor.cpp(577) Entering IECommandExecutor::GetCurrentBrowser
T 2019-06-25 10:04:52:795 IECommandExecutor.cpp(583) Entering IECommandExecutor::GetManagedBrowser
T 2019-06-25 10:04:52:795 Browser.cpp(438) Entering Browser::Wait
D 2019-06-25 10:04:52:795 Browser.cpp(448) Navigate Events Completed.
T 2019-06-25 10:04:52:795 Browser.cpp(700) Entering Browser::GetActiveDialogWindowHandle
T 2019-06-25 10:04:52:795 Browser.cpp(206) Entering Browser::GetContentWindowHandle
D 2019-06-25 10:04:52:827 Browser.cpp(508) Waiting for document to complete...
T 2019-06-25 10:04:52:827 Browser.cpp(522) Entering Browser::IsDocumentNavigating
D 2019-06-25 10:04:52:919 Browser.cpp(513) Not in navigating state
T 2019-06-25 10:04:52:932 IESession.cpp(221) Found non-zero response length
T 2019-06-25 10:04:52:932 IECommandExecutor.cpp(156) Entering IECommandExecutor::OnGetResponse
T 2019-06-25 10:04:52:933 IECommandExecutor.cpp(285) Entering IECommandExecutor::OnIsSessionValid
D 2019-06-25 10:04:52:933 server.cc(338) Response: {"value":null}

T 2019-06-25 10:04:52:933 server.cc(391) Entering Server::SendResponseToClient
T 2019-06-25 10:04:52:933 response.cc(30) Entering Response::Deserialize
T 2019-06-25 10:04:52:933 server.cc(445) Entering Server::SendHttpOk
T 2019-06-25 10:04:52:998 server.cc(174) Entering Server::ProcessRequest
T 2019-06-25 10:04:52:998 server.cc(238) Entering Server::ReadRequestBody
T 2019-06-25 10:04:52:998 server.cc(183) Process request with: URI: /session/0802e97a-4dbc-4be7-9940-ea76cb1cc4fb/elements HTTP verb: POST
body: {"value":"//a[@id\u003d\u002762c3616b-9c77-42ad-bf48-27fa72c5754a_4\u0027]","using":"xpath"}
T 2019-06-25 10:04:52:999 server.cc(272) Entering Server::DispatchCommand
T 2019-06-25 10:04:52:999 server.cc(583) Entering Server::LookupCommand
D 2019-06-25 10:04:52:999 server.cc(281) Command: POST /session/0802e97a-4dbc-4be7-9940-ea76cb1cc4fb/elements {"value":"//a[@id\u003d\u002762c3616b-9c77-42ad-bf48-27fa72c5754a_4\u0027]","using":"xpath"}
T 2019-06-25 10:04:52:999 server.cc(378) Entering Server::LookupSession
T 2019-06-25 10:04:52:999 IESession.cpp(191) Entering IESession::ExecuteCommand
T 2019-06-25 10:04:52:999 IECommandExecutor.cpp(122) Entering IECommandExecutor::OnSetCommand
T 2019-06-25 10:04:52:999 command.cc(31) Entering Command::Deserialize
D 2019-06-25 10:04:52:999 command.cc(36) Raw JSON command: { "name" : "findElements", "locator" : { "sessionid" : "0802e97a-4dbc-4be7-9940-ea76cb1cc4fb" }, "parameters" : {"value":"//a[@id\u003d\u002762c3616b-9c77-42ad-bf48-27fa72c5754a_4\u0027]","using":"xpath"} }
T 2019-06-25 10:04:52:999 IECommandExecutor.cpp(133) Entering IECommandExecutor::OnExecCommand
T 2019-06-25 10:04:52:999 IECommandExecutor.cpp(454) Entering IECommandExecutor::DispatchCommand
T 2019-06-25 10:04:52:999 IECommandExecutor.cpp(577) Entering IECommandExecutor::GetCurrentBrowser
T 2019-06-25 10:04:52:999 IECommandExecutor.cpp(583) Entering IECommandExecutor::GetManagedBrowser
T 2019-06-25 10:04:52:999 IECommandExecutor.cpp(529) Entering IECommandExecutor::IsAlertActive
T 2019-06-25 10:04:52:999 Browser.cpp(700) Entering Browser::GetActiveDialogWindowHandle
T 2019-06-25 10:04:52:999 Browser.cpp(206) Entering Browser::GetContentWindowHandle
D 2019-06-25 10:04:53:000 IECommandExecutor.cpp(543) No alert handle is found
T 2019-06-25 10:04:53:000 IECommandExecutor.cpp(734) Entering IECommandExecutor::LocateElements
T 2019-06-25 10:04:53:000 IECommandExecutor.cpp(695) Entering IECommandExecutor::GetElementFindMethod
T 2019-06-25 10:04:53:000 ElementFinder.cpp(111) Entering ElementFinder::FindElements
T 2019-06-25 10:04:53:000 IECommandExecutor.cpp(577) Entering IECommandExecutor::GetCurrentBrowser
T 2019-06-25 10:04:53:000 IECommandExecutor.cpp(583) Entering IECommandExecutor::GetManagedBrowser
D 2019-06-25 10:04:53:000 ElementFinder.cpp(128) Using FindElements atom to locate element having xpath = //a[@id='62c3616b-9c77-42ad-bf48-27fa72c5754a_4']
T 2019-06-25 10:04:53:000 Browser.cpp(126) Entering Browser::GetDocument
I 2019-06-25 10:04:53:000 Browser.cpp(130) No child frame focus. Focus is on top-level frame
T 2019-06-25 10:04:53:000 IESession.cpp(212) Beginning wait for response length to be not zero
T 2019-06-25 10:04:53:060 Browser.cpp(613) Entering Browser::GetDocumentFromWindow
T 2019-06-25 10:04:53:172 Browser.cpp(50) Entering Browser::BeforeNavigate2
T 2019-06-25 10:04:53:185 Script.cpp(49) Entering Script::Initialize
T 2019-06-25 10:04:53:185 Script.cpp(70) Entering Script::AddArgument(std::wstring)
T 2019-06-25 10:04:53:185 Script.cpp(105) Entering Script::AddArgument(VARIANT)
T 2019-06-25 10:04:53:185 Script.cpp(70) Entering Script::AddArgument(std::wstring)
T 2019-06-25 10:04:53:185 Script.cpp(105) Entering Script::AddArgument(VARIANT)
T 2019-06-25 10:04:53:185 Script.cpp(169) Entering Script::Execute
T 2019-06-25 10:04:53:185 Script.cpp(438) Entering Script::CreateAnonymousFunction
T 2019-06-25 10:04:53:369 Script.cpp(426) Entering Script::ConvertResultToJsonValue
T 2019-06-25 10:04:53:370 Browser.cpp(96) Entering Browser::DocumentComplete
D 2019-06-25 10:04:53:384 VariantUtilities.cpp(100) Result type is JScriptTypeInfo
T 2019-06-25 10:04:53:386 VariantUtilities.cpp(307) Entering Script::GetPropertyNameList
D 2019-06-25 10:04:53:406 VariantUtilities.cpp(100) Result type is JScriptTypeInfo
T 2019-06-25 10:04:53:406 VariantUtilities.cpp(324) Entering Script::GetArrayLength
T 2019-06-25 10:04:53:408 VariantUtilities.cpp(342) Entering Script::GetArrayItem
I 2019-06-25 10:04:53:421 VariantUtilities.cpp(233) Unknown type of dispatch is found in result, assuming IHTMLElement
T 2019-06-25 10:04:53:426 IECommandExecutor.cpp(677) Entering IECommandExecutor::AddManagedElement
T 2019-06-25 10:04:53:426 IECommandExecutor.cpp(577) Entering IECommandExecutor::GetCurrentBrowser
T 2019-06-25 10:04:53:426 IECommandExecutor.cpp(583) Entering IECommandExecutor::GetManagedBrowser
T 2019-06-25 10:04:53:426 ElementRepository.cpp(49) Entering ElementRepository::AddManagedElement
D 2019-06-25 10:04:53:426 ElementRepository.cpp(69) Element is not yet managed
T 2019-06-25 10:04:53:426 Browser.cpp(206) Entering Browser::GetContentWindowHandle
T 2019-06-25 10:04:53:426 Element.cpp(45) Entering Element::Element
T 2019-06-25 10:04:53:427 Element.cpp(79) Entering Element::ConvertToJson
T 2019-06-25 10:04:53:427 response.cc(72) Entering Response::SetSuccessResponse
T 2019-06-25 10:04:53:427 response.cc(78) Entering Response::SetResponse
T 2019-06-25 10:04:53:427 IECommandExecutor.cpp(577) Entering IECommandExecutor::GetCurrentBrowser
T 2019-06-25 10:04:53:427 IECommandExecutor.cpp(583) Entering IECommandExecutor::GetManagedBrowser
T 2019-06-25 10:04:53:427 response.cc(51) Entering Response::Serialize
T 2019-06-25 10:04:53:430 IESession.cpp(221) Found non-zero response length
T 2019-06-25 10:04:53:430 IECommandExecutor.cpp(156) Entering IECommandExecutor::OnGetResponse
T 2019-06-25 10:04:53:430 IECommandExecutor.cpp(285) Entering IECommandExecutor::OnIsSessionValid
D 2019-06-25 10:04:53:431 server.cc(338) Response: {"value":[{"element-6066-11e4-a52e-4f735466cecf":"ec4b77e0-fcd8-49ba-bab9-871253331f85"}]}

T 2019-06-25 10:04:53:431 server.cc(391) Entering Server::SendResponseToClient
T 2019-06-25 10:04:53:431 response.cc(30) Entering Response::Deserialize
T 2019-06-25 10:04:53:431 server.cc(445) Entering Server::SendHttpOk
T 2019-06-25 10:04:53:440 server.cc(174) Entering Server::ProcessRequest
T 2019-06-25 10:04:53:440 server.cc(238) Entering Server::ReadRequestBody
T 2019-06-25 10:04:53:440 server.cc(183) Process request with: URI: /session/0802e97a-4dbc-4be7-9940-ea76cb1cc4fb/element/ec4b77e0-fcd8-49ba-bab9-871253331f85/click HTTP verb: POST
body: {"id":"ec4b77e0-fcd8-49ba-bab9-871253331f85"}
T 2019-06-25 10:04:53:440 server.cc(272) Entering Server::DispatchCommand
T 2019-06-25 10:04:53:440 server.cc(583) Entering Server::LookupCommand
D 2019-06-25 10:04:53:440 server.cc(281) Command: POST /session/0802e97a-4dbc-4be7-9940-ea76cb1cc4fb/element/ec4b77e0-fcd8-49ba-bab9-871253331f85/click {"id":"ec4b77e0-fcd8-49ba-bab9-871253331f85"}
T 2019-06-25 10:04:53:440 server.cc(378) Entering Server::LookupSession
T 2019-06-25 10:04:53:440 IESession.cpp(191) Entering IESession::ExecuteCommand
T 2019-06-25 10:04:53:440 IECommandExecutor.cpp(122) Entering IECommandExecutor::OnSetCommand
T 2019-06-25 10:04:53:440 command.cc(31) Entering Command::Deserialize
D 2019-06-25 10:04:53:440 command.cc(36) Raw JSON command: { "name" : "click", "locator" : { "sessionid" : "0802e97a-4dbc-4be7-9940-ea76cb1cc4fb", "id" : "ec4b77e0-fcd8-49ba-bab9-871253331f85" }, "parameters" : {"id":"ec4b77e0-fcd8-49ba-bab9-871253331f85"} }
T 2019-06-25 10:04:53:440 IECommandExecutor.cpp(133) Entering IECommandExecutor::OnExecCommand
T 2019-06-25 10:04:53:440 IECommandExecutor.cpp(454) Entering IECommandExecutor::DispatchCommand
T 2019-06-25 10:04:53:440 IECommandExecutor.cpp(577) Entering IECommandExecutor::GetCurrentBrowser
T 2019-06-25 10:04:53:440 IECommandExecutor.cpp(583) Entering IECommandExecutor::GetManagedBrowser
T 2019-06-25 10:04:53:440 IECommandExecutor.cpp(529) Entering IECommandExecutor::IsAlertActive
T 2019-06-25 10:04:53:440 Browser.cpp(700) Entering Browser::GetActiveDialogWindowHandle
T 2019-06-25 10:04:53:440 Browser.cpp(206) Entering Browser::GetContentWindowHandle
D 2019-06-25 10:04:53:441 IECommandExecutor.cpp(543) No alert handle is found
T 2019-06-25 10:04:53:441 IECommandExecutor.cpp(577) Entering IECommandExecutor::GetCurrentBrowser
T 2019-06-25 10:04:53:441 IECommandExecutor.cpp(583) Entering IECommandExecutor::GetManagedBrowser
T 2019-06-25 10:04:53:441 IECommandHandler.cpp(45) Entering IECommandHandler::GetElement
T 2019-06-25 10:04:53:441 IECommandExecutor.cpp(671) Entering IECommandExecutor::GetManagedElement
T 2019-06-25 10:04:53:441 ElementRepository.cpp(34) Entering ElementRepository::GetManagedElement
T 2019-06-25 10:04:53:441 IESession.cpp(212) Beginning wait for response length to be not zero
T 2019-06-25 10:04:53:469 IECommandExecutor.cpp(577) Entering IECommandExecutor::GetCurrentBrowser
T 2019-06-25 10:04:53:469 IECommandExecutor.cpp(583) Entering IECommandExecutor::GetManagedBrowser
T 2019-06-25 10:04:53:469 Browser.cpp(126) Entering Browser::GetDocument
I 2019-06-25 10:04:53:469 Browser.cpp(130) No child frame focus. Focus is on top-level frame
T 2019-06-25 10:04:53:487 Browser.cpp(613) Entering Browser::GetDocumentFromWindow
T 2019-06-25 10:04:53:502 Element.cpp(79) Entering Element::ConvertToJson
T 2019-06-25 10:04:53:503 InputManager.cpp(81) Entering InputManager::PerformInputSequence
D 2019-06-25 10:04:53:503 InputManager.cpp(102) Mutex acquired for user interaction.
T 2019-06-25 10:04:53:504 InputManager.cpp(533) Entering InputManager::PointerMoveTo
T 2019-06-25 10:04:53:504 ElementRepository.cpp(34) Entering ElementRepository::GetManagedElement
T 2019-06-25 10:04:53:504 Element.cpp(217) Entering Element::GetClickLocation
T 2019-06-25 10:04:53:504 Element.cpp(90) Entering Element::IsDisplayed
T 2019-06-25 10:04:53:507 Element.cpp(956) Entering Element::GetContainingDocument
T 2019-06-25 10:04:53:517 Script.cpp(49) Entering Script::Initialize
T 2019-06-25 10:04:53:518 Script.cpp(99) Entering Script::AddArgument(IHTMLElement*)
T 2019-06-25 10:04:53:518 Script.cpp(105) Entering Script::AddArgument(VARIANT)
T 2019-06-25 10:04:53:518 Script.cpp(88) Entering Script::AddArgument(bool)
T 2019-06-25 10:04:53:518 Script.cpp(105) Entering Script::AddArgument(VARIANT)
T 2019-06-25 10:04:53:518 Script.cpp(169) Entering Script::Execute
T 2019-06-25 10:04:53:518 Script.cpp(438) Entering Script::CreateAnonymousFunction
T 2019-06-25 10:04:53:581 Element.cpp(362) Entering Element::GetLocationOnceScrolledIntoView
T 2019-06-25 10:04:53:581 Element.cpp(493) Entering Element::GetLocation
T 2019-06-25 10:04:53:591 Element.cpp(629) Entering Element::IsInline
D 2019-06-25 10:04:53:619 Element.cpp(535) Element is inline with one client rect, using IHTMLElement2::getBoundingClientRect
T 2019-06-25 10:04:53:624 Element.cpp(650) Entering Element::RectHasNonZeroDimensions
T 2019-06-25 10:04:53:628 Element.cpp(666) Entering Element::GetFrameDetails
T 2019-06-25 10:04:53:628 Element.cpp(956) Entering Element::GetContainingDocument
D 2019-06-25 10:04:53:652 Element.cpp(616) Element is not in a frame
T 2019-06-25 10:04:53:653 Element.cpp(905) Entering Element::CalculateClickPoint
T 2019-06-25 10:04:53:653 Element.cpp(844) Entering Element::GetClickableViewPortLocation
T 2019-06-25 10:04:53:654 Element.cpp(956) Entering Element::GetContainingDocument
T 2019-06-25 10:04:53:662 DocumentHost.cpp(281) Entering DocumentHost::GetDocumentMode
T 2019-06-25 10:04:53:692 Element.cpp(931) Entering Element::IsLocationInViewPort
T 2019-06-25 10:04:53:692 Element.cpp(844) Entering Element::GetClickableViewPortLocation
T 2019-06-25 10:04:53:692 Element.cpp(956) Entering Element::GetContainingDocument
T 2019-06-25 10:04:53:695 DocumentHost.cpp(281) Entering DocumentHost::GetDocumentMode
T 2019-06-25 10:04:53:716 Element.cpp(429) Entering Element::IsHiddenByOverflow
T 2019-06-25 10:04:53:716 Element.cpp(956) Entering Element::GetContainingDocument
T 2019-06-25 10:04:53:719 Script.cpp(49) Entering Script::Initialize
T 2019-06-25 10:04:53:719 Script.cpp(99) Entering Script::AddArgument(IHTMLElement*)
T 2019-06-25 10:04:53:719 Script.cpp(105) Entering Script::AddArgument(VARIANT)
T 2019-06-25 10:04:53:720 Script.cpp(169) Entering Script::Execute
T 2019-06-25 10:04:53:720 Script.cpp(438) Entering Script::CreateAnonymousFunction
T 2019-06-25 10:04:53:787 Script.cpp(433) Entering Script::ConvertResultToString
D 2019-06-25 10:04:53:787 VariantUtilities.cpp(135) Result type is string
D 2019-06-25 10:04:53:787 Element.cpp(408) (x, y, w, h): 918, 150, 152, 40
T 2019-06-25 10:04:53:787 Element.cpp(905) Entering Element::CalculateClickPoint
T 2019-06-25 10:04:53:787 Element.cpp(844) Entering Element::GetClickableViewPortLocation
T 2019-06-25 10:04:53:787 Element.cpp(956) Entering Element::GetContainingDocument
T 2019-06-25 10:04:53:790 DocumentHost.cpp(281) Entering DocumentHost::GetDocumentMode
D 2019-06-25 10:04:53:809 InputManager.cpp(627) Queueing SendInput structure for mouse move (origin: ec4b77e0-fcd8-49ba-bab9-871253331f85, x: 994, y: 170)
T 2019-06-25 10:04:53:809 Browser.cpp(206) Entering Browser::GetContentWindowHandle
T 2019-06-25 10:04:53:809 InputManager.cpp(886) Entering InputManager::AddMouseInput
T 2019-06-25 10:04:53:809 InputManager.cpp(886) Entering InputManager::AddMouseInput
T 2019-06-25 10:04:53:809 InputManager.cpp(886) Entering InputManager::AddMouseInput
T 2019-06-25 10:04:53:809 InputManager.cpp(886) Entering InputManager::AddMouseInput
T 2019-06-25 10:04:53:809 InputManager.cpp(886) Entering InputManager::AddMouseInput
T 2019-06-25 10:04:53:809 InputManager.cpp(886) Entering InputManager::AddMouseInput
T 2019-06-25 10:04:53:809 InputManager.cpp(886) Entering InputManager::AddMouseInput
T 2019-06-25 10:04:53:809 InputManager.cpp(886) Entering InputManager::AddMouseInput
T 2019-06-25 10:04:53:809 InputManager.cpp(886) Entering InputManager::AddMouseInput
T 2019-06-25 10:04:53:809 InputManager.cpp(886) Entering InputManager::AddMouseInput
T 2019-06-25 10:04:53:809 InputManager.cpp(886) Entering InputManager::AddMouseInput
T 2019-06-25 10:04:53:809 InputManager.cpp(695) Entering InputManager::PointerDown
T 2019-06-25 10:04:53:809 Browser.cpp(206) Entering Browser::GetContentWindowHandle
D 2019-06-25 10:04:53:809 InputManager.cpp(699) Queueing SendInput structure for mouse button down
T 2019-06-25 10:04:53:809 InputManager.cpp(886) Entering InputManager::AddMouseInput
T 2019-06-25 10:04:53:809 InputManager.cpp(734) Entering InputManager::PointerUp
T 2019-06-25 10:04:53:809 Browser.cpp(206) Entering Browser::GetContentWindowHandle
D 2019-06-25 10:04:53:809 InputManager.cpp(738) Queueing SendInput structure for mouse button up
T 2019-06-25 10:04:53:810 InputManager.cpp(886) Entering InputManager::AddMouseInput
D 2019-06-25 10:04:53:810 InputManager.cpp(185) Processing a total of 16 input events
T 2019-06-25 10:04:53:810 InputManager.cpp(279) Entering InputManager::PerformInputWithSendMessage
T 2019-06-25 10:04:53:810 HookProcessor.cpp(94) Entering HookProcessor::Initialize
T 2019-06-25 10:04:53:810 HookProcessor.cpp(104) Entering HookProcessor::Initialize
T 2019-06-25 10:04:53:810 HookProcessor.cpp(167) Entering HookProcessor::InstallWindowsHook
T 2019-06-25 10:04:53:810 Browser.cpp(206) Entering Browser::GetContentWindowHandle
T 2019-06-25 10:04:54:066 HookProcessor.cpp(244) Entering HookProcessor::Dispose
T 2019-06-25 10:04:54:067 HookProcessor.cpp(197) Entering HookProcessor::UninstallWindowsHook
T 2019-06-25 10:04:54:067 HookProcessor.cpp(244) Entering HookProcessor::Dispose
T 2019-06-25 10:04:54:628 response.cc(72) Entering Response::SetSuccessResponse
T 2019-06-25 10:04:54:628 response.cc(78) Entering Response::SetResponse
T 2019-06-25 10:04:54:628 IECommandExecutor.cpp(577) Entering IECommandExecutor::GetCurrentBrowser
T 2019-06-25 10:04:54:628 IECommandExecutor.cpp(583) Entering IECommandExecutor::GetManagedBrowser
T 2019-06-25 10:04:54:628 response.cc(51) Entering Response::Serialize
T 2019-06-25 10:04:54:628 IECommandExecutor.cpp(172) Entering IECommandExecutor::OnWait
T 2019-06-25 10:04:54:628 IECommandExecutor.cpp(577) Entering IECommandExecutor::GetCurrentBrowser
T 2019-06-25 10:04:54:628 IECommandExecutor.cpp(583) Entering IECommandExecutor::GetManagedBrowser
T 2019-06-25 10:04:54:628 Browser.cpp(438) Entering Browser::Wait
D 2019-06-25 10:04:54:628 Browser.cpp(448) Navigate Events Completed.
T 2019-06-25 10:04:54:628 Browser.cpp(700) Entering Browser::GetActiveDialogWindowHandle
T 2019-06-25 10:04:54:628 Browser.cpp(206) Entering Browser::GetContentWindowHandle
T 2019-06-25 10:04:54:674 Browser.cpp(50) Entering Browser::BeforeNavigate2
D 2019-06-25 10:04:54:688 Browser.cpp(508) Waiting for document to complete...
T 2019-06-25 10:04:54:688 Browser.cpp(522) Entering Browser::IsDocumentNavigating
D 2019-06-25 10:04:54:691 Browser.cpp(546) document.readyState is not 'complete'; it was loading
T 2019-06-25 10:04:54:693 IECommandExecutor.cpp(377) Entering IECommandExecutor::WaitThreadProc
T 2019-06-25 10:04:54:893 IECommandExecutor.cpp(172) Entering IECommandExecutor::OnWait
T 2019-06-25 10:04:54:893 IECommandExecutor.cpp(577) Entering IECommandExecutor::GetCurrentBrowser
T 2019-06-25 10:04:54:893 IECommandExecutor.cpp(583) Entering IECommandExecutor::GetManagedBrowser
T 2019-06-25 10:04:54:893 Browser.cpp(438) Entering Browser::Wait
D 2019-06-25 10:04:54:893 Browser.cpp(448) Navigate Events Completed.
T 2019-06-25 10:04:54:893 Browser.cpp(700) Entering Browser::GetActiveDialogWindowHandle
T 2019-06-25 10:04:54:893 Browser.cpp(206) Entering Browser::GetContentWindowHandle
D 2019-06-25 10:04:54:894 Browser.cpp(464) Browser busy property is true.
T 2019-06-25 10:04:54:894 IECommandExecutor.cpp(377) Entering IECommandExecutor::WaitThreadProc
T 2019-06-25 10:04:55:095 IECommandExecutor.cpp(172) Entering IECommandExecutor::OnWait
T 2019-06-25 10:04:55:095 IECommandExecutor.cpp(577) Entering IECommandExecutor::GetCurrentBrowser
T 2019-06-25 10:04:55:095 IECommandExecutor.cpp(583) Entering IECommandExecutor::GetManagedBrowser
T 2019-06-25 10:04:55:095 Browser.cpp(438) Entering Browser::Wait
D 2019-06-25 10:04:55:095 Browser.cpp(448) Navigate Events Completed.
T 2019-06-25 10:04:55:095 Browser.cpp(700) Entering Browser::GetActiveDialogWindowHandle
T 2019-06-25 10:04:55:095 Browser.cpp(206) Entering Browser::GetContentWindowHandle
D 2019-06-25 10:04:55:182 Browser.cpp(464) Browser busy property is true.
T 2019-06-25 10:04:55:183 IECommandExecutor.cpp(377) Entering IECommandExecutor::WaitThreadProc
T 2019-06-25 10:04:55:384 IECommandExecutor.cpp(172) Entering IECommandExecutor::OnWait
T 2019-06-25 10:04:55:384 IECommandExecutor.cpp(577) Entering IECommandExecutor::GetCurrentBrowser
T 2019-06-25 10:04:55:384 IECommandExecutor.cpp(583) Entering IECommandExecutor::GetManagedBrowser
T 2019-06-25 10:04:55:384 Browser.cpp(438) Entering Browser::Wait
D 2019-06-25 10:04:55:384 Browser.cpp(448) Navigate Events Completed.
T 2019-06-25 10:04:55:384 Browser.cpp(700) Entering Browser::GetActiveDialogWindowHandle
T 2019-06-25 10:04:55:384 Browser.cpp(206) Entering Browser::GetContentWindowHandle
D 2019-06-25 10:04:55:390 Browser.cpp(464) Browser busy property is true.
T 2019-06-25 10:04:55:390 IECommandExecutor.cpp(377) Entering IECommandExecutor::WaitThreadProc
T 2019-06-25 10:04:55:591 IECommandExecutor.cpp(172) Entering IECommandExecutor::OnWait
T 2019-06-25 10:04:55:591 IECommandExecutor.cpp(577) Entering IECommandExecutor::GetCurrentBrowser
T 2019-06-25 10:04:55:591 IECommandExecutor.cpp(583) Entering IECommandExecutor::GetManagedBrowser
T 2019-06-25 10:04:55:591 Browser.cpp(438) Entering Browser::Wait
D 2019-06-25 10:04:55:591 Browser.cpp(448) Navigate Events Completed.
T 2019-06-25 10:04:55:591 Browser.cpp(700) Entering Browser::GetActiveDialogWindowHandle
T 2019-06-25 10:04:55:591 Browser.cpp(206) Entering Browser::GetContentWindowHandle
D 2019-06-25 10:04:55:594 Browser.cpp(464) Browser busy property is true.
T 2019-06-25 10:04:55:595 IECommandExecutor.cpp(377) Entering IECommandExecutor::WaitThreadProc
T 2019-06-25 10:04:55:795 IECommandExecutor.cpp(172) Entering IECommandExecutor::OnWait
T 2019-06-25 10:04:55:796 IECommandExecutor.cpp(577) Entering IECommandExecutor::GetCurrentBrowser
T 2019-06-25 10:04:55:796 IECommandExecutor.cpp(583) Entering IECommandExecutor::GetManagedBrowser
T 2019-06-25 10:04:55:796 Browser.cpp(438) Entering Browser::Wait
D 2019-06-25 10:04:55:796 Browser.cpp(448) Navigate Events Completed.
T 2019-06-25 10:04:55:796 Browser.cpp(700) Entering Browser::GetActiveDialogWindowHandle
T 2019-06-25 10:04:55:796 Browser.cpp(206) Entering Browser::GetContentWindowHandle
D 2019-06-25 10:04:55:860 Browser.cpp(464) Browser busy property is true.
T 2019-06-25 10:04:55:860 IECommandExecutor.cpp(377) Entering IECommandExecutor::WaitThreadProc
T 2019-06-25 10:04:56:061 IECommandExecutor.cpp(172) Entering IECommandExecutor::OnWait
T 2019-06-25 10:04:56:061 IECommandExecutor.cpp(577) Entering IECommandExecutor::GetCurrentBrowser
T 2019-06-25 10:04:56:061 IECommandExecutor.cpp(583) Entering IECommandExecutor::GetManagedBrowser
T 2019-06-25 10:04:56:061 Browser.cpp(438) Entering Browser::Wait
D 2019-06-25 10:04:56:061 Browser.cpp(448) Navigate Events Completed.
T 2019-06-25 10:04:56:061 Browser.cpp(700) Entering Browser::GetActiveDialogWindowHandle
T 2019-06-25 10:04:56:061 Browser.cpp(206) Entering Browser::GetContentWindowHandle
D 2019-06-25 10:04:56:063 Browser.cpp(484) Browser ReadyState is not at least '4'; it was 3
T 2019-06-25 10:04:56:064 IECommandExecutor.cpp(377) Entering IECommandExecutor::WaitThreadProc
T 2019-06-25 10:04:56:067 Browser.cpp(96) Entering Browser::DocumentComplete
D 2019-06-25 10:04:56:077 ElementRepository.cpp(113) Refreshing managed element cache. Found 1 to remove from cache.
T 2019-06-25 10:04:56:077 ElementRepository.cpp(80) Entering ElementRepository::RemoveManagedElement
T 2019-06-25 10:04:56:163 Browser.cpp(50) Entering Browser::BeforeNavigate2
T 2019-06-25 10:04:56:266 IECommandExecutor.cpp(172) Entering IECommandExecutor::OnWait
T 2019-06-25 10:04:56:266 IECommandExecutor.cpp(577) Entering IECommandExecutor::GetCurrentBrowser
T 2019-06-25 10:04:56:266 IECommandExecutor.cpp(583) Entering IECommandExecutor::GetManagedBrowser
T 2019-06-25 10:04:56:266 Browser.cpp(438) Entering Browser::Wait
D 2019-06-25 10:04:56:266 Browser.cpp(448) Navigate Events Completed.
T 2019-06-25 10:04:56:266 Browser.cpp(700) Entering Browser::GetActiveDialogWindowHandle
T 2019-06-25 10:04:56:266 Browser.cpp(206) Entering Browser::GetContentWindowHandle
D 2019-06-25 10:04:56:334 Browser.cpp(464) Browser busy property is true.
T 2019-06-25 10:04:56:335 IECommandExecutor.cpp(377) Entering IECommandExecutor::WaitThreadProc
T 2019-06-25 10:04:56:536 IECommandExecutor.cpp(172) Entering IECommandExecutor::OnWait
T 2019-06-25 10:04:56:536 IECommandExecutor.cpp(577) Entering IECommandExecutor::GetCurrentBrowser
T 2019-06-25 10:04:56:536 IECommandExecutor.cpp(583) Entering IECommandExecutor::GetManagedBrowser
T 2019-06-25 10:04:56:536 Browser.cpp(438) Entering Browser::Wait
D 2019-06-25 10:04:56:536 Browser.cpp(448) Navigate Events Completed.
T 2019-06-25 10:04:56:536 Browser.cpp(700) Entering Browser::GetActiveDialogWindowHandle
T 2019-06-25 10:04:56:536 Browser.cpp(206) Entering Browser::GetContentWindowHandle
D 2019-06-25 10:04:56:542 Browser.cpp(464) Browser busy property is true.
T 2019-06-25 10:04:56:543 IECommandExecutor.cpp(377) Entering IECommandExecutor::WaitThreadProc
T 2019-06-25 10:04:56:556 Browser.cpp(96) Entering Browser::DocumentComplete
T 2019-06-25 10:04:56:650 Browser.cpp(50) Entering Browser::BeforeNavigate2
T 2019-06-25 10:04:56:743 IECommandExecutor.cpp(172) Entering IECommandExecutor::OnWait
T 2019-06-25 10:04:56:743 IECommandExecutor.cpp(577) Entering IECommandExecutor::GetCurrentBrowser
T 2019-06-25 10:04:56:744 IECommandExecutor.cpp(583) Entering IECommandExecutor::GetManagedBrowser
T 2019-06-25 10:04:56:744 Browser.cpp(438) Entering Browser::Wait
D 2019-06-25 10:04:56:744 Browser.cpp(448) Navigate Events Completed.
T 2019-06-25 10:04:56:744 Browser.cpp(700) Entering Browser::GetActiveDialogWindowHandle
T 2019-06-25 10:04:56:744 Browser.cpp(206) Entering Browser::GetContentWindowHandle
D 2019-06-25 10:04:56:794 Browser.cpp(464) Browser busy property is true.
T 2019-06-25 10:04:56:794 IECommandExecutor.cpp(377) Entering IECommandExecutor::WaitThreadProc
T 2019-06-25 10:04:56:861 Browser.cpp(96) Entering Browser::DocumentComplete
T 2019-06-25 10:04:56:995 IECommandExecutor.cpp(172) Entering IECommandExecutor::OnWait
T 2019-06-25 10:04:56:995 IECommandExecutor.cpp(577) Entering IECommandExecutor::GetCurrentBrowser
T 2019-06-25 10:04:56:995 IECommandExecutor.cpp(583) Entering IECommandExecutor::GetManagedBrowser
T 2019-06-25 10:04:56:995 Browser.cpp(438) Entering Browser::Wait
D 2019-06-25 10:04:56:995 Browser.cpp(448) Navigate Events Completed.
T 2019-06-25 10:04:56:995 Browser.cpp(700) Entering Browser::GetActiveDialogWindowHandle
T 2019-06-25 10:04:56:995 Browser.cpp(206) Entering Browser::GetContentWindowHandle
T 2019-06-25 10:04:57:034 Browser.cpp(50) Entering Browser::BeforeNavigate2
D 2019-06-25 10:04:57:099 Browser.cpp(508) Waiting for document to complete...
T 2019-06-25 10:04:57:099 Browser.cpp(522) Entering Browser::IsDocumentNavigating
T 2019-06-25 10:04:57:117 Browser.cpp(50) Entering Browser::BeforeNavigate2
T 2019-06-25 10:04:57:172 Browser.cpp(96) Entering Browser::DocumentComplete
T 2019-06-25 10:04:57:177 Browser.cpp(613) Entering Browser::GetDocumentFromWindow
T 2019-06-25 10:04:57:339 Browser.cpp(50) Entering Browser::BeforeNavigate2
T 2019-06-25 10:04:57:726 IECommandExecutor.cpp(377) Entering IECommandExecutor::WaitThreadProc
T 2019-06-25 10:04:57:728 Browser.cpp(96) Entering Browser::DocumentComplete
T 2019-06-25 10:04:57:926 IECommandExecutor.cpp(172) Entering IECommandExecutor::OnWait
T 2019-06-25 10:04:57:926 IECommandExecutor.cpp(577) Entering IECommandExecutor::GetCurrentBrowser
T 2019-06-25 10:04:57:926 IECommandExecutor.cpp(583) Entering IECommandExecutor::GetManagedBrowser
T 2019-06-25 10:04:57:926 Browser.cpp(438) Entering Browser::Wait
D 2019-06-25 10:04:57:926 Browser.cpp(448) Navigate Events Completed.
T 2019-06-25 10:04:57:926 Browser.cpp(700) Entering Browser::GetActiveDialogWindowHandle
T 2019-06-25 10:04:57:926 Browser.cpp(206) Entering Browser::GetContentWindowHandle
D 2019-06-25 10:04:57:984 Browser.cpp(508) Waiting for document to complete...
T 2019-06-25 10:04:57:984 Browser.cpp(522) Entering Browser::IsDocumentNavigating
T 2019-06-25 10:04:57:999 Browser.cpp(613) Entering Browser::GetDocumentFromWindow
T 2019-06-25 10:04:58:020 Browser.cpp(522) Entering Browser::IsDocumentNavigating
T 2019-06-25 10:04:58:028 Browser.cpp(613) Entering Browser::GetDocumentFromWindow
T 2019-06-25 10:04:58:044 Browser.cpp(522) Entering Browser::IsDocumentNavigating
T 2019-06-25 10:04:58:046 Browser.cpp(50) Entering Browser::BeforeNavigate2
T 2019-06-25 10:04:58:074 Browser.cpp(96) Entering Browser::DocumentComplete
D 2019-06-25 10:04:58:078 Browser.cpp(513) Not in navigating state
T 2019-06-25 10:04:58:084 IESession.cpp(221) Found non-zero response length
T 2019-06-25 10:04:58:084 IECommandExecutor.cpp(156) Entering IECommandExecutor::OnGetResponse
T 2019-06-25 10:04:58:084 IECommandExecutor.cpp(285) Entering IECommandExecutor::OnIsSessionValid
D 2019-06-25 10:04:58:084 server.cc(338) Response: {"value":null}

T 2019-06-25 10:04:58:084 server.cc(391) Entering Server::SendResponseToClient
T 2019-06-25 10:04:58:084 response.cc(30) Entering Response::Deserialize
T 2019-06-25 10:04:58:084 server.cc(445) Entering Server::SendHttpOk
T 2019-06-25 10:04:58:146 server.cc(174) Entering Server::ProcessRequest
T 2019-06-25 10:04:58:146 server.cc(183) Process request with: URI: /session/0802e97a-4dbc-4be7-9940-ea76cb1cc4fb HTTP verb: DELETE
body: {}
T 2019-06-25 10:04:58:146 server.cc(272) Entering Server::DispatchCommand
T 2019-06-25 10:04:58:146 server.cc(583) Entering Server::LookupCommand
D 2019-06-25 10:04:58:146 server.cc(281) Command: DELETE /session/0802e97a-4dbc-4be7-9940-ea76cb1cc4fb {}
T 2019-06-25 10:04:58:147 server.cc(378) Entering Server::LookupSession
T 2019-06-25 10:04:58:147 IESession.cpp(191) Entering IESession::ExecuteCommand
T 2019-06-25 10:04:58:147 IECommandExecutor.cpp(122) Entering IECommandExecutor::OnSetCommand
T 2019-06-25 10:04:58:147 command.cc(31) Entering Command::Deserialize
D 2019-06-25 10:04:58:147 command.cc(36) Raw JSON command: { "name" : "quit", "locator" : { "sessionid" : "0802e97a-4dbc-4be7-9940-ea76cb1cc4fb" }, "parameters" : {} }
T 2019-06-25 10:04:58:147 IECommandExecutor.cpp(133) Entering IECommandExecutor::OnExecCommand
T 2019-06-25 10:04:58:147 IESession.cpp(212) Beginning wait for response length to be not zero
T 2019-06-25 10:04:58:147 IECommandExecutor.cpp(454) Entering IECommandExecutor::DispatchCommand
T 2019-06-25 10:04:58:147 IECommandExecutor.cpp(577) Entering IECommandExecutor::GetCurrentBrowser
T 2019-06-25 10:04:58:147 IECommandExecutor.cpp(583) Entering IECommandExecutor::GetManagedBrowser
T 2019-06-25 10:04:58:147 IECommandExecutor.cpp(529) Entering IECommandExecutor::IsAlertActive
T 2019-06-25 10:04:58:147 Browser.cpp(700) Entering Browser::GetActiveDialogWindowHandle
T 2019-06-25 10:04:58:147 Browser.cpp(206) Entering Browser::GetContentWindowHandle
D 2019-06-25 10:04:58:147 IECommandExecutor.cpp(543) No alert handle is found
T 2019-06-25 10:04:58:147 IECommandExecutor.cpp(607) Entering IECommandExecutor::GetManagedBrowserHandles
T 2019-06-25 10:04:58:148 Browser.cpp(425) Entering Browser::IsValidWindow
T 2019-06-25 10:04:58:148 Browser.cpp(700) Entering Browser::GetActiveDialogWindowHandle
T 2019-06-25 10:04:58:148 Browser.cpp(206) Entering Browser::GetContentWindowHandle
T 2019-06-25 10:04:58:148 IECommandExecutor.cpp(583) Entering IECommandExecutor::GetManagedBrowser
T 2019-06-25 10:04:58:148 Browser.cpp(307) Entering Browser::Close
T 2019-06-25 10:04:58:148 DocumentHost.cpp(142) Entering DocumentHost::SetFocusedFrameByElement
T 2019-06-25 10:04:58:188 response.cc(72) Entering Response::SetSuccessResponse
T 2019-06-25 10:04:58:188 response.cc(78) Entering Response::SetResponse
T 2019-06-25 10:04:58:188 IECommandExecutor.cpp(577) Entering IECommandExecutor::GetCurrentBrowser
T 2019-06-25 10:04:58:188 IECommandExecutor.cpp(583) Entering IECommandExecutor::GetManagedBrowser
T 2019-06-25 10:04:58:188 IECommandExecutor.cpp(586) Current command executor is not valid
T 2019-06-25 10:04:58:188 response.cc(51) Entering Response::Serialize
T 2019-06-25 10:04:58:190 IESession.cpp(221) Found non-zero response length
T 2019-06-25 10:04:58:190 IECommandExecutor.cpp(156) Entering IECommandExecutor::OnGetResponse
T 2019-06-25 10:04:58:190 IECommandExecutor.cpp(285) Entering IECommandExecutor::OnIsSessionValid
T 2019-06-25 10:04:58:190 server.cc(225) Entering Server::ShutDownSession
T 2019-06-25 10:04:58:190 IESession.cpp(119) Entering IESession::ShutDown
T 2019-06-25 10:04:58:190 Browser.cpp(54) Entering Browser::OnQuit
T 2019-06-25 10:04:58:190 DocumentHost.cpp(252) Entering DocumentHost::PostQuitMessage
T 2019-06-25 10:04:58:190 IECommandExecutor.cpp(250) Entering IECommandExecutor::OnBrowserQuit
T 2019-06-25 10:04:58:190 IESession.cpp(173) Entering IESession::WaitForCommandExecutorExit
T 2019-06-25 10:04:58:190 IECommandExecutor.cpp(529) Entering IECommandExecutor::IsAlertActive
T 2019-06-25 10:04:58:190 Browser.cpp(700) Entering Browser::GetActiveDialogWindowHandle
T 2019-06-25 10:04:58:190 Browser.cpp(206) Entering Browser::GetContentWindowHandle
D 2019-06-25 10:04:58:191 IECommandExecutor.cpp(543) No alert handle is found
T 2019-06-25 10:04:58:191 Browser.cpp(300) Entering Browser::DetachEvents
D 2019-06-25 10:04:58:191 IESession.cpp(150) Executor shutdown successful!
D 2019-06-25 10:04:58:191 IESession.cpp(158) Posting thread shutdown message
D 2019-06-25 10:04:58:191 IESession.cpp(161) Starting wait for thread completion
D 2019-06-25 10:04:58:191 IESession.cpp(164) Waiting for thread to end returned 4294967295
D 2019-06-25 10:04:58:191 server.cc(338) Response: {"value":null}

T 2019-06-25 10:04:58:191 server.cc(391) Entering Server::SendResponseToClient
T 2019-06-25 10:04:58:191 response.cc(30) Entering Response::Deserialize
T 2019-06-25 10:04:58:191 server.cc(445) Entering Server::SendHttpOk
D 2019-06-25 10:04:58:196 IECommandExecutor.cpp(436) Shutdown message received
T 2019-06-25 10:04:58:196 server.cc(174) Entering Server::ProcessRequest
D 2019-06-25 10:04:58:196 IECommandExecutor.cpp(97) Entering IECommandExecutor::OnDestroy
T 2019-06-25 10:04:58:196 server.cc(183) Process request with: URI: /shutdown HTTP verb: GET
body: {}
D 2019-06-25 10:04:58:196 IECommandExecutor.cpp(99) Clearing managed element cache
T 2019-06-25 10:04:58:196 server.cc(445) Entering Server::SendHttpOk
D 2019-06-25 10:04:58:196 IECommandExecutor.cpp(102) Closing command handler repository
D 2019-06-25 10:04:58:197 IECommandExecutor.cpp(104) Closing element finder
D 2019-06-25 10:04:58:197 IECommandExecutor.cpp(106) Closing input manager
D 2019-06-25 10:04:58:197 IECommandExecutor.cpp(108) Closing proxy manager
T 2019-06-25 10:04:58:197 ProxyManager.cpp(185) ProxyManager::RestoreProxySettings
D 2019-06-25 10:04:58:197 IECommandExecutor.cpp(110) Closing browser factory
D 2019-06-25 10:04:58:197 IECommandExecutor.cpp(112) Posting quit message
D 2019-06-25 10:04:58:197 IECommandExecutor.cpp(114) Leaving IECommandExecutor::OnDestroy
D 2019-06-25 10:04:58:197 IECommandExecutor.cpp(438) Returned from DestroyWindow()
D 2019-06-25 10:04:58:197 IECommandExecutor.cpp(447) Exited IECommandExecutor thread message loop
T 2019-06-25 10:04:58:197 IEServer.cpp(88) Entering IEServer::ShutDown
T 2019-06-25 10:04:58:197 WebDriver.cpp(54) Entering StopServer
T 2019-06-25 10:04:58:197 server.cc(165) Entering Server::Stop
