I 2019-06-12 09:37:05:569 server.cc(86) Starting WebDriver server on port: '39237' on host: ''
T 2019-06-12 09:37:05:569 server.cc(634) Entering Server::PopulateCommandRepository
T 2019-06-12 09:37:05:570 IEServer.cpp(32) Entering IEServer::IEServer
I 2019-06-12 09:37:05:570 IEServer.cpp(33) Driver version: 3.6.0.0 (32-bit)
T 2019-06-12 09:37:05:570 server.cc(121) Entering Server::Start
D 2019-06-12 09:37:05:570 server.cc(148) Civetweb ACL is -0.0.0.0/0,+127.0.0.1
T 2019-06-12 09:37:05:593 server.cc(174) Entering Server::ProcessRequest
T 2019-06-12 09:37:05:593 server.cc(183) Process request with: URI: /status HTTP verb: GET
body: {}
T 2019-06-12 09:37:05:604 server.cc(272) Entering Server::DispatchCommand
T 2019-06-12 09:37:05:604 server.cc(583) Entering Server::LookupCommand
D 2019-06-12 09:37:05:604 server.cc(281) Command: GET /status {}
T 2019-06-12 09:37:05:604 IEServer.cpp(51) Entering IEServer::GetStatus
T 2019-06-12 09:37:05:605 response.cc(72) Entering Response::SetSuccessResponse
T 2019-06-12 09:37:05:605 response.cc(78) Entering Response::SetResponse
T 2019-06-12 09:37:05:605 response.cc(51) Entering Response::Serialize
D 2019-06-12 09:37:05:605 server.cc(338) Response: {"value":{"build":{"version":"3.6.0.0 (32-bit)"},"message":"Ready to create session","os":{"arch":"x64","name":"windows","version":"10.0.17134.376 (WinBuild.160101.0800)"},"ready":true}}

T 2019-06-12 09:37:05:605 server.cc(391) Entering Server::SendResponseToClient
T 2019-06-12 09:37:05:605 response.cc(30) Entering Response::Deserialize
T 2019-06-12 09:37:05:605 server.cc(445) Entering Server::SendHttpOk
T 2019-06-12 09:37:06:347 server.cc(174) Entering Server::ProcessRequest
T 2019-06-12 09:37:06:347 server.cc(238) Entering Server::ReadRequestBody
T 2019-06-12 09:37:06:347 server.cc(183) Process request with: URI: /session HTTP verb: POST
body: {
  "desiredCapabilities": {"browserName":"internet explorer","ensureCleanSession":true,"ie.usePerProcessProxy":"true","platform":"WINDOWS","se:ieOptions":{"ie.usePerProcessProxy":"true"}},
  "capabilities": {
    "desiredCapabilities": {"browserName":"internet explorer","ensureCleanSession":true,"ie.usePerProcessProxy":"true","platform":"WINDOWS","se:ieOptions":{"ie.usePerProcessProxy":"true"}},
    "firstMatch": [
      {"browserName":"internet explorer","platformName":"windows","se:ieOptions":{"ie.usePerProcessProxy":"true"}}
    ]
  }
}
T 2019-06-12 09:37:06:347 server.cc(272) Entering Server::DispatchCommand
T 2019-06-12 09:37:06:347 server.cc(583) Entering Server::LookupCommand
D 2019-06-12 09:37:06:347 server.cc(281) Command: POST /session {
  "desiredCapabilities": {"browserName":"internet explorer","ensureCleanSession":true,"ie.usePerProcessProxy":"true","platform":"WINDOWS","se:ieOptions":{"ie.usePerProcessProxy":"true"}},
  "capabilities": {
    "desiredCapabilities": {"browserName":"internet explorer","ensureCleanSession":true,"ie.usePerProcessProxy":"true","platform":"WINDOWS","se:ieOptions":{"ie.usePerProcessProxy":"true"}},
    "firstMatch": [
      {"browserName":"internet explorer","platformName":"windows","se:ieOptions":{"ie.usePerProcessProxy":"true"}}
    ]
  }
}
T 2019-06-12 09:37:06:348 IEServer.cpp(42) Entering IEServer::InitializeSession
T 2019-06-12 09:37:06:348 IESession.cpp(38) Entering IESession::Initialize
D 2019-06-12 09:37:06:348 IESession.cpp(53) Mutex acquired for session initalization
T 2019-06-12 09:37:06:365 IECommandExecutor.cpp(386) Entering IECommandExecutor::ThreadProc
T 2019-06-12 09:37:06:415 IECommandExecutor.cpp(47) Entering IECommandExecutor::OnCreate
T 2019-06-12 09:37:06:415 IECommandExecutor.cpp(753) Entering IECommandExecutor::PopulateElementFinderMethods
T 2019-06-12 09:37:06:415 InputManager.cpp(40) Entering InputManager::InputManager
T 2019-06-12 09:37:06:416 InputManager.cpp(75) Entering InputManager::Initialize
T 2019-06-12 09:37:06:416 BrowserFactory.cpp(998) Entering BrowserFactory::GetExecutableLocation
T 2019-06-12 09:37:06:416 BrowserFactory.cpp(1039) Entering BrowserFactory::GetIEVersion
T 2019-06-12 09:37:06:417 CommandHandlerRepository.cpp(108) Entering CommandHandlerRepository::PopulateCommandHandlers
T 2019-06-12 09:37:06:417 IESession.cpp(99) Created thread for command executor returns HWND: '00071202'
T 2019-06-12 09:37:06:418 IESession.cpp(103) Session id is retrived from command executor window: 'a84e27a0-dd9b-4119-9541-96725c8409cc'
D 2019-06-12 09:37:06:418 IESession.cpp(109) Releasing session initialization mutex
T 2019-06-12 09:37:06:418 IESession.cpp(191) Entering IESession::ExecuteCommand
T 2019-06-12 09:37:06:418 IECommandExecutor.cpp(122) Entering IECommandExecutor::OnSetCommand
T 2019-06-12 09:37:06:418 command.cc(31) Entering Command::Deserialize
D 2019-06-12 09:37:06:418 command.cc(36) Raw JSON command: { "name" : "newSession", "locator" : { }, "parameters" : {
  "desiredCapabilities": {"browserName":"internet explorer","ensureCleanSession":true,"ie.usePerProcessProxy":"true","platform":"WINDOWS","se:ieOptions":{"ie.usePerProcessProxy":"true"}},
  "capabilities": {
    "desiredCapabilities": {"browserName":"internet explorer","ensureCleanSession":true,"ie.usePerProcessProxy":"true","platform":"WINDOWS","se:ieOptions":{"ie.usePerProcessProxy":"true"}},
    "firstMatch": [
      {"browserName":"internet explorer","platformName":"windows","se:ieOptions":{"ie.usePerProcessProxy":"true"}}
    ]
  }
} }
T 2019-06-12 09:37:06:418 IESession.cpp(212) Beginning wait for response length to be not zero
T 2019-06-12 09:37:06:418 IECommandExecutor.cpp(133) Entering IECommandExecutor::OnExecCommand
T 2019-06-12 09:37:06:418 IECommandExecutor.cpp(454) Entering IECommandExecutor::DispatchCommand
D 2019-06-12 09:37:06:418 CommandHandlers\NewSessionCommandHandler.cpp(46) Found W3C capabilities structure
D 2019-06-12 09:37:06:418 CommandHandlers\NewSessionCommandHandler.cpp(505) Validating capabilities object
D 2019-06-12 09:37:06:419 CommandHandlers\NewSessionCommandHandler.cpp(505) Validating capabilities object
D 2019-06-12 09:37:06:419 CommandHandlers\NewSessionCommandHandler.cpp(535) Found browserNamecapability. Validating value type is string.
D 2019-06-12 09:37:06:419 CommandHandlers\NewSessionCommandHandler.cpp(564) Found platformNamecapability. Validating value type is string.
D 2019-06-12 09:37:06:419 CommandHandlers\NewSessionCommandHandler.cpp(794) Found proxycapability. Validating value type is object.
T 2019-06-12 09:37:06:419 BrowserFactory.cpp(113) Entering BrowserFactory::Initialize
T 2019-06-12 09:37:06:419 IECommandExecutor.cpp(631) Entering IECommandExecutor::CreateNewBrowser
T 2019-06-12 09:37:06:419 BrowserFactory.cpp(142) Entering BrowserFactory::LaunchBrowserProcess
D 2019-06-12 09:37:06:419 BrowserFactory.cpp(146) Ignoring Protected Mode Settings: 0
D 2019-06-12 09:37:06:419 BrowserFactory.cpp(149) Checking validity of Protected Mode settings.
T 2019-06-12 09:37:06:419 BrowserFactory.cpp(1058) Entering BrowserFactory::ProtectedModeSettingsAreValid
D 2019-06-12 09:37:06:419 BrowserFactory.cpp(1061) Detected IE version: 11, Windows version supports Protected Mode: 1
T 2019-06-12 09:37:06:419 BrowserFactory.cpp(1135) Entering BrowserFactory::GetZoneProtectedModeSetting
D 2019-06-12 09:37:06:419 BrowserFactory.cpp(1152) Found Protected Mode setting value of 3 for zone 1
T 2019-06-12 09:37:06:419 BrowserFactory.cpp(1135) Entering BrowserFactory::GetZoneProtectedModeSetting
D 2019-06-12 09:37:06:420 BrowserFactory.cpp(1156) RegQueryValueEx failed for getting Protected Mode setting for a zone: 2
T 2019-06-12 09:37:06:420 BrowserFactory.cpp(1135) Entering BrowserFactory::GetZoneProtectedModeSetting
D 2019-06-12 09:37:06:420 BrowserFactory.cpp(1156) RegQueryValueEx failed for getting Protected Mode setting for a zone: 3
T 2019-06-12 09:37:06:420 BrowserFactory.cpp(1135) Entering BrowserFactory::GetZoneProtectedModeSetting
D 2019-06-12 09:37:06:420 BrowserFactory.cpp(1156) RegQueryValueEx failed for getting Protected Mode setting for a zone: 4
D 2019-06-12 09:37:06:420 BrowserFactory.cpp(152) Has Valid Protected Mode Settings: 1
T 2019-06-12 09:37:06:420 BrowserFactory.cpp(226) Entering BrowserFactory::IsIELaunchURLAvailable
T 2019-06-12 09:37:06:439 BrowserFactory.cpp(130) Entering BrowserFactory::ClearCache
T 2019-06-12 09:37:06:439 BrowserFactory.cpp(247) Entering BrowserFactory::LaunchBrowserUsingIELaunchURL
D 2019-06-12 09:37:06:439 BrowserFactory.cpp(248) Starting IE using the IELaunchURL API
D 2019-06-12 09:37:08:068 BrowserFactory.cpp(202) IE launched successfully with process ID 22484
D 2019-06-12 09:37:08:068 BrowserFactory.cpp(208) Process with ID 22484 is executing iexplore.exe
T 2019-06-12 09:37:08:068 BrowserFactory.cpp(365) Entering BrowserFactory::AttachToBrowser
D 2019-06-12 09:37:08:068 BrowserFactory.cpp(375) Using Active Accessibility to find IWebBrowser2 interface
T 2019-06-12 09:37:08:068 BrowserFactory.cpp(414) Entering BrowserFactory::AttachToBrowserUsingActiveAccessibility
T 2019-06-12 09:37:58:805 server.cc(174) Entering Server::ProcessRequest
T 2019-06-12 09:37:58:805 server.cc(183) Process request with: URI: / HTTP verb: GET
body: {}
T 2019-06-12 09:37:58:805 server.cc(445) Entering Server::SendHttpOk
D 2019-06-12 09:37:59:210 BrowserFactory.cpp(434) Found window handle 00101364 for window with class 'Internet Explorer_Server' belonging to process with id 22484
T 2019-06-12 09:37:59:211 BrowserFactory.cpp(329) Entering BrowserFactory::GetDocumentFromWindowHandle
T 2019-06-12 09:37:59:382 server.cc(174) Entering Server::ProcessRequest
T 2019-06-12 09:37:59:382 server.cc(183) Process request with: URI: /favicon.ico HTTP verb: GET
body: {}
T 2019-06-12 09:37:59:382 server.cc(272) Entering Server::DispatchCommand
T 2019-06-12 09:37:59:382 server.cc(583) Entering Server::LookupCommand
D 2019-06-12 09:37:59:382 server.cc(281) Command: GET /favicon.ico {}
D 2019-06-12 09:37:59:382 server.cc(338) Response: { "error" : "unknown method", "message" : "Command not found: GET /favicon.ico" }
T 2019-06-12 09:37:59:382 server.cc(391) Entering Server::SendResponseToClient
T 2019-06-12 09:37:59:382 response.cc(30) Entering Response::Deserialize
T 2019-06-12 09:37:59:382 server.cc(445) Entering Server::SendHttpOk
D 2019-06-12 09:37:59:715 BrowserFactory.cpp(396) Ignoring zoom setting: 0
T 2019-06-12 09:37:59:715 BrowserFactory.cpp(574) Entering BrowserFactory::GetBrowserZoomLevel
T 2019-06-12 09:37:59:778 BrowserFactory.cpp(614) Entering BrowserFactory::GetZoomLevel
D 2019-06-12 09:37:59:842 BrowserFactory.cpp(694) Browser zoom level is 100%
I 2019-06-12 09:37:59:845 IECommandExecutor.cpp(654) Persistent hovering set to: 1
T 2019-06-12 09:37:59:845 ProxyManager.cpp(97) ProxyManager::SetProxySettings
D 2019-06-12 09:37:59:845 ProxyManager.cpp(113) Using existing system proxy settings.
T 2019-06-12 09:37:59:845 DocumentHost.cpp(33) Entering DocumentHost::DocumentHost
T 2019-06-12 09:37:59:845 CookieManager.cpp(49) Entering CookieManager::Initialize
T 2019-06-12 09:37:59:846 Browser.cpp(33) Entering Browser::Browser
T 2019-06-12 09:37:59:846 Browser.cpp(293) Entering Browser::AttachEvents
T 2019-06-12 09:37:59:908 IECommandExecutor.cpp(621) Entering IECommandExecutor::AddManagedBrowser
T 2019-06-12 09:37:59:908 IECommandExecutor.cpp(625) Setting current browser id to 3df1fba4-4df9-436e-aa21-ad9f575603e8
T 2019-06-12 09:37:59:910 response.cc(72) Entering Response::SetSuccessResponse
T 2019-06-12 09:37:59:910 response.cc(78) Entering Response::SetResponse
T 2019-06-12 09:37:59:911 IECommandExecutor.cpp(577) Entering IECommandExecutor::GetCurrentBrowser
T 2019-06-12 09:37:59:911 IECommandExecutor.cpp(583) Entering IECommandExecutor::GetManagedBrowser
T 2019-06-12 09:37:59:911 response.cc(51) Entering Response::Serialize
T 2019-06-12 09:37:59:914 IESession.cpp(221) Found non-zero response length
T 2019-06-12 09:37:59:914 IECommandExecutor.cpp(156) Entering IECommandExecutor::OnGetResponse
T 2019-06-12 09:37:59:914 IECommandExecutor.cpp(285) Entering IECommandExecutor::OnIsSessionValid
T 2019-06-12 09:37:59:914 response.cc(30) Entering Response::Deserialize
D 2019-06-12 09:37:59:914 server.cc(338) Response: {"value":{"capabilities":{"acceptInsecureCerts":false,"browserName":"internet explorer","browserVersion":"11","pageLoadStrategy":"normal","platformName":"windows","se:ieOptions":{"browserAttachTimeout":0,"elementScrollBehavior":0,"enablePersistentHover":true,"ie.browserCommandLineSwitches":"","ie.ensureCleanSession":false,"ie.fileUploadDialogTimeout":3000,"ie.forceCreateProcessApi":false,"ignoreProtectedModeSettings":false,"ignoreZoomSetting":false,"initialBrowserUrl":"http://localhost:39237/","nativeEvents":true,"requireWindowFocus":false},"setWindowRect":true},"sessionId":"a84e27a0-dd9b-4119-9541-96725c8409cc"}}

T 2019-06-12 09:37:59:914 server.cc(391) Entering Server::SendResponseToClient
T 2019-06-12 09:37:59:914 response.cc(30) Entering Response::Deserialize
T 2019-06-12 09:37:59:914 server.cc(445) Entering Server::SendHttpOk
T 2019-06-12 09:38:00:173 server.cc(174) Entering Server::ProcessRequest
T 2019-06-12 09:38:00:173 server.cc(238) Entering Server::ReadRequestBody
T 2019-06-12 09:38:00:173 server.cc(183) Process request with: URI: /session/a84e27a0-dd9b-4119-9541-96725c8409cc/timeouts HTTP verb: POST
body: {"implicit":0}
T 2019-06-12 09:38:00:173 server.cc(272) Entering Server::DispatchCommand
T 2019-06-12 09:38:00:173 server.cc(583) Entering Server::LookupCommand
D 2019-06-12 09:38:00:173 server.cc(281) Command: POST /session/a84e27a0-dd9b-4119-9541-96725c8409cc/timeouts {"implicit":0}
T 2019-06-12 09:38:00:173 server.cc(378) Entering Server::LookupSession
T 2019-06-12 09:38:00:173 IESession.cpp(191) Entering IESession::ExecuteCommand
T 2019-06-12 09:38:00:174 IECommandExecutor.cpp(122) Entering IECommandExecutor::OnSetCommand
T 2019-06-12 09:38:00:174 command.cc(31) Entering Command::Deserialize
D 2019-06-12 09:38:00:175 command.cc(36) Raw JSON command: { "name" : "setTimeouts", "locator" : { "sessionid" : "a84e27a0-dd9b-4119-9541-96725c8409cc" }, "parameters" : {"implicit":0} }
T 2019-06-12 09:38:00:175 IESession.cpp(212) Beginning wait for response length to be not zero
T 2019-06-12 09:38:00:175 IECommandExecutor.cpp(133) Entering IECommandExecutor::OnExecCommand
T 2019-06-12 09:38:00:175 IECommandExecutor.cpp(454) Entering IECommandExecutor::DispatchCommand
T 2019-06-12 09:38:00:175 IECommandExecutor.cpp(577) Entering IECommandExecutor::GetCurrentBrowser
T 2019-06-12 09:38:00:175 IECommandExecutor.cpp(583) Entering IECommandExecutor::GetManagedBrowser
T 2019-06-12 09:38:00:175 IECommandExecutor.cpp(529) Entering IECommandExecutor::IsAlertActive
T 2019-06-12 09:38:00:175 Browser.cpp(700) Entering Browser::GetActiveDialogWindowHandle
T 2019-06-12 09:38:00:175 Browser.cpp(206) Entering Browser::GetContentWindowHandle
D 2019-06-12 09:38:00:176 IECommandExecutor.cpp(543) No alert handle is found
T 2019-06-12 09:38:00:176 IECommandExecutor.cpp(577) Entering IECommandExecutor::GetCurrentBrowser
T 2019-06-12 09:38:00:176 IECommandExecutor.cpp(583) Entering IECommandExecutor::GetManagedBrowser
T 2019-06-12 09:38:00:176 response.cc(51) Entering Response::Serialize
T 2019-06-12 09:38:00:186 IESession.cpp(221) Found non-zero response length
T 2019-06-12 09:38:00:186 IECommandExecutor.cpp(156) Entering IECommandExecutor::OnGetResponse
T 2019-06-12 09:38:00:187 IECommandExecutor.cpp(285) Entering IECommandExecutor::OnIsSessionValid
D 2019-06-12 09:38:00:187 server.cc(338) Response: {"value":null}

T 2019-06-12 09:38:00:187 server.cc(391) Entering Server::SendResponseToClient
T 2019-06-12 09:38:00:187 response.cc(30) Entering Response::Deserialize
T 2019-06-12 09:38:00:187 server.cc(445) Entering Server::SendHttpOk
T 2019-06-12 09:38:00:228 server.cc(174) Entering Server::ProcessRequest
T 2019-06-12 09:38:00:228 server.cc(238) Entering Server::ReadRequestBody
T 2019-06-12 09:38:00:228 server.cc(183) Process request with: URI: /session/a84e27a0-dd9b-4119-9541-96725c8409cc/execute/sync HTTP verb: POST
body: {"script":"return navigator.sayswho\u003d (function() { var ua\u003d navigator.userAgent, tem, M\u003d ua.match(/(opera|chrome|safari|firefox|msie|trident)\\/?\\s*(\\.?\\d+(\\.\\d+)*)/i) || []; if (/trident/i.test(M[1])) {     tem\u003d  /\\brv[ :]+(\\d+)/g.exec(ua) || [];     return \u0027IE \u0027+(tem[1] || \u0027\u0027); } if(M[1]\u003d\u003d\u003d \u0027Chrome\u0027) {     tem\u003d ua.match(/\\b(OPR|Edge)\\/(\\d+)/);     if(tem!\u003d null) return tem.slice(1).join(\u0027 \u0027).replace(\u0027OPR\u0027, \u0027Opera\u0027); } M\u003d M[2]? [M[1], M[2]]: [navigator.appName, navigator.appVersion, \u0027-?\u0027]; if((tem\u003d ua.match(/version\\/(\\d+)/i))!\u003d null) M.splice(1, 1, tem[1]); return M.join(\u0027 \u0027).replace(\u0027MSIE\u0027, \u0027IE\u0027);})();","args":[]}
T 2019-06-12 09:38:00:228 server.cc(272) Entering Server::DispatchCommand
T 2019-06-12 09:38:00:228 server.cc(583) Entering Server::LookupCommand
D 2019-06-12 09:38:00:229 server.cc(281) Command: POST /session/a84e27a0-dd9b-4119-9541-96725c8409cc/execute/sync {"script":"return navigator.sayswho\u003d (function() { var ua\u003d navigator.userAgent, tem, M\u003d ua.match(/(opera|chrome|safari|firefox|msie|trident)\\/?\\s*(\\.?\\d+(\\.\\d+)*)/i) || []; if (/trident/i.test(M[1])) {     tem\u003d  /\\brv[ :]+(\\d+)/g.exec(ua) || [];     return \u0027IE \u0027+(tem[1] || \u0027\u0027); } if(M[1]\u003d\u003d\u003d \u0027Chrome\u0027) {     tem\u003d ua.match(/\\b(OPR|Edge)\\/(\\d+)/);     if(tem!\u003d null) return tem.slice(1).join(\u0027 \u0027).replace(\u0027OPR\u0027, \u0027Opera\u0027); } M\u003d M[2]? [M[1], M[2]]: [navigator.appName, navigator.appVersion, \u0027-?\u0027]; if((tem\u003d ua.match(/version\\/(\\d+)/i))!\u003d null) M.splice(1, 1, tem[1]); return M.join(\u0027 \u0027).replace(\u0027MSIE\u0027, \u0027IE\u0027);})();","args":[]}
T 2019-06-12 09:38:00:229 server.cc(378) Entering Server::LookupSession
T 2019-06-12 09:38:00:229 IESession.cpp(191) Entering IESession::ExecuteCommand
T 2019-06-12 09:38:00:231 IECommandExecutor.cpp(122) Entering IECommandExecutor::OnSetCommand
T 2019-06-12 09:38:00:231 command.cc(31) Entering Command::Deserialize
D 2019-06-12 09:38:00:231 command.cc(36) Raw JSON command: { "name" : "executeScript", "locator" : { "sessionid" : "a84e27a0-dd9b-4119-9541-96725c8409cc" }, "parameters" : {"script":"return navigator.sayswho\u003d (function() { var ua\u003d navigator.userAgent, tem, M\u003d ua.match(/(opera|chrome|safari|firefox|msie|trident)\\/?\\s*(\\.?\\d+(\\.\\d+)*)/i) || []; if (/trident/i.test(M[1])) {     tem\u003d  /\\brv[ :]+(\\d+)/g.exec(ua) || [];     return \u0027IE \u0027+(tem[1] || \u0027\u0027); } if(M[1]\u003d\u003d\u003d \u0027Chrome\u0027) {     tem\u003d ua.match(/\\b(OPR|Edge)\\/(\\d+)/);     if(tem!\u003d null) return tem.slice(1).join(\u0027 \u0027).replace(\u0027OPR\u0027, \u0027Opera\u0027); } M\u003d M[2]? [M[1], M[2]]: [navigator.appName, navigator.appVersion, \u0027-?\u0027]; if((tem\u003d ua.match(/version\\/(\\d+)/i))!\u003d null) M.splice(1, 1, tem[1]); return M.join(\u0027 \u0027).replace(\u0027MSIE\u0027, \u0027IE\u0027);})();","args":[]} }
T 2019-06-12 09:38:00:231 IECommandExecutor.cpp(133) Entering IECommandExecutor::OnExecCommand
T 2019-06-12 09:38:00:231 IESession.cpp(212) Beginning wait for response length to be not zero
T 2019-06-12 09:38:00:231 IECommandExecutor.cpp(454) Entering IECommandExecutor::DispatchCommand
T 2019-06-12 09:38:00:231 IECommandExecutor.cpp(577) Entering IECommandExecutor::GetCurrentBrowser
T 2019-06-12 09:38:00:231 IECommandExecutor.cpp(583) Entering IECommandExecutor::GetManagedBrowser
T 2019-06-12 09:38:00:231 IECommandExecutor.cpp(529) Entering IECommandExecutor::IsAlertActive
T 2019-06-12 09:38:00:231 Browser.cpp(700) Entering Browser::GetActiveDialogWindowHandle
T 2019-06-12 09:38:00:231 Browser.cpp(206) Entering Browser::GetContentWindowHandle
D 2019-06-12 09:38:00:232 IECommandExecutor.cpp(543) No alert handle is found
T 2019-06-12 09:38:00:232 IECommandExecutor.cpp(577) Entering IECommandExecutor::GetCurrentBrowser
T 2019-06-12 09:38:00:232 IECommandExecutor.cpp(583) Entering IECommandExecutor::GetManagedBrowser
T 2019-06-12 09:38:00:232 Browser.cpp(126) Entering Browser::GetDocument
I 2019-06-12 09:38:00:232 Browser.cpp(130) No child frame focus. Focus is on top-level frame
T 2019-06-12 09:38:00:264 Browser.cpp(613) Entering Browser::GetDocumentFromWindow
T 2019-06-12 09:38:00:279 Script.cpp(49) Entering Script::Initialize
T 2019-06-12 09:38:00:279 CommandHandlers\ExecuteScriptCommandHandler.cpp(85) Entering ExecuteScriptCommandHandler::PopulateArgumentArray
T 2019-06-12 09:38:00:279 Script.cpp(169) Entering Script::Execute
T 2019-06-12 09:38:00:279 Script.cpp(438) Entering Script::CreateAnonymousFunction
T 2019-06-12 09:38:00:440 Script.cpp(426) Entering Script::ConvertResultToJsonValue
T 2019-06-12 09:38:00:441 response.cc(72) Entering Response::SetSuccessResponse
T 2019-06-12 09:38:00:441 response.cc(78) Entering Response::SetResponse
T 2019-06-12 09:38:00:442 IECommandExecutor.cpp(577) Entering IECommandExecutor::GetCurrentBrowser
T 2019-06-12 09:38:00:442 IECommandExecutor.cpp(583) Entering IECommandExecutor::GetManagedBrowser
T 2019-06-12 09:38:00:442 response.cc(51) Entering Response::Serialize
T 2019-06-12 09:38:00:449 IESession.cpp(221) Found non-zero response length
T 2019-06-12 09:38:00:449 IECommandExecutor.cpp(156) Entering IECommandExecutor::OnGetResponse
T 2019-06-12 09:38:00:450 IECommandExecutor.cpp(285) Entering IECommandExecutor::OnIsSessionValid
D 2019-06-12 09:38:00:450 server.cc(338) Response: {"value":"IE 11"}

T 2019-06-12 09:38:00:450 server.cc(391) Entering Server::SendResponseToClient
T 2019-06-12 09:38:00:450 response.cc(30) Entering Response::Deserialize
T 2019-06-12 09:38:00:450 server.cc(445) Entering Server::SendHttpOk
T 2019-06-12 09:38:00:516 server.cc(174) Entering Server::ProcessRequest
T 2019-06-12 09:38:00:516 server.cc(238) Entering Server::ReadRequestBody
T 2019-06-12 09:38:00:516 server.cc(183) Process request with: URI: /session/a84e27a0-dd9b-4119-9541-96725c8409cc/url HTTP verb: POST
body: {"url":"http://cms9dev.kellogg.northwestern.edu/certificate.aspx"}
T 2019-06-12 09:38:00:516 server.cc(272) Entering Server::DispatchCommand
T 2019-06-12 09:38:00:516 server.cc(583) Entering Server::LookupCommand
D 2019-06-12 09:38:00:516 server.cc(281) Command: POST /session/a84e27a0-dd9b-4119-9541-96725c8409cc/url {"url":"http://cms9dev.kellogg.northwestern.edu/certificate.aspx"}
T 2019-06-12 09:38:00:516 server.cc(378) Entering Server::LookupSession
T 2019-06-12 09:38:00:516 IESession.cpp(191) Entering IESession::ExecuteCommand
T 2019-06-12 09:38:00:516 IECommandExecutor.cpp(122) Entering IECommandExecutor::OnSetCommand
T 2019-06-12 09:38:00:516 command.cc(31) Entering Command::Deserialize
D 2019-06-12 09:38:00:516 command.cc(36) Raw JSON command: { "name" : "get", "locator" : { "sessionid" : "a84e27a0-dd9b-4119-9541-96725c8409cc" }, "parameters" : {"url":"http://cms9dev.kellogg.northwestern.edu/certificate.aspx"} }
T 2019-06-12 09:38:00:517 IECommandExecutor.cpp(133) Entering IECommandExecutor::OnExecCommand
T 2019-06-12 09:38:00:517 IESession.cpp(212) Beginning wait for response length to be not zero
T 2019-06-12 09:38:00:517 IECommandExecutor.cpp(454) Entering IECommandExecutor::DispatchCommand
T 2019-06-12 09:38:00:517 IECommandExecutor.cpp(577) Entering IECommandExecutor::GetCurrentBrowser
T 2019-06-12 09:38:00:517 IECommandExecutor.cpp(583) Entering IECommandExecutor::GetManagedBrowser
T 2019-06-12 09:38:00:517 IECommandExecutor.cpp(529) Entering IECommandExecutor::IsAlertActive
T 2019-06-12 09:38:00:517 Browser.cpp(700) Entering Browser::GetActiveDialogWindowHandle
T 2019-06-12 09:38:00:517 Browser.cpp(206) Entering Browser::GetContentWindowHandle
D 2019-06-12 09:38:00:518 IECommandExecutor.cpp(543) No alert handle is found
T 2019-06-12 09:38:00:518 IECommandExecutor.cpp(577) Entering IECommandExecutor::GetCurrentBrowser
T 2019-06-12 09:38:00:518 IECommandExecutor.cpp(583) Entering IECommandExecutor::GetManagedBrowser
T 2019-06-12 09:38:00:518 Browser.cpp(318) Entring Browser::NavigateToUrl
T 2019-06-12 09:38:00:631 DocumentHost.cpp(142) Entering DocumentHost::SetFocusedFrameByElement
T 2019-06-12 09:38:00:631 response.cc(72) Entering Response::SetSuccessResponse
T 2019-06-12 09:38:00:631 response.cc(78) Entering Response::SetResponse
T 2019-06-12 09:38:00:631 IECommandExecutor.cpp(577) Entering IECommandExecutor::GetCurrentBrowser
T 2019-06-12 09:38:00:631 IECommandExecutor.cpp(583) Entering IECommandExecutor::GetManagedBrowser
T 2019-06-12 09:38:00:631 response.cc(51) Entering Response::Serialize
T 2019-06-12 09:38:00:631 IECommandExecutor.cpp(172) Entering IECommandExecutor::OnWait
T 2019-06-12 09:38:00:631 IECommandExecutor.cpp(577) Entering IECommandExecutor::GetCurrentBrowser
T 2019-06-12 09:38:00:631 IECommandExecutor.cpp(583) Entering IECommandExecutor::GetManagedBrowser
T 2019-06-12 09:38:00:631 Browser.cpp(438) Entering Browser::Wait
D 2019-06-12 09:38:00:631 Browser.cpp(448) Navigate Events Completed.
T 2019-06-12 09:38:00:631 Browser.cpp(700) Entering Browser::GetActiveDialogWindowHandle
T 2019-06-12 09:38:00:631 Browser.cpp(206) Entering Browser::GetContentWindowHandle
D 2019-06-12 09:38:00:639 Browser.cpp(508) Waiting for document to complete...
T 2019-06-12 09:38:00:640 Browser.cpp(522) Entering Browser::IsDocumentNavigating
D 2019-06-12 09:38:00:717 Browser.cpp(513) Not in navigating state
T 2019-06-12 09:38:00:730 IESession.cpp(221) Found non-zero response length
T 2019-06-12 09:38:00:730 IECommandExecutor.cpp(156) Entering IECommandExecutor::OnGetResponse
T 2019-06-12 09:38:00:730 IECommandExecutor.cpp(285) Entering IECommandExecutor::OnIsSessionValid
D 2019-06-12 09:38:00:730 server.cc(338) Response: {"value":null}

T 2019-06-12 09:38:00:731 server.cc(391) Entering Server::SendResponseToClient
T 2019-06-12 09:38:00:731 response.cc(30) Entering Response::Deserialize
T 2019-06-12 09:38:00:731 server.cc(445) Entering Server::SendHttpOk
T 2019-06-12 09:38:00:931 server.cc(174) Entering Server::ProcessRequest
T 2019-06-12 09:38:00:931 server.cc(238) Entering Server::ReadRequestBody
T 2019-06-12 09:38:00:931 server.cc(183) Process request with: URI: /session/a84e27a0-dd9b-4119-9541-96725c8409cc/elements HTTP verb: POST
body: {"value":"//div[@id\u003d\u0027contentSection\u0027]/div/div[4]/div/div/div/div[2]/p/a[3]","using":"xpath"}
T 2019-06-12 09:38:00:931 server.cc(272) Entering Server::DispatchCommand
T 2019-06-12 09:38:00:931 server.cc(583) Entering Server::LookupCommand
D 2019-06-12 09:38:00:931 server.cc(281) Command: POST /session/a84e27a0-dd9b-4119-9541-96725c8409cc/elements {"value":"//div[@id\u003d\u0027contentSection\u0027]/div/div[4]/div/div/div/div[2]/p/a[3]","using":"xpath"}
T 2019-06-12 09:38:00:932 server.cc(378) Entering Server::LookupSession
T 2019-06-12 09:38:00:932 IESession.cpp(191) Entering IESession::ExecuteCommand
T 2019-06-12 09:38:00:932 IECommandExecutor.cpp(122) Entering IECommandExecutor::OnSetCommand
T 2019-06-12 09:38:00:932 command.cc(31) Entering Command::Deserialize
D 2019-06-12 09:38:00:932 command.cc(36) Raw JSON command: { "name" : "findElements", "locator" : { "sessionid" : "a84e27a0-dd9b-4119-9541-96725c8409cc" }, "parameters" : {"value":"//div[@id\u003d\u0027contentSection\u0027]/div/div[4]/div/div/div/div[2]/p/a[3]","using":"xpath"} }
T 2019-06-12 09:38:00:932 IECommandExecutor.cpp(133) Entering IECommandExecutor::OnExecCommand
T 2019-06-12 09:38:00:932 IECommandExecutor.cpp(454) Entering IECommandExecutor::DispatchCommand
T 2019-06-12 09:38:00:932 IECommandExecutor.cpp(577) Entering IECommandExecutor::GetCurrentBrowser
T 2019-06-12 09:38:00:932 IECommandExecutor.cpp(583) Entering IECommandExecutor::GetManagedBrowser
T 2019-06-12 09:38:00:932 IECommandExecutor.cpp(529) Entering IECommandExecutor::IsAlertActive
T 2019-06-12 09:38:00:932 Browser.cpp(700) Entering Browser::GetActiveDialogWindowHandle
T 2019-06-12 09:38:00:932 Browser.cpp(206) Entering Browser::GetContentWindowHandle
D 2019-06-12 09:38:00:933 IECommandExecutor.cpp(543) No alert handle is found
T 2019-06-12 09:38:00:933 IECommandExecutor.cpp(734) Entering IECommandExecutor::LocateElements
T 2019-06-12 09:38:00:933 IECommandExecutor.cpp(695) Entering IECommandExecutor::GetElementFindMethod
T 2019-06-12 09:38:00:933 ElementFinder.cpp(111) Entering ElementFinder::FindElements
T 2019-06-12 09:38:00:933 IECommandExecutor.cpp(577) Entering IECommandExecutor::GetCurrentBrowser
T 2019-06-12 09:38:00:933 IECommandExecutor.cpp(583) Entering IECommandExecutor::GetManagedBrowser
D 2019-06-12 09:38:00:933 ElementFinder.cpp(128) Using FindElements atom to locate element having xpath = //div[@id='contentSection']/div/div[4]/div/div/div/div[2]/p/a[3]
T 2019-06-12 09:38:00:933 Browser.cpp(126) Entering Browser::GetDocument
I 2019-06-12 09:38:00:933 Browser.cpp(130) No child frame focus. Focus is on top-level frame
T 2019-06-12 09:38:00:934 IESession.cpp(212) Beginning wait for response length to be not zero
T 2019-06-12 09:38:01:015 Browser.cpp(613) Entering Browser::GetDocumentFromWindow
T 2019-06-12 09:38:01:251 Script.cpp(49) Entering Script::Initialize
T 2019-06-12 09:38:01:251 Script.cpp(70) Entering Script::AddArgument(std::wstring)
T 2019-06-12 09:38:01:251 Script.cpp(105) Entering Script::AddArgument(VARIANT)
T 2019-06-12 09:38:01:251 Script.cpp(70) Entering Script::AddArgument(std::wstring)
T 2019-06-12 09:38:01:251 Script.cpp(105) Entering Script::AddArgument(VARIANT)
T 2019-06-12 09:38:01:251 Script.cpp(169) Entering Script::Execute
T 2019-06-12 09:38:01:251 Script.cpp(438) Entering Script::CreateAnonymousFunction
T 2019-06-12 09:38:01:526 Script.cpp(426) Entering Script::ConvertResultToJsonValue
D 2019-06-12 09:38:01:628 VariantUtilities.cpp(100) Result type is JScriptTypeInfo
T 2019-06-12 09:38:01:749 VariantUtilities.cpp(307) Entering Script::GetPropertyNameList
D 2019-06-12 09:38:01:841 VariantUtilities.cpp(100) Result type is JScriptTypeInfo
T 2019-06-12 09:38:01:841 VariantUtilities.cpp(324) Entering Script::GetArrayLength
T 2019-06-12 09:38:02:092 response.cc(72) Entering Response::SetSuccessResponse
T 2019-06-12 09:38:02:092 response.cc(78) Entering Response::SetResponse
T 2019-06-12 09:38:02:092 IECommandExecutor.cpp(577) Entering IECommandExecutor::GetCurrentBrowser
T 2019-06-12 09:38:02:092 IECommandExecutor.cpp(583) Entering IECommandExecutor::GetManagedBrowser
T 2019-06-12 09:38:02:092 response.cc(51) Entering Response::Serialize
T 2019-06-12 09:38:02:093 IESession.cpp(221) Found non-zero response length
T 2019-06-12 09:38:02:093 Browser.cpp(54) Entering Browser::OnQuit
T 2019-06-12 09:38:02:093 DocumentHost.cpp(252) Entering DocumentHost::PostQuitMessage
T 2019-06-12 09:38:02:093 IECommandExecutor.cpp(156) Entering IECommandExecutor::OnGetResponse
T 2019-06-12 09:38:02:093 IECommandExecutor.cpp(250) Entering IECommandExecutor::OnBrowserQuit
T 2019-06-12 09:38:02:093 IECommandExecutor.cpp(529) Entering IECommandExecutor::IsAlertActive
T 2019-06-12 09:38:02:093 Browser.cpp(700) Entering Browser::GetActiveDialogWindowHandle
T 2019-06-12 09:38:02:093 Browser.cpp(206) Entering Browser::GetContentWindowHandle
D 2019-06-12 09:38:02:094 IECommandExecutor.cpp(543) No alert handle is found
T 2019-06-12 09:38:02:094 Browser.cpp(300) Entering Browser::DetachEvents
T 2019-06-12 09:38:02:095 IECommandExecutor.cpp(285) Entering IECommandExecutor::OnIsSessionValid
D 2019-06-12 09:38:02:096 server.cc(338) Response: {"value":[]}

T 2019-06-12 09:38:02:096 server.cc(391) Entering Server::SendResponseToClient
T 2019-06-12 09:38:02:096 response.cc(30) Entering Response::Deserialize
T 2019-06-12 09:38:02:096 server.cc(445) Entering Server::SendHttpOk
T 2019-06-12 09:38:02:608 server.cc(174) Entering Server::ProcessRequest
T 2019-06-12 09:38:02:608 server.cc(238) Entering Server::ReadRequestBody
T 2019-06-12 09:38:02:608 server.cc(183) Process request with: URI: /session/a84e27a0-dd9b-4119-9541-96725c8409cc/elements HTTP verb: POST
body: {"value":"//div[@id\u003d\u0027contentSection\u0027]/div/div[4]/div/div/div/div[2]/p/a[3]","using":"xpath"}
T 2019-06-12 09:38:02:608 server.cc(272) Entering Server::DispatchCommand
T 2019-06-12 09:38:02:608 server.cc(583) Entering Server::LookupCommand
D 2019-06-12 09:38:02:608 server.cc(281) Command: POST /session/a84e27a0-dd9b-4119-9541-96725c8409cc/elements {"value":"//div[@id\u003d\u0027contentSection\u0027]/div/div[4]/div/div/div/div[2]/p/a[3]","using":"xpath"}
T 2019-06-12 09:38:02:608 server.cc(378) Entering Server::LookupSession
T 2019-06-12 09:38:02:608 IESession.cpp(191) Entering IESession::ExecuteCommand
T 2019-06-12 09:38:02:609 IECommandExecutor.cpp(122) Entering IECommandExecutor::OnSetCommand
T 2019-06-12 09:38:02:609 command.cc(31) Entering Command::Deserialize
D 2019-06-12 09:38:02:609 command.cc(36) Raw JSON command: { "name" : "findElements", "locator" : { "sessionid" : "a84e27a0-dd9b-4119-9541-96725c8409cc" }, "parameters" : {"value":"//div[@id\u003d\u0027contentSection\u0027]/div/div[4]/div/div/div/div[2]/p/a[3]","using":"xpath"} }
T 2019-06-12 09:38:02:611 IECommandExecutor.cpp(133) Entering IECommandExecutor::OnExecCommand
T 2019-06-12 09:38:02:611 IECommandExecutor.cpp(454) Entering IECommandExecutor::DispatchCommand
T 2019-06-12 09:38:02:611 IESession.cpp(212) Beginning wait for response length to be not zero
T 2019-06-12 09:38:02:611 IECommandExecutor.cpp(577) Entering IECommandExecutor::GetCurrentBrowser
T 2019-06-12 09:38:02:611 IECommandExecutor.cpp(583) Entering IECommandExecutor::GetManagedBrowser
W 2019-06-12 09:38:02:612 IECommandExecutor.cpp(591) Browser ID requested was an empty string
W 2019-06-12 09:38:02:612 IECommandExecutor.cpp(503) Unable to find current browser
T 2019-06-12 09:38:02:612 IECommandExecutor.cpp(734) Entering IECommandExecutor::LocateElements
T 2019-06-12 09:38:02:612 IECommandExecutor.cpp(695) Entering IECommandExecutor::GetElementFindMethod
T 2019-06-12 09:38:02:612 ElementFinder.cpp(111) Entering ElementFinder::FindElements
T 2019-06-12 09:38:02:612 IECommandExecutor.cpp(577) Entering IECommandExecutor::GetCurrentBrowser
T 2019-06-12 09:38:02:612 IECommandExecutor.cpp(583) Entering IECommandExecutor::GetManagedBrowser
W 2019-06-12 09:38:02:612 IECommandExecutor.cpp(591) Browser ID requested was an empty string
W 2019-06-12 09:38:02:612 ElementFinder.cpp(167) Unable to get browser
T 2019-06-12 09:38:02:612 response.cc(85) Entering Response::SetErrorResponse
T 2019-06-12 09:38:02:612 response.cc(78) Entering Response::SetResponse
T 2019-06-12 09:38:02:612 IECommandExecutor.cpp(577) Entering IECommandExecutor::GetCurrentBrowser
T 2019-06-12 09:38:02:612 IECommandExecutor.cpp(583) Entering IECommandExecutor::GetManagedBrowser
W 2019-06-12 09:38:02:612 IECommandExecutor.cpp(591) Browser ID requested was an empty string
W 2019-06-12 09:38:02:612 IECommandExecutor.cpp(520) Unable to get current browser
T 2019-06-12 09:38:02:612 response.cc(51) Entering Response::Serialize
T 2019-06-12 09:38:02:625 IESession.cpp(221) Found non-zero response length
T 2019-06-12 09:38:02:625 IECommandExecutor.cpp(156) Entering IECommandExecutor::OnGetResponse
T 2019-06-12 09:38:02:626 IECommandExecutor.cpp(285) Entering IECommandExecutor::OnIsSessionValid
D 2019-06-12 09:38:02:626 server.cc(338) Response: {"value":{"data":null,"error":"no such window","message":"Unable to find elements on closed window","stacktrace":""}}

T 2019-06-12 09:38:02:627 server.cc(391) Entering Server::SendResponseToClient
T 2019-06-12 09:38:02:627 response.cc(30) Entering Response::Deserialize
T 2019-06-12 09:38:02:627 server.cc(465) Entering Server::SendHttpBadRequest
T 2019-06-12 09:38:02:672 server.cc(174) Entering Server::ProcessRequest
T 2019-06-12 09:38:02:672 server.cc(183) Process request with: URI: /session/a84e27a0-dd9b-4119-9541-96725c8409cc/screenshot HTTP verb: GET
body: {}
T 2019-06-12 09:38:02:672 server.cc(272) Entering Server::DispatchCommand
T 2019-06-12 09:38:02:672 server.cc(583) Entering Server::LookupCommand
D 2019-06-12 09:38:02:672 server.cc(281) Command: GET /session/a84e27a0-dd9b-4119-9541-96725c8409cc/screenshot {}
T 2019-06-12 09:38:02:672 server.cc(378) Entering Server::LookupSession
T 2019-06-12 09:38:02:672 IESession.cpp(191) Entering IESession::ExecuteCommand
T 2019-06-12 09:38:02:672 IECommandExecutor.cpp(122) Entering IECommandExecutor::OnSetCommand
T 2019-06-12 09:38:02:672 command.cc(31) Entering Command::Deserialize
D 2019-06-12 09:38:02:673 command.cc(36) Raw JSON command: { "name" : "takeScreenshot", "locator" : { "sessionid" : "a84e27a0-dd9b-4119-9541-96725c8409cc" }, "parameters" : {} }
T 2019-06-12 09:38:02:675 IECommandExecutor.cpp(133) Entering IECommandExecutor::OnExecCommand
T 2019-06-12 09:38:02:676 IECommandExecutor.cpp(454) Entering IECommandExecutor::DispatchCommand
T 2019-06-12 09:38:02:676 IECommandExecutor.cpp(577) Entering IECommandExecutor::GetCurrentBrowser
T 2019-06-12 09:38:02:676 IECommandExecutor.cpp(583) Entering IECommandExecutor::GetManagedBrowser
W 2019-06-12 09:38:02:676 IECommandExecutor.cpp(591) Browser ID requested was an empty string
W 2019-06-12 09:38:02:676 IECommandExecutor.cpp(503) Unable to find current browser
T 2019-06-12 09:38:02:676 CommandHandlers\ScreenshotCommandHandler.cpp(38) Entering ScreenshotCommandHandler::ExecuteInternal
T 2019-06-12 09:38:02:676 IECommandExecutor.cpp(577) Entering IECommandExecutor::GetCurrentBrowser
T 2019-06-12 09:38:02:676 IECommandExecutor.cpp(583) Entering IECommandExecutor::GetManagedBrowser
W 2019-06-12 09:38:02:676 IECommandExecutor.cpp(591) Browser ID requested was an empty string
T 2019-06-12 09:38:02:676 response.cc(91) Entering Response::SetErrorResponse
W 2019-06-12 09:38:02:676 response.cc(92) Error response has status code 23 and message 'Unable to get browser' message
T 2019-06-12 09:38:02:676 response.cc(85) Entering Response::SetErrorResponse
T 2019-06-12 09:38:02:676 response.cc(78) Entering Response::SetResponse
T 2019-06-12 09:38:02:676 IECommandExecutor.cpp(577) Entering IECommandExecutor::GetCurrentBrowser
T 2019-06-12 09:38:02:676 IECommandExecutor.cpp(583) Entering IECommandExecutor::GetManagedBrowser
W 2019-06-12 09:38:02:676 IECommandExecutor.cpp(591) Browser ID requested was an empty string
W 2019-06-12 09:38:02:676 IECommandExecutor.cpp(520) Unable to get current browser
T 2019-06-12 09:38:02:676 response.cc(51) Entering Response::Serialize
T 2019-06-12 09:38:02:676 IESession.cpp(212) Beginning wait for response length to be not zero
T 2019-06-12 09:38:02:676 IESession.cpp(221) Found non-zero response length
T 2019-06-12 09:38:02:676 IECommandExecutor.cpp(156) Entering IECommandExecutor::OnGetResponse
T 2019-06-12 09:38:02:677 IECommandExecutor.cpp(285) Entering IECommandExecutor::OnIsSessionValid
D 2019-06-12 09:38:02:677 server.cc(338) Response: {"value":{"data":null,"error":"no such window","message":"Unable to get browser","stacktrace":""}}

T 2019-06-12 09:38:02:677 server.cc(391) Entering Server::SendResponseToClient
T 2019-06-12 09:38:02:677 response.cc(30) Entering Response::Deserialize
T 2019-06-12 09:38:02:677 server.cc(465) Entering Server::SendHttpBadRequest
T 2019-06-12 09:38:02:861 server.cc(174) Entering Server::ProcessRequest
T 2019-06-12 09:38:02:861 server.cc(183) Process request with: URI: /session/a84e27a0-dd9b-4119-9541-96725c8409cc HTTP verb: DELETE
body: {}
T 2019-06-12 09:38:02:861 server.cc(272) Entering Server::DispatchCommand
T 2019-06-12 09:38:02:861 server.cc(583) Entering Server::LookupCommand
D 2019-06-12 09:38:02:862 server.cc(281) Command: DELETE /session/a84e27a0-dd9b-4119-9541-96725c8409cc {}
T 2019-06-12 09:38:02:862 server.cc(378) Entering Server::LookupSession
T 2019-06-12 09:38:02:862 IESession.cpp(191) Entering IESession::ExecuteCommand
T 2019-06-12 09:38:02:863 IECommandExecutor.cpp(122) Entering IECommandExecutor::OnSetCommand
T 2019-06-12 09:38:02:863 command.cc(31) Entering Command::Deserialize
D 2019-06-12 09:38:02:863 command.cc(36) Raw JSON command: { "name" : "quit", "locator" : { "sessionid" : "a84e27a0-dd9b-4119-9541-96725c8409cc" }, "parameters" : {} }
T 2019-06-12 09:38:02:863 IECommandExecutor.cpp(133) Entering IECommandExecutor::OnExecCommand
T 2019-06-12 09:38:02:863 IESession.cpp(212) Beginning wait for response length to be not zero
T 2019-06-12 09:38:02:863 IECommandExecutor.cpp(454) Entering IECommandExecutor::DispatchCommand
T 2019-06-12 09:38:02:863 IECommandExecutor.cpp(577) Entering IECommandExecutor::GetCurrentBrowser
T 2019-06-12 09:38:02:863 IECommandExecutor.cpp(583) Entering IECommandExecutor::GetManagedBrowser
W 2019-06-12 09:38:02:863 IECommandExecutor.cpp(591) Browser ID requested was an empty string
W 2019-06-12 09:38:02:863 IECommandExecutor.cpp(503) Unable to find current browser
T 2019-06-12 09:38:02:863 IECommandExecutor.cpp(607) Entering IECommandExecutor::GetManagedBrowserHandles
T 2019-06-12 09:38:02:863 response.cc(72) Entering Response::SetSuccessResponse
T 2019-06-12 09:38:02:863 response.cc(78) Entering Response::SetResponse
T 2019-06-12 09:38:02:863 IECommandExecutor.cpp(577) Entering IECommandExecutor::GetCurrentBrowser
T 2019-06-12 09:38:02:863 IECommandExecutor.cpp(583) Entering IECommandExecutor::GetManagedBrowser
T 2019-06-12 09:38:02:864 IECommandExecutor.cpp(586) Current command executor is not valid
T 2019-06-12 09:38:02:864 response.cc(51) Entering Response::Serialize
T 2019-06-12 09:38:02:874 IESession.cpp(221) Found non-zero response length
T 2019-06-12 09:38:02:876 IECommandExecutor.cpp(156) Entering IECommandExecutor::OnGetResponse
T 2019-06-12 09:38:02:877 IECommandExecutor.cpp(285) Entering IECommandExecutor::OnIsSessionValid
T 2019-06-12 09:38:02:877 server.cc(225) Entering Server::ShutDownSession
T 2019-06-12 09:38:02:877 IESession.cpp(119) Entering IESession::ShutDown
T 2019-06-12 09:38:02:877 IESession.cpp(173) Entering IESession::WaitForCommandExecutorExit
D 2019-06-12 09:38:02:877 IESession.cpp(150) Executor shutdown successful!
D 2019-06-12 09:38:02:877 IESession.cpp(158) Posting thread shutdown message
D 2019-06-12 09:38:02:877 IESession.cpp(161) Starting wait for thread completion
D 2019-06-12 09:38:02:877 IECommandExecutor.cpp(436) Shutdown message received
D 2019-06-12 09:38:02:877 IESession.cpp(164) Waiting for thread to end returned 4294967295
D 2019-06-12 09:38:02:877 server.cc(338) Response: {"value":null}

T 2019-06-12 09:38:02:877 server.cc(391) Entering Server::SendResponseToClient
T 2019-06-12 09:38:02:877 response.cc(30) Entering Response::Deserialize
T 2019-06-12 09:38:02:877 server.cc(445) Entering Server::SendHttpOk
D 2019-06-12 09:38:02:877 IECommandExecutor.cpp(97) Entering IECommandExecutor::OnDestroy
D 2019-06-12 09:38:02:878 IECommandExecutor.cpp(99) Clearing managed element cache
D 2019-06-12 09:38:02:878 IECommandExecutor.cpp(102) Closing command handler repository
D 2019-06-12 09:38:02:878 IECommandExecutor.cpp(104) Closing element finder
D 2019-06-12 09:38:02:878 IECommandExecutor.cpp(106) Closing input manager
D 2019-06-12 09:38:02:878 IECommandExecutor.cpp(108) Closing proxy manager
T 2019-06-12 09:38:02:878 ProxyManager.cpp(185) ProxyManager::RestoreProxySettings
D 2019-06-12 09:38:02:878 IECommandExecutor.cpp(110) Closing browser factory
D 2019-06-12 09:38:02:878 IECommandExecutor.cpp(112) Posting quit message
D 2019-06-12 09:38:02:878 IECommandExecutor.cpp(114) Leaving IECommandExecutor::OnDestroy
D 2019-06-12 09:38:02:878 IECommandExecutor.cpp(438) Returned from DestroyWindow()
D 2019-06-12 09:38:02:878 IECommandExecutor.cpp(447) Exited IECommandExecutor thread message loop
T 2019-06-12 09:38:02:885 server.cc(174) Entering Server::ProcessRequest
T 2019-06-12 09:38:02:885 server.cc(183) Process request with: URI: /shutdown HTTP verb: GET
body: {}
T 2019-06-12 09:38:02:885 server.cc(445) Entering Server::SendHttpOk
T 2019-06-12 09:38:02:885 IEServer.cpp(88) Entering IEServer::ShutDown
T 2019-06-12 09:38:02:886 WebDriver.cpp(54) Entering StopServer
T 2019-06-12 09:38:02:886 server.cc(165) Entering Server::Stop
