<?xml version="1.0" encoding="UTF-8" standalone="no"?>
<!DOCTYPE log SYSTEM "logger.dtd">
<log>
<record>
  <date>2019-06-24T09:52:35</date>
  <millis>1561387955238</millis>
  <sequence>0</sequence>
  <level>START</level>
  <class>com.kms.katalon.core.logging.XmlKeywordLogger</class>
  <method>startSuite</method>
  <thread>1</thread>
  <message>Start Test Suite : Test Suites/MS Management Studies cms9</message>
  <nestedLevel>0</nestedLevel>
  <property name="name">MS Management Studies cms9</property>
  <property name="description"></property>
  <property name="id">Test Suites/MS Management Studies cms9</property>
</record>
<record>
  <date>2019-06-24T09:52:35</date>
  <millis>1561387955262</millis>
  <sequence>1</sequence>
  <level>RUN_DATA</level>
  <class>com.kms.katalon.core.logging.XmlKeywordLogger</class>
  <method>logMessage</method>
  <thread>1</thread>
  <message>hostName = KIS - 129.105.210.226</message>
  <nestedLevel>0</nestedLevel>
  <property name="hostName">KIS - 129.105.210.226</property>
</record>
<record>
  <date>2019-06-24T09:52:35</date>
  <millis>1561387955263</millis>
  <sequence>2</sequence>
  <level>RUN_DATA</level>
  <class>com.kms.katalon.core.logging.XmlKeywordLogger</class>
  <method>logMessage</method>
  <thread>1</thread>
  <message>os = Windows 10 64bit</message>
  <nestedLevel>0</nestedLevel>
  <property name="os">Windows 10 64bit</property>
</record>
<record>
  <date>2019-06-24T09:52:35</date>
  <millis>1561387955265</millis>
  <sequence>3</sequence>
  <level>RUN_DATA</level>
  <class>com.kms.katalon.core.logging.XmlKeywordLogger</class>
  <method>logMessage</method>
  <thread>1</thread>
  <message>hostAddress = 129.105.210.226</message>
  <nestedLevel>0</nestedLevel>
  <property name="hostAddress">129.105.210.226</property>
</record>
<record>
  <date>2019-06-24T09:52:35</date>
  <millis>1561387955267</millis>
  <sequence>4</sequence>
  <level>RUN_DATA</level>
  <class>com.kms.katalon.core.logging.XmlKeywordLogger</class>
  <method>logMessage</method>
  <thread>1</thread>
  <message>katalonVersion = 6.1.5.3</message>
  <nestedLevel>0</nestedLevel>
  <property name="katalonVersion">6.1.5.3</property>
</record>
<record>
  <date>2019-06-24T09:52:35</date>
  <millis>1561387955551</millis>
  <sequence>5</sequence>
  <level>START</level>
  <class>com.kms.katalon.core.logging.XmlKeywordLogger</class>
  <method>startTest</method>
  <thread>1</thread>
  <message>Start Test Case : Test Cases/cms9 tests/MS Management Studies Tests/Event Registration</message>
  <nestedLevel>1</nestedLevel>
  <property name="name">Test Cases/cms9 tests/MS Management Studies Tests/Event Registration</property>
  <property name="description">MS Management Studies</property>
  <property name="id">Test Cases/cms9 tests/MS Management Studies Tests/Event Registration</property>
  <property name="source">C:\\Users\\KIS\\git\\nu-klg-testing\\Test Cases\\cms9 tests\\MS Management Studies Tests\\Event Registration.tc</property>
  <property name="tag"></property>
  <property name="isOptional">false</property>
</record>
<record>
  <date>2019-06-24T09:52:36</date>
  <millis>1561387956119</millis>
  <sequence>7</sequence>
  <level>START</level>
  <class>com.kms.katalon.core.logging.XmlKeywordLogger</class>
  <method>startKeyword</method>
  <thread>1</thread>
  <message>Start action : openBrowser(\&amp;quot;\&amp;quot;)</message>
  <nestedLevel>1</nestedLevel>
  <property name="startLine">16</property>
  <property name="stepIndex">1</property>
</record>
<record>
  <date>2019-06-24T09:52:36</date>
  <millis>1561387956505</millis>
  <sequence>9</sequence>
  <level>INFO</level>
  <class>com.kms.katalon.core.logging.XmlKeywordLogger</class>
  <method>logMessage</method>
  <thread>1</thread>
  <message>Starting &amp;apos;Firefox&amp;apos; driver</message>
  <nestedLevel>1</nestedLevel>
</record>
<record>
  <date>2019-06-24T09:52:36</date>
  <millis>1561387956597</millis>
  <sequence>10</sequence>
  <level>INFO</level>
  <class>com.kms.katalon.core.logging.XmlKeywordLogger</class>
  <method>logMessage</method>
  <thread>1</thread>
  <message>Action delay is set to 0 seconds</message>
  <nestedLevel>1</nestedLevel>
</record>
<record>
  <date>2019-06-24T09:52:43</date>
  <millis>1561387963362</millis>
  <sequence>12</sequence>
  <level>RUN_DATA</level>
  <class>com.kms.katalon.core.logging.XmlKeywordLogger</class>
  <method>logMessage</method>
  <thread>1</thread>
  <message>sessionId = 9134c113-763b-4f7c-801a-915f0c6d33ed</message>
  <nestedLevel>1</nestedLevel>
  <property name="sessionId">9134c113-763b-4f7c-801a-915f0c6d33ed</property>
</record>
<record>
  <date>2019-06-24T09:52:43</date>
  <millis>1561387963393</millis>
  <sequence>13</sequence>
  <level>RUN_DATA</level>
  <class>com.kms.katalon.core.logging.XmlKeywordLogger</class>
  <method>logMessage</method>
  <thread>1</thread>
  <message>browser = Firefox 66.0</message>
  <nestedLevel>1</nestedLevel>
  <property name="browser">Firefox 66.0</property>
</record>
<record>
  <date>2019-06-24T09:52:43</date>
  <millis>1561387963394</millis>
  <sequence>14</sequence>
  <level>RUN_DATA</level>
  <class>com.kms.katalon.core.logging.XmlKeywordLogger</class>
  <method>logMessage</method>
  <thread>1</thread>
  <message>platform = Windows 10</message>
  <nestedLevel>1</nestedLevel>
  <property name="platform">Windows 10</property>
</record>
<record>
  <date>2019-06-24T09:52:43</date>
  <millis>1561387963397</millis>
  <sequence>15</sequence>
  <level>RUN_DATA</level>
  <class>com.kms.katalon.core.logging.XmlKeywordLogger</class>
  <method>logMessage</method>
  <thread>1</thread>
  <message>seleniumVersion = 3.7.1</message>
  <nestedLevel>1</nestedLevel>
  <property name="seleniumVersion">3.7.1</property>
</record>
<record>
  <date>2019-06-24T09:52:43</date>
  <millis>1561387963400</millis>
  <sequence>16</sequence>
  <level>RUN_DATA</level>
  <class>com.kms.katalon.core.logging.XmlKeywordLogger</class>
  <method>logMessage</method>
  <thread>1</thread>
  <message>proxyInformation = ProxyInformation{proxyOption=NO_PROXY, proxyServerType=HTTP, password=, proxyServerAddress=, proxyServerPort=0}</message>
  <nestedLevel>1</nestedLevel>
  <property name="proxyInformation">ProxyInformation{proxyOption=NO_PROXY, proxyServerType=HTTP, password=, proxyServerAddress=, proxyServerPort=0}</property>
</record>
<record>
  <date>2019-06-24T09:52:43</date>
  <millis>1561387963401</millis>
  <sequence>17</sequence>
  <level>PASSED</level>
  <class>com.kms.katalon.core.logging.XmlKeywordLogger</class>
  <method>logMessage</method>
  <thread>1</thread>
  <message>Browser is opened with url: &amp;apos;&amp;apos;</message>
  <nestedLevel>1</nestedLevel>
</record>
<record>
  <date>2019-06-24T09:52:43</date>
  <millis>1561387963403</millis>
  <sequence>18</sequence>
  <level>END</level>
  <class>com.kms.katalon.core.logging.XmlKeywordLogger</class>
  <method>endKeyword</method>
  <thread>1</thread>
  <message>End action : openBrowser(\&amp;quot;\&amp;quot;)</message>
  <nestedLevel>1</nestedLevel>
</record>
<record>
  <date>2019-06-24T09:52:43</date>
  <millis>1561387963403</millis>
  <sequence>19</sequence>
  <level>START</level>
  <class>com.kms.katalon.core.logging.XmlKeywordLogger</class>
  <method>startKeyword</method>
  <thread>1</thread>
  <message>Start action : navigateToUrl(\&amp;quot;http://cms9dev.kellogg.northwestern.edu/programs/ms-management-studies.aspx\&amp;quot;)</message>
  <nestedLevel>1</nestedLevel>
  <property name="startLine">18</property>
  <property name="stepIndex">2</property>
</record>
<record>
  <date>2019-06-24T09:52:50</date>
  <millis>1561387970702</millis>
  <sequence>22</sequence>
  <level>PASSED</level>
  <class>com.kms.katalon.core.logging.XmlKeywordLogger</class>
  <method>logMessage</method>
  <thread>1</thread>
  <message>Navigate to &amp;apos;http://cms9dev.kellogg.northwestern.edu/programs/ms-management-studies.aspx&amp;apos; successfully</message>
  <nestedLevel>1</nestedLevel>
</record>
<record>
  <date>2019-06-24T09:52:50</date>
  <millis>1561387970703</millis>
  <sequence>23</sequence>
  <level>END</level>
  <class>com.kms.katalon.core.logging.XmlKeywordLogger</class>
  <method>endKeyword</method>
  <thread>1</thread>
  <message>End action : navigateToUrl(\&amp;quot;http://cms9dev.kellogg.northwestern.edu/programs/ms-management-studies.aspx\&amp;quot;)</message>
  <nestedLevel>1</nestedLevel>
</record>
<record>
  <date>2019-06-24T09:52:50</date>
  <millis>1561387970704</millis>
  <sequence>24</sequence>
  <level>START</level>
  <class>com.kms.katalon.core.logging.XmlKeywordLogger</class>
  <method>startKeyword</method>
  <thread>1</thread>
  <message>Start action : click(findTestObject(\&amp;quot;Page_MS Management Kellogg School of Management/Page_MS in Management Studies  Kellogg School of Management/a_ATTEND AN EVENT\&amp;quot;))</message>
  <nestedLevel>1</nestedLevel>
  <property name="startLine">20</property>
  <property name="stepIndex">3</property>
</record>
<record>
  <date>2019-06-24T09:52:52</date>
  <millis>1561387972268</millis>
  <sequence>31</sequence>
  <level>PASSED</level>
  <class>com.kms.katalon.core.logging.XmlKeywordLogger</class>
  <method>logMessage</method>
  <thread>1</thread>
  <message>Object: &amp;apos;Object Repository/Page_MS Management Kellogg School of Management/Page_MS in Management Studies  Kellogg School of Management/a_ATTEND AN EVENT&amp;apos; is clicked on</message>
  <nestedLevel>1</nestedLevel>
</record>
<record>
  <date>2019-06-24T09:52:52</date>
  <millis>1561387972269</millis>
  <sequence>32</sequence>
  <level>END</level>
  <class>com.kms.katalon.core.logging.XmlKeywordLogger</class>
  <method>endKeyword</method>
  <thread>1</thread>
  <message>End action : click(findTestObject(\&amp;quot;Page_MS Management Kellogg School of Management/Page_MS in Management Studies  Kellogg School of Management/a_ATTEND AN EVENT\&amp;quot;))</message>
  <nestedLevel>1</nestedLevel>
</record>
<record>
  <date>2019-06-24T09:52:52</date>
  <millis>1561387972271</millis>
  <sequence>33</sequence>
  <level>START</level>
  <class>com.kms.katalon.core.logging.XmlKeywordLogger</class>
  <method>startKeyword</method>
  <thread>1</thread>
  <message>Start action : click(findTestObject(\&amp;quot;Page_MS Management Kellogg School of Management/Page_Admissions Events  Kellogg MSMS  Northwestern/a_Register\&amp;quot;))</message>
  <nestedLevel>1</nestedLevel>
  <property name="startLine">22</property>
  <property name="stepIndex">4</property>
</record>
<record>
  <date>2019-06-24T09:52:54</date>
  <millis>1561387974090</millis>
  <sequence>40</sequence>
  <level>PASSED</level>
  <class>com.kms.katalon.core.logging.XmlKeywordLogger</class>
  <method>logMessage</method>
  <thread>1</thread>
  <message>Object: &amp;apos;Object Repository/Page_MS Management Kellogg School of Management/Page_Admissions Events  Kellogg MSMS  Northwestern/a_Register&amp;apos; is clicked on</message>
  <nestedLevel>1</nestedLevel>
</record>
<record>
  <date>2019-06-24T09:52:54</date>
  <millis>1561387974091</millis>
  <sequence>41</sequence>
  <level>END</level>
  <class>com.kms.katalon.core.logging.XmlKeywordLogger</class>
  <method>endKeyword</method>
  <thread>1</thread>
  <message>End action : click(findTestObject(\&amp;quot;Page_MS Management Kellogg School of Management/Page_Admissions Events  Kellogg MSMS  Northwestern/a_Register\&amp;quot;))</message>
  <nestedLevel>1</nestedLevel>
</record>
<record>
  <date>2019-06-24T09:52:54</date>
  <millis>1561387974091</millis>
  <sequence>42</sequence>
  <level>START</level>
  <class>com.kms.katalon.core.logging.XmlKeywordLogger</class>
  <method>startKeyword</method>
  <thread>1</thread>
  <message>Start action : closeBrowser()</message>
  <nestedLevel>1</nestedLevel>
  <property name="startLine">24</property>
  <property name="stepIndex">5</property>
</record>
<record>
  <date>2019-06-24T09:52:55</date>
  <millis>1561387975780</millis>
  <sequence>44</sequence>
  <level>PASSED</level>
  <class>com.kms.katalon.core.logging.XmlKeywordLogger</class>
  <method>logMessage</method>
  <thread>1</thread>
  <message>Browser is closed</message>
  <nestedLevel>1</nestedLevel>
</record>
<record>
  <date>2019-06-24T09:52:55</date>
  <millis>1561387975780</millis>
  <sequence>45</sequence>
  <level>END</level>
  <class>com.kms.katalon.core.logging.XmlKeywordLogger</class>
  <method>endKeyword</method>
  <thread>1</thread>
  <message>End action : closeBrowser()</message>
  <nestedLevel>1</nestedLevel>
</record>
<record>
  <date>2019-06-24T09:52:55</date>
  <millis>1561387975780</millis>
  <sequence>46</sequence>
  <level>PASSED</level>
  <class>com.kms.katalon.core.logging.XmlKeywordLogger</class>
  <method>logMessage</method>
  <thread>1</thread>
  <message>Test Cases/cms9 tests/MS Management Studies Tests/Event Registration</message>
  <nestedLevel>1</nestedLevel>
</record>
<record>
  <date>2019-06-24T09:52:55</date>
  <millis>1561387975781</millis>
  <sequence>47</sequence>
  <level>END</level>
  <class>com.kms.katalon.core.logging.XmlKeywordLogger</class>
  <method>endTest</method>
  <thread>1</thread>
  <message>End Test Case : Test Cases/cms9 tests/MS Management Studies Tests/Event Registration</message>
  <nestedLevel>0</nestedLevel>
</record>
<record>
  <date>2019-06-24T09:52:55</date>
  <millis>1561387975790</millis>
  <sequence>48</sequence>
  <level>START</level>
  <class>com.kms.katalon.core.logging.XmlKeywordLogger</class>
  <method>startTest</method>
  <thread>1</thread>
  <message>Start Test Case : Test Cases/cms9 tests/MS Management Studies Tests/Request Information</message>
  <nestedLevel>1</nestedLevel>
  <property name="name">Test Cases/cms9 tests/MS Management Studies Tests/Request Information</property>
  <property name="description">MS Management Studies</property>
  <property name="id">Test Cases/cms9 tests/MS Management Studies Tests/Request Information</property>
  <property name="source">C:\\Users\\KIS\\git\\nu-klg-testing\\Test Cases\\cms9 tests\\MS Management Studies Tests\\Request Information.tc</property>
  <property name="tag"></property>
  <property name="isOptional">false</property>
</record>
<record>
  <date>2019-06-24T09:52:56</date>
  <millis>1561387976001</millis>
  <sequence>50</sequence>
  <level>START</level>
  <class>com.kms.katalon.core.logging.XmlKeywordLogger</class>
  <method>startKeyword</method>
  <thread>1</thread>
  <message>Start action : openBrowser(\&amp;quot;\&amp;quot;)</message>
  <nestedLevel>1</nestedLevel>
  <property name="startLine">16</property>
  <property name="stepIndex">1</property>
</record>
<record>
  <date>2019-06-24T09:52:56</date>
  <millis>1561387976006</millis>
  <sequence>52</sequence>
  <level>INFO</level>
  <class>com.kms.katalon.core.logging.XmlKeywordLogger</class>
  <method>logMessage</method>
  <thread>1</thread>
  <message>Starting &amp;apos;Firefox&amp;apos; driver</message>
  <nestedLevel>1</nestedLevel>
</record>
<record>
  <date>2019-06-24T09:53:00</date>
  <millis>1561387980926</millis>
  <sequence>54</sequence>
  <level>RUN_DATA</level>
  <class>com.kms.katalon.core.logging.XmlKeywordLogger</class>
  <method>logMessage</method>
  <thread>1</thread>
  <message>sessionId = d00329a5-d351-49df-9692-1291dc6e9f2e</message>
  <nestedLevel>1</nestedLevel>
  <property name="sessionId">d00329a5-d351-49df-9692-1291dc6e9f2e</property>
</record>
<record>
  <date>2019-06-24T09:53:00</date>
  <millis>1561387980962</millis>
  <sequence>55</sequence>
  <level>RUN_DATA</level>
  <class>com.kms.katalon.core.logging.XmlKeywordLogger</class>
  <method>logMessage</method>
  <thread>1</thread>
  <message>browser = Firefox 66.0</message>
  <nestedLevel>1</nestedLevel>
  <property name="browser">Firefox 66.0</property>
</record>
<record>
  <date>2019-06-24T09:53:00</date>
  <millis>1561387980963</millis>
  <sequence>56</sequence>
  <level>RUN_DATA</level>
  <class>com.kms.katalon.core.logging.XmlKeywordLogger</class>
  <method>logMessage</method>
  <thread>1</thread>
  <message>platform = Windows 10</message>
  <nestedLevel>1</nestedLevel>
  <property name="platform">Windows 10</property>
</record>
<record>
  <date>2019-06-24T09:53:00</date>
  <millis>1561387980964</millis>
  <sequence>57</sequence>
  <level>RUN_DATA</level>
  <class>com.kms.katalon.core.logging.XmlKeywordLogger</class>
  <method>logMessage</method>
  <thread>1</thread>
  <message>seleniumVersion = 3.7.1</message>
  <nestedLevel>1</nestedLevel>
  <property name="seleniumVersion">3.7.1</property>
</record>
<record>
  <date>2019-06-24T09:53:00</date>
  <millis>1561387980966</millis>
  <sequence>58</sequence>
  <level>RUN_DATA</level>
  <class>com.kms.katalon.core.logging.XmlKeywordLogger</class>
  <method>logMessage</method>
  <thread>1</thread>
  <message>proxyInformation = ProxyInformation{proxyOption=NO_PROXY, proxyServerType=HTTP, password=, proxyServerAddress=, proxyServerPort=0}</message>
  <nestedLevel>1</nestedLevel>
  <property name="proxyInformation">ProxyInformation{proxyOption=NO_PROXY, proxyServerType=HTTP, password=, proxyServerAddress=, proxyServerPort=0}</property>
</record>
<record>
  <date>2019-06-24T09:53:00</date>
  <millis>1561387980967</millis>
  <sequence>59</sequence>
  <level>PASSED</level>
  <class>com.kms.katalon.core.logging.XmlKeywordLogger</class>
  <method>logMessage</method>
  <thread>1</thread>
  <message>Browser is opened with url: &amp;apos;&amp;apos;</message>
  <nestedLevel>1</nestedLevel>
</record>
<record>
  <date>2019-06-24T09:53:00</date>
  <millis>1561387980967</millis>
  <sequence>60</sequence>
  <level>END</level>
  <class>com.kms.katalon.core.logging.XmlKeywordLogger</class>
  <method>endKeyword</method>
  <thread>1</thread>
  <message>End action : openBrowser(\&amp;quot;\&amp;quot;)</message>
  <nestedLevel>1</nestedLevel>
</record>
<record>
  <date>2019-06-24T09:53:00</date>
  <millis>1561387980969</millis>
  <sequence>61</sequence>
  <level>START</level>
  <class>com.kms.katalon.core.logging.XmlKeywordLogger</class>
  <method>startKeyword</method>
  <thread>1</thread>
  <message>Start action : navigateToUrl(\&amp;quot;http://cms9dev.kellogg.northwestern.edu/programs/ms-management-studies.aspx\&amp;quot;)</message>
  <nestedLevel>1</nestedLevel>
  <property name="startLine">18</property>
  <property name="stepIndex">2</property>
</record>
<record>
  <date>2019-06-24T09:53:08</date>
  <millis>1561387988102</millis>
  <sequence>64</sequence>
  <level>PASSED</level>
  <class>com.kms.katalon.core.logging.XmlKeywordLogger</class>
  <method>logMessage</method>
  <thread>1</thread>
  <message>Navigate to &amp;apos;http://cms9dev.kellogg.northwestern.edu/programs/ms-management-studies.aspx&amp;apos; successfully</message>
  <nestedLevel>1</nestedLevel>
</record>
<record>
  <date>2019-06-24T09:53:08</date>
  <millis>1561387988103</millis>
  <sequence>65</sequence>
  <level>END</level>
  <class>com.kms.katalon.core.logging.XmlKeywordLogger</class>
  <method>endKeyword</method>
  <thread>1</thread>
  <message>End action : navigateToUrl(\&amp;quot;http://cms9dev.kellogg.northwestern.edu/programs/ms-management-studies.aspx\&amp;quot;)</message>
  <nestedLevel>1</nestedLevel>
</record>
<record>
  <date>2019-06-24T09:53:08</date>
  <millis>1561387988104</millis>
  <sequence>66</sequence>
  <level>START</level>
  <class>com.kms.katalon.core.logging.XmlKeywordLogger</class>
  <method>startKeyword</method>
  <thread>1</thread>
  <message>Start action : click(findTestObject(\&amp;quot;Page_MS Management Kellogg School of Management/Page_MS in Management Studies  Kellogg School of Management/a_Request Information\&amp;quot;))</message>
  <nestedLevel>1</nestedLevel>
  <property name="startLine">20</property>
  <property name="stepIndex">3</property>
</record>
<record>
  <date>2019-06-24T09:53:10</date>
  <millis>1561387990839</millis>
  <sequence>73</sequence>
  <level>PASSED</level>
  <class>com.kms.katalon.core.logging.XmlKeywordLogger</class>
  <method>logMessage</method>
  <thread>1</thread>
  <message>Object: &amp;apos;Object Repository/Page_MS Management Kellogg School of Management/Page_MS in Management Studies  Kellogg School of Management/a_Request Information&amp;apos; is clicked on</message>
  <nestedLevel>1</nestedLevel>
</record>
<record>
  <date>2019-06-24T09:53:10</date>
  <millis>1561387990841</millis>
  <sequence>74</sequence>
  <level>END</level>
  <class>com.kms.katalon.core.logging.XmlKeywordLogger</class>
  <method>endKeyword</method>
  <thread>1</thread>
  <message>End action : click(findTestObject(\&amp;quot;Page_MS Management Kellogg School of Management/Page_MS in Management Studies  Kellogg School of Management/a_Request Information\&amp;quot;))</message>
  <nestedLevel>1</nestedLevel>
</record>
<record>
  <date>2019-06-24T09:53:10</date>
  <millis>1561387990842</millis>
  <sequence>75</sequence>
  <level>START</level>
  <class>com.kms.katalon.core.logging.XmlKeywordLogger</class>
  <method>startKeyword</method>
  <thread>1</thread>
  <message>Start action : selectOptionByValue(findTestObject(\&amp;quot;Object Repository/Page_MS Management Kellogg School of Management/Page_Reach Higher with a Foundation in Business/select_DrMissMrMrsMs\&amp;quot;), \&amp;quot;Dr\&amp;quot;, true)</message>
  <nestedLevel>1</nestedLevel>
  <property name="startLine">22</property>
  <property name="stepIndex">4</property>
</record>
<record>
  <date>2019-06-24T09:53:11</date>
  <millis>1561387991886</millis>
  <sequence>84</sequence>
  <level>PASSED</level>
  <class>com.kms.katalon.core.logging.XmlKeywordLogger</class>
  <method>logMessage</method>
  <thread>1</thread>
  <message>All options with value &amp;apos;Dr&amp;apos; are selected in object &amp;apos;Object Repository/Page_MS Management Kellogg School of Management/Page_Reach Higher with a Foundation in Business/select_DrMissMrMrsMs&amp;apos;  using regular expression</message>
  <nestedLevel>1</nestedLevel>
</record>
<record>
  <date>2019-06-24T09:53:11</date>
  <millis>1561387991887</millis>
  <sequence>85</sequence>
  <level>END</level>
  <class>com.kms.katalon.core.logging.XmlKeywordLogger</class>
  <method>endKeyword</method>
  <thread>1</thread>
  <message>End action : selectOptionByValue(findTestObject(\&amp;quot;Object Repository/Page_MS Management Kellogg School of Management/Page_Reach Higher with a Foundation in Business/select_DrMissMrMrsMs\&amp;quot;), \&amp;quot;Dr\&amp;quot;, true)</message>
  <nestedLevel>1</nestedLevel>
</record>
<record>
  <date>2019-06-24T09:53:11</date>
  <millis>1561387991888</millis>
  <sequence>86</sequence>
  <level>START</level>
  <class>com.kms.katalon.core.logging.XmlKeywordLogger</class>
  <method>startKeyword</method>
  <thread>1</thread>
  <message>Start action : setText(findTestObject(\&amp;quot;Object Repository/Page_MS Management Kellogg School of Management/Page_Reach Higher with a Foundation in Business/input_First Name_form_6312e50f-4a54-4413-9788-f82b44a0b4b7\&amp;quot;), \&amp;quot;zzMatthew\&amp;quot;)</message>
  <nestedLevel>1</nestedLevel>
  <property name="startLine">25</property>
  <property name="stepIndex">5</property>
</record>
<record>
  <date>2019-06-24T09:53:11</date>
  <millis>1561387991965</millis>
  <sequence>95</sequence>
  <level>PASSED</level>
  <class>com.kms.katalon.core.logging.XmlKeywordLogger</class>
  <method>logMessage</method>
  <thread>1</thread>
  <message>Text &amp;apos;zzMatthew&amp;apos; is set on object &amp;apos;Object Repository/Page_MS Management Kellogg School of Management/Page_Reach Higher with a Foundation in Business/input_First Name_form_6312e50f-4a54-4413-9788-f82b44a0b4b7&amp;apos;</message>
  <nestedLevel>1</nestedLevel>
</record>
<record>
  <date>2019-06-24T09:53:11</date>
  <millis>1561387991966</millis>
  <sequence>96</sequence>
  <level>END</level>
  <class>com.kms.katalon.core.logging.XmlKeywordLogger</class>
  <method>endKeyword</method>
  <thread>1</thread>
  <message>End action : setText(findTestObject(\&amp;quot;Object Repository/Page_MS Management Kellogg School of Management/Page_Reach Higher with a Foundation in Business/input_First Name_form_6312e50f-4a54-4413-9788-f82b44a0b4b7\&amp;quot;), \&amp;quot;zzMatthew\&amp;quot;)</message>
  <nestedLevel>1</nestedLevel>
</record>
<record>
  <date>2019-06-24T09:53:11</date>
  <millis>1561387991967</millis>
  <sequence>97</sequence>
  <level>START</level>
  <class>com.kms.katalon.core.logging.XmlKeywordLogger</class>
  <method>startKeyword</method>
  <thread>1</thread>
  <message>Start action : setText(findTestObject(\&amp;quot;Object Repository/Page_MS Management Kellogg School of Management/Page_Reach Higher with a Foundation in Business/input_Last Name_form_7e6f42cb-7266-40e4-879b-0634b7f03b4b\&amp;quot;), \&amp;quot;ZZCacioppo\&amp;quot;)</message>
  <nestedLevel>1</nestedLevel>
  <property name="startLine">28</property>
  <property name="stepIndex">6</property>
</record>
<record>
  <date>2019-06-24T09:53:12</date>
  <millis>1561387992061</millis>
  <sequence>106</sequence>
  <level>PASSED</level>
  <class>com.kms.katalon.core.logging.XmlKeywordLogger</class>
  <method>logMessage</method>
  <thread>1</thread>
  <message>Text &amp;apos;ZZCacioppo&amp;apos; is set on object &amp;apos;Object Repository/Page_MS Management Kellogg School of Management/Page_Reach Higher with a Foundation in Business/input_Last Name_form_7e6f42cb-7266-40e4-879b-0634b7f03b4b&amp;apos;</message>
  <nestedLevel>1</nestedLevel>
</record>
<record>
  <date>2019-06-24T09:53:12</date>
  <millis>1561387992062</millis>
  <sequence>107</sequence>
  <level>END</level>
  <class>com.kms.katalon.core.logging.XmlKeywordLogger</class>
  <method>endKeyword</method>
  <thread>1</thread>
  <message>End action : setText(findTestObject(\&amp;quot;Object Repository/Page_MS Management Kellogg School of Management/Page_Reach Higher with a Foundation in Business/input_Last Name_form_7e6f42cb-7266-40e4-879b-0634b7f03b4b\&amp;quot;), \&amp;quot;ZZCacioppo\&amp;quot;)</message>
  <nestedLevel>1</nestedLevel>
</record>
<record>
  <date>2019-06-24T09:53:12</date>
  <millis>1561387992063</millis>
  <sequence>108</sequence>
  <level>START</level>
  <class>com.kms.katalon.core.logging.XmlKeywordLogger</class>
  <method>startKeyword</method>
  <thread>1</thread>
  <message>Start action : setText(findTestObject(\&amp;quot;Object Repository/Page_MS Management Kellogg School of Management/Page_Reach Higher with a Foundation in Business/input_Email Address_form_f3ecc52f-458c-41e8-abc8-88ac794c5702\&amp;quot;), \&amp;quot;zzmatthew.cacioppo@northwestern.edu\&amp;quot;)</message>
  <nestedLevel>1</nestedLevel>
  <property name="startLine">31</property>
  <property name="stepIndex">7</property>
</record>
<record>
  <date>2019-06-24T09:53:12</date>
  <millis>1561387992155</millis>
  <sequence>117</sequence>
  <level>PASSED</level>
  <class>com.kms.katalon.core.logging.XmlKeywordLogger</class>
  <method>logMessage</method>
  <thread>1</thread>
  <message>Text &amp;apos;zzmatthew.cacioppo@northwestern.edu&amp;apos; is set on object &amp;apos;Object Repository/Page_MS Management Kellogg School of Management/Page_Reach Higher with a Foundation in Business/input_Email Address_form_f3ecc52f-458c-41e8-abc8-88ac794c5702&amp;apos;</message>
  <nestedLevel>1</nestedLevel>
</record>
<record>
  <date>2019-06-24T09:53:12</date>
  <millis>1561387992156</millis>
  <sequence>118</sequence>
  <level>END</level>
  <class>com.kms.katalon.core.logging.XmlKeywordLogger</class>
  <method>endKeyword</method>
  <thread>1</thread>
  <message>End action : setText(findTestObject(\&amp;quot;Object Repository/Page_MS Management Kellogg School of Management/Page_Reach Higher with a Foundation in Business/input_Email Address_form_f3ecc52f-458c-41e8-abc8-88ac794c5702\&amp;quot;), \&amp;quot;zzmatthew.cacioppo@northwestern.edu\&amp;quot;)</message>
  <nestedLevel>1</nestedLevel>
</record>
<record>
  <date>2019-06-24T09:53:12</date>
  <millis>1561387992156</millis>
  <sequence>119</sequence>
  <level>START</level>
  <class>com.kms.katalon.core.logging.XmlKeywordLogger</class>
  <method>startKeyword</method>
  <thread>1</thread>
  <message>Start action : setText(findTestObject(\&amp;quot;Object Repository/Page_MS Management Kellogg School of Management/Page_Reach Higher with a Foundation in Business/input_Undergraduate Institution Name_form_50757991-2d70-4071-8b15-5a905b6e91ff\&amp;quot;), \&amp;quot;Northwestern University\&amp;quot;)</message>
  <nestedLevel>1</nestedLevel>
  <property name="startLine">34</property>
  <property name="stepIndex">8</property>
</record>
<record>
  <date>2019-06-24T09:53:12</date>
  <millis>1561387992228</millis>
  <sequence>128</sequence>
  <level>PASSED</level>
  <class>com.kms.katalon.core.logging.XmlKeywordLogger</class>
  <method>logMessage</method>
  <thread>1</thread>
  <message>Text &amp;apos;Northwestern University&amp;apos; is set on object &amp;apos;Object Repository/Page_MS Management Kellogg School of Management/Page_Reach Higher with a Foundation in Business/input_Undergraduate Institution Name_form_50757991-2d70-4071-8b15-5a905b6e91ff&amp;apos;</message>
  <nestedLevel>1</nestedLevel>
</record>
<record>
  <date>2019-06-24T09:53:12</date>
  <millis>1561387992229</millis>
  <sequence>129</sequence>
  <level>END</level>
  <class>com.kms.katalon.core.logging.XmlKeywordLogger</class>
  <method>endKeyword</method>
  <thread>1</thread>
  <message>End action : setText(findTestObject(\&amp;quot;Object Repository/Page_MS Management Kellogg School of Management/Page_Reach Higher with a Foundation in Business/input_Undergraduate Institution Name_form_50757991-2d70-4071-8b15-5a905b6e91ff\&amp;quot;), \&amp;quot;Northwestern University\&amp;quot;)</message>
  <nestedLevel>1</nestedLevel>
</record>
<record>
  <date>2019-06-24T09:53:12</date>
  <millis>1561387992230</millis>
  <sequence>130</sequence>
  <level>START</level>
  <class>com.kms.katalon.core.logging.XmlKeywordLogger</class>
  <method>startKeyword</method>
  <thread>1</thread>
  <message>Start action : selectOptionByValue(findTestObject(\&amp;quot;Object Repository/Page_MS Management Kellogg School of Management/Page_Reach Higher with a Foundation in Business/select_Consultingetc\&amp;quot;), \&amp;quot;Technology\&amp;quot;, true)</message>
  <nestedLevel>1</nestedLevel>
  <property name="startLine">37</property>
  <property name="stepIndex">9</property>
</record>
<record>
  <date>2019-06-24T09:53:13</date>
  <millis>1561387993310</millis>
  <sequence>141</sequence>
  <level>FAILED</level>
  <class>com.kms.katalon.core.logging.XmlKeywordLogger</class>
  <method>logMessage</method>
  <thread>1</thread>
  <message>Unable to select option by value &amp;apos;Technology&amp;apos; of object &amp;apos;Object Repository/Page_MS Management Kellogg School of Management/Page_Reach Higher with a Foundation in Business/select_Consultingetc&amp;apos;  using regular expression (Root cause: com.kms.katalon.core.exception.StepFailedException: Unable to select option by value &amp;apos;Technology&amp;apos; of object &amp;apos;Object Repository/Page_MS Management Kellogg School of Management/Page_Reach Higher with a Foundation in Business/select_Consultingetc&amp;apos;  using regular expression\r\n\tat com.kms.katalon.core.webui.keyword.internal.WebUIKeywordMain.stepFailed(WebUIKeywordMain.groovy:64)\r\n\tat com.kms.katalon.core.webui.keyword.internal.WebUIKeywordMain.runKeyword(WebUIKeywordMain.groovy:26)\r\n\tat com.kms.katalon.core.webui.keyword.builtin.SelectOptionByValueKeyword.selectOptionByValue(SelectOptionByValueKeyword.groovy:99)\r\n\tat com.kms.katalon.core.webui.keyword.builtin.SelectOptionByValueKeyword.execute(SelectOptionByValueKeyword.groovy:71)\r\n\tat com.kms.katalon.core.keyword.internal.KeywordExecutor.executeKeywordForPlatform(KeywordExecutor.groovy:56)\r\n\tat com.kms.katalon.core.webui.keyword.WebUiBuiltInKeywords.selectOptionByValue(WebUiBuiltInKeywords.groovy:1138)\r\n\tat com.kms.katalon.core.webui.keyword.WebUiBuiltInKeywords$selectOptionByValue$3.call(Unknown Source)\r\n\tat Request Information.run(Request Information:37)\r\n\tat com.kms.katalon.core.main.ScriptEngine.run(ScriptEngine.java:194)\r\n\tat com.kms.katalon.core.main.ScriptEngine.runScriptAsRawText(ScriptEngine.java:119)\r\n\tat com.kms.katalon.core.main.TestCaseExecutor.runScript(TestCaseExecutor.java:337)\r\n\tat com.kms.katalon.core.main.TestCaseExecutor.doExecute(TestCaseExecutor.java:328)\r\n\tat com.kms.katalon.core.main.TestCaseExecutor.processExecutionPhase(TestCaseExecutor.java:307)\r\n\tat com.kms.katalon.core.main.TestCaseExecutor.accessMainPhase(TestCaseExecutor.java:299)\r\n\tat com.kms.katalon.core.main.TestCaseExecutor.execute(TestCaseExecutor.java:233)\r\n\tat com.kms.katalon.core.main.TestSuiteExecutor.accessTestCaseMainPhase(TestSuiteExecutor.java:133)\r\n\tat com.kms.katalon.core.main.TestSuiteExecutor.accessTestSuiteMainPhase(TestSuiteExecutor.java:116)\r\n\tat com.kms.katalon.core.main.TestSuiteExecutor.execute(TestSuiteExecutor.java:83)\r\n\tat com.kms.katalon.core.main.TestCaseMain.startTestSuite(TestCaseMain.java:157)\r\n\tat com.kms.katalon.core.main.TestCaseMain$startTestSuite$0.call(Unknown Source)\r\n\tat TempTestSuite1561385929741.run(TempTestSuite1561385929741.groovy:35)\r\nCaused by: org.openqa.selenium.ElementClickInterceptedException: Element &amp;lt;select id=\&amp;quot;form_8deafab8-9f4e-43ea-8e40-c7d493bf328b\&amp;quot; name=\&amp;quot;form_8deafab8-9f4e-43ea-8e40-c7d493bf328b\&amp;quot;&amp;gt; is not clickable at point (1072,706) because another element &amp;lt;b&amp;gt; obscures it\nBuild info: version: &amp;apos;3.7.1&amp;apos;, revision: &amp;apos;8a0099a&amp;apos;, time: &amp;apos;2017-11-06T21:07:36.161Z&amp;apos;\nSystem info: host: &amp;apos;1007LOANX250-5&amp;apos;, ip: &amp;apos;129.105.210.226&amp;apos;, os.name: &amp;apos;Windows 10&amp;apos;, os.arch: &amp;apos;amd64&amp;apos;, os.version: &amp;apos;10.0&amp;apos;, java.version: &amp;apos;1.8.0_181&amp;apos;\nDriver info: com.kms.katalon.core.webui.driver.firefox.CGeckoDriver\nCapabilities {acceptInsecureCerts: true, browserName: firefox, browserVersion: 66.0.5, javascriptEnabled: true, moz:accessibilityChecks: false, moz:geckodriverVersion: 0.23.0, moz:headless: false, moz:processID: 16616, moz:profile: C:\\Users\\KIS\\AppData\\Local\\..., moz:shutdownTimeout: 60000, moz:useNonSpecCompliantPointerOrigin: false, moz:webdriverClick: true, pageLoadStrategy: normal, platform: WINDOWS, platformName: WINDOWS, platformVersion: 10.0, proxy: Proxy(direct), rotatable: false, setWindowRect: true, strictFileInteractability: false, timeouts: {implicit: 0, pageLoad: 300000, script: 30000}, unhandledPromptBehavior: dismiss and notify}\nSession ID: d00329a5-d351-49df-9692-1291dc6e9f2e\r\n\tat org.openqa.selenium.remote.http.W3CHttpResponseCodec.createException(W3CHttpResponseCodec.java:187)\r\n\tat org.openqa.selenium.remote.http.W3CHttpResponseCodec.decode(W3CHttpResponseCodec.java:122)\r\n\tat org.openqa.selenium.remote.http.W3CHttpResponseCodec.decode(W3CHttpResponseCodec.java:49)\r\n\tat org.openqa.selenium.remote.HttpCommandExecutor.execute(HttpCommandExecutor.java:164)\r\n\tat org.openqa.selenium.remote.service.DriverCommandExecutor.execute(DriverCommandExecutor.java:83)\r\n\tat org.openqa.selenium.remote.RemoteWebDriver.execute(RemoteWebDriver.java:600)\r\n\tat com.kms.katalon.selenium.driver.CFirefoxDriver.execute(CFirefoxDriver.java:28)\r\n\tat org.openqa.selenium.remote.RemoteWebElement.execute(RemoteWebElement.java:279)\r\n\tat org.openqa.selenium.remote.RemoteWebElement.click(RemoteWebElement.java:83)\r\n\tat org.openqa.selenium.support.ui.Select.setSelected(Select.java:324)\r\n\tat org.openqa.selenium.support.ui.Select.selectByIndex(Select.java:179)\r\n\tat com.kms.katalon.core.webui.common.WebUiCommonHelper.selectOrDeselectOptionsByValueByRegularExpression(WebUiCommonHelper.java:283)\r\n\tat com.kms.katalon.core.webui.common.WebUiCommonHelper.selectOrDeselectOptionsByValue(WebUiCommonHelper.java:262)\r\n\tat com.kms.katalon.core.webui.keyword.builtin.SelectOptionByValueKeyword$_selectOptionByValue_closure1.doCall(SelectOptionByValueKeyword.groovy:88)\r\n\tat com.kms.katalon.core.webui.keyword.builtin.SelectOptionByValueKeyword$_selectOptionByValue_closure1.call(SelectOptionByValueKeyword.groovy)\r\n\tat com.kms.katalon.core.webui.keyword.internal.WebUIKeywordMain.runKeyword(WebUIKeywordMain.groovy:20)\r\n\tat com.kms.katalon.core.webui.keyword.builtin.SelectOptionByValueKeyword.selectOptionByValue(SelectOptionByValueKeyword.groovy:99)\r\n\tat com.kms.katalon.core.webui.keyword.builtin.SelectOptionByValueKeyword.execute(SelectOptionByValueKeyword.groovy:71)\r\n\tat com.kms.katalon.core.keyword.internal.KeywordExecutor.executeKeywordForPlatform(KeywordExecutor.groovy:56)\r\n\tat com.kms.katalon.core.webui.keyword.WebUiBuiltInKeywords.selectOptionByValue(WebUiBuiltInKeywords.groovy:1138)\r\n\tat com.kms.katalon.core.webui.keyword.WebUiBuiltInKeywords$selectOptionByValue$3.call(Unknown Source)\r\n\tat Script1561051899873.run(Script1561051899873.groovy:37)\r\n\t... 13 more\r\n)</message>
  <nestedLevel>1</nestedLevel>
  <property name="failed.exception.class">org.openqa.selenium.ElementClickInterceptedException</property>
  <property name="attachment">1561387992922.png</property>
  <property name="failed.exception.stacktrace">org.openqa.selenium.ElementClickInterceptedException: Element &lt;select id=\&quot;form_8deafab8-9f4e-43ea-8e40-c7d493bf328b\&quot; name=\&quot;form_8deafab8-9f4e-43ea-8e40-c7d493bf328b\&quot;&gt; is not clickable at point (1072,706) because another element &lt;b&gt; obscures it\nBuild info: version: &apos;3.7.1&apos;, revision: &apos;8a0099a&apos;, time: &apos;2017-11-06T21:07:36.161Z&apos;\nSystem info: host: &apos;1007LOANX250-5&apos;, ip: &apos;129.105.210.226&apos;, os.name: &apos;Windows 10&apos;, os.arch: &apos;amd64&apos;, os.version: &apos;10.0&apos;, java.version: &apos;1.8.0_181&apos;\nDriver info: com.kms.katalon.core.webui.driver.firefox.CGeckoDriver\nCapabilities {acceptInsecureCerts: true, browserName: firefox, browserVersion: 66.0.5, javascriptEnabled: true, moz:accessibilityChecks: false, moz:geckodriverVersion: 0.23.0, moz:headless: false, moz:processID: 16616, moz:profile: C:\\Users\\KIS\\AppData\\Local\\..., moz:shutdownTimeout: 60000, moz:useNonSpecCompliantPointerOrigin: false, moz:webdriverClick: true, pageLoadStrategy: normal, platform: WINDOWS, platformName: WINDOWS, platformVersion: 10.0, proxy: Proxy(direct), rotatable: false, setWindowRect: true, strictFileInteractability: false, timeouts: {implicit: 0, pageLoad: 300000, script: 30000}, unhandledPromptBehavior: dismiss and notify}\nSession ID: d00329a5-d351-49df-9692-1291dc6e9f2e\r\n\tat org.openqa.selenium.remote.http.W3CHttpResponseCodec.createException(W3CHttpResponseCodec.java:187)\r\n\tat org.openqa.selenium.remote.http.W3CHttpResponseCodec.decode(W3CHttpResponseCodec.java:122)\r\n\tat org.openqa.selenium.remote.http.W3CHttpResponseCodec.decode(W3CHttpResponseCodec.java:49)\r\n\tat org.openqa.selenium.remote.HttpCommandExecutor.execute(HttpCommandExecutor.java:164)\r\n\tat org.openqa.selenium.remote.service.DriverCommandExecutor.execute(DriverCommandExecutor.java:83)\r\n\tat org.openqa.selenium.remote.RemoteWebDriver.execute(RemoteWebDriver.java:600)\r\n\tat com.kms.katalon.selenium.driver.CFirefoxDriver.execute(CFirefoxDriver.java:28)\r\n\tat org.openqa.selenium.remote.RemoteWebElement.execute(RemoteWebElement.java:279)\r\n\tat org.openqa.selenium.remote.RemoteWebElement.click(RemoteWebElement.java:83)\r\n\tat org.openqa.selenium.support.ui.Select.setSelected(Select.java:324)\r\n\tat org.openqa.selenium.support.ui.Select.selectByIndex(Select.java:179)\r\n\tat com.kms.katalon.core.webui.common.WebUiCommonHelper.selectOrDeselectOptionsByValueByRegularExpression(WebUiCommonHelper.java:283)\r\n\tat com.kms.katalon.core.webui.common.WebUiCommonHelper.selectOrDeselectOptionsByValue(WebUiCommonHelper.java:262)\r\n\tat com.kms.katalon.core.webui.keyword.builtin.SelectOptionByValueKeyword$_selectOptionByValue_closure1.doCall(SelectOptionByValueKeyword.groovy:88)\r\n\tat com.kms.katalon.core.webui.keyword.builtin.SelectOptionByValueKeyword$_selectOptionByValue_closure1.call(SelectOptionByValueKeyword.groovy)\r\n\tat com.kms.katalon.core.webui.keyword.internal.WebUIKeywordMain.runKeyword(WebUIKeywordMain.groovy:20)\r\n\tat com.kms.katalon.core.webui.keyword.builtin.SelectOptionByValueKeyword.selectOptionByValue(SelectOptionByValueKeyword.groovy:99)\r\n\tat com.kms.katalon.core.webui.keyword.builtin.SelectOptionByValueKeyword.execute(SelectOptionByValueKeyword.groovy:71)\r\n\tat com.kms.katalon.core.keyword.internal.KeywordExecutor.executeKeywordForPlatform(KeywordExecutor.groovy:56)\r\n\tat com.kms.katalon.core.webui.keyword.WebUiBuiltInKeywords.selectOptionByValue(WebUiBuiltInKeywords.groovy:1138)\r\n\tat com.kms.katalon.core.webui.keyword.WebUiBuiltInKeywords$selectOptionByValue$3.call(Unknown Source)\r\n\tat Request Information.run(Request Information:37)\r\n\tat com.kms.katalon.core.main.ScriptEngine.run(ScriptEngine.java:194)\r\n\tat com.kms.katalon.core.main.ScriptEngine.runScriptAsRawText(ScriptEngine.java:119)\r\n\tat com.kms.katalon.core.main.TestCaseExecutor.runScript(TestCaseExecutor.java:337)\r\n\tat com.kms.katalon.core.main.TestCaseExecutor.doExecute(TestCaseExecutor.java:328)\r\n\tat com.kms.katalon.core.main.TestCaseExecutor.processExecutionPhase(TestCaseExecutor.java:307)\r\n\tat com.kms.katalon.core.main.TestCaseExecutor.accessMainPhase(TestCaseExecutor.java:299)\r\n\tat com.kms.katalon.core.main.TestCaseExecutor.execute(TestCaseExecutor.java:233)\r\n\tat com.kms.katalon.core.main.TestSuiteExecutor.accessTestCaseMainPhase(TestSuiteExecutor.java:133)\r\n\tat com.kms.katalon.core.main.TestSuiteExecutor.accessTestSuiteMainPhase(TestSuiteExecutor.java:116)\r\n\tat com.kms.katalon.core.main.TestSuiteExecutor.execute(TestSuiteExecutor.java:83)\r\n\tat com.kms.katalon.core.main.TestCaseMain.startTestSuite(TestCaseMain.java:157)\r\n\tat com.kms.katalon.core.main.TestCaseMain$startTestSuite$0.call(Unknown Source)\r\n\tat TempTestSuite1561385929741.run(TempTestSuite1561385929741.groovy:35)\r\n</property>
  <property name="failed.exception.message">Element &lt;select id=\&quot;form_8deafab8-9f4e-43ea-8e40-c7d493bf328b\&quot; name=\&quot;form_8deafab8-9f4e-43ea-8e40-c7d493bf328b\&quot;&gt; is not clickable at point (1072,706) because another element &lt;b&gt; obscures it\nBuild info: version: &apos;3.7.1&apos;, revision: &apos;8a0099a&apos;, time: &apos;2017-11-06T21:07:36.161Z&apos;\nSystem info: host: &apos;1007LOANX250-5&apos;, ip: &apos;129.105.210.226&apos;, os.name: &apos;Windows 10&apos;, os.arch: &apos;amd64&apos;, os.version: &apos;10.0&apos;, java.version: &apos;1.8.0_181&apos;\nDriver info: com.kms.katalon.core.webui.driver.firefox.CGeckoDriver\nCapabilities {acceptInsecureCerts: true, browserName: firefox, browserVersion: 66.0.5, javascriptEnabled: true, moz:accessibilityChecks: false, moz:geckodriverVersion: 0.23.0, moz:headless: false, moz:processID: 16616, moz:profile: C:\\Users\\KIS\\AppData\\Local\\..., moz:shutdownTimeout: 60000, moz:useNonSpecCompliantPointerOrigin: false, moz:webdriverClick: true, pageLoadStrategy: normal, platform: WINDOWS, platformName: WINDOWS, platformVersion: 10.0, proxy: Proxy(direct), rotatable: false, setWindowRect: true, strictFileInteractability: false, timeouts: {implicit: 0, pageLoad: 300000, script: 30000}, unhandledPromptBehavior: dismiss and notify}\nSession ID: d00329a5-d351-49df-9692-1291dc6e9f2e</property>
</record>
<record>
  <date>2019-06-24T09:53:13</date>
  <millis>1561387993318</millis>
  <sequence>142</sequence>
  <level>END</level>
  <class>com.kms.katalon.core.logging.XmlKeywordLogger</class>
  <method>endKeyword</method>
  <thread>1</thread>
  <message>End action : selectOptionByValue(findTestObject(\&amp;quot;Object Repository/Page_MS Management Kellogg School of Management/Page_Reach Higher with a Foundation in Business/select_Consultingetc\&amp;quot;), \&amp;quot;Technology\&amp;quot;, true)</message>
  <nestedLevel>1</nestedLevel>
</record>
<record>
  <date>2019-06-24T09:53:13</date>
  <millis>1561387993320</millis>
  <sequence>145</sequence>
  <level>FAILED</level>
  <class>com.kms.katalon.core.logging.XmlKeywordLogger</class>
  <method>logMessage</method>
  <thread>1</thread>
  <message>Test Cases/cms9 tests/MS Management Studies Tests/Request Information FAILED.\nReason:\ncom.kms.katalon.core.exception.StepFailedException: Unable to select option by value &amp;apos;Technology&amp;apos; of object &amp;apos;Object Repository/Page_MS Management Kellogg School of Management/Page_Reach Higher with a Foundation in Business/select_Consultingetc&amp;apos;  using regular expression\r\n\tat com.kms.katalon.core.webui.keyword.internal.WebUIKeywordMain.stepFailed(WebUIKeywordMain.groovy:64)\r\n\tat com.kms.katalon.core.webui.keyword.internal.WebUIKeywordMain.runKeyword(WebUIKeywordMain.groovy:26)\r\n\tat com.kms.katalon.core.webui.keyword.builtin.SelectOptionByValueKeyword.selectOptionByValue(SelectOptionByValueKeyword.groovy:99)\r\n\tat com.kms.katalon.core.webui.keyword.builtin.SelectOptionByValueKeyword.execute(SelectOptionByValueKeyword.groovy:71)\r\n\tat com.kms.katalon.core.keyword.internal.KeywordExecutor.executeKeywordForPlatform(KeywordExecutor.groovy:56)\r\n\tat com.kms.katalon.core.webui.keyword.WebUiBuiltInKeywords.selectOptionByValue(WebUiBuiltInKeywords.groovy:1138)\r\n\tat com.kms.katalon.core.webui.keyword.WebUiBuiltInKeywords$selectOptionByValue$3.call(Unknown Source)\r\n\tat Request Information.run(Request Information:37)\r\n\tat com.kms.katalon.core.main.ScriptEngine.run(ScriptEngine.java:194)\r\n\tat com.kms.katalon.core.main.ScriptEngine.runScriptAsRawText(ScriptEngine.java:119)\r\n\tat com.kms.katalon.core.main.TestCaseExecutor.runScript(TestCaseExecutor.java:337)\r\n\tat com.kms.katalon.core.main.TestCaseExecutor.doExecute(TestCaseExecutor.java:328)\r\n\tat com.kms.katalon.core.main.TestCaseExecutor.processExecutionPhase(TestCaseExecutor.java:307)\r\n\tat com.kms.katalon.core.main.TestCaseExecutor.accessMainPhase(TestCaseExecutor.java:299)\r\n\tat com.kms.katalon.core.main.TestCaseExecutor.execute(TestCaseExecutor.java:233)\r\n\tat com.kms.katalon.core.main.TestSuiteExecutor.accessTestCaseMainPhase(TestSuiteExecutor.java:133)\r\n\tat com.kms.katalon.core.main.TestSuiteExecutor.accessTestSuiteMainPhase(TestSuiteExecutor.java:116)\r\n\tat com.kms.katalon.core.main.TestSuiteExecutor.execute(TestSuiteExecutor.java:83)\r\n\tat com.kms.katalon.core.main.TestCaseMain.startTestSuite(TestCaseMain.java:157)\r\n\tat com.kms.katalon.core.main.TestCaseMain$startTestSuite$0.call(Unknown Source)\r\n\tat TempTestSuite1561385929741.run(TempTestSuite1561385929741.groovy:35)\r\nCaused by: org.openqa.selenium.ElementClickInterceptedException: Element &amp;lt;select id=\&amp;quot;form_8deafab8-9f4e-43ea-8e40-c7d493bf328b\&amp;quot; name=\&amp;quot;form_8deafab8-9f4e-43ea-8e40-c7d493bf328b\&amp;quot;&amp;gt; is not clickable at point (1072,706) because another element &amp;lt;b&amp;gt; obscures it\nBuild info: version: &amp;apos;3.7.1&amp;apos;, revision: &amp;apos;8a0099a&amp;apos;, time: &amp;apos;2017-11-06T21:07:36.161Z&amp;apos;\nSystem info: host: &amp;apos;1007LOANX250-5&amp;apos;, ip: &amp;apos;129.105.210.226&amp;apos;, os.name: &amp;apos;Windows 10&amp;apos;, os.arch: &amp;apos;amd64&amp;apos;, os.version: &amp;apos;10.0&amp;apos;, java.version: &amp;apos;1.8.0_181&amp;apos;\nDriver info: com.kms.katalon.core.webui.driver.firefox.CGeckoDriver\nCapabilities {acceptInsecureCerts: true, browserName: firefox, browserVersion: 66.0.5, javascriptEnabled: true, moz:accessibilityChecks: false, moz:geckodriverVersion: 0.23.0, moz:headless: false, moz:processID: 16616, moz:profile: C:\\Users\\KIS\\AppData\\Local\\..., moz:shutdownTimeout: 60000, moz:useNonSpecCompliantPointerOrigin: false, moz:webdriverClick: true, pageLoadStrategy: normal, platform: WINDOWS, platformName: WINDOWS, platformVersion: 10.0, proxy: Proxy(direct), rotatable: false, setWindowRect: true, strictFileInteractability: false, timeouts: {implicit: 0, pageLoad: 300000, script: 30000}, unhandledPromptBehavior: dismiss and notify}\nSession ID: d00329a5-d351-49df-9692-1291dc6e9f2e\r\n\tat org.openqa.selenium.remote.http.W3CHttpResponseCodec.createException(W3CHttpResponseCodec.java:187)\r\n\tat org.openqa.selenium.remote.http.W3CHttpResponseCodec.decode(W3CHttpResponseCodec.java:122)\r\n\tat org.openqa.selenium.remote.http.W3CHttpResponseCodec.decode(W3CHttpResponseCodec.java:49)\r\n\tat org.openqa.selenium.remote.HttpCommandExecutor.execute(HttpCommandExecutor.java:164)\r\n\tat org.openqa.selenium.remote.service.DriverCommandExecutor.execute(DriverCommandExecutor.java:83)\r\n\tat org.openqa.selenium.remote.RemoteWebDriver.execute(RemoteWebDriver.java:600)\r\n\tat com.kms.katalon.selenium.driver.CFirefoxDriver.execute(CFirefoxDriver.java:28)\r\n\tat org.openqa.selenium.remote.RemoteWebElement.execute(RemoteWebElement.java:279)\r\n\tat org.openqa.selenium.remote.RemoteWebElement.click(RemoteWebElement.java:83)\r\n\tat org.openqa.selenium.support.ui.Select.setSelected(Select.java:324)\r\n\tat org.openqa.selenium.support.ui.Select.selectByIndex(Select.java:179)\r\n\tat com.kms.katalon.core.webui.common.WebUiCommonHelper.selectOrDeselectOptionsByValueByRegularExpression(WebUiCommonHelper.java:283)\r\n\tat com.kms.katalon.core.webui.common.WebUiCommonHelper.selectOrDeselectOptionsByValue(WebUiCommonHelper.java:262)\r\n\tat com.kms.katalon.core.webui.keyword.builtin.SelectOptionByValueKeyword$_selectOptionByValue_closure1.doCall(SelectOptionByValueKeyword.groovy:88)\r\n\tat com.kms.katalon.core.webui.keyword.builtin.SelectOptionByValueKeyword$_selectOptionByValue_closure1.call(SelectOptionByValueKeyword.groovy)\r\n\tat com.kms.katalon.core.webui.keyword.internal.WebUIKeywordMain.runKeyword(WebUIKeywordMain.groovy:20)\r\n\t... 19 more\r\n</message>
  <exception>
    <message>com.kms.katalon.core.exception.StepFailedException: Unable to select option by value 'Technology' of object 'Object Repository/Page_MS Management Kellogg School of Management/Page_Reach Higher with a Foundation in Business/select_Consultingetc'  using regular expression</message>
    <frame>
      <class>com.kms.katalon.core.webui.keyword.internal.WebUIKeywordMain</class>
      <method>stepFailed</method>
      <line>64</line>
    </frame>
    <frame>
      <class>com.kms.katalon.core.webui.keyword.internal.WebUIKeywordMain</class>
      <method>runKeyword</method>
      <line>26</line>
    </frame>
    <frame>
      <class>com.kms.katalon.core.webui.keyword.builtin.SelectOptionByValueKeyword</class>
      <method>selectOptionByValue</method>
      <line>99</line>
    </frame>
    <frame>
      <class>com.kms.katalon.core.webui.keyword.builtin.SelectOptionByValueKeyword</class>
      <method>execute</method>
      <line>71</line>
    </frame>
    <frame>
      <class>com.kms.katalon.core.keyword.internal.KeywordExecutor</class>
      <method>executeKeywordForPlatform</method>
      <line>56</line>
    </frame>
    <frame>
      <class>com.kms.katalon.core.webui.keyword.WebUiBuiltInKeywords</class>
      <method>selectOptionByValue</method>
      <line>1138</line>
    </frame>
    <frame>
      <class>com.kms.katalon.core.webui.keyword.WebUiBuiltInKeywords$selectOptionByValue$3</class>
      <method>call</method>
    </frame>
    <frame>
      <class>Request Information</class>
      <method>run</method>
      <line>37</line>
    </frame>
    <frame>
      <class>com.kms.katalon.core.main.ScriptEngine</class>
      <method>run</method>
      <line>194</line>
    </frame>
    <frame>
      <class>com.kms.katalon.core.main.ScriptEngine</class>
      <method>runScriptAsRawText</method>
      <line>119</line>
    </frame>
    <frame>
      <class>com.kms.katalon.core.main.TestCaseExecutor</class>
      <method>runScript</method>
      <line>337</line>
    </frame>
    <frame>
      <class>com.kms.katalon.core.main.TestCaseExecutor</class>
      <method>doExecute</method>
      <line>328</line>
    </frame>
    <frame>
      <class>com.kms.katalon.core.main.TestCaseExecutor</class>
      <method>processExecutionPhase</method>
      <line>307</line>
    </frame>
    <frame>
      <class>com.kms.katalon.core.main.TestCaseExecutor</class>
      <method>accessMainPhase</method>
      <line>299</line>
    </frame>
    <frame>
      <class>com.kms.katalon.core.main.TestCaseExecutor</class>
      <method>execute</method>
      <line>233</line>
    </frame>
    <frame>
      <class>com.kms.katalon.core.main.TestSuiteExecutor</class>
      <method>accessTestCaseMainPhase</method>
      <line>133</line>
    </frame>
    <frame>
      <class>com.kms.katalon.core.main.TestSuiteExecutor</class>
      <method>accessTestSuiteMainPhase</method>
      <line>116</line>
    </frame>
    <frame>
      <class>com.kms.katalon.core.main.TestSuiteExecutor</class>
      <method>execute</method>
      <line>83</line>
    </frame>
    <frame>
      <class>com.kms.katalon.core.main.TestCaseMain</class>
      <method>startTestSuite</method>
      <line>157</line>
    </frame>
    <frame>
      <class>com.kms.katalon.core.main.TestCaseMain$startTestSuite$0</class>
      <method>call</method>
    </frame>
    <frame>
      <class>TempTestSuite1561385929741</class>
      <method>run</method>
      <line>35</line>
    </frame>
  </exception>
  <nestedLevel>0</nestedLevel>
  <property name="failed.exception.stacktrace">org.openqa.selenium.ElementClickInterceptedException: Element &lt;select id=\&quot;form_8deafab8-9f4e-43ea-8e40-c7d493bf328b\&quot; name=\&quot;form_8deafab8-9f4e-43ea-8e40-c7d493bf328b\&quot;&gt; is not clickable at point (1072,706) because another element &lt;b&gt; obscures it\nBuild info: version: &apos;3.7.1&apos;, revision: &apos;8a0099a&apos;, time: &apos;2017-11-06T21:07:36.161Z&apos;\nSystem info: host: &apos;1007LOANX250-5&apos;, ip: &apos;129.105.210.226&apos;, os.name: &apos;Windows 10&apos;, os.arch: &apos;amd64&apos;, os.version: &apos;10.0&apos;, java.version: &apos;1.8.0_181&apos;\nDriver info: com.kms.katalon.core.webui.driver.firefox.CGeckoDriver\nCapabilities {acceptInsecureCerts: true, browserName: firefox, browserVersion: 66.0.5, javascriptEnabled: true, moz:accessibilityChecks: false, moz:geckodriverVersion: 0.23.0, moz:headless: false, moz:processID: 16616, moz:profile: C:\\Users\\KIS\\AppData\\Local\\..., moz:shutdownTimeout: 60000, moz:useNonSpecCompliantPointerOrigin: false, moz:webdriverClick: true, pageLoadStrategy: normal, platform: WINDOWS, platformName: WINDOWS, platformVersion: 10.0, proxy: Proxy(direct), rotatable: false, setWindowRect: true, strictFileInteractability: false, timeouts: {implicit: 0, pageLoad: 300000, script: 30000}, unhandledPromptBehavior: dismiss and notify}\nSession ID: d00329a5-d351-49df-9692-1291dc6e9f2e\r\n\tat org.openqa.selenium.remote.http.W3CHttpResponseCodec.createException(W3CHttpResponseCodec.java:187)\r\n\tat org.openqa.selenium.remote.http.W3CHttpResponseCodec.decode(W3CHttpResponseCodec.java:122)\r\n\tat org.openqa.selenium.remote.http.W3CHttpResponseCodec.decode(W3CHttpResponseCodec.java:49)\r\n\tat org.openqa.selenium.remote.HttpCommandExecutor.execute(HttpCommandExecutor.java:164)\r\n\tat org.openqa.selenium.remote.service.DriverCommandExecutor.execute(DriverCommandExecutor.java:83)\r\n\tat org.openqa.selenium.remote.RemoteWebDriver.execute(RemoteWebDriver.java:600)\r\n\tat com.kms.katalon.selenium.driver.CFirefoxDriver.execute(CFirefoxDriver.java:28)\r\n\tat org.openqa.selenium.remote.RemoteWebElement.execute(RemoteWebElement.java:279)\r\n\tat org.openqa.selenium.remote.RemoteWebElement.click(RemoteWebElement.java:83)\r\n\tat org.openqa.selenium.support.ui.Select.setSelected(Select.java:324)\r\n\tat org.openqa.selenium.support.ui.Select.selectByIndex(Select.java:179)\r\n\tat com.kms.katalon.core.webui.common.WebUiCommonHelper.selectOrDeselectOptionsByValueByRegularExpression(WebUiCommonHelper.java:283)\r\n\tat com.kms.katalon.core.webui.common.WebUiCommonHelper.selectOrDeselectOptionsByValue(WebUiCommonHelper.java:262)\r\n\tat com.kms.katalon.core.webui.keyword.builtin.SelectOptionByValueKeyword$_selectOptionByValue_closure1.doCall(SelectOptionByValueKeyword.groovy:88)\r\n\tat com.kms.katalon.core.webui.keyword.builtin.SelectOptionByValueKeyword$_selectOptionByValue_closure1.call(SelectOptionByValueKeyword.groovy)\r\n\tat com.kms.katalon.core.webui.keyword.internal.WebUIKeywordMain.runKeyword(WebUIKeywordMain.groovy:20)\r\n\tat com.kms.katalon.core.webui.keyword.builtin.SelectOptionByValueKeyword.selectOptionByValue(SelectOptionByValueKeyword.groovy:99)\r\n\tat com.kms.katalon.core.webui.keyword.builtin.SelectOptionByValueKeyword.execute(SelectOptionByValueKeyword.groovy:71)\r\n\tat com.kms.katalon.core.keyword.internal.KeywordExecutor.executeKeywordForPlatform(KeywordExecutor.groovy:56)\r\n\tat com.kms.katalon.core.webui.keyword.WebUiBuiltInKeywords.selectOptionByValue(WebUiBuiltInKeywords.groovy:1138)\r\n\tat com.kms.katalon.core.webui.keyword.WebUiBuiltInKeywords$selectOptionByValue$3.call(Unknown Source)\r\n\tat Request Information.run(Request Information:37)\r\n\tat com.kms.katalon.core.main.ScriptEngine.run(ScriptEngine.java:194)\r\n\tat com.kms.katalon.core.main.ScriptEngine.runScriptAsRawText(ScriptEngine.java:119)\r\n\tat com.kms.katalon.core.main.TestCaseExecutor.runScript(TestCaseExecutor.java:337)\r\n\tat com.kms.katalon.core.main.TestCaseExecutor.doExecute(TestCaseExecutor.java:328)\r\n\tat com.kms.katalon.core.main.TestCaseExecutor.processExecutionPhase(TestCaseExecutor.java:307)\r\n\tat com.kms.katalon.core.main.TestCaseExecutor.accessMainPhase(TestCaseExecutor.java:299)\r\n\tat com.kms.katalon.core.main.TestCaseExecutor.execute(TestCaseExecutor.java:233)\r\n\tat com.kms.katalon.core.main.TestSuiteExecutor.accessTestCaseMainPhase(TestSuiteExecutor.java:133)\r\n\tat com.kms.katalon.core.main.TestSuiteExecutor.accessTestSuiteMainPhase(TestSuiteExecutor.java:116)\r\n\tat com.kms.katalon.core.main.TestSuiteExecutor.execute(TestSuiteExecutor.java:83)\r\n\tat com.kms.katalon.core.main.TestCaseMain.startTestSuite(TestCaseMain.java:157)\r\n\tat com.kms.katalon.core.main.TestCaseMain$startTestSuite$0.call(Unknown Source)\r\n\tat TempTestSuite1561385929741.run(TempTestSuite1561385929741.groovy:35)\r\n</property>
  <property name="failed.exception.class">org.openqa.selenium.ElementClickInterceptedException</property>
  <property name="failed.exception.message">Element &lt;select id=\&quot;form_8deafab8-9f4e-43ea-8e40-c7d493bf328b\&quot; name=\&quot;form_8deafab8-9f4e-43ea-8e40-c7d493bf328b\&quot;&gt; is not clickable at point (1072,706) because another element &lt;b&gt; obscures it\nBuild info: version: &apos;3.7.1&apos;, revision: &apos;8a0099a&apos;, time: &apos;2017-11-06T21:07:36.161Z&apos;\nSystem info: host: &apos;1007LOANX250-5&apos;, ip: &apos;129.105.210.226&apos;, os.name: &apos;Windows 10&apos;, os.arch: &apos;amd64&apos;, os.version: &apos;10.0&apos;, java.version: &apos;1.8.0_181&apos;\nDriver info: com.kms.katalon.core.webui.driver.firefox.CGeckoDriver\nCapabilities {acceptInsecureCerts: true, browserName: firefox, browserVersion: 66.0.5, javascriptEnabled: true, moz:accessibilityChecks: false, moz:geckodriverVersion: 0.23.0, moz:headless: false, moz:processID: 16616, moz:profile: C:\\Users\\KIS\\AppData\\Local\\..., moz:shutdownTimeout: 60000, moz:useNonSpecCompliantPointerOrigin: false, moz:webdriverClick: true, pageLoadStrategy: normal, platform: WINDOWS, platformName: WINDOWS, platformVersion: 10.0, proxy: Proxy(direct), rotatable: false, setWindowRect: true, strictFileInteractability: false, timeouts: {implicit: 0, pageLoad: 300000, script: 30000}, unhandledPromptBehavior: dismiss and notify}\nSession ID: d00329a5-d351-49df-9692-1291dc6e9f2e</property>
</record>
<record>
  <date>2019-06-24T09:53:13</date>
  <millis>1561387993338</millis>
  <sequence>147</sequence>
  <level>END</level>
  <class>com.kms.katalon.core.logging.XmlKeywordLogger</class>
  <method>endTest</method>
  <thread>1</thread>
  <message>End Test Case : Test Cases/cms9 tests/MS Management Studies Tests/Request Information</message>
  <nestedLevel>0</nestedLevel>
</record>
<record>
  <date>2019-06-24T09:53:14</date>
  <millis>1561387994852</millis>
  <sequence>148</sequence>
  <level>END</level>
  <class>com.kms.katalon.core.logging.XmlKeywordLogger</class>
  <method>endSuite</method>
  <thread>1</thread>
  <message>End Test Suite : Test Suites/MS Management Studies cms9</message>
  <nestedLevel>0</nestedLevel>
</record>
</log>
