I 2019-06-12 09:38:12:033 server.cc(86) Starting WebDriver server on port: '5721' on host: ''
T 2019-06-12 09:38:12:034 server.cc(634) Entering Server::PopulateCommandRepository
T 2019-06-12 09:38:12:034 IEServer.cpp(32) Entering IEServer::IEServer
I 2019-06-12 09:38:12:034 IEServer.cpp(33) Driver version: 3.6.0.0 (32-bit)
T 2019-06-12 09:38:12:034 server.cc(121) Entering Server::Start
D 2019-06-12 09:38:12:034 server.cc(148) Civetweb ACL is -0.0.0.0/0,+127.0.0.1
T 2019-06-12 09:38:12:486 server.cc(174) Entering Server::ProcessRequest
T 2019-06-12 09:38:12:486 server.cc(183) Process request with: URI: /status HTTP verb: GET
body: {}
T 2019-06-12 09:38:12:486 server.cc(272) Entering Server::DispatchCommand
T 2019-06-12 09:38:12:486 server.cc(583) Entering Server::LookupCommand
D 2019-06-12 09:38:12:486 server.cc(281) Command: GET /status {}
T 2019-06-12 09:38:12:486 IEServer.cpp(51) Entering IEServer::GetStatus
T 2019-06-12 09:38:12:487 response.cc(72) Entering Response::SetSuccessResponse
T 2019-06-12 09:38:12:487 response.cc(78) Entering Response::SetResponse
T 2019-06-12 09:38:12:487 response.cc(51) Entering Response::Serialize
D 2019-06-12 09:38:12:487 server.cc(338) Response: {"value":{"build":{"version":"3.6.0.0 (32-bit)"},"message":"Ready to create session","os":{"arch":"x64","name":"windows","version":"10.0.17134.376 (WinBuild.160101.0800)"},"ready":true}}

T 2019-06-12 09:38:12:487 server.cc(391) Entering Server::SendResponseToClient
T 2019-06-12 09:38:12:487 response.cc(30) Entering Response::Deserialize
T 2019-06-12 09:38:12:487 server.cc(445) Entering Server::SendHttpOk
T 2019-06-12 09:38:12:509 server.cc(174) Entering Server::ProcessRequest
T 2019-06-12 09:38:12:509 server.cc(238) Entering Server::ReadRequestBody
T 2019-06-12 09:38:12:509 server.cc(183) Process request with: URI: /session HTTP verb: POST
body: {
  "desiredCapabilities": {"browserName":"internet explorer","ensureCleanSession":true,"ie.usePerProcessProxy":"true","platform":"WINDOWS","se:ieOptions":{"ie.usePerProcessProxy":"true"}},
  "capabilities": {
    "desiredCapabilities": {"browserName":"internet explorer","ensureCleanSession":true,"ie.usePerProcessProxy":"true","platform":"WINDOWS","se:ieOptions":{"ie.usePerProcessProxy":"true"}},
    "firstMatch": [
      {"browserName":"internet explorer","platformName":"windows","se:ieOptions":{"ie.usePerProcessProxy":"true"}}
    ]
  }
}
T 2019-06-12 09:38:12:509 server.cc(272) Entering Server::DispatchCommand
T 2019-06-12 09:38:12:509 server.cc(583) Entering Server::LookupCommand
D 2019-06-12 09:38:12:509 server.cc(281) Command: POST /session {
  "desiredCapabilities": {"browserName":"internet explorer","ensureCleanSession":true,"ie.usePerProcessProxy":"true","platform":"WINDOWS","se:ieOptions":{"ie.usePerProcessProxy":"true"}},
  "capabilities": {
    "desiredCapabilities": {"browserName":"internet explorer","ensureCleanSession":true,"ie.usePerProcessProxy":"true","platform":"WINDOWS","se:ieOptions":{"ie.usePerProcessProxy":"true"}},
    "firstMatch": [
      {"browserName":"internet explorer","platformName":"windows","se:ieOptions":{"ie.usePerProcessProxy":"true"}}
    ]
  }
}
T 2019-06-12 09:38:12:509 IEServer.cpp(42) Entering IEServer::InitializeSession
T 2019-06-12 09:38:12:509 IESession.cpp(38) Entering IESession::Initialize
D 2019-06-12 09:38:12:510 IESession.cpp(53) Mutex acquired for session initalization
T 2019-06-12 09:38:12:521 IECommandExecutor.cpp(386) Entering IECommandExecutor::ThreadProc
T 2019-06-12 09:38:12:541 IECommandExecutor.cpp(47) Entering IECommandExecutor::OnCreate
T 2019-06-12 09:38:12:546 IECommandExecutor.cpp(753) Entering IECommandExecutor::PopulateElementFinderMethods
T 2019-06-12 09:38:12:547 InputManager.cpp(40) Entering InputManager::InputManager
T 2019-06-12 09:38:12:547 InputManager.cpp(75) Entering InputManager::Initialize
T 2019-06-12 09:38:12:547 BrowserFactory.cpp(998) Entering BrowserFactory::GetExecutableLocation
T 2019-06-12 09:38:12:547 BrowserFactory.cpp(1039) Entering BrowserFactory::GetIEVersion
T 2019-06-12 09:38:12:548 CommandHandlerRepository.cpp(108) Entering CommandHandlerRepository::PopulateCommandHandlers
T 2019-06-12 09:38:12:556 IESession.cpp(99) Created thread for command executor returns HWND: '00011BF8'
T 2019-06-12 09:38:12:557 IESession.cpp(103) Session id is retrived from command executor window: 'a56b56bc-7621-4920-8215-00858cbcb612'
D 2019-06-12 09:38:12:557 IESession.cpp(109) Releasing session initialization mutex
T 2019-06-12 09:38:12:557 IESession.cpp(191) Entering IESession::ExecuteCommand
T 2019-06-12 09:38:12:557 IECommandExecutor.cpp(122) Entering IECommandExecutor::OnSetCommand
T 2019-06-12 09:38:12:557 command.cc(31) Entering Command::Deserialize
D 2019-06-12 09:38:12:557 command.cc(36) Raw JSON command: { "name" : "newSession", "locator" : { }, "parameters" : {
  "desiredCapabilities": {"browserName":"internet explorer","ensureCleanSession":true,"ie.usePerProcessProxy":"true","platform":"WINDOWS","se:ieOptions":{"ie.usePerProcessProxy":"true"}},
  "capabilities": {
    "desiredCapabilities": {"browserName":"internet explorer","ensureCleanSession":true,"ie.usePerProcessProxy":"true","platform":"WINDOWS","se:ieOptions":{"ie.usePerProcessProxy":"true"}},
    "firstMatch": [
      {"browserName":"internet explorer","platformName":"windows","se:ieOptions":{"ie.usePerProcessProxy":"true"}}
    ]
  }
} }
T 2019-06-12 09:38:12:557 IECommandExecutor.cpp(133) Entering IECommandExecutor::OnExecCommand
T 2019-06-12 09:38:12:558 IECommandExecutor.cpp(454) Entering IECommandExecutor::DispatchCommand
D 2019-06-12 09:38:12:558 CommandHandlers\NewSessionCommandHandler.cpp(46) Found W3C capabilities structure
D 2019-06-12 09:38:12:558 CommandHandlers\NewSessionCommandHandler.cpp(505) Validating capabilities object
D 2019-06-12 09:38:12:558 CommandHandlers\NewSessionCommandHandler.cpp(505) Validating capabilities object
D 2019-06-12 09:38:12:558 CommandHandlers\NewSessionCommandHandler.cpp(535) Found browserNamecapability. Validating value type is string.
D 2019-06-12 09:38:12:558 CommandHandlers\NewSessionCommandHandler.cpp(564) Found platformNamecapability. Validating value type is string.
D 2019-06-12 09:38:12:558 CommandHandlers\NewSessionCommandHandler.cpp(794) Found proxycapability. Validating value type is object.
T 2019-06-12 09:38:12:558 BrowserFactory.cpp(113) Entering BrowserFactory::Initialize
T 2019-06-12 09:38:12:558 IECommandExecutor.cpp(631) Entering IECommandExecutor::CreateNewBrowser
T 2019-06-12 09:38:12:558 BrowserFactory.cpp(142) Entering BrowserFactory::LaunchBrowserProcess
D 2019-06-12 09:38:12:558 BrowserFactory.cpp(146) Ignoring Protected Mode Settings: 0
D 2019-06-12 09:38:12:558 BrowserFactory.cpp(149) Checking validity of Protected Mode settings.
T 2019-06-12 09:38:12:558 BrowserFactory.cpp(1058) Entering BrowserFactory::ProtectedModeSettingsAreValid
D 2019-06-12 09:38:12:558 BrowserFactory.cpp(1061) Detected IE version: 11, Windows version supports Protected Mode: 1
T 2019-06-12 09:38:12:559 BrowserFactory.cpp(1135) Entering BrowserFactory::GetZoneProtectedModeSetting
D 2019-06-12 09:38:12:559 BrowserFactory.cpp(1152) Found Protected Mode setting value of 3 for zone 1
T 2019-06-12 09:38:12:559 BrowserFactory.cpp(1135) Entering BrowserFactory::GetZoneProtectedModeSetting
D 2019-06-12 09:38:12:559 BrowserFactory.cpp(1156) RegQueryValueEx failed for getting Protected Mode setting for a zone: 2
T 2019-06-12 09:38:12:559 BrowserFactory.cpp(1135) Entering BrowserFactory::GetZoneProtectedModeSetting
D 2019-06-12 09:38:12:559 BrowserFactory.cpp(1156) RegQueryValueEx failed for getting Protected Mode setting for a zone: 3
T 2019-06-12 09:38:12:559 BrowserFactory.cpp(1135) Entering BrowserFactory::GetZoneProtectedModeSetting
D 2019-06-12 09:38:12:559 BrowserFactory.cpp(1156) RegQueryValueEx failed for getting Protected Mode setting for a zone: 4
D 2019-06-12 09:38:12:559 BrowserFactory.cpp(152) Has Valid Protected Mode Settings: 1
T 2019-06-12 09:38:12:559 BrowserFactory.cpp(226) Entering BrowserFactory::IsIELaunchURLAvailable
T 2019-06-12 09:38:12:587 BrowserFactory.cpp(130) Entering BrowserFactory::ClearCache
T 2019-06-12 09:38:12:587 BrowserFactory.cpp(247) Entering BrowserFactory::LaunchBrowserUsingIELaunchURL
D 2019-06-12 09:38:12:587 BrowserFactory.cpp(248) Starting IE using the IELaunchURL API
D 2019-06-12 09:38:15:170 BrowserFactory.cpp(202) IE launched successfully with process ID 17044
D 2019-06-12 09:38:15:170 BrowserFactory.cpp(208) Process with ID 17044 is executing iexplore.exe
T 2019-06-12 09:38:15:170 BrowserFactory.cpp(365) Entering BrowserFactory::AttachToBrowser
D 2019-06-12 09:38:15:171 BrowserFactory.cpp(375) Using Active Accessibility to find IWebBrowser2 interface
T 2019-06-12 09:38:15:171 BrowserFactory.cpp(414) Entering BrowserFactory::AttachToBrowserUsingActiveAccessibility
T 2019-06-12 09:38:17:093 server.cc(174) Entering Server::ProcessRequest
T 2019-06-12 09:38:17:093 server.cc(183) Process request with: URI: / HTTP verb: GET
body: {}
T 2019-06-12 09:38:17:093 server.cc(445) Entering Server::SendHttpOk
D 2019-06-12 09:38:17:722 BrowserFactory.cpp(434) Found window handle 00011C98 for window with class 'Internet Explorer_Server' belonging to process with id 17044
T 2019-06-12 09:38:17:723 BrowserFactory.cpp(329) Entering BrowserFactory::GetDocumentFromWindowHandle
T 2019-06-12 09:38:17:725 IESession.cpp(212) Beginning wait for response length to be not zero
T 2019-06-12 09:38:17:875 server.cc(174) Entering Server::ProcessRequest
T 2019-06-12 09:38:17:875 server.cc(183) Process request with: URI: /favicon.ico HTTP verb: GET
body: {}
T 2019-06-12 09:38:17:875 server.cc(272) Entering Server::DispatchCommand
T 2019-06-12 09:38:17:875 server.cc(583) Entering Server::LookupCommand
D 2019-06-12 09:38:17:875 server.cc(281) Command: GET /favicon.ico {}
D 2019-06-12 09:38:17:875 server.cc(338) Response: { "error" : "unknown method", "message" : "Command not found: GET /favicon.ico" }
T 2019-06-12 09:38:17:875 server.cc(391) Entering Server::SendResponseToClient
T 2019-06-12 09:38:17:875 response.cc(30) Entering Response::Deserialize
T 2019-06-12 09:38:17:875 server.cc(445) Entering Server::SendHttpOk
D 2019-06-12 09:38:18:136 BrowserFactory.cpp(396) Ignoring zoom setting: 0
T 2019-06-12 09:38:18:136 BrowserFactory.cpp(574) Entering BrowserFactory::GetBrowserZoomLevel
T 2019-06-12 09:38:18:168 BrowserFactory.cpp(614) Entering BrowserFactory::GetZoomLevel
D 2019-06-12 09:38:18:226 BrowserFactory.cpp(694) Browser zoom level is 100%
I 2019-06-12 09:38:18:230 IECommandExecutor.cpp(654) Persistent hovering set to: 1
T 2019-06-12 09:38:18:231 ProxyManager.cpp(97) ProxyManager::SetProxySettings
D 2019-06-12 09:38:18:231 ProxyManager.cpp(113) Using existing system proxy settings.
T 2019-06-12 09:38:18:231 DocumentHost.cpp(33) Entering DocumentHost::DocumentHost
T 2019-06-12 09:38:18:231 CookieManager.cpp(49) Entering CookieManager::Initialize
T 2019-06-12 09:38:18:231 Browser.cpp(33) Entering Browser::Browser
T 2019-06-12 09:38:18:232 Browser.cpp(293) Entering Browser::AttachEvents
T 2019-06-12 09:38:18:247 IECommandExecutor.cpp(621) Entering IECommandExecutor::AddManagedBrowser
T 2019-06-12 09:38:18:247 IECommandExecutor.cpp(625) Setting current browser id to 1193828a-3eaa-494a-80b4-04727dd45e11
T 2019-06-12 09:38:18:247 response.cc(72) Entering Response::SetSuccessResponse
T 2019-06-12 09:38:18:248 response.cc(78) Entering Response::SetResponse
T 2019-06-12 09:38:18:248 IECommandExecutor.cpp(577) Entering IECommandExecutor::GetCurrentBrowser
T 2019-06-12 09:38:18:248 IECommandExecutor.cpp(583) Entering IECommandExecutor::GetManagedBrowser
T 2019-06-12 09:38:18:248 response.cc(51) Entering Response::Serialize
T 2019-06-12 09:38:18:258 IESession.cpp(221) Found non-zero response length
T 2019-06-12 09:38:18:259 IECommandExecutor.cpp(156) Entering IECommandExecutor::OnGetResponse
T 2019-06-12 09:38:18:261 IECommandExecutor.cpp(285) Entering IECommandExecutor::OnIsSessionValid
T 2019-06-12 09:38:18:261 response.cc(30) Entering Response::Deserialize
D 2019-06-12 09:38:18:262 server.cc(338) Response: {"value":{"capabilities":{"acceptInsecureCerts":false,"browserName":"internet explorer","browserVersion":"11","pageLoadStrategy":"normal","platformName":"windows","se:ieOptions":{"browserAttachTimeout":0,"elementScrollBehavior":0,"enablePersistentHover":true,"ie.browserCommandLineSwitches":"","ie.ensureCleanSession":false,"ie.fileUploadDialogTimeout":3000,"ie.forceCreateProcessApi":false,"ignoreProtectedModeSettings":false,"ignoreZoomSetting":false,"initialBrowserUrl":"http://localhost:5721/","nativeEvents":true,"requireWindowFocus":false},"setWindowRect":true},"sessionId":"a56b56bc-7621-4920-8215-00858cbcb612"}}

T 2019-06-12 09:38:18:262 server.cc(391) Entering Server::SendResponseToClient
T 2019-06-12 09:38:18:262 response.cc(30) Entering Response::Deserialize
T 2019-06-12 09:38:18:262 server.cc(445) Entering Server::SendHttpOk
T 2019-06-12 09:38:18:279 server.cc(174) Entering Server::ProcessRequest
T 2019-06-12 09:38:18:279 server.cc(238) Entering Server::ReadRequestBody
T 2019-06-12 09:38:18:279 server.cc(183) Process request with: URI: /session/a56b56bc-7621-4920-8215-00858cbcb612/timeouts HTTP verb: POST
body: {"implicit":0}
T 2019-06-12 09:38:18:280 server.cc(272) Entering Server::DispatchCommand
T 2019-06-12 09:38:18:280 server.cc(583) Entering Server::LookupCommand
D 2019-06-12 09:38:18:280 server.cc(281) Command: POST /session/a56b56bc-7621-4920-8215-00858cbcb612/timeouts {"implicit":0}
T 2019-06-12 09:38:18:280 server.cc(378) Entering Server::LookupSession
T 2019-06-12 09:38:18:280 IESession.cpp(191) Entering IESession::ExecuteCommand
T 2019-06-12 09:38:18:280 IECommandExecutor.cpp(122) Entering IECommandExecutor::OnSetCommand
T 2019-06-12 09:38:18:280 command.cc(31) Entering Command::Deserialize
D 2019-06-12 09:38:18:280 command.cc(36) Raw JSON command: { "name" : "setTimeouts", "locator" : { "sessionid" : "a56b56bc-7621-4920-8215-00858cbcb612" }, "parameters" : {"implicit":0} }
T 2019-06-12 09:38:18:280 IECommandExecutor.cpp(133) Entering IECommandExecutor::OnExecCommand
T 2019-06-12 09:38:18:280 IECommandExecutor.cpp(454) Entering IECommandExecutor::DispatchCommand
T 2019-06-12 09:38:18:280 IECommandExecutor.cpp(577) Entering IECommandExecutor::GetCurrentBrowser
T 2019-06-12 09:38:18:280 IECommandExecutor.cpp(583) Entering IECommandExecutor::GetManagedBrowser
T 2019-06-12 09:38:18:280 IECommandExecutor.cpp(529) Entering IECommandExecutor::IsAlertActive
T 2019-06-12 09:38:18:280 Browser.cpp(700) Entering Browser::GetActiveDialogWindowHandle
T 2019-06-12 09:38:18:280 Browser.cpp(206) Entering Browser::GetContentWindowHandle
D 2019-06-12 09:38:18:282 IECommandExecutor.cpp(543) No alert handle is found
T 2019-06-12 09:38:18:282 IECommandExecutor.cpp(577) Entering IECommandExecutor::GetCurrentBrowser
T 2019-06-12 09:38:18:282 IECommandExecutor.cpp(583) Entering IECommandExecutor::GetManagedBrowser
T 2019-06-12 09:38:18:282 response.cc(51) Entering Response::Serialize
T 2019-06-12 09:38:18:283 IESession.cpp(212) Beginning wait for response length to be not zero
T 2019-06-12 09:38:18:283 IESession.cpp(221) Found non-zero response length
T 2019-06-12 09:38:18:283 IECommandExecutor.cpp(156) Entering IECommandExecutor::OnGetResponse
T 2019-06-12 09:38:18:284 IECommandExecutor.cpp(285) Entering IECommandExecutor::OnIsSessionValid
D 2019-06-12 09:38:18:284 server.cc(338) Response: {"value":null}

T 2019-06-12 09:38:18:284 server.cc(391) Entering Server::SendResponseToClient
T 2019-06-12 09:38:18:284 response.cc(30) Entering Response::Deserialize
T 2019-06-12 09:38:18:284 server.cc(445) Entering Server::SendHttpOk
T 2019-06-12 09:38:18:299 server.cc(174) Entering Server::ProcessRequest
T 2019-06-12 09:38:18:299 server.cc(238) Entering Server::ReadRequestBody
T 2019-06-12 09:38:18:299 server.cc(183) Process request with: URI: /session/a56b56bc-7621-4920-8215-00858cbcb612/execute/sync HTTP verb: POST
body: {"script":"return navigator.sayswho\u003d (function() { var ua\u003d navigator.userAgent, tem, M\u003d ua.match(/(opera|chrome|safari|firefox|msie|trident)\\/?\\s*(\\.?\\d+(\\.\\d+)*)/i) || []; if (/trident/i.test(M[1])) {     tem\u003d  /\\brv[ :]+(\\d+)/g.exec(ua) || [];     return \u0027IE \u0027+(tem[1] || \u0027\u0027); } if(M[1]\u003d\u003d\u003d \u0027Chrome\u0027) {     tem\u003d ua.match(/\\b(OPR|Edge)\\/(\\d+)/);     if(tem!\u003d null) return tem.slice(1).join(\u0027 \u0027).replace(\u0027OPR\u0027, \u0027Opera\u0027); } M\u003d M[2]? [M[1], M[2]]: [navigator.appName, navigator.appVersion, \u0027-?\u0027]; if((tem\u003d ua.match(/version\\/(\\d+)/i))!\u003d null) M.splice(1, 1, tem[1]); return M.join(\u0027 \u0027).replace(\u0027MSIE\u0027, \u0027IE\u0027);})();","args":[]}
T 2019-06-12 09:38:18:299 server.cc(272) Entering Server::DispatchCommand
T 2019-06-12 09:38:18:299 server.cc(583) Entering Server::LookupCommand
D 2019-06-12 09:38:18:299 server.cc(281) Command: POST /session/a56b56bc-7621-4920-8215-00858cbcb612/execute/sync {"script":"return navigator.sayswho\u003d (function() { var ua\u003d navigator.userAgent, tem, M\u003d ua.match(/(opera|chrome|safari|firefox|msie|trident)\\/?\\s*(\\.?\\d+(\\.\\d+)*)/i) || []; if (/trident/i.test(M[1])) {     tem\u003d  /\\brv[ :]+(\\d+)/g.exec(ua) || [];     return \u0027IE \u0027+(tem[1] || \u0027\u0027); } if(M[1]\u003d\u003d\u003d \u0027Chrome\u0027) {     tem\u003d ua.match(/\\b(OPR|Edge)\\/(\\d+)/);     if(tem!\u003d null) return tem.slice(1).join(\u0027 \u0027).replace(\u0027OPR\u0027, \u0027Opera\u0027); } M\u003d M[2]? [M[1], M[2]]: [navigator.appName, navigator.appVersion, \u0027-?\u0027]; if((tem\u003d ua.match(/version\\/(\\d+)/i))!\u003d null) M.splice(1, 1, tem[1]); return M.join(\u0027 \u0027).replace(\u0027MSIE\u0027, \u0027IE\u0027);})();","args":[]}
T 2019-06-12 09:38:18:299 server.cc(378) Entering Server::LookupSession
T 2019-06-12 09:38:18:299 IESession.cpp(191) Entering IESession::ExecuteCommand
T 2019-06-12 09:38:18:301 IECommandExecutor.cpp(122) Entering IECommandExecutor::OnSetCommand
T 2019-06-12 09:38:18:301 command.cc(31) Entering Command::Deserialize
D 2019-06-12 09:38:18:302 command.cc(36) Raw JSON command: { "name" : "executeScript", "locator" : { "sessionid" : "a56b56bc-7621-4920-8215-00858cbcb612" }, "parameters" : {"script":"return navigator.sayswho\u003d (function() { var ua\u003d navigator.userAgent, tem, M\u003d ua.match(/(opera|chrome|safari|firefox|msie|trident)\\/?\\s*(\\.?\\d+(\\.\\d+)*)/i) || []; if (/trident/i.test(M[1])) {     tem\u003d  /\\brv[ :]+(\\d+)/g.exec(ua) || [];     return \u0027IE \u0027+(tem[1] || \u0027\u0027); } if(M[1]\u003d\u003d\u003d \u0027Chrome\u0027) {     tem\u003d ua.match(/\\b(OPR|Edge)\\/(\\d+)/);     if(tem!\u003d null) return tem.slice(1).join(\u0027 \u0027).replace(\u0027OPR\u0027, \u0027Opera\u0027); } M\u003d M[2]? [M[1], M[2]]: [navigator.appName, navigator.appVersion, \u0027-?\u0027]; if((tem\u003d ua.match(/version\\/(\\d+)/i))!\u003d null) M.splice(1, 1, tem[1]); return M.join(\u0027 \u0027).replace(\u0027MSIE\u0027, \u0027IE\u0027);})();","args":[]} }
T 2019-06-12 09:38:18:304 IECommandExecutor.cpp(133) Entering IECommandExecutor::OnExecCommand
T 2019-06-12 09:38:18:304 IECommandExecutor.cpp(454) Entering IECommandExecutor::DispatchCommand
T 2019-06-12 09:38:18:304 IESession.cpp(212) Beginning wait for response length to be not zero
T 2019-06-12 09:38:18:304 IECommandExecutor.cpp(577) Entering IECommandExecutor::GetCurrentBrowser
T 2019-06-12 09:38:18:304 IECommandExecutor.cpp(583) Entering IECommandExecutor::GetManagedBrowser
T 2019-06-12 09:38:18:304 IECommandExecutor.cpp(529) Entering IECommandExecutor::IsAlertActive
T 2019-06-12 09:38:18:304 Browser.cpp(700) Entering Browser::GetActiveDialogWindowHandle
T 2019-06-12 09:38:18:304 Browser.cpp(206) Entering Browser::GetContentWindowHandle
D 2019-06-12 09:38:18:305 IECommandExecutor.cpp(543) No alert handle is found
T 2019-06-12 09:38:18:305 IECommandExecutor.cpp(577) Entering IECommandExecutor::GetCurrentBrowser
T 2019-06-12 09:38:18:305 IECommandExecutor.cpp(583) Entering IECommandExecutor::GetManagedBrowser
T 2019-06-12 09:38:18:305 Browser.cpp(126) Entering Browser::GetDocument
I 2019-06-12 09:38:18:305 Browser.cpp(130) No child frame focus. Focus is on top-level frame
T 2019-06-12 09:38:18:384 Browser.cpp(613) Entering Browser::GetDocumentFromWindow
T 2019-06-12 09:38:18:410 Script.cpp(49) Entering Script::Initialize
T 2019-06-12 09:38:18:410 CommandHandlers\ExecuteScriptCommandHandler.cpp(85) Entering ExecuteScriptCommandHandler::PopulateArgumentArray
T 2019-06-12 09:38:18:410 Script.cpp(169) Entering Script::Execute
T 2019-06-12 09:38:18:410 Script.cpp(438) Entering Script::CreateAnonymousFunction
T 2019-06-12 09:38:18:496 Script.cpp(426) Entering Script::ConvertResultToJsonValue
T 2019-06-12 09:38:18:496 response.cc(72) Entering Response::SetSuccessResponse
T 2019-06-12 09:38:18:496 response.cc(78) Entering Response::SetResponse
T 2019-06-12 09:38:18:496 IECommandExecutor.cpp(577) Entering IECommandExecutor::GetCurrentBrowser
T 2019-06-12 09:38:18:497 IECommandExecutor.cpp(583) Entering IECommandExecutor::GetManagedBrowser
T 2019-06-12 09:38:18:497 response.cc(51) Entering Response::Serialize
T 2019-06-12 09:38:18:508 IESession.cpp(221) Found non-zero response length
T 2019-06-12 09:38:18:509 IECommandExecutor.cpp(156) Entering IECommandExecutor::OnGetResponse
T 2019-06-12 09:38:18:510 IECommandExecutor.cpp(285) Entering IECommandExecutor::OnIsSessionValid
D 2019-06-12 09:38:18:510 server.cc(338) Response: {"value":"IE 11"}

T 2019-06-12 09:38:18:510 server.cc(391) Entering Server::SendResponseToClient
T 2019-06-12 09:38:18:510 response.cc(30) Entering Response::Deserialize
T 2019-06-12 09:38:18:510 server.cc(445) Entering Server::SendHttpOk
T 2019-06-12 09:38:18:543 server.cc(174) Entering Server::ProcessRequest
T 2019-06-12 09:38:18:543 server.cc(238) Entering Server::ReadRequestBody
T 2019-06-12 09:38:18:544 server.cc(183) Process request with: URI: /session/a56b56bc-7621-4920-8215-00858cbcb612/url HTTP verb: POST
body: {"url":"http://cms9dev.kellogg.northwestern.edu/doctoral.aspx"}
T 2019-06-12 09:38:18:544 server.cc(272) Entering Server::DispatchCommand
T 2019-06-12 09:38:18:544 server.cc(583) Entering Server::LookupCommand
D 2019-06-12 09:38:18:544 server.cc(281) Command: POST /session/a56b56bc-7621-4920-8215-00858cbcb612/url {"url":"http://cms9dev.kellogg.northwestern.edu/doctoral.aspx"}
T 2019-06-12 09:38:18:544 server.cc(378) Entering Server::LookupSession
T 2019-06-12 09:38:18:544 IESession.cpp(191) Entering IESession::ExecuteCommand
T 2019-06-12 09:38:18:544 IECommandExecutor.cpp(122) Entering IECommandExecutor::OnSetCommand
T 2019-06-12 09:38:18:544 command.cc(31) Entering Command::Deserialize
D 2019-06-12 09:38:18:544 command.cc(36) Raw JSON command: { "name" : "get", "locator" : { "sessionid" : "a56b56bc-7621-4920-8215-00858cbcb612" }, "parameters" : {"url":"http://cms9dev.kellogg.northwestern.edu/doctoral.aspx"} }
T 2019-06-12 09:38:18:544 IECommandExecutor.cpp(133) Entering IECommandExecutor::OnExecCommand
T 2019-06-12 09:38:18:544 IECommandExecutor.cpp(454) Entering IECommandExecutor::DispatchCommand
T 2019-06-12 09:38:18:544 IECommandExecutor.cpp(577) Entering IECommandExecutor::GetCurrentBrowser
T 2019-06-12 09:38:18:544 IECommandExecutor.cpp(583) Entering IECommandExecutor::GetManagedBrowser
T 2019-06-12 09:38:18:544 IECommandExecutor.cpp(529) Entering IECommandExecutor::IsAlertActive
T 2019-06-12 09:38:18:544 Browser.cpp(700) Entering Browser::GetActiveDialogWindowHandle
T 2019-06-12 09:38:18:544 Browser.cpp(206) Entering Browser::GetContentWindowHandle
D 2019-06-12 09:38:18:545 IECommandExecutor.cpp(543) No alert handle is found
T 2019-06-12 09:38:18:545 IECommandExecutor.cpp(577) Entering IECommandExecutor::GetCurrentBrowser
T 2019-06-12 09:38:18:545 IECommandExecutor.cpp(583) Entering IECommandExecutor::GetManagedBrowser
T 2019-06-12 09:38:18:545 Browser.cpp(318) Entring Browser::NavigateToUrl
T 2019-06-12 09:38:18:546 IESession.cpp(212) Beginning wait for response length to be not zero
T 2019-06-12 09:38:18:903 DocumentHost.cpp(142) Entering DocumentHost::SetFocusedFrameByElement
T 2019-06-12 09:38:18:903 response.cc(72) Entering Response::SetSuccessResponse
T 2019-06-12 09:38:18:903 response.cc(78) Entering Response::SetResponse
T 2019-06-12 09:38:18:903 IECommandExecutor.cpp(577) Entering IECommandExecutor::GetCurrentBrowser
T 2019-06-12 09:38:18:903 IECommandExecutor.cpp(583) Entering IECommandExecutor::GetManagedBrowser
T 2019-06-12 09:38:18:904 response.cc(51) Entering Response::Serialize
T 2019-06-12 09:38:18:904 IECommandExecutor.cpp(172) Entering IECommandExecutor::OnWait
T 2019-06-12 09:38:18:904 IECommandExecutor.cpp(577) Entering IECommandExecutor::GetCurrentBrowser
T 2019-06-12 09:38:18:904 IECommandExecutor.cpp(583) Entering IECommandExecutor::GetManagedBrowser
T 2019-06-12 09:38:18:904 Browser.cpp(438) Entering Browser::Wait
D 2019-06-12 09:38:18:904 Browser.cpp(448) Navigate Events Completed.
T 2019-06-12 09:38:18:904 Browser.cpp(700) Entering Browser::GetActiveDialogWindowHandle
T 2019-06-12 09:38:18:904 Browser.cpp(206) Entering Browser::GetContentWindowHandle
D 2019-06-12 09:38:18:979 Browser.cpp(508) Waiting for document to complete...
T 2019-06-12 09:38:18:979 Browser.cpp(522) Entering Browser::IsDocumentNavigating
D 2019-06-12 09:38:19:121 Browser.cpp(513) Not in navigating state
T 2019-06-12 09:38:19:128 IESession.cpp(221) Found non-zero response length
T 2019-06-12 09:38:19:128 IECommandExecutor.cpp(156) Entering IECommandExecutor::OnGetResponse
T 2019-06-12 09:38:19:128 IECommandExecutor.cpp(285) Entering IECommandExecutor::OnIsSessionValid
D 2019-06-12 09:38:19:129 server.cc(338) Response: {"value":null}

T 2019-06-12 09:38:19:129 server.cc(391) Entering Server::SendResponseToClient
T 2019-06-12 09:38:19:129 response.cc(30) Entering Response::Deserialize
T 2019-06-12 09:38:19:129 server.cc(445) Entering Server::SendHttpOk
T 2019-06-12 09:38:19:173 server.cc(174) Entering Server::ProcessRequest
T 2019-06-12 09:38:19:173 server.cc(238) Entering Server::ReadRequestBody
T 2019-06-12 09:38:19:173 server.cc(183) Process request with: URI: /session/a56b56bc-7621-4920-8215-00858cbcb612/elements HTTP verb: POST
body: {"value":"(//a[@type\u003d\u0027External\u0027])[2]","using":"xpath"}
T 2019-06-12 09:38:19:173 server.cc(272) Entering Server::DispatchCommand
T 2019-06-12 09:38:19:173 server.cc(583) Entering Server::LookupCommand
D 2019-06-12 09:38:19:173 server.cc(281) Command: POST /session/a56b56bc-7621-4920-8215-00858cbcb612/elements {"value":"(//a[@type\u003d\u0027External\u0027])[2]","using":"xpath"}
T 2019-06-12 09:38:19:173 server.cc(378) Entering Server::LookupSession
T 2019-06-12 09:38:19:173 IESession.cpp(191) Entering IESession::ExecuteCommand
T 2019-06-12 09:38:19:174 IECommandExecutor.cpp(122) Entering IECommandExecutor::OnSetCommand
T 2019-06-12 09:38:19:174 command.cc(31) Entering Command::Deserialize
D 2019-06-12 09:38:19:174 command.cc(36) Raw JSON command: { "name" : "findElements", "locator" : { "sessionid" : "a56b56bc-7621-4920-8215-00858cbcb612" }, "parameters" : {"value":"(//a[@type\u003d\u0027External\u0027])[2]","using":"xpath"} }
T 2019-06-12 09:38:19:174 IECommandExecutor.cpp(133) Entering IECommandExecutor::OnExecCommand
T 2019-06-12 09:38:19:174 IESession.cpp(212) Beginning wait for response length to be not zero
T 2019-06-12 09:38:19:174 IECommandExecutor.cpp(454) Entering IECommandExecutor::DispatchCommand
T 2019-06-12 09:38:19:174 IECommandExecutor.cpp(577) Entering IECommandExecutor::GetCurrentBrowser
T 2019-06-12 09:38:19:174 IECommandExecutor.cpp(583) Entering IECommandExecutor::GetManagedBrowser
T 2019-06-12 09:38:19:174 IECommandExecutor.cpp(529) Entering IECommandExecutor::IsAlertActive
T 2019-06-12 09:38:19:174 Browser.cpp(700) Entering Browser::GetActiveDialogWindowHandle
T 2019-06-12 09:38:19:174 Browser.cpp(206) Entering Browser::GetContentWindowHandle
D 2019-06-12 09:38:19:175 IECommandExecutor.cpp(543) No alert handle is found
T 2019-06-12 09:38:19:175 IECommandExecutor.cpp(734) Entering IECommandExecutor::LocateElements
T 2019-06-12 09:38:19:175 IECommandExecutor.cpp(695) Entering IECommandExecutor::GetElementFindMethod
T 2019-06-12 09:38:19:175 ElementFinder.cpp(111) Entering ElementFinder::FindElements
T 2019-06-12 09:38:19:175 IECommandExecutor.cpp(577) Entering IECommandExecutor::GetCurrentBrowser
T 2019-06-12 09:38:19:175 IECommandExecutor.cpp(583) Entering IECommandExecutor::GetManagedBrowser
D 2019-06-12 09:38:19:175 ElementFinder.cpp(128) Using FindElements atom to locate element having xpath = (//a[@type='External'])[2]
T 2019-06-12 09:38:19:175 Browser.cpp(126) Entering Browser::GetDocument
I 2019-06-12 09:38:19:175 Browser.cpp(130) No child frame focus. Focus is on top-level frame
T 2019-06-12 09:38:19:297 Browser.cpp(613) Entering Browser::GetDocumentFromWindow
T 2019-06-12 09:38:19:342 Script.cpp(49) Entering Script::Initialize
T 2019-06-12 09:38:19:342 Script.cpp(70) Entering Script::AddArgument(std::wstring)
T 2019-06-12 09:38:19:342 Script.cpp(105) Entering Script::AddArgument(VARIANT)
T 2019-06-12 09:38:19:342 Script.cpp(70) Entering Script::AddArgument(std::wstring)
T 2019-06-12 09:38:19:342 Script.cpp(105) Entering Script::AddArgument(VARIANT)
T 2019-06-12 09:38:19:342 Script.cpp(169) Entering Script::Execute
T 2019-06-12 09:38:19:342 Script.cpp(438) Entering Script::CreateAnonymousFunction
T 2019-06-12 09:38:19:594 Script.cpp(426) Entering Script::ConvertResultToJsonValue
D 2019-06-12 09:38:19:609 VariantUtilities.cpp(100) Result type is JScriptTypeInfo
T 2019-06-12 09:38:19:621 VariantUtilities.cpp(307) Entering Script::GetPropertyNameList
D 2019-06-12 09:38:19:679 VariantUtilities.cpp(100) Result type is JScriptTypeInfo
T 2019-06-12 09:38:19:679 VariantUtilities.cpp(324) Entering Script::GetArrayLength
T 2019-06-12 09:38:19:974 response.cc(72) Entering Response::SetSuccessResponse
T 2019-06-12 09:38:19:974 response.cc(78) Entering Response::SetResponse
T 2019-06-12 09:38:19:974 IECommandExecutor.cpp(577) Entering IECommandExecutor::GetCurrentBrowser
T 2019-06-12 09:38:19:974 IECommandExecutor.cpp(583) Entering IECommandExecutor::GetManagedBrowser
T 2019-06-12 09:38:19:975 response.cc(51) Entering Response::Serialize
T 2019-06-12 09:38:19:975 IESession.cpp(221) Found non-zero response length
T 2019-06-12 09:38:19:975 IECommandExecutor.cpp(156) Entering IECommandExecutor::OnGetResponse
T 2019-06-12 09:38:19:975 IECommandExecutor.cpp(285) Entering IECommandExecutor::OnIsSessionValid
D 2019-06-12 09:38:19:975 server.cc(338) Response: {"value":[]}

T 2019-06-12 09:38:19:975 server.cc(391) Entering Server::SendResponseToClient
T 2019-06-12 09:38:19:975 response.cc(30) Entering Response::Deserialize
T 2019-06-12 09:38:19:975 server.cc(445) Entering Server::SendHttpOk
T 2019-06-12 09:38:20:482 server.cc(174) Entering Server::ProcessRequest
T 2019-06-12 09:38:20:482 server.cc(238) Entering Server::ReadRequestBody
T 2019-06-12 09:38:20:482 server.cc(183) Process request with: URI: /session/a56b56bc-7621-4920-8215-00858cbcb612/elements HTTP verb: POST
body: {"value":"(//a[@type\u003d\u0027External\u0027])[2]","using":"xpath"}
T 2019-06-12 09:38:20:482 server.cc(272) Entering Server::DispatchCommand
T 2019-06-12 09:38:20:482 server.cc(583) Entering Server::LookupCommand
D 2019-06-12 09:38:20:482 server.cc(281) Command: POST /session/a56b56bc-7621-4920-8215-00858cbcb612/elements {"value":"(//a[@type\u003d\u0027External\u0027])[2]","using":"xpath"}
T 2019-06-12 09:38:20:483 server.cc(378) Entering Server::LookupSession
T 2019-06-12 09:38:20:483 IESession.cpp(191) Entering IESession::ExecuteCommand
T 2019-06-12 09:38:20:483 IECommandExecutor.cpp(122) Entering IECommandExecutor::OnSetCommand
T 2019-06-12 09:38:20:483 command.cc(31) Entering Command::Deserialize
D 2019-06-12 09:38:20:483 command.cc(36) Raw JSON command: { "name" : "findElements", "locator" : { "sessionid" : "a56b56bc-7621-4920-8215-00858cbcb612" }, "parameters" : {"value":"(//a[@type\u003d\u0027External\u0027])[2]","using":"xpath"} }
T 2019-06-12 09:38:20:483 IECommandExecutor.cpp(133) Entering IECommandExecutor::OnExecCommand
T 2019-06-12 09:38:20:483 IECommandExecutor.cpp(454) Entering IECommandExecutor::DispatchCommand
T 2019-06-12 09:38:20:483 IECommandExecutor.cpp(577) Entering IECommandExecutor::GetCurrentBrowser
T 2019-06-12 09:38:20:483 IECommandExecutor.cpp(583) Entering IECommandExecutor::GetManagedBrowser
T 2019-06-12 09:38:20:484 IECommandExecutor.cpp(529) Entering IECommandExecutor::IsAlertActive
T 2019-06-12 09:38:20:484 Browser.cpp(700) Entering Browser::GetActiveDialogWindowHandle
T 2019-06-12 09:38:20:484 Browser.cpp(206) Entering Browser::GetContentWindowHandle
D 2019-06-12 09:38:20:485 IECommandExecutor.cpp(543) No alert handle is found
T 2019-06-12 09:38:20:485 IECommandExecutor.cpp(734) Entering IECommandExecutor::LocateElements
T 2019-06-12 09:38:20:485 IECommandExecutor.cpp(695) Entering IECommandExecutor::GetElementFindMethod
T 2019-06-12 09:38:20:485 ElementFinder.cpp(111) Entering ElementFinder::FindElements
T 2019-06-12 09:38:20:485 IECommandExecutor.cpp(577) Entering IECommandExecutor::GetCurrentBrowser
T 2019-06-12 09:38:20:485 IECommandExecutor.cpp(583) Entering IECommandExecutor::GetManagedBrowser
D 2019-06-12 09:38:20:485 ElementFinder.cpp(128) Using FindElements atom to locate element having xpath = (//a[@type='External'])[2]
T 2019-06-12 09:38:20:486 Browser.cpp(126) Entering Browser::GetDocument
I 2019-06-12 09:38:20:486 Browser.cpp(130) No child frame focus. Focus is on top-level frame
T 2019-06-12 09:38:20:486 IESession.cpp(212) Beginning wait for response length to be not zero
T 2019-06-12 09:38:20:638 Browser.cpp(613) Entering Browser::GetDocumentFromWindow
T 2019-06-12 09:38:20:764 Script.cpp(49) Entering Script::Initialize
T 2019-06-12 09:38:20:764 Script.cpp(70) Entering Script::AddArgument(std::wstring)
T 2019-06-12 09:38:20:764 Script.cpp(105) Entering Script::AddArgument(VARIANT)
T 2019-06-12 09:38:20:764 Script.cpp(70) Entering Script::AddArgument(std::wstring)
T 2019-06-12 09:38:20:764 Script.cpp(105) Entering Script::AddArgument(VARIANT)
T 2019-06-12 09:38:20:764 Script.cpp(169) Entering Script::Execute
T 2019-06-12 09:38:20:764 Script.cpp(438) Entering Script::CreateAnonymousFunction
T 2019-06-12 09:38:21:016 Script.cpp(426) Entering Script::ConvertResultToJsonValue
D 2019-06-12 09:38:21:023 VariantUtilities.cpp(100) Result type is JScriptTypeInfo
T 2019-06-12 09:38:21:028 VariantUtilities.cpp(307) Entering Script::GetPropertyNameList
D 2019-06-12 09:38:21:034 VariantUtilities.cpp(100) Result type is JScriptTypeInfo
T 2019-06-12 09:38:21:034 VariantUtilities.cpp(324) Entering Script::GetArrayLength
T 2019-06-12 09:38:21:291 response.cc(72) Entering Response::SetSuccessResponse
T 2019-06-12 09:38:21:291 response.cc(78) Entering Response::SetResponse
T 2019-06-12 09:38:21:291 IECommandExecutor.cpp(577) Entering IECommandExecutor::GetCurrentBrowser
T 2019-06-12 09:38:21:291 IECommandExecutor.cpp(583) Entering IECommandExecutor::GetManagedBrowser
T 2019-06-12 09:38:21:292 response.cc(51) Entering Response::Serialize
T 2019-06-12 09:38:21:292 Browser.cpp(54) Entering Browser::OnQuit
T 2019-06-12 09:38:21:292 IESession.cpp(221) Found non-zero response length
T 2019-06-12 09:38:21:292 DocumentHost.cpp(252) Entering DocumentHost::PostQuitMessage
T 2019-06-12 09:38:21:293 IECommandExecutor.cpp(156) Entering IECommandExecutor::OnGetResponse
T 2019-06-12 09:38:21:293 IECommandExecutor.cpp(250) Entering IECommandExecutor::OnBrowserQuit
T 2019-06-12 09:38:21:293 IECommandExecutor.cpp(529) Entering IECommandExecutor::IsAlertActive
T 2019-06-12 09:38:21:293 Browser.cpp(700) Entering Browser::GetActiveDialogWindowHandle
T 2019-06-12 09:38:21:293 Browser.cpp(206) Entering Browser::GetContentWindowHandle
D 2019-06-12 09:38:21:294 IECommandExecutor.cpp(543) No alert handle is found
T 2019-06-12 09:38:21:294 Browser.cpp(300) Entering Browser::DetachEvents
T 2019-06-12 09:38:21:295 IECommandExecutor.cpp(285) Entering IECommandExecutor::OnIsSessionValid
D 2019-06-12 09:38:21:295 server.cc(338) Response: {"value":[]}

T 2019-06-12 09:38:21:295 server.cc(391) Entering Server::SendResponseToClient
T 2019-06-12 09:38:21:295 response.cc(30) Entering Response::Deserialize
T 2019-06-12 09:38:21:295 server.cc(445) Entering Server::SendHttpOk
T 2019-06-12 09:38:21:812 server.cc(174) Entering Server::ProcessRequest
T 2019-06-12 09:38:21:812 server.cc(238) Entering Server::ReadRequestBody
T 2019-06-12 09:38:21:812 server.cc(183) Process request with: URI: /session/a56b56bc-7621-4920-8215-00858cbcb612/elements HTTP verb: POST
body: {"value":"(//a[@type\u003d\u0027External\u0027])[2]","using":"xpath"}
T 2019-06-12 09:38:21:812 server.cc(272) Entering Server::DispatchCommand
T 2019-06-12 09:38:21:813 server.cc(583) Entering Server::LookupCommand
D 2019-06-12 09:38:21:813 server.cc(281) Command: POST /session/a56b56bc-7621-4920-8215-00858cbcb612/elements {"value":"(//a[@type\u003d\u0027External\u0027])[2]","using":"xpath"}
T 2019-06-12 09:38:21:813 server.cc(378) Entering Server::LookupSession
T 2019-06-12 09:38:21:813 IESession.cpp(191) Entering IESession::ExecuteCommand
T 2019-06-12 09:38:21:816 IECommandExecutor.cpp(122) Entering IECommandExecutor::OnSetCommand
T 2019-06-12 09:38:21:816 command.cc(31) Entering Command::Deserialize
D 2019-06-12 09:38:21:816 command.cc(36) Raw JSON command: { "name" : "findElements", "locator" : { "sessionid" : "a56b56bc-7621-4920-8215-00858cbcb612" }, "parameters" : {"value":"(//a[@type\u003d\u0027External\u0027])[2]","using":"xpath"} }
T 2019-06-12 09:38:21:817 IECommandExecutor.cpp(133) Entering IECommandExecutor::OnExecCommand
T 2019-06-12 09:38:21:817 IECommandExecutor.cpp(454) Entering IECommandExecutor::DispatchCommand
T 2019-06-12 09:38:21:817 IECommandExecutor.cpp(577) Entering IECommandExecutor::GetCurrentBrowser
T 2019-06-12 09:38:21:817 IECommandExecutor.cpp(583) Entering IECommandExecutor::GetManagedBrowser
W 2019-06-12 09:38:21:817 IECommandExecutor.cpp(591) Browser ID requested was an empty string
W 2019-06-12 09:38:21:818 IECommandExecutor.cpp(503) Unable to find current browser
T 2019-06-12 09:38:21:818 IECommandExecutor.cpp(734) Entering IECommandExecutor::LocateElements
T 2019-06-12 09:38:21:818 IECommandExecutor.cpp(695) Entering IECommandExecutor::GetElementFindMethod
T 2019-06-12 09:38:21:818 ElementFinder.cpp(111) Entering ElementFinder::FindElements
T 2019-06-12 09:38:21:818 IECommandExecutor.cpp(577) Entering IECommandExecutor::GetCurrentBrowser
T 2019-06-12 09:38:21:818 IECommandExecutor.cpp(583) Entering IECommandExecutor::GetManagedBrowser
W 2019-06-12 09:38:21:818 IECommandExecutor.cpp(591) Browser ID requested was an empty string
W 2019-06-12 09:38:21:818 ElementFinder.cpp(167) Unable to get browser
T 2019-06-12 09:38:21:818 response.cc(85) Entering Response::SetErrorResponse
T 2019-06-12 09:38:21:818 response.cc(78) Entering Response::SetResponse
T 2019-06-12 09:38:21:818 IESession.cpp(212) Beginning wait for response length to be not zero
T 2019-06-12 09:38:21:818 IECommandExecutor.cpp(577) Entering IECommandExecutor::GetCurrentBrowser
T 2019-06-12 09:38:21:818 IECommandExecutor.cpp(583) Entering IECommandExecutor::GetManagedBrowser
W 2019-06-12 09:38:21:818 IECommandExecutor.cpp(591) Browser ID requested was an empty string
W 2019-06-12 09:38:21:819 IECommandExecutor.cpp(520) Unable to get current browser
T 2019-06-12 09:38:21:819 response.cc(51) Entering Response::Serialize
T 2019-06-12 09:38:21:830 IESession.cpp(221) Found non-zero response length
T 2019-06-12 09:38:21:831 IECommandExecutor.cpp(156) Entering IECommandExecutor::OnGetResponse
T 2019-06-12 09:38:21:832 IECommandExecutor.cpp(285) Entering IECommandExecutor::OnIsSessionValid
D 2019-06-12 09:38:21:832 server.cc(338) Response: {"value":{"data":null,"error":"no such window","message":"Unable to find elements on closed window","stacktrace":""}}

T 2019-06-12 09:38:21:832 server.cc(391) Entering Server::SendResponseToClient
T 2019-06-12 09:38:21:832 response.cc(30) Entering Response::Deserialize
T 2019-06-12 09:38:21:833 server.cc(465) Entering Server::SendHttpBadRequest
T 2019-06-12 09:38:21:843 server.cc(174) Entering Server::ProcessRequest
T 2019-06-12 09:38:21:843 server.cc(183) Process request with: URI: /session/a56b56bc-7621-4920-8215-00858cbcb612/screenshot HTTP verb: GET
body: {}
T 2019-06-12 09:38:21:843 server.cc(272) Entering Server::DispatchCommand
T 2019-06-12 09:38:21:843 server.cc(583) Entering Server::LookupCommand
D 2019-06-12 09:38:21:843 server.cc(281) Command: GET /session/a56b56bc-7621-4920-8215-00858cbcb612/screenshot {}
T 2019-06-12 09:38:21:843 server.cc(378) Entering Server::LookupSession
T 2019-06-12 09:38:21:843 IESession.cpp(191) Entering IESession::ExecuteCommand
T 2019-06-12 09:38:21:844 IECommandExecutor.cpp(122) Entering IECommandExecutor::OnSetCommand
T 2019-06-12 09:38:21:844 command.cc(31) Entering Command::Deserialize
D 2019-06-12 09:38:21:844 command.cc(36) Raw JSON command: { "name" : "takeScreenshot", "locator" : { "sessionid" : "a56b56bc-7621-4920-8215-00858cbcb612" }, "parameters" : {} }
T 2019-06-12 09:38:21:844 IESession.cpp(212) Beginning wait for response length to be not zero
T 2019-06-12 09:38:21:844 IECommandExecutor.cpp(133) Entering IECommandExecutor::OnExecCommand
T 2019-06-12 09:38:21:844 IECommandExecutor.cpp(454) Entering IECommandExecutor::DispatchCommand
T 2019-06-12 09:38:21:844 IECommandExecutor.cpp(577) Entering IECommandExecutor::GetCurrentBrowser
T 2019-06-12 09:38:21:844 IECommandExecutor.cpp(583) Entering IECommandExecutor::GetManagedBrowser
W 2019-06-12 09:38:21:844 IECommandExecutor.cpp(591) Browser ID requested was an empty string
W 2019-06-12 09:38:21:844 IECommandExecutor.cpp(503) Unable to find current browser
T 2019-06-12 09:38:21:844 CommandHandlers\ScreenshotCommandHandler.cpp(38) Entering ScreenshotCommandHandler::ExecuteInternal
T 2019-06-12 09:38:21:844 IECommandExecutor.cpp(577) Entering IECommandExecutor::GetCurrentBrowser
T 2019-06-12 09:38:21:844 IECommandExecutor.cpp(583) Entering IECommandExecutor::GetManagedBrowser
W 2019-06-12 09:38:21:844 IECommandExecutor.cpp(591) Browser ID requested was an empty string
T 2019-06-12 09:38:21:844 response.cc(91) Entering Response::SetErrorResponse
W 2019-06-12 09:38:21:844 response.cc(92) Error response has status code 23 and message 'Unable to get browser' message
T 2019-06-12 09:38:21:844 response.cc(85) Entering Response::SetErrorResponse
T 2019-06-12 09:38:21:844 response.cc(78) Entering Response::SetResponse
T 2019-06-12 09:38:21:844 IECommandExecutor.cpp(577) Entering IECommandExecutor::GetCurrentBrowser
T 2019-06-12 09:38:21:844 IECommandExecutor.cpp(583) Entering IECommandExecutor::GetManagedBrowser
W 2019-06-12 09:38:21:844 IECommandExecutor.cpp(591) Browser ID requested was an empty string
W 2019-06-12 09:38:21:844 IECommandExecutor.cpp(520) Unable to get current browser
T 2019-06-12 09:38:21:844 response.cc(51) Entering Response::Serialize
T 2019-06-12 09:38:21:860 IESession.cpp(221) Found non-zero response length
T 2019-06-12 09:38:21:862 IECommandExecutor.cpp(156) Entering IECommandExecutor::OnGetResponse
T 2019-06-12 09:38:21:864 IECommandExecutor.cpp(285) Entering IECommandExecutor::OnIsSessionValid
D 2019-06-12 09:38:21:865 server.cc(338) Response: {"value":{"data":null,"error":"no such window","message":"Unable to get browser","stacktrace":""}}

T 2019-06-12 09:38:21:865 server.cc(391) Entering Server::SendResponseToClient
T 2019-06-12 09:38:21:865 response.cc(30) Entering Response::Deserialize
T 2019-06-12 09:38:21:865 server.cc(465) Entering Server::SendHttpBadRequest
T 2019-06-12 09:38:22:014 server.cc(174) Entering Server::ProcessRequest
T 2019-06-12 09:38:22:014 server.cc(183) Process request with: URI: /session/a56b56bc-7621-4920-8215-00858cbcb612 HTTP verb: DELETE
body: {}
T 2019-06-12 09:38:22:014 server.cc(272) Entering Server::DispatchCommand
T 2019-06-12 09:38:22:014 server.cc(583) Entering Server::LookupCommand
D 2019-06-12 09:38:22:014 server.cc(281) Command: DELETE /session/a56b56bc-7621-4920-8215-00858cbcb612 {}
T 2019-06-12 09:38:22:014 server.cc(378) Entering Server::LookupSession
T 2019-06-12 09:38:22:014 IESession.cpp(191) Entering IESession::ExecuteCommand
T 2019-06-12 09:38:22:014 IECommandExecutor.cpp(122) Entering IECommandExecutor::OnSetCommand
T 2019-06-12 09:38:22:014 command.cc(31) Entering Command::Deserialize
D 2019-06-12 09:38:22:014 command.cc(36) Raw JSON command: { "name" : "quit", "locator" : { "sessionid" : "a56b56bc-7621-4920-8215-00858cbcb612" }, "parameters" : {} }
T 2019-06-12 09:38:22:014 IECommandExecutor.cpp(133) Entering IECommandExecutor::OnExecCommand
T 2019-06-12 09:38:22:014 IESession.cpp(212) Beginning wait for response length to be not zero
T 2019-06-12 09:38:22:014 IECommandExecutor.cpp(454) Entering IECommandExecutor::DispatchCommand
T 2019-06-12 09:38:22:015 IECommandExecutor.cpp(577) Entering IECommandExecutor::GetCurrentBrowser
T 2019-06-12 09:38:22:015 IECommandExecutor.cpp(583) Entering IECommandExecutor::GetManagedBrowser
W 2019-06-12 09:38:22:015 IECommandExecutor.cpp(591) Browser ID requested was an empty string
W 2019-06-12 09:38:22:015 IECommandExecutor.cpp(503) Unable to find current browser
T 2019-06-12 09:38:22:015 IECommandExecutor.cpp(607) Entering IECommandExecutor::GetManagedBrowserHandles
T 2019-06-12 09:38:22:015 response.cc(72) Entering Response::SetSuccessResponse
T 2019-06-12 09:38:22:015 response.cc(78) Entering Response::SetResponse
T 2019-06-12 09:38:22:015 IECommandExecutor.cpp(577) Entering IECommandExecutor::GetCurrentBrowser
T 2019-06-12 09:38:22:015 IECommandExecutor.cpp(583) Entering IECommandExecutor::GetManagedBrowser
T 2019-06-12 09:38:22:015 IECommandExecutor.cpp(586) Current command executor is not valid
T 2019-06-12 09:38:22:015 response.cc(51) Entering Response::Serialize
T 2019-06-12 09:38:22:026 IESession.cpp(221) Found non-zero response length
T 2019-06-12 09:38:22:027 IECommandExecutor.cpp(156) Entering IECommandExecutor::OnGetResponse
T 2019-06-12 09:38:22:027 IECommandExecutor.cpp(285) Entering IECommandExecutor::OnIsSessionValid
T 2019-06-12 09:38:22:027 server.cc(225) Entering Server::ShutDownSession
T 2019-06-12 09:38:22:027 IESession.cpp(119) Entering IESession::ShutDown
T 2019-06-12 09:38:22:027 IESession.cpp(173) Entering IESession::WaitForCommandExecutorExit
D 2019-06-12 09:38:22:027 IESession.cpp(150) Executor shutdown successful!
D 2019-06-12 09:38:22:027 IESession.cpp(158) Posting thread shutdown message
D 2019-06-12 09:38:22:027 IESession.cpp(161) Starting wait for thread completion
D 2019-06-12 09:38:22:027 IECommandExecutor.cpp(436) Shutdown message received
D 2019-06-12 09:38:22:027 IESession.cpp(164) Waiting for thread to end returned 4294967295
D 2019-06-12 09:38:22:027 server.cc(338) Response: {"value":null}

T 2019-06-12 09:38:22:027 server.cc(391) Entering Server::SendResponseToClient
T 2019-06-12 09:38:22:027 response.cc(30) Entering Response::Deserialize
T 2019-06-12 09:38:22:027 server.cc(445) Entering Server::SendHttpOk
D 2019-06-12 09:38:22:027 IECommandExecutor.cpp(97) Entering IECommandExecutor::OnDestroy
D 2019-06-12 09:38:22:027 IECommandExecutor.cpp(99) Clearing managed element cache
D 2019-06-12 09:38:22:027 IECommandExecutor.cpp(102) Closing command handler repository
D 2019-06-12 09:38:22:028 IECommandExecutor.cpp(104) Closing element finder
D 2019-06-12 09:38:22:028 IECommandExecutor.cpp(106) Closing input manager
D 2019-06-12 09:38:22:028 IECommandExecutor.cpp(108) Closing proxy manager
T 2019-06-12 09:38:22:028 ProxyManager.cpp(185) ProxyManager::RestoreProxySettings
D 2019-06-12 09:38:22:028 IECommandExecutor.cpp(110) Closing browser factory
D 2019-06-12 09:38:22:028 IECommandExecutor.cpp(112) Posting quit message
D 2019-06-12 09:38:22:028 IECommandExecutor.cpp(114) Leaving IECommandExecutor::OnDestroy
D 2019-06-12 09:38:22:028 IECommandExecutor.cpp(438) Returned from DestroyWindow()
D 2019-06-12 09:38:22:028 IECommandExecutor.cpp(447) Exited IECommandExecutor thread message loop
T 2019-06-12 09:38:22:033 server.cc(174) Entering Server::ProcessRequest
T 2019-06-12 09:38:22:033 server.cc(183) Process request with: URI: /shutdown HTTP verb: GET
body: {}
T 2019-06-12 09:38:22:033 server.cc(445) Entering Server::SendHttpOk
T 2019-06-12 09:38:22:034 IEServer.cpp(88) Entering IEServer::ShutDown
T 2019-06-12 09:38:22:034 WebDriver.cpp(54) Entering StopServer
T 2019-06-12 09:38:22:034 server.cc(165) Entering Server::Stop
